CRITICAL - 2025-01-06 00:39:32 --> PDOException: could not find driver
[Method: GET, Route: testdb]
in APPPATH\Helpers\informix_helper.php on line 9.
 1 APPPATH\Helpers\informix_helper.php(9): PDO->__construct('informix:host=uniszadb.unisza.edu.my; service=60003; database=sismak; server=unisza_prod; protocol=onsoctcp; EnableScrollableCursors=1', 'rpa_saga', 'saga@21300', [...])
 2 APPPATH\Helpers\informix_helper.php(18): informix_connect()
 3 APPPATH\Controllers\LoginController.php(31): informix_query('SELECT a017namaper FROM a017 where a017ptjskrg=\'22\' LIMIT 5')
 4 ROOTPATH\system\CodeIgniter.php(933): App\Controllers\LoginController->testDb()
 5 ROOTPATH\system\CodeIgniter.php(509): CodeIgniter\CodeIgniter->runController(Object(App\Controllers\LoginController))
 6 ROOTPATH\system\CodeIgniter.php(355): CodeIgniter\CodeIgniter->handleRequest(null, Object(Config\Cache), false)
 7 SYSTEMPATH\Boot.php(325): CodeIgniter\CodeIgniter->run()
 8 SYSTEMPATH\Boot.php(67): CodeIgniter\Boot::runCodeIgniter(Object(CodeIgniter\CodeIgniter))
 9 FCPATH\index.php(56): CodeIgniter\Boot::bootWeb(Object(Config\Paths))
CRITICAL - 2025-01-06 00:48:12 --> PDOException: could not find driver
[Method: GET, Route: testdb]
in APPPATH\Helpers\informix_helper.php on line 9.
 1 APPPATH\Helpers\informix_helper.php(9): PDO->__construct('informix:host=uniszadb.unisza.edu.my; service=60003; database=sismak; server=unisza_prod; protocol=onsoctcp; EnableScrollableCursors=1', 'rpa_saga', 'saga@21300', [...])
 2 APPPATH\Helpers\informix_helper.php(18): informix_connect()
 3 APPPATH\Controllers\LoginController.php(31): informix_query('SELECT a017namaper FROM a017 where a017ptjskrg=\'22\' LIMIT 5')
 4 ROOTPATH\system\CodeIgniter.php(933): App\Controllers\LoginController->testDb()
 5 ROOTPATH\system\CodeIgniter.php(509): CodeIgniter\CodeIgniter->runController(Object(App\Controllers\LoginController))
 6 ROOTPATH\system\CodeIgniter.php(355): CodeIgniter\CodeIgniter->handleRequest(null, Object(Config\Cache), false)
 7 SYSTEMPATH\Boot.php(325): CodeIgniter\CodeIgniter->run()
 8 SYSTEMPATH\Boot.php(67): CodeIgniter\Boot::runCodeIgniter(Object(CodeIgniter\CodeIgniter))
 9 FCPATH\index.php(56): CodeIgniter\Boot::bootWeb(Object(Config\Paths))
CRITICAL - 2025-01-06 00:48:15 --> PDOException: could not find driver
[Method: GET, Route: testdb]
in APPPATH\Helpers\informix_helper.php on line 9.
 1 APPPATH\Helpers\informix_helper.php(9): PDO->__construct('informix:host=uniszadb.unisza.edu.my; service=60003; database=sismak; server=unisza_prod; protocol=onsoctcp; EnableScrollableCursors=1', 'rpa_saga', 'saga@21300', [...])
 2 APPPATH\Helpers\informix_helper.php(18): informix_connect()
 3 APPPATH\Controllers\LoginController.php(31): informix_query('SELECT a017namaper FROM a017 where a017ptjskrg=\'22\' LIMIT 5')
 4 ROOTPATH\system\CodeIgniter.php(933): App\Controllers\LoginController->testDb()
 5 ROOTPATH\system\CodeIgniter.php(509): CodeIgniter\CodeIgniter->runController(Object(App\Controllers\LoginController))
 6 ROOTPATH\system\CodeIgniter.php(355): CodeIgniter\CodeIgniter->handleRequest(null, Object(Config\Cache), false)
 7 SYSTEMPATH\Boot.php(325): CodeIgniter\CodeIgniter->run()
 8 SYSTEMPATH\Boot.php(67): CodeIgniter\Boot::runCodeIgniter(Object(CodeIgniter\CodeIgniter))
 9 FCPATH\index.php(56): CodeIgniter\Boot::bootWeb(Object(Config\Paths))
CRITICAL - 2025-01-06 01:02:07 --> PDOException: could not find driver
[Method: GET, Route: testdb]
in APPPATH\Helpers\informix_helper.php on line 10.
 1 APPPATH\Helpers\informix_helper.php(10): PDO->__construct('informix:host=uniszadb.unisza.edu.my; service=60003; database=sismak; server=unisza_prod; protocol=onsoctcp; EnableScrollableCursors=1', 'alyani', 'alyani@informix', [...])
 2 APPPATH\Helpers\informix_helper.php(19): informix_connect()
 3 APPPATH\Controllers\LoginController.php(31): informix_query('SELECT a017namaper FROM a017 where a017ptjskrg=\'22\' LIMIT 5')
 4 ROOTPATH\system\CodeIgniter.php(933): App\Controllers\LoginController->testDb()
 5 ROOTPATH\system\CodeIgniter.php(509): CodeIgniter\CodeIgniter->runController(Object(App\Controllers\LoginController))
 6 ROOTPATH\system\CodeIgniter.php(355): CodeIgniter\CodeIgniter->handleRequest(null, Object(Config\Cache), false)
 7 SYSTEMPATH\Boot.php(325): CodeIgniter\CodeIgniter->run()
 8 SYSTEMPATH\Boot.php(67): CodeIgniter\Boot::runCodeIgniter(Object(CodeIgniter\CodeIgniter))
 9 FCPATH\index.php(56): CodeIgniter\Boot::bootWeb(Object(Config\Paths))
CRITICAL - 2025-01-06 01:02:10 --> PDOException: could not find driver
[Method: GET, Route: testdb]
in APPPATH\Helpers\informix_helper.php on line 10.
 1 APPPATH\Helpers\informix_helper.php(10): PDO->__construct('informix:host=uniszadb.unisza.edu.my; service=60003; database=sismak; server=unisza_prod; protocol=onsoctcp; EnableScrollableCursors=1', 'alyani', 'alyani@informix', [...])
 2 APPPATH\Helpers\informix_helper.php(19): informix_connect()
 3 APPPATH\Controllers\LoginController.php(31): informix_query('SELECT a017namaper FROM a017 where a017ptjskrg=\'22\' LIMIT 5')
 4 ROOTPATH\system\CodeIgniter.php(933): App\Controllers\LoginController->testDb()
 5 ROOTPATH\system\CodeIgniter.php(509): CodeIgniter\CodeIgniter->runController(Object(App\Controllers\LoginController))
 6 ROOTPATH\system\CodeIgniter.php(355): CodeIgniter\CodeIgniter->handleRequest(null, Object(Config\Cache), false)
 7 SYSTEMPATH\Boot.php(325): CodeIgniter\CodeIgniter->run()
 8 SYSTEMPATH\Boot.php(67): CodeIgniter\Boot::runCodeIgniter(Object(CodeIgniter\CodeIgniter))
 9 FCPATH\index.php(56): CodeIgniter\Boot::bootWeb(Object(Config\Paths))
INFO - 2025-01-06 01:07:03 --> Session: Class initialized using 'CodeIgniter\Session\Handlers\FileHandler' driver.
INFO - 2025-01-06 01:07:04 --> Session: Class initialized using 'CodeIgniter\Session\Handlers\FileHandler' driver.
INFO - 2025-01-06 01:07:23 --> Session: Class initialized using 'CodeIgniter\Session\Handlers\FileHandler' driver.
INFO - 2025-01-06 01:07:24 --> Session: Class initialized using 'CodeIgniter\Session\Handlers\FileHandler' driver.
INFO - 2025-01-06 01:07:25 --> Session: Class initialized using 'CodeIgniter\Session\Handlers\FileHandler' driver.
INFO - 2025-01-06 01:07:27 --> Session: Class initialized using 'CodeIgniter\Session\Handlers\FileHandler' driver.
INFO - 2025-01-06 01:07:28 --> Session: Class initialized using 'CodeIgniter\Session\Handlers\FileHandler' driver.
INFO - 2025-01-06 01:07:28 --> Session: Class initialized using 'CodeIgniter\Session\Handlers\FileHandler' driver.
INFO - 2025-01-06 02:11:52 --> Session: Class initialized using 'CodeIgniter\Session\Handlers\FileHandler' driver.
CRITICAL - 2025-01-06 02:11:55 --> ParseError: syntax error, unexpected single-quoted string "p001faxno", expecting "]"
[Method: GET, Route: getkodnegeri]
in APPPATH\Controllers\ApplyController.php on line 172.
 1 SYSTEMPATH\Autoloader\Autoloader.php(296): CodeIgniter\Autoloader\Autoloader->includeFile('C:\\laragon\\www\\pascav2\\app\\Controllers\\ApplyController.php')
 2 SYSTEMPATH\Autoloader\Autoloader.php(272): CodeIgniter\Autoloader\Autoloader->loadInNamespace('App\\Controllers\\ApplyController')
 3 [internal function]: CodeIgniter\Autoloader\Autoloader->loadClass('App\\Controllers\\ApplyController')
 4 ROOTPATH\system\CodeIgniter.php(887): class_exists('\\App\\Controllers\\ApplyController', true)
 5 ROOTPATH\system\CodeIgniter.php(496): CodeIgniter\CodeIgniter->startController()
 6 ROOTPATH\system\CodeIgniter.php(355): CodeIgniter\CodeIgniter->handleRequest(null, Object(Config\Cache), false)
 7 SYSTEMPATH\Boot.php(325): CodeIgniter\CodeIgniter->run()
 8 SYSTEMPATH\Boot.php(67): CodeIgniter\Boot::runCodeIgniter(Object(CodeIgniter\CodeIgniter))
 9 FCPATH\index.php(56): CodeIgniter\Boot::bootWeb(Object(Config\Paths))
CRITICAL - 2025-01-06 02:11:55 --> ParseError: syntax error, unexpected single-quoted string "p001faxno", expecting "]"
[Method: GET, Route: getkodnegara]
in APPPATH\Controllers\ApplyController.php on line 172.
 1 SYSTEMPATH\Autoloader\Autoloader.php(296): CodeIgniter\Autoloader\Autoloader->includeFile('C:\\laragon\\www\\pascav2\\app\\Controllers\\ApplyController.php')
 2 SYSTEMPATH\Autoloader\Autoloader.php(272): CodeIgniter\Autoloader\Autoloader->loadInNamespace('App\\Controllers\\ApplyController')
 3 [internal function]: CodeIgniter\Autoloader\Autoloader->loadClass('App\\Controllers\\ApplyController')
 4 ROOTPATH\system\CodeIgniter.php(887): class_exists('\\App\\Controllers\\ApplyController', true)
 5 ROOTPATH\system\CodeIgniter.php(496): CodeIgniter\CodeIgniter->startController()
 6 ROOTPATH\system\CodeIgniter.php(355): CodeIgniter\CodeIgniter->handleRequest(null, Object(Config\Cache), false)
 7 SYSTEMPATH\Boot.php(325): CodeIgniter\CodeIgniter->run()
 8 SYSTEMPATH\Boot.php(67): CodeIgniter\Boot::runCodeIgniter(Object(CodeIgniter\CodeIgniter))
 9 FCPATH\index.php(56): CodeIgniter\Boot::bootWeb(Object(Config\Paths))
CRITICAL - 2025-01-06 02:11:55 --> ParseError: syntax error, unexpected single-quoted string "p001faxno", expecting "]"
[Method: GET, Route: getkodprogram]
in APPPATH\Controllers\ApplyController.php on line 172.
 1 SYSTEMPATH\Autoloader\Autoloader.php(296): CodeIgniter\Autoloader\Autoloader->includeFile('C:\\laragon\\www\\pascav2\\app\\Controllers\\ApplyController.php')
 2 SYSTEMPATH\Autoloader\Autoloader.php(272): CodeIgniter\Autoloader\Autoloader->loadInNamespace('App\\Controllers\\ApplyController')
 3 [internal function]: CodeIgniter\Autoloader\Autoloader->loadClass('App\\Controllers\\ApplyController')
 4 ROOTPATH\system\CodeIgniter.php(887): class_exists('\\App\\Controllers\\ApplyController', true)
 5 ROOTPATH\system\CodeIgniter.php(496): CodeIgniter\CodeIgniter->startController()
 6 ROOTPATH\system\CodeIgniter.php(355): CodeIgniter\CodeIgniter->handleRequest(null, Object(Config\Cache), false)
 7 SYSTEMPATH\Boot.php(325): CodeIgniter\CodeIgniter->run()
 8 SYSTEMPATH\Boot.php(67): CodeIgniter\Boot::runCodeIgniter(Object(CodeIgniter\CodeIgniter))
 9 FCPATH\index.php(56): CodeIgniter\Boot::bootWeb(Object(Config\Paths))
CRITICAL - 2025-01-06 02:11:55 --> ParseError: syntax error, unexpected single-quoted string "p001faxno", expecting "]"
[Method: GET, Route: displayprofile]
in APPPATH\Controllers\ApplyController.php on line 172.
 1 SYSTEMPATH\Autoloader\Autoloader.php(296): CodeIgniter\Autoloader\Autoloader->includeFile('C:\\laragon\\www\\pascav2\\app\\Controllers\\ApplyController.php')
 2 SYSTEMPATH\Autoloader\Autoloader.php(272): CodeIgniter\Autoloader\Autoloader->loadInNamespace('App\\Controllers\\ApplyController')
 3 [internal function]: CodeIgniter\Autoloader\Autoloader->loadClass('App\\Controllers\\ApplyController')
 4 ROOTPATH\system\CodeIgniter.php(887): class_exists('\\App\\Controllers\\ApplyController', true)
 5 ROOTPATH\system\CodeIgniter.php(496): CodeIgniter\CodeIgniter->startController()
 6 ROOTPATH\system\CodeIgniter.php(355): CodeIgniter\CodeIgniter->handleRequest(null, Object(Config\Cache), false)
 7 SYSTEMPATH\Boot.php(325): CodeIgniter\CodeIgniter->run()
 8 SYSTEMPATH\Boot.php(67): CodeIgniter\Boot::runCodeIgniter(Object(CodeIgniter\CodeIgniter))
 9 FCPATH\index.php(56): CodeIgniter\Boot::bootWeb(Object(Config\Paths))
CRITICAL - 2025-01-06 02:11:55 --> ParseError: syntax error, unexpected single-quoted string "p001faxno", expecting "]"
[Method: GET, Route: getkodkecacatan]
in APPPATH\Controllers\ApplyController.php on line 172.
 1 SYSTEMPATH\Autoloader\Autoloader.php(296): CodeIgniter\Autoloader\Autoloader->includeFile('C:\\laragon\\www\\pascav2\\app\\Controllers\\ApplyController.php')
 2 SYSTEMPATH\Autoloader\Autoloader.php(272): CodeIgniter\Autoloader\Autoloader->loadInNamespace('App\\Controllers\\ApplyController')
 3 [internal function]: CodeIgniter\Autoloader\Autoloader->loadClass('App\\Controllers\\ApplyController')
 4 ROOTPATH\system\CodeIgniter.php(887): class_exists('\\App\\Controllers\\ApplyController', true)
 5 ROOTPATH\system\CodeIgniter.php(496): CodeIgniter\CodeIgniter->startController()
 6 ROOTPATH\system\CodeIgniter.php(355): CodeIgniter\CodeIgniter->handleRequest(null, Object(Config\Cache), false)
 7 SYSTEMPATH\Boot.php(325): CodeIgniter\CodeIgniter->run()
 8 SYSTEMPATH\Boot.php(67): CodeIgniter\Boot::runCodeIgniter(Object(CodeIgniter\CodeIgniter))
 9 FCPATH\index.php(56): CodeIgniter\Boot::bootWeb(Object(Config\Paths))
INFO - 2025-01-06 02:11:55 --> Session: Class initialized using 'CodeIgniter\Session\Handlers\FileHandler' driver.
INFO - 2025-01-06 02:12:11 --> Session: Class initialized using 'CodeIgniter\Session\Handlers\FileHandler' driver.
CRITICAL - 2025-01-06 02:12:12 --> ParseError: syntax error, unexpected single-quoted string "p001faxno", expecting "]"
[Method: GET, Route: getkodnegeri]
in APPPATH\Controllers\ApplyController.php on line 172.
 1 SYSTEMPATH\Autoloader\Autoloader.php(296): CodeIgniter\Autoloader\Autoloader->includeFile('C:\\laragon\\www\\pascav2\\app\\Controllers\\ApplyController.php')
 2 SYSTEMPATH\Autoloader\Autoloader.php(272): CodeIgniter\Autoloader\Autoloader->loadInNamespace('App\\Controllers\\ApplyController')
 3 [internal function]: CodeIgniter\Autoloader\Autoloader->loadClass('App\\Controllers\\ApplyController')
 4 ROOTPATH\system\CodeIgniter.php(887): class_exists('\\App\\Controllers\\ApplyController', true)
 5 ROOTPATH\system\CodeIgniter.php(496): CodeIgniter\CodeIgniter->startController()
 6 ROOTPATH\system\CodeIgniter.php(355): CodeIgniter\CodeIgniter->handleRequest(null, Object(Config\Cache), false)
 7 SYSTEMPATH\Boot.php(325): CodeIgniter\CodeIgniter->run()
 8 SYSTEMPATH\Boot.php(67): CodeIgniter\Boot::runCodeIgniter(Object(CodeIgniter\CodeIgniter))
 9 FCPATH\index.php(56): CodeIgniter\Boot::bootWeb(Object(Config\Paths))
CRITICAL - 2025-01-06 02:12:12 --> ParseError: syntax error, unexpected single-quoted string "p001faxno", expecting "]"
[Method: GET, Route: getkodprogram]
in APPPATH\Controllers\ApplyController.php on line 172.
 1 SYSTEMPATH\Autoloader\Autoloader.php(296): CodeIgniter\Autoloader\Autoloader->includeFile('C:\\laragon\\www\\pascav2\\app\\Controllers\\ApplyController.php')
 2 SYSTEMPATH\Autoloader\Autoloader.php(272): CodeIgniter\Autoloader\Autoloader->loadInNamespace('App\\Controllers\\ApplyController')
 3 [internal function]: CodeIgniter\Autoloader\Autoloader->loadClass('App\\Controllers\\ApplyController')
 4 ROOTPATH\system\CodeIgniter.php(887): class_exists('\\App\\Controllers\\ApplyController', true)
 5 ROOTPATH\system\CodeIgniter.php(496): CodeIgniter\CodeIgniter->startController()
 6 ROOTPATH\system\CodeIgniter.php(355): CodeIgniter\CodeIgniter->handleRequest(null, Object(Config\Cache), false)
 7 SYSTEMPATH\Boot.php(325): CodeIgniter\CodeIgniter->run()
 8 SYSTEMPATH\Boot.php(67): CodeIgniter\Boot::runCodeIgniter(Object(CodeIgniter\CodeIgniter))
 9 FCPATH\index.php(56): CodeIgniter\Boot::bootWeb(Object(Config\Paths))
CRITICAL - 2025-01-06 02:12:12 --> ParseError: syntax error, unexpected single-quoted string "p001faxno", expecting "]"
[Method: GET, Route: displayprofile]
in APPPATH\Controllers\ApplyController.php on line 172.
 1 SYSTEMPATH\Autoloader\Autoloader.php(296): CodeIgniter\Autoloader\Autoloader->includeFile('C:\\laragon\\www\\pascav2\\app\\Controllers\\ApplyController.php')
 2 SYSTEMPATH\Autoloader\Autoloader.php(272): CodeIgniter\Autoloader\Autoloader->loadInNamespace('App\\Controllers\\ApplyController')
 3 [internal function]: CodeIgniter\Autoloader\Autoloader->loadClass('App\\Controllers\\ApplyController')
 4 ROOTPATH\system\CodeIgniter.php(887): class_exists('\\App\\Controllers\\ApplyController', true)
 5 ROOTPATH\system\CodeIgniter.php(496): CodeIgniter\CodeIgniter->startController()
 6 ROOTPATH\system\CodeIgniter.php(355): CodeIgniter\CodeIgniter->handleRequest(null, Object(Config\Cache), false)
 7 SYSTEMPATH\Boot.php(325): CodeIgniter\CodeIgniter->run()
 8 SYSTEMPATH\Boot.php(67): CodeIgniter\Boot::runCodeIgniter(Object(CodeIgniter\CodeIgniter))
 9 FCPATH\index.php(56): CodeIgniter\Boot::bootWeb(Object(Config\Paths))
CRITICAL - 2025-01-06 02:12:12 --> ParseError: syntax error, unexpected single-quoted string "p001faxno", expecting "]"
[Method: GET, Route: getkodnegara]
in APPPATH\Controllers\ApplyController.php on line 172.
 1 SYSTEMPATH\Autoloader\Autoloader.php(296): CodeIgniter\Autoloader\Autoloader->includeFile('C:\\laragon\\www\\pascav2\\app\\Controllers\\ApplyController.php')
 2 SYSTEMPATH\Autoloader\Autoloader.php(272): CodeIgniter\Autoloader\Autoloader->loadInNamespace('App\\Controllers\\ApplyController')
 3 [internal function]: CodeIgniter\Autoloader\Autoloader->loadClass('App\\Controllers\\ApplyController')
 4 ROOTPATH\system\CodeIgniter.php(887): class_exists('\\App\\Controllers\\ApplyController', true)
 5 ROOTPATH\system\CodeIgniter.php(496): CodeIgniter\CodeIgniter->startController()
 6 ROOTPATH\system\CodeIgniter.php(355): CodeIgniter\CodeIgniter->handleRequest(null, Object(Config\Cache), false)
 7 SYSTEMPATH\Boot.php(325): CodeIgniter\CodeIgniter->run()
 8 SYSTEMPATH\Boot.php(67): CodeIgniter\Boot::runCodeIgniter(Object(CodeIgniter\CodeIgniter))
 9 FCPATH\index.php(56): CodeIgniter\Boot::bootWeb(Object(Config\Paths))
CRITICAL - 2025-01-06 02:12:12 --> ParseError: syntax error, unexpected single-quoted string "p001faxno", expecting "]"
[Method: GET, Route: getkodkecacatan]
in APPPATH\Controllers\ApplyController.php on line 172.
 1 SYSTEMPATH\Autoloader\Autoloader.php(296): CodeIgniter\Autoloader\Autoloader->includeFile('C:\\laragon\\www\\pascav2\\app\\Controllers\\ApplyController.php')
 2 SYSTEMPATH\Autoloader\Autoloader.php(272): CodeIgniter\Autoloader\Autoloader->loadInNamespace('App\\Controllers\\ApplyController')
 3 [internal function]: CodeIgniter\Autoloader\Autoloader->loadClass('App\\Controllers\\ApplyController')
 4 ROOTPATH\system\CodeIgniter.php(887): class_exists('\\App\\Controllers\\ApplyController', true)
 5 ROOTPATH\system\CodeIgniter.php(496): CodeIgniter\CodeIgniter->startController()
 6 ROOTPATH\system\CodeIgniter.php(355): CodeIgniter\CodeIgniter->handleRequest(null, Object(Config\Cache), false)
 7 SYSTEMPATH\Boot.php(325): CodeIgniter\CodeIgniter->run()
 8 SYSTEMPATH\Boot.php(67): CodeIgniter\Boot::runCodeIgniter(Object(CodeIgniter\CodeIgniter))
 9 FCPATH\index.php(56): CodeIgniter\Boot::bootWeb(Object(Config\Paths))
INFO - 2025-01-06 02:12:12 --> Session: Class initialized using 'CodeIgniter\Session\Handlers\FileHandler' driver.
INFO - 2025-01-06 02:12:24 --> Session: Class initialized using 'CodeIgniter\Session\Handlers\FileHandler' driver.
INFO - 2025-01-06 02:12:25 --> Session: Class initialized using 'CodeIgniter\Session\Handlers\FileHandler' driver.
INFO - 2025-01-06 02:12:27 --> Session: Class initialized using 'CodeIgniter\Session\Handlers\FileHandler' driver.
CRITICAL - 2025-01-06 02:12:27 --> ParseError: syntax error, unexpected single-quoted string "p001faxno", expecting "]"
[Method: GET, Route: getkodprogram]
in APPPATH\Controllers\ApplyController.php on line 172.
 1 SYSTEMPATH\Autoloader\Autoloader.php(296): CodeIgniter\Autoloader\Autoloader->includeFile('C:\\laragon\\www\\pascav2\\app\\Controllers\\ApplyController.php')
 2 SYSTEMPATH\Autoloader\Autoloader.php(272): CodeIgniter\Autoloader\Autoloader->loadInNamespace('App\\Controllers\\ApplyController')
 3 [internal function]: CodeIgniter\Autoloader\Autoloader->loadClass('App\\Controllers\\ApplyController')
 4 ROOTPATH\system\CodeIgniter.php(887): class_exists('\\App\\Controllers\\ApplyController', true)
 5 ROOTPATH\system\CodeIgniter.php(496): CodeIgniter\CodeIgniter->startController()
 6 ROOTPATH\system\CodeIgniter.php(355): CodeIgniter\CodeIgniter->handleRequest(null, Object(Config\Cache), false)
 7 SYSTEMPATH\Boot.php(325): CodeIgniter\CodeIgniter->run()
 8 SYSTEMPATH\Boot.php(67): CodeIgniter\Boot::runCodeIgniter(Object(CodeIgniter\CodeIgniter))
 9 FCPATH\index.php(56): CodeIgniter\Boot::bootWeb(Object(Config\Paths))
CRITICAL - 2025-01-06 02:12:27 --> ParseError: syntax error, unexpected single-quoted string "p001faxno", expecting "]"
[Method: GET, Route: getkodnegara]
in APPPATH\Controllers\ApplyController.php on line 172.
 1 SYSTEMPATH\Autoloader\Autoloader.php(296): CodeIgniter\Autoloader\Autoloader->includeFile('C:\\laragon\\www\\pascav2\\app\\Controllers\\ApplyController.php')
 2 SYSTEMPATH\Autoloader\Autoloader.php(272): CodeIgniter\Autoloader\Autoloader->loadInNamespace('App\\Controllers\\ApplyController')
 3 [internal function]: CodeIgniter\Autoloader\Autoloader->loadClass('App\\Controllers\\ApplyController')
 4 ROOTPATH\system\CodeIgniter.php(887): class_exists('\\App\\Controllers\\ApplyController', true)
 5 ROOTPATH\system\CodeIgniter.php(496): CodeIgniter\CodeIgniter->startController()
 6 ROOTPATH\system\CodeIgniter.php(355): CodeIgniter\CodeIgniter->handleRequest(null, Object(Config\Cache), false)
 7 SYSTEMPATH\Boot.php(325): CodeIgniter\CodeIgniter->run()
 8 SYSTEMPATH\Boot.php(67): CodeIgniter\Boot::runCodeIgniter(Object(CodeIgniter\CodeIgniter))
 9 FCPATH\index.php(56): CodeIgniter\Boot::bootWeb(Object(Config\Paths))
CRITICAL - 2025-01-06 02:12:27 --> ParseError: syntax error, unexpected single-quoted string "p001faxno", expecting "]"
[Method: GET, Route: displayprofile]
in APPPATH\Controllers\ApplyController.php on line 172.
 1 SYSTEMPATH\Autoloader\Autoloader.php(296): CodeIgniter\Autoloader\Autoloader->includeFile('C:\\laragon\\www\\pascav2\\app\\Controllers\\ApplyController.php')
 2 SYSTEMPATH\Autoloader\Autoloader.php(272): CodeIgniter\Autoloader\Autoloader->loadInNamespace('App\\Controllers\\ApplyController')
 3 [internal function]: CodeIgniter\Autoloader\Autoloader->loadClass('App\\Controllers\\ApplyController')
 4 ROOTPATH\system\CodeIgniter.php(887): class_exists('\\App\\Controllers\\ApplyController', true)
 5 ROOTPATH\system\CodeIgniter.php(496): CodeIgniter\CodeIgniter->startController()
 6 ROOTPATH\system\CodeIgniter.php(355): CodeIgniter\CodeIgniter->handleRequest(null, Object(Config\Cache), false)
 7 SYSTEMPATH\Boot.php(325): CodeIgniter\CodeIgniter->run()
 8 SYSTEMPATH\Boot.php(67): CodeIgniter\Boot::runCodeIgniter(Object(CodeIgniter\CodeIgniter))
 9 FCPATH\index.php(56): CodeIgniter\Boot::bootWeb(Object(Config\Paths))
CRITICAL - 2025-01-06 02:12:27 --> ParseError: syntax error, unexpected single-quoted string "p001faxno", expecting "]"
[Method: GET, Route: getkodnegeri]
in APPPATH\Controllers\ApplyController.php on line 172.
 1 SYSTEMPATH\Autoloader\Autoloader.php(296): CodeIgniter\Autoloader\Autoloader->includeFile('C:\\laragon\\www\\pascav2\\app\\Controllers\\ApplyController.php')
 2 SYSTEMPATH\Autoloader\Autoloader.php(272): CodeIgniter\Autoloader\Autoloader->loadInNamespace('App\\Controllers\\ApplyController')
 3 [internal function]: CodeIgniter\Autoloader\Autoloader->loadClass('App\\Controllers\\ApplyController')
 4 ROOTPATH\system\CodeIgniter.php(887): class_exists('\\App\\Controllers\\ApplyController', true)
 5 ROOTPATH\system\CodeIgniter.php(496): CodeIgniter\CodeIgniter->startController()
 6 ROOTPATH\system\CodeIgniter.php(355): CodeIgniter\CodeIgniter->handleRequest(null, Object(Config\Cache), false)
 7 SYSTEMPATH\Boot.php(325): CodeIgniter\CodeIgniter->run()
 8 SYSTEMPATH\Boot.php(67): CodeIgniter\Boot::runCodeIgniter(Object(CodeIgniter\CodeIgniter))
 9 FCPATH\index.php(56): CodeIgniter\Boot::bootWeb(Object(Config\Paths))
CRITICAL - 2025-01-06 02:12:27 --> ParseError: syntax error, unexpected single-quoted string "p001faxno", expecting "]"
[Method: GET, Route: getkodkecacatan]
in APPPATH\Controllers\ApplyController.php on line 172.
 1 SYSTEMPATH\Autoloader\Autoloader.php(296): CodeIgniter\Autoloader\Autoloader->includeFile('C:\\laragon\\www\\pascav2\\app\\Controllers\\ApplyController.php')
 2 SYSTEMPATH\Autoloader\Autoloader.php(272): CodeIgniter\Autoloader\Autoloader->loadInNamespace('App\\Controllers\\ApplyController')
 3 [internal function]: CodeIgniter\Autoloader\Autoloader->loadClass('App\\Controllers\\ApplyController')
 4 ROOTPATH\system\CodeIgniter.php(887): class_exists('\\App\\Controllers\\ApplyController', true)
 5 ROOTPATH\system\CodeIgniter.php(496): CodeIgniter\CodeIgniter->startController()
 6 ROOTPATH\system\CodeIgniter.php(355): CodeIgniter\CodeIgniter->handleRequest(null, Object(Config\Cache), false)
 7 SYSTEMPATH\Boot.php(325): CodeIgniter\CodeIgniter->run()
 8 SYSTEMPATH\Boot.php(67): CodeIgniter\Boot::runCodeIgniter(Object(CodeIgniter\CodeIgniter))
 9 FCPATH\index.php(56): CodeIgniter\Boot::bootWeb(Object(Config\Paths))
INFO - 2025-01-06 02:12:27 --> Session: Class initialized using 'CodeIgniter\Session\Handlers\FileHandler' driver.
CRITICAL - 2025-01-06 02:12:37 --> ParseError: syntax error, unexpected single-quoted string "p001faxno", expecting "]"
[Method: GET, Route: getkodkecacatan]
in APPPATH\Controllers\ApplyController.php on line 172.
 1 SYSTEMPATH\Autoloader\Autoloader.php(296): CodeIgniter\Autoloader\Autoloader->includeFile('C:\\laragon\\www\\pascav2\\app\\Controllers\\ApplyController.php')
 2 SYSTEMPATH\Autoloader\Autoloader.php(272): CodeIgniter\Autoloader\Autoloader->loadInNamespace('App\\Controllers\\ApplyController')
 3 [internal function]: CodeIgniter\Autoloader\Autoloader->loadClass('App\\Controllers\\ApplyController')
 4 ROOTPATH\system\CodeIgniter.php(887): class_exists('\\App\\Controllers\\ApplyController', true)
 5 ROOTPATH\system\CodeIgniter.php(496): CodeIgniter\CodeIgniter->startController()
 6 ROOTPATH\system\CodeIgniter.php(355): CodeIgniter\CodeIgniter->handleRequest(null, Object(Config\Cache), false)
 7 SYSTEMPATH\Boot.php(325): CodeIgniter\CodeIgniter->run()
 8 SYSTEMPATH\Boot.php(67): CodeIgniter\Boot::runCodeIgniter(Object(CodeIgniter\CodeIgniter))
 9 FCPATH\index.php(56): CodeIgniter\Boot::bootWeb(Object(Config\Paths))
INFO - 2025-01-06 02:13:08 --> Session: Class initialized using 'CodeIgniter\Session\Handlers\FileHandler' driver.
INFO - 2025-01-06 02:13:09 --> Session: Class initialized using 'CodeIgniter\Session\Handlers\FileHandler' driver.
CRITICAL - 2025-01-06 02:13:09 --> ParseError: syntax error, unexpected single-quoted string "p001faxno", expecting "]"
[Method: GET, Route: displayprofile]
in APPPATH\Controllers\ApplyController.php on line 172.
 1 SYSTEMPATH\Autoloader\Autoloader.php(296): CodeIgniter\Autoloader\Autoloader->includeFile('C:\\laragon\\www\\pascav2\\app\\Controllers\\ApplyController.php')
 2 SYSTEMPATH\Autoloader\Autoloader.php(272): CodeIgniter\Autoloader\Autoloader->loadInNamespace('App\\Controllers\\ApplyController')
 3 [internal function]: CodeIgniter\Autoloader\Autoloader->loadClass('App\\Controllers\\ApplyController')
 4 ROOTPATH\system\CodeIgniter.php(887): class_exists('\\App\\Controllers\\ApplyController', true)
 5 ROOTPATH\system\CodeIgniter.php(496): CodeIgniter\CodeIgniter->startController()
 6 ROOTPATH\system\CodeIgniter.php(355): CodeIgniter\CodeIgniter->handleRequest(null, Object(Config\Cache), false)
 7 SYSTEMPATH\Boot.php(325): CodeIgniter\CodeIgniter->run()
 8 SYSTEMPATH\Boot.php(67): CodeIgniter\Boot::runCodeIgniter(Object(CodeIgniter\CodeIgniter))
 9 FCPATH\index.php(56): CodeIgniter\Boot::bootWeb(Object(Config\Paths))
CRITICAL - 2025-01-06 02:13:09 --> ParseError: syntax error, unexpected single-quoted string "p001faxno", expecting "]"
[Method: GET, Route: getkodprogram]
in APPPATH\Controllers\ApplyController.php on line 172.
 1 SYSTEMPATH\Autoloader\Autoloader.php(296): CodeIgniter\Autoloader\Autoloader->includeFile('C:\\laragon\\www\\pascav2\\app\\Controllers\\ApplyController.php')
 2 SYSTEMPATH\Autoloader\Autoloader.php(272): CodeIgniter\Autoloader\Autoloader->loadInNamespace('App\\Controllers\\ApplyController')
 3 [internal function]: CodeIgniter\Autoloader\Autoloader->loadClass('App\\Controllers\\ApplyController')
 4 ROOTPATH\system\CodeIgniter.php(887): class_exists('\\App\\Controllers\\ApplyController', true)
 5 ROOTPATH\system\CodeIgniter.php(496): CodeIgniter\CodeIgniter->startController()
 6 ROOTPATH\system\CodeIgniter.php(355): CodeIgniter\CodeIgniter->handleRequest(null, Object(Config\Cache), false)
 7 SYSTEMPATH\Boot.php(325): CodeIgniter\CodeIgniter->run()
 8 SYSTEMPATH\Boot.php(67): CodeIgniter\Boot::runCodeIgniter(Object(CodeIgniter\CodeIgniter))
 9 FCPATH\index.php(56): CodeIgniter\Boot::bootWeb(Object(Config\Paths))
CRITICAL - 2025-01-06 02:13:09 --> ParseError: syntax error, unexpected single-quoted string "p001faxno", expecting "]"
[Method: GET, Route: getkodkecacatan]
in APPPATH\Controllers\ApplyController.php on line 172.
 1 SYSTEMPATH\Autoloader\Autoloader.php(296): CodeIgniter\Autoloader\Autoloader->includeFile('C:\\laragon\\www\\pascav2\\app\\Controllers\\ApplyController.php')
 2 SYSTEMPATH\Autoloader\Autoloader.php(272): CodeIgniter\Autoloader\Autoloader->loadInNamespace('App\\Controllers\\ApplyController')
 3 [internal function]: CodeIgniter\Autoloader\Autoloader->loadClass('App\\Controllers\\ApplyController')
 4 ROOTPATH\system\CodeIgniter.php(887): class_exists('\\App\\Controllers\\ApplyController', true)
 5 ROOTPATH\system\CodeIgniter.php(496): CodeIgniter\CodeIgniter->startController()
 6 ROOTPATH\system\CodeIgniter.php(355): CodeIgniter\CodeIgniter->handleRequest(null, Object(Config\Cache), false)
 7 SYSTEMPATH\Boot.php(325): CodeIgniter\CodeIgniter->run()
 8 SYSTEMPATH\Boot.php(67): CodeIgniter\Boot::runCodeIgniter(Object(CodeIgniter\CodeIgniter))
 9 FCPATH\index.php(56): CodeIgniter\Boot::bootWeb(Object(Config\Paths))
CRITICAL - 2025-01-06 02:13:09 --> ParseError: syntax error, unexpected single-quoted string "p001faxno", expecting "]"
[Method: GET, Route: getkodnegeri]
in APPPATH\Controllers\ApplyController.php on line 172.
 1 SYSTEMPATH\Autoloader\Autoloader.php(296): CodeIgniter\Autoloader\Autoloader->includeFile('C:\\laragon\\www\\pascav2\\app\\Controllers\\ApplyController.php')
 2 SYSTEMPATH\Autoloader\Autoloader.php(272): CodeIgniter\Autoloader\Autoloader->loadInNamespace('App\\Controllers\\ApplyController')
 3 [internal function]: CodeIgniter\Autoloader\Autoloader->loadClass('App\\Controllers\\ApplyController')
 4 ROOTPATH\system\CodeIgniter.php(887): class_exists('\\App\\Controllers\\ApplyController', true)
 5 ROOTPATH\system\CodeIgniter.php(496): CodeIgniter\CodeIgniter->startController()
 6 ROOTPATH\system\CodeIgniter.php(355): CodeIgniter\CodeIgniter->handleRequest(null, Object(Config\Cache), false)
 7 SYSTEMPATH\Boot.php(325): CodeIgniter\CodeIgniter->run()
 8 SYSTEMPATH\Boot.php(67): CodeIgniter\Boot::runCodeIgniter(Object(CodeIgniter\CodeIgniter))
 9 FCPATH\index.php(56): CodeIgniter\Boot::bootWeb(Object(Config\Paths))
CRITICAL - 2025-01-06 02:13:09 --> ParseError: syntax error, unexpected single-quoted string "p001faxno", expecting "]"
[Method: GET, Route: getkodnegara]
in APPPATH\Controllers\ApplyController.php on line 172.
 1 SYSTEMPATH\Autoloader\Autoloader.php(296): CodeIgniter\Autoloader\Autoloader->includeFile('C:\\laragon\\www\\pascav2\\app\\Controllers\\ApplyController.php')
 2 SYSTEMPATH\Autoloader\Autoloader.php(272): CodeIgniter\Autoloader\Autoloader->loadInNamespace('App\\Controllers\\ApplyController')
 3 [internal function]: CodeIgniter\Autoloader\Autoloader->loadClass('App\\Controllers\\ApplyController')
 4 ROOTPATH\system\CodeIgniter.php(887): class_exists('\\App\\Controllers\\ApplyController', true)
 5 ROOTPATH\system\CodeIgniter.php(496): CodeIgniter\CodeIgniter->startController()
 6 ROOTPATH\system\CodeIgniter.php(355): CodeIgniter\CodeIgniter->handleRequest(null, Object(Config\Cache), false)
 7 SYSTEMPATH\Boot.php(325): CodeIgniter\CodeIgniter->run()
 8 SYSTEMPATH\Boot.php(67): CodeIgniter\Boot::runCodeIgniter(Object(CodeIgniter\CodeIgniter))
 9 FCPATH\index.php(56): CodeIgniter\Boot::bootWeb(Object(Config\Paths))
INFO - 2025-01-06 02:13:35 --> Session: Class initialized using 'CodeIgniter\Session\Handlers\FileHandler' driver.
INFO - 2025-01-06 02:13:36 --> Session: Class initialized using 'CodeIgniter\Session\Handlers\FileHandler' driver.
CRITICAL - 2025-01-06 02:13:36 --> ParseError: syntax error, unexpected single-quoted string "p001faxno", expecting "]"
[Method: GET, Route: getkodprogram]
in APPPATH\Controllers\ApplyController.php on line 172.
 1 SYSTEMPATH\Autoloader\Autoloader.php(296): CodeIgniter\Autoloader\Autoloader->includeFile('C:\\laragon\\www\\pascav2\\app\\Controllers\\ApplyController.php')
 2 SYSTEMPATH\Autoloader\Autoloader.php(272): CodeIgniter\Autoloader\Autoloader->loadInNamespace('App\\Controllers\\ApplyController')
 3 [internal function]: CodeIgniter\Autoloader\Autoloader->loadClass('App\\Controllers\\ApplyController')
 4 ROOTPATH\system\CodeIgniter.php(887): class_exists('\\App\\Controllers\\ApplyController', true)
 5 ROOTPATH\system\CodeIgniter.php(496): CodeIgniter\CodeIgniter->startController()
 6 ROOTPATH\system\CodeIgniter.php(355): CodeIgniter\CodeIgniter->handleRequest(null, Object(Config\Cache), false)
 7 SYSTEMPATH\Boot.php(325): CodeIgniter\CodeIgniter->run()
 8 SYSTEMPATH\Boot.php(67): CodeIgniter\Boot::runCodeIgniter(Object(CodeIgniter\CodeIgniter))
 9 FCPATH\index.php(56): CodeIgniter\Boot::bootWeb(Object(Config\Paths))
CRITICAL - 2025-01-06 02:13:36 --> ParseError: syntax error, unexpected single-quoted string "p001faxno", expecting "]"
[Method: GET, Route: getkodnegeri]
in APPPATH\Controllers\ApplyController.php on line 172.
 1 SYSTEMPATH\Autoloader\Autoloader.php(296): CodeIgniter\Autoloader\Autoloader->includeFile('C:\\laragon\\www\\pascav2\\app\\Controllers\\ApplyController.php')
 2 SYSTEMPATH\Autoloader\Autoloader.php(272): CodeIgniter\Autoloader\Autoloader->loadInNamespace('App\\Controllers\\ApplyController')
 3 [internal function]: CodeIgniter\Autoloader\Autoloader->loadClass('App\\Controllers\\ApplyController')
 4 ROOTPATH\system\CodeIgniter.php(887): class_exists('\\App\\Controllers\\ApplyController', true)
 5 ROOTPATH\system\CodeIgniter.php(496): CodeIgniter\CodeIgniter->startController()
 6 ROOTPATH\system\CodeIgniter.php(355): CodeIgniter\CodeIgniter->handleRequest(null, Object(Config\Cache), false)
 7 SYSTEMPATH\Boot.php(325): CodeIgniter\CodeIgniter->run()
 8 SYSTEMPATH\Boot.php(67): CodeIgniter\Boot::runCodeIgniter(Object(CodeIgniter\CodeIgniter))
 9 FCPATH\index.php(56): CodeIgniter\Boot::bootWeb(Object(Config\Paths))
CRITICAL - 2025-01-06 02:13:36 --> ParseError: syntax error, unexpected single-quoted string "p001faxno", expecting "]"
[Method: GET, Route: getkodkecacatan]
in APPPATH\Controllers\ApplyController.php on line 172.
 1 SYSTEMPATH\Autoloader\Autoloader.php(296): CodeIgniter\Autoloader\Autoloader->includeFile('C:\\laragon\\www\\pascav2\\app\\Controllers\\ApplyController.php')
 2 SYSTEMPATH\Autoloader\Autoloader.php(272): CodeIgniter\Autoloader\Autoloader->loadInNamespace('App\\Controllers\\ApplyController')
 3 [internal function]: CodeIgniter\Autoloader\Autoloader->loadClass('App\\Controllers\\ApplyController')
 4 ROOTPATH\system\CodeIgniter.php(887): class_exists('\\App\\Controllers\\ApplyController', true)
 5 ROOTPATH\system\CodeIgniter.php(496): CodeIgniter\CodeIgniter->startController()
 6 ROOTPATH\system\CodeIgniter.php(355): CodeIgniter\CodeIgniter->handleRequest(null, Object(Config\Cache), false)
 7 SYSTEMPATH\Boot.php(325): CodeIgniter\CodeIgniter->run()
 8 SYSTEMPATH\Boot.php(67): CodeIgniter\Boot::runCodeIgniter(Object(CodeIgniter\CodeIgniter))
 9 FCPATH\index.php(56): CodeIgniter\Boot::bootWeb(Object(Config\Paths))
CRITICAL - 2025-01-06 02:13:36 --> ParseError: syntax error, unexpected single-quoted string "p001faxno", expecting "]"
[Method: GET, Route: getkodnegara]
in APPPATH\Controllers\ApplyController.php on line 172.
 1 SYSTEMPATH\Autoloader\Autoloader.php(296): CodeIgniter\Autoloader\Autoloader->includeFile('C:\\laragon\\www\\pascav2\\app\\Controllers\\ApplyController.php')
 2 SYSTEMPATH\Autoloader\Autoloader.php(272): CodeIgniter\Autoloader\Autoloader->loadInNamespace('App\\Controllers\\ApplyController')
 3 [internal function]: CodeIgniter\Autoloader\Autoloader->loadClass('App\\Controllers\\ApplyController')
 4 ROOTPATH\system\CodeIgniter.php(887): class_exists('\\App\\Controllers\\ApplyController', true)
 5 ROOTPATH\system\CodeIgniter.php(496): CodeIgniter\CodeIgniter->startController()
 6 ROOTPATH\system\CodeIgniter.php(355): CodeIgniter\CodeIgniter->handleRequest(null, Object(Config\Cache), false)
 7 SYSTEMPATH\Boot.php(325): CodeIgniter\CodeIgniter->run()
 8 SYSTEMPATH\Boot.php(67): CodeIgniter\Boot::runCodeIgniter(Object(CodeIgniter\CodeIgniter))
 9 FCPATH\index.php(56): CodeIgniter\Boot::bootWeb(Object(Config\Paths))
CRITICAL - 2025-01-06 02:13:36 --> ParseError: syntax error, unexpected single-quoted string "p001faxno", expecting "]"
[Method: GET, Route: displayprofile]
in APPPATH\Controllers\ApplyController.php on line 172.
 1 SYSTEMPATH\Autoloader\Autoloader.php(296): CodeIgniter\Autoloader\Autoloader->includeFile('C:\\laragon\\www\\pascav2\\app\\Controllers\\ApplyController.php')
 2 SYSTEMPATH\Autoloader\Autoloader.php(272): CodeIgniter\Autoloader\Autoloader->loadInNamespace('App\\Controllers\\ApplyController')
 3 [internal function]: CodeIgniter\Autoloader\Autoloader->loadClass('App\\Controllers\\ApplyController')
 4 ROOTPATH\system\CodeIgniter.php(887): class_exists('\\App\\Controllers\\ApplyController', true)
 5 ROOTPATH\system\CodeIgniter.php(496): CodeIgniter\CodeIgniter->startController()
 6 ROOTPATH\system\CodeIgniter.php(355): CodeIgniter\CodeIgniter->handleRequest(null, Object(Config\Cache), false)
 7 SYSTEMPATH\Boot.php(325): CodeIgniter\CodeIgniter->run()
 8 SYSTEMPATH\Boot.php(67): CodeIgniter\Boot::runCodeIgniter(Object(CodeIgniter\CodeIgniter))
 9 FCPATH\index.php(56): CodeIgniter\Boot::bootWeb(Object(Config\Paths))
INFO - 2025-01-06 02:14:05 --> Session: Class initialized using 'CodeIgniter\Session\Handlers\FileHandler' driver.
INFO - 2025-01-06 02:14:06 --> Session: Class initialized using 'CodeIgniter\Session\Handlers\FileHandler' driver.
INFO - 2025-01-06 02:14:06 --> Session: Class initialized using 'CodeIgniter\Session\Handlers\FileHandler' driver.
INFO - 2025-01-06 02:15:01 --> Session: Class initialized using 'CodeIgniter\Session\Handlers\FileHandler' driver.
ERROR - 2025-01-06 02:15:01 --> ErrorException: pg_query(): Query failed: ERROR:  invalid input syntax for type integer: &quot;&quot;
LINE 2: ...t2 ='',p001bandart='',p001knegerit='',p001poskodt='',p001not...
                                                             ^ in C:\laragon\www\pascav2\system\Database\Postgre\Connection.php:204
Stack trace:
#0 [internal function]: CodeIgniter\Debug\Exceptions->errorHandler(2, 'pg_query(): Que...', 'C:\\laragon\\www\\...', 204)
#1 C:\laragon\www\pascav2\system\Database\Postgre\Connection.php(204): pg_query(Object(PgSql\Connection), 'UPDATE ppsdbloc...')
#2 C:\laragon\www\pascav2\system\Database\BaseConnection.php(734): CodeIgniter\Database\Postgre\Connection->execute('UPDATE ppsdbloc...')
#3 C:\laragon\www\pascav2\system\Database\BaseConnection.php(648): CodeIgniter\Database\BaseConnection->simpleQuery('UPDATE ppsdbloc...')
#4 C:\laragon\www\pascav2\app\Controllers\ApplyController.php(190): CodeIgniter\Database\BaseConnection->query('UPDATE ppsdbloc...')
#5 C:\laragon\www\pascav2\system\CodeIgniter.php(933): App\Controllers\ApplyController->InsStep1()
#6 C:\laragon\www\pascav2\system\CodeIgniter.php(509): CodeIgniter\CodeIgniter->runController(Object(App\Controllers\ApplyController))
#7 C:\laragon\www\pascav2\system\CodeIgniter.php(355): CodeIgniter\CodeIgniter->handleRequest(NULL, Object(Config\Cache), false)
#8 C:\laragon\www\pascav2\vendor\codeigniter4\framework\system\Boot.php(325): CodeIgniter\CodeIgniter->run()
#9 C:\laragon\www\pascav2\vendor\codeigniter4\framework\system\Boot.php(67): CodeIgniter\Boot::runCodeIgniter(Object(CodeIgniter\CodeIgniter))
#10 C:\laragon\www\pascav2\public\index.php(56): CodeIgniter\Boot::bootWeb(Object(Config\Paths))
#11 {main}
CRITICAL - 2025-01-06 02:15:02 --> CodeIgniter\Database\Exceptions\DatabaseException: pg_query(): Query failed: ERROR:  invalid input syntax for type integer: &quot;&quot;
LINE 2: ...t2 ='',p001bandart='',p001knegerit='',p001poskodt='',p001not...
                                                             ^
[Method: POST, Route: insstep1]
in ROOTPATH\system\Database\BaseConnection.php on line 688.
 1 APPPATH\Controllers\ApplyController.php(190): CodeIgniter\Database\BaseConnection->query('UPDATE ppsdblocal.p001 SET p001nama  = \'test\',p001tkhlahir = \'2025-01-01\',p001kwarganegara=\'M01\',p001alamat1=\'alamat1\',p001alamat2=\'alamat2\',p001bandar=\'kuala terengganu\',p001knegeri=\'11\',p001poskod=\'21200\',
        p001alamatt1 =\'\',p001alamatt2 =\'\',p001bandart=\'\',p001knegerit=\'\',p001poskodt=\'\',p001notel=\'0162321563\',p001nohp=\'0162321563\',
        p001kcacat = \'12\',p001laluanmohon = \'SP\',p001nooku = \'clr\',p001faxno=\'00\',p001offno=\'0o\',p001faxnot=\'\',p001offnot=\'\',p001alamatneg=\'M01\',p001alamatnegt=\'\',p001notelt=\'\',p001nohpt=\'\'
        WHERE p001nokp=\'2000\'')
 2 ROOTPATH\system\CodeIgniter.php(933): App\Controllers\ApplyController->InsStep1()
 3 ROOTPATH\system\CodeIgniter.php(509): CodeIgniter\CodeIgniter->runController(Object(App\Controllers\ApplyController))
 4 ROOTPATH\system\CodeIgniter.php(355): CodeIgniter\CodeIgniter->handleRequest(null, Object(Config\Cache), false)
 5 SYSTEMPATH\Boot.php(325): CodeIgniter\CodeIgniter->run()
 6 SYSTEMPATH\Boot.php(67): CodeIgniter\Boot::runCodeIgniter(Object(CodeIgniter\CodeIgniter))
 7 FCPATH\index.php(56): CodeIgniter\Boot::bootWeb(Object(Config\Paths))
CRITICAL - 2025-01-06 02:15:02 --> [Caused by] CodeIgniter\Database\Exceptions\DatabaseException: pg_query(): Query failed: ERROR:  invalid input syntax for type integer: &quot;&quot;
LINE 2: ...t2 ='',p001bandart='',p001knegerit='',p001poskodt='',p001not...
                                                             ^
in ROOTPATH\system\Database\Postgre\Connection.php on line 209.
 1 ROOTPATH\system\Database\BaseConnection.php(734): CodeIgniter\Database\Postgre\Connection->execute('UPDATE ppsdblocal.p001 SET p001nama  = \'test\',p001tkhlahir = \'2025-01-01\',p001kwarganegara=\'M01\',p001alamat1=\'alamat1\',p001alamat2=\'alamat2\',p001bandar=\'kuala terengganu\',p001knegeri=\'11\',p001poskod=\'21200\',
        p001alamatt1 =\'\',p001alamatt2 =\'\',p001bandart=\'\',p001knegerit=\'\',p001poskodt=\'\',p001notel=\'0162321563\',p001nohp=\'0162321563\',
        p001kcacat = \'12\',p001laluanmohon = \'SP\',p001nooku = \'clr\',p001faxno=\'00\',p001offno=\'0o\',p001faxnot=\'\',p001offnot=\'\',p001alamatneg=\'M01\',p001alamatnegt=\'\',p001notelt=\'\',p001nohpt=\'\'
        WHERE p001nokp=\'2000\'')
 2 ROOTPATH\system\Database\BaseConnection.php(648): CodeIgniter\Database\BaseConnection->simpleQuery('UPDATE ppsdblocal.p001 SET p001nama  = \'test\',p001tkhlahir = \'2025-01-01\',p001kwarganegara=\'M01\',p001alamat1=\'alamat1\',p001alamat2=\'alamat2\',p001bandar=\'kuala terengganu\',p001knegeri=\'11\',p001poskod=\'21200\',
        p001alamatt1 =\'\',p001alamatt2 =\'\',p001bandart=\'\',p001knegerit=\'\',p001poskodt=\'\',p001notel=\'0162321563\',p001nohp=\'0162321563\',
        p001kcacat = \'12\',p001laluanmohon = \'SP\',p001nooku = \'clr\',p001faxno=\'00\',p001offno=\'0o\',p001faxnot=\'\',p001offnot=\'\',p001alamatneg=\'M01\',p001alamatnegt=\'\',p001notelt=\'\',p001nohpt=\'\'
        WHERE p001nokp=\'2000\'')
 3 APPPATH\Controllers\ApplyController.php(190): CodeIgniter\Database\BaseConnection->query('UPDATE ppsdblocal.p001 SET p001nama  = \'test\',p001tkhlahir = \'2025-01-01\',p001kwarganegara=\'M01\',p001alamat1=\'alamat1\',p001alamat2=\'alamat2\',p001bandar=\'kuala terengganu\',p001knegeri=\'11\',p001poskod=\'21200\',
        p001alamatt1 =\'\',p001alamatt2 =\'\',p001bandart=\'\',p001knegerit=\'\',p001poskodt=\'\',p001notel=\'0162321563\',p001nohp=\'0162321563\',
        p001kcacat = \'12\',p001laluanmohon = \'SP\',p001nooku = \'clr\',p001faxno=\'00\',p001offno=\'0o\',p001faxnot=\'\',p001offnot=\'\',p001alamatneg=\'M01\',p001alamatnegt=\'\',p001notelt=\'\',p001nohpt=\'\'
        WHERE p001nokp=\'2000\'')
 4 ROOTPATH\system\CodeIgniter.php(933): App\Controllers\ApplyController->InsStep1()
 5 ROOTPATH\system\CodeIgniter.php(509): CodeIgniter\CodeIgniter->runController(Object(App\Controllers\ApplyController))
 6 ROOTPATH\system\CodeIgniter.php(355): CodeIgniter\CodeIgniter->handleRequest(null, Object(Config\Cache), false)
 7 SYSTEMPATH\Boot.php(325): CodeIgniter\CodeIgniter->run()
 8 SYSTEMPATH\Boot.php(67): CodeIgniter\Boot::runCodeIgniter(Object(CodeIgniter\CodeIgniter))
 9 FCPATH\index.php(56): CodeIgniter\Boot::bootWeb(Object(Config\Paths))
CRITICAL - 2025-01-06 02:15:02 --> [Caused by] ErrorException: pg_query(): Query failed: ERROR:  invalid input syntax for type integer: &quot;&quot;
LINE 2: ...t2 ='',p001bandart='',p001knegerit='',p001poskodt='',p001not...
                                                             ^
in ROOTPATH\system\Database\Postgre\Connection.php on line 204.
 1 [internal function]: CodeIgniter\Debug\Exceptions->errorHandler(2, 'pg_query(): Query failed: ERROR:  invalid input syntax for type integer: &quot;&quot;
LINE 2: ...t2 =\'\',p001bandart=\'\',p001knegerit=\'\',p001poskodt=\'\',p001not...
                                                             ^', 'C:\\laragon\\www\\pascav2\\system\\Database\\Postgre\\Connection.php', 204)
 2 ROOTPATH\system\Database\Postgre\Connection.php(204): pg_query(Object(PgSql\Connection), 'UPDATE ppsdblocal.p001 SET p001nama  = \'test\',p001tkhlahir = \'2025-01-01\',p001kwarganegara=\'M01\',p001alamat1=\'alamat1\',p001alamat2=\'alamat2\',p001bandar=\'kuala terengganu\',p001knegeri=\'11\',p001poskod=\'21200\',
        p001alamatt1 =\'\',p001alamatt2 =\'\',p001bandart=\'\',p001knegerit=\'\',p001poskodt=\'\',p001notel=\'0162321563\',p001nohp=\'0162321563\',
        p001kcacat = \'12\',p001laluanmohon = \'SP\',p001nooku = \'clr\',p001faxno=\'00\',p001offno=\'0o\',p001faxnot=\'\',p001offnot=\'\',p001alamatneg=\'M01\',p001alamatnegt=\'\',p001notelt=\'\',p001nohpt=\'\'
        WHERE p001nokp=\'2000\'')
 3 ROOTPATH\system\Database\BaseConnection.php(734): CodeIgniter\Database\Postgre\Connection->execute('UPDATE ppsdblocal.p001 SET p001nama  = \'test\',p001tkhlahir = \'2025-01-01\',p001kwarganegara=\'M01\',p001alamat1=\'alamat1\',p001alamat2=\'alamat2\',p001bandar=\'kuala terengganu\',p001knegeri=\'11\',p001poskod=\'21200\',
        p001alamatt1 =\'\',p001alamatt2 =\'\',p001bandart=\'\',p001knegerit=\'\',p001poskodt=\'\',p001notel=\'0162321563\',p001nohp=\'0162321563\',
        p001kcacat = \'12\',p001laluanmohon = \'SP\',p001nooku = \'clr\',p001faxno=\'00\',p001offno=\'0o\',p001faxnot=\'\',p001offnot=\'\',p001alamatneg=\'M01\',p001alamatnegt=\'\',p001notelt=\'\',p001nohpt=\'\'
        WHERE p001nokp=\'2000\'')
 4 ROOTPATH\system\Database\BaseConnection.php(648): CodeIgniter\Database\BaseConnection->simpleQuery('UPDATE ppsdblocal.p001 SET p001nama  = \'test\',p001tkhlahir = \'2025-01-01\',p001kwarganegara=\'M01\',p001alamat1=\'alamat1\',p001alamat2=\'alamat2\',p001bandar=\'kuala terengganu\',p001knegeri=\'11\',p001poskod=\'21200\',
        p001alamatt1 =\'\',p001alamatt2 =\'\',p001bandart=\'\',p001knegerit=\'\',p001poskodt=\'\',p001notel=\'0162321563\',p001nohp=\'0162321563\',
        p001kcacat = \'12\',p001laluanmohon = \'SP\',p001nooku = \'clr\',p001faxno=\'00\',p001offno=\'0o\',p001faxnot=\'\',p001offnot=\'\',p001alamatneg=\'M01\',p001alamatnegt=\'\',p001notelt=\'\',p001nohpt=\'\'
        WHERE p001nokp=\'2000\'')
 5 APPPATH\Controllers\ApplyController.php(190): CodeIgniter\Database\BaseConnection->query('UPDATE ppsdblocal.p001 SET p001nama  = \'test\',p001tkhlahir = \'2025-01-01\',p001kwarganegara=\'M01\',p001alamat1=\'alamat1\',p001alamat2=\'alamat2\',p001bandar=\'kuala terengganu\',p001knegeri=\'11\',p001poskod=\'21200\',
        p001alamatt1 =\'\',p001alamatt2 =\'\',p001bandart=\'\',p001knegerit=\'\',p001poskodt=\'\',p001notel=\'0162321563\',p001nohp=\'0162321563\',
        p001kcacat = \'12\',p001laluanmohon = \'SP\',p001nooku = \'clr\',p001faxno=\'00\',p001offno=\'0o\',p001faxnot=\'\',p001offnot=\'\',p001alamatneg=\'M01\',p001alamatnegt=\'\',p001notelt=\'\',p001nohpt=\'\'
        WHERE p001nokp=\'2000\'')
 6 ROOTPATH\system\CodeIgniter.php(933): App\Controllers\ApplyController->InsStep1()
 7 ROOTPATH\system\CodeIgniter.php(509): CodeIgniter\CodeIgniter->runController(Object(App\Controllers\ApplyController))
 8 ROOTPATH\system\CodeIgniter.php(355): CodeIgniter\CodeIgniter->handleRequest(null, Object(Config\Cache), false)
 9 SYSTEMPATH\Boot.php(325): CodeIgniter\CodeIgniter->run()
10 SYSTEMPATH\Boot.php(67): CodeIgniter\Boot::runCodeIgniter(Object(CodeIgniter\CodeIgniter))
11 FCPATH\index.php(56): CodeIgniter\Boot::bootWeb(Object(Config\Paths))
INFO - 2025-01-06 02:16:23 --> Session: Class initialized using 'CodeIgniter\Session\Handlers\FileHandler' driver.
ERROR - 2025-01-06 02:16:23 --> ErrorException: pg_query(): Query failed: ERROR:  syntax error at or near &quot;,&quot;
LINE 2: ...t2 ='',p001bandart='',p001knegerit='',p001poskodt=,p001notel...
                                                             ^ in C:\laragon\www\pascav2\system\Database\Postgre\Connection.php:204
Stack trace:
#0 [internal function]: CodeIgniter\Debug\Exceptions->errorHandler(2, 'pg_query(): Que...', 'C:\\laragon\\www\\...', 204)
#1 C:\laragon\www\pascav2\system\Database\Postgre\Connection.php(204): pg_query(Object(PgSql\Connection), 'UPDATE ppsdbloc...')
#2 C:\laragon\www\pascav2\system\Database\BaseConnection.php(734): CodeIgniter\Database\Postgre\Connection->execute('UPDATE ppsdbloc...')
#3 C:\laragon\www\pascav2\system\Database\BaseConnection.php(648): CodeIgniter\Database\BaseConnection->simpleQuery('UPDATE ppsdbloc...')
#4 C:\laragon\www\pascav2\app\Controllers\ApplyController.php(190): CodeIgniter\Database\BaseConnection->query('UPDATE ppsdbloc...')
#5 C:\laragon\www\pascav2\system\CodeIgniter.php(933): App\Controllers\ApplyController->InsStep1()
#6 C:\laragon\www\pascav2\system\CodeIgniter.php(509): CodeIgniter\CodeIgniter->runController(Object(App\Controllers\ApplyController))
#7 C:\laragon\www\pascav2\system\CodeIgniter.php(355): CodeIgniter\CodeIgniter->handleRequest(NULL, Object(Config\Cache), false)
#8 C:\laragon\www\pascav2\vendor\codeigniter4\framework\system\Boot.php(325): CodeIgniter\CodeIgniter->run()
#9 C:\laragon\www\pascav2\vendor\codeigniter4\framework\system\Boot.php(67): CodeIgniter\Boot::runCodeIgniter(Object(CodeIgniter\CodeIgniter))
#10 C:\laragon\www\pascav2\public\index.php(56): CodeIgniter\Boot::bootWeb(Object(Config\Paths))
#11 {main}
CRITICAL - 2025-01-06 02:16:23 --> CodeIgniter\Database\Exceptions\DatabaseException: pg_query(): Query failed: ERROR:  syntax error at or near &quot;,&quot;
LINE 2: ...t2 ='',p001bandart='',p001knegerit='',p001poskodt=,p001notel...
                                                             ^
[Method: POST, Route: insstep1]
in ROOTPATH\system\Database\BaseConnection.php on line 688.
 1 APPPATH\Controllers\ApplyController.php(190): CodeIgniter\Database\BaseConnection->query('UPDATE ppsdblocal.p001 SET p001nama  = \'test\',p001tkhlahir = \'2025-01-01\',p001kwarganegara=\'M01\',p001alamat1=\'alamat1\',p001alamat2=\'alamat2\',p001bandar=\'kuala terengganu\',p001knegeri=\'11\',p001poskod=21200,
        p001alamatt1 =\'\',p001alamatt2 =\'\',p001bandart=\'\',p001knegerit=\'\',p001poskodt=,p001notel=\'0162321563\',p001nohp=\'0162321563\',
        p001kcacat = \'12\',p001laluanmohon = \'SP\',p001nooku = \'clr\',p001faxno=\'00\',p001offno=\'0o\',p001faxnot=\'\',p001offnot=\'\',p001alamatneg=\'M01\',p001alamatnegt=\'\',p001notelt=\'\',p001nohpt=\'\'
        WHERE p001nokp=\'2000\'')
 2 ROOTPATH\system\CodeIgniter.php(933): App\Controllers\ApplyController->InsStep1()
 3 ROOTPATH\system\CodeIgniter.php(509): CodeIgniter\CodeIgniter->runController(Object(App\Controllers\ApplyController))
 4 ROOTPATH\system\CodeIgniter.php(355): CodeIgniter\CodeIgniter->handleRequest(null, Object(Config\Cache), false)
 5 SYSTEMPATH\Boot.php(325): CodeIgniter\CodeIgniter->run()
 6 SYSTEMPATH\Boot.php(67): CodeIgniter\Boot::runCodeIgniter(Object(CodeIgniter\CodeIgniter))
 7 FCPATH\index.php(56): CodeIgniter\Boot::bootWeb(Object(Config\Paths))
CRITICAL - 2025-01-06 02:16:23 --> [Caused by] CodeIgniter\Database\Exceptions\DatabaseException: pg_query(): Query failed: ERROR:  syntax error at or near &quot;,&quot;
LINE 2: ...t2 ='',p001bandart='',p001knegerit='',p001poskodt=,p001notel...
                                                             ^
in ROOTPATH\system\Database\Postgre\Connection.php on line 209.
 1 ROOTPATH\system\Database\BaseConnection.php(734): CodeIgniter\Database\Postgre\Connection->execute('UPDATE ppsdblocal.p001 SET p001nama  = \'test\',p001tkhlahir = \'2025-01-01\',p001kwarganegara=\'M01\',p001alamat1=\'alamat1\',p001alamat2=\'alamat2\',p001bandar=\'kuala terengganu\',p001knegeri=\'11\',p001poskod=21200,
        p001alamatt1 =\'\',p001alamatt2 =\'\',p001bandart=\'\',p001knegerit=\'\',p001poskodt=,p001notel=\'0162321563\',p001nohp=\'0162321563\',
        p001kcacat = \'12\',p001laluanmohon = \'SP\',p001nooku = \'clr\',p001faxno=\'00\',p001offno=\'0o\',p001faxnot=\'\',p001offnot=\'\',p001alamatneg=\'M01\',p001alamatnegt=\'\',p001notelt=\'\',p001nohpt=\'\'
        WHERE p001nokp=\'2000\'')
 2 ROOTPATH\system\Database\BaseConnection.php(648): CodeIgniter\Database\BaseConnection->simpleQuery('UPDATE ppsdblocal.p001 SET p001nama  = \'test\',p001tkhlahir = \'2025-01-01\',p001kwarganegara=\'M01\',p001alamat1=\'alamat1\',p001alamat2=\'alamat2\',p001bandar=\'kuala terengganu\',p001knegeri=\'11\',p001poskod=21200,
        p001alamatt1 =\'\',p001alamatt2 =\'\',p001bandart=\'\',p001knegerit=\'\',p001poskodt=,p001notel=\'0162321563\',p001nohp=\'0162321563\',
        p001kcacat = \'12\',p001laluanmohon = \'SP\',p001nooku = \'clr\',p001faxno=\'00\',p001offno=\'0o\',p001faxnot=\'\',p001offnot=\'\',p001alamatneg=\'M01\',p001alamatnegt=\'\',p001notelt=\'\',p001nohpt=\'\'
        WHERE p001nokp=\'2000\'')
 3 APPPATH\Controllers\ApplyController.php(190): CodeIgniter\Database\BaseConnection->query('UPDATE ppsdblocal.p001 SET p001nama  = \'test\',p001tkhlahir = \'2025-01-01\',p001kwarganegara=\'M01\',p001alamat1=\'alamat1\',p001alamat2=\'alamat2\',p001bandar=\'kuala terengganu\',p001knegeri=\'11\',p001poskod=21200,
        p001alamatt1 =\'\',p001alamatt2 =\'\',p001bandart=\'\',p001knegerit=\'\',p001poskodt=,p001notel=\'0162321563\',p001nohp=\'0162321563\',
        p001kcacat = \'12\',p001laluanmohon = \'SP\',p001nooku = \'clr\',p001faxno=\'00\',p001offno=\'0o\',p001faxnot=\'\',p001offnot=\'\',p001alamatneg=\'M01\',p001alamatnegt=\'\',p001notelt=\'\',p001nohpt=\'\'
        WHERE p001nokp=\'2000\'')
 4 ROOTPATH\system\CodeIgniter.php(933): App\Controllers\ApplyController->InsStep1()
 5 ROOTPATH\system\CodeIgniter.php(509): CodeIgniter\CodeIgniter->runController(Object(App\Controllers\ApplyController))
 6 ROOTPATH\system\CodeIgniter.php(355): CodeIgniter\CodeIgniter->handleRequest(null, Object(Config\Cache), false)
 7 SYSTEMPATH\Boot.php(325): CodeIgniter\CodeIgniter->run()
 8 SYSTEMPATH\Boot.php(67): CodeIgniter\Boot::runCodeIgniter(Object(CodeIgniter\CodeIgniter))
 9 FCPATH\index.php(56): CodeIgniter\Boot::bootWeb(Object(Config\Paths))
CRITICAL - 2025-01-06 02:16:23 --> [Caused by] ErrorException: pg_query(): Query failed: ERROR:  syntax error at or near &quot;,&quot;
LINE 2: ...t2 ='',p001bandart='',p001knegerit='',p001poskodt=,p001notel...
                                                             ^
in ROOTPATH\system\Database\Postgre\Connection.php on line 204.
 1 [internal function]: CodeIgniter\Debug\Exceptions->errorHandler(2, 'pg_query(): Query failed: ERROR:  syntax error at or near &quot;,&quot;
LINE 2: ...t2 =\'\',p001bandart=\'\',p001knegerit=\'\',p001poskodt=,p001notel...
                                                             ^', 'C:\\laragon\\www\\pascav2\\system\\Database\\Postgre\\Connection.php', 204)
 2 ROOTPATH\system\Database\Postgre\Connection.php(204): pg_query(Object(PgSql\Connection), 'UPDATE ppsdblocal.p001 SET p001nama  = \'test\',p001tkhlahir = \'2025-01-01\',p001kwarganegara=\'M01\',p001alamat1=\'alamat1\',p001alamat2=\'alamat2\',p001bandar=\'kuala terengganu\',p001knegeri=\'11\',p001poskod=21200,
        p001alamatt1 =\'\',p001alamatt2 =\'\',p001bandart=\'\',p001knegerit=\'\',p001poskodt=,p001notel=\'0162321563\',p001nohp=\'0162321563\',
        p001kcacat = \'12\',p001laluanmohon = \'SP\',p001nooku = \'clr\',p001faxno=\'00\',p001offno=\'0o\',p001faxnot=\'\',p001offnot=\'\',p001alamatneg=\'M01\',p001alamatnegt=\'\',p001notelt=\'\',p001nohpt=\'\'
        WHERE p001nokp=\'2000\'')
 3 ROOTPATH\system\Database\BaseConnection.php(734): CodeIgniter\Database\Postgre\Connection->execute('UPDATE ppsdblocal.p001 SET p001nama  = \'test\',p001tkhlahir = \'2025-01-01\',p001kwarganegara=\'M01\',p001alamat1=\'alamat1\',p001alamat2=\'alamat2\',p001bandar=\'kuala terengganu\',p001knegeri=\'11\',p001poskod=21200,
        p001alamatt1 =\'\',p001alamatt2 =\'\',p001bandart=\'\',p001knegerit=\'\',p001poskodt=,p001notel=\'0162321563\',p001nohp=\'0162321563\',
        p001kcacat = \'12\',p001laluanmohon = \'SP\',p001nooku = \'clr\',p001faxno=\'00\',p001offno=\'0o\',p001faxnot=\'\',p001offnot=\'\',p001alamatneg=\'M01\',p001alamatnegt=\'\',p001notelt=\'\',p001nohpt=\'\'
        WHERE p001nokp=\'2000\'')
 4 ROOTPATH\system\Database\BaseConnection.php(648): CodeIgniter\Database\BaseConnection->simpleQuery('UPDATE ppsdblocal.p001 SET p001nama  = \'test\',p001tkhlahir = \'2025-01-01\',p001kwarganegara=\'M01\',p001alamat1=\'alamat1\',p001alamat2=\'alamat2\',p001bandar=\'kuala terengganu\',p001knegeri=\'11\',p001poskod=21200,
        p001alamatt1 =\'\',p001alamatt2 =\'\',p001bandart=\'\',p001knegerit=\'\',p001poskodt=,p001notel=\'0162321563\',p001nohp=\'0162321563\',
        p001kcacat = \'12\',p001laluanmohon = \'SP\',p001nooku = \'clr\',p001faxno=\'00\',p001offno=\'0o\',p001faxnot=\'\',p001offnot=\'\',p001alamatneg=\'M01\',p001alamatnegt=\'\',p001notelt=\'\',p001nohpt=\'\'
        WHERE p001nokp=\'2000\'')
 5 APPPATH\Controllers\ApplyController.php(190): CodeIgniter\Database\BaseConnection->query('UPDATE ppsdblocal.p001 SET p001nama  = \'test\',p001tkhlahir = \'2025-01-01\',p001kwarganegara=\'M01\',p001alamat1=\'alamat1\',p001alamat2=\'alamat2\',p001bandar=\'kuala terengganu\',p001knegeri=\'11\',p001poskod=21200,
        p001alamatt1 =\'\',p001alamatt2 =\'\',p001bandart=\'\',p001knegerit=\'\',p001poskodt=,p001notel=\'0162321563\',p001nohp=\'0162321563\',
        p001kcacat = \'12\',p001laluanmohon = \'SP\',p001nooku = \'clr\',p001faxno=\'00\',p001offno=\'0o\',p001faxnot=\'\',p001offnot=\'\',p001alamatneg=\'M01\',p001alamatnegt=\'\',p001notelt=\'\',p001nohpt=\'\'
        WHERE p001nokp=\'2000\'')
 6 ROOTPATH\system\CodeIgniter.php(933): App\Controllers\ApplyController->InsStep1()
 7 ROOTPATH\system\CodeIgniter.php(509): CodeIgniter\CodeIgniter->runController(Object(App\Controllers\ApplyController))
 8 ROOTPATH\system\CodeIgniter.php(355): CodeIgniter\CodeIgniter->handleRequest(null, Object(Config\Cache), false)
 9 SYSTEMPATH\Boot.php(325): CodeIgniter\CodeIgniter->run()
10 SYSTEMPATH\Boot.php(67): CodeIgniter\Boot::runCodeIgniter(Object(CodeIgniter\CodeIgniter))
11 FCPATH\index.php(56): CodeIgniter\Boot::bootWeb(Object(Config\Paths))
INFO - 2025-01-06 02:16:26 --> Session: Class initialized using 'CodeIgniter\Session\Handlers\FileHandler' driver.
INFO - 2025-01-06 02:16:27 --> Session: Class initialized using 'CodeIgniter\Session\Handlers\FileHandler' driver.
INFO - 2025-01-06 02:16:27 --> Session: Class initialized using 'CodeIgniter\Session\Handlers\FileHandler' driver.
INFO - 2025-01-06 02:16:34 --> Session: Class initialized using 'CodeIgniter\Session\Handlers\FileHandler' driver.
ERROR - 2025-01-06 02:16:34 --> ErrorException: pg_query(): Query failed: ERROR:  syntax error at or near &quot;,&quot;
LINE 2: ...matt2',p001bandart='',p001knegerit='',p001poskodt=,p001notel...
                                                             ^ in C:\laragon\www\pascav2\system\Database\Postgre\Connection.php:204
Stack trace:
#0 [internal function]: CodeIgniter\Debug\Exceptions->errorHandler(2, 'pg_query(): Que...', 'C:\\laragon\\www\\...', 204)
#1 C:\laragon\www\pascav2\system\Database\Postgre\Connection.php(204): pg_query(Object(PgSql\Connection), 'UPDATE ppsdbloc...')
#2 C:\laragon\www\pascav2\system\Database\BaseConnection.php(734): CodeIgniter\Database\Postgre\Connection->execute('UPDATE ppsdbloc...')
#3 C:\laragon\www\pascav2\system\Database\BaseConnection.php(648): CodeIgniter\Database\BaseConnection->simpleQuery('UPDATE ppsdbloc...')
#4 C:\laragon\www\pascav2\app\Controllers\ApplyController.php(190): CodeIgniter\Database\BaseConnection->query('UPDATE ppsdbloc...')
#5 C:\laragon\www\pascav2\system\CodeIgniter.php(933): App\Controllers\ApplyController->InsStep1()
#6 C:\laragon\www\pascav2\system\CodeIgniter.php(509): CodeIgniter\CodeIgniter->runController(Object(App\Controllers\ApplyController))
#7 C:\laragon\www\pascav2\system\CodeIgniter.php(355): CodeIgniter\CodeIgniter->handleRequest(NULL, Object(Config\Cache), false)
#8 C:\laragon\www\pascav2\vendor\codeigniter4\framework\system\Boot.php(325): CodeIgniter\CodeIgniter->run()
#9 C:\laragon\www\pascav2\vendor\codeigniter4\framework\system\Boot.php(67): CodeIgniter\Boot::runCodeIgniter(Object(CodeIgniter\CodeIgniter))
#10 C:\laragon\www\pascav2\public\index.php(56): CodeIgniter\Boot::bootWeb(Object(Config\Paths))
#11 {main}
CRITICAL - 2025-01-06 02:16:34 --> CodeIgniter\Database\Exceptions\DatabaseException: pg_query(): Query failed: ERROR:  syntax error at or near &quot;,&quot;
LINE 2: ...matt2',p001bandart='',p001knegerit='',p001poskodt=,p001notel...
                                                             ^
[Method: POST, Route: insstep1]
in ROOTPATH\system\Database\BaseConnection.php on line 688.
 1 APPPATH\Controllers\ApplyController.php(190): CodeIgniter\Database\BaseConnection->query('UPDATE ppsdblocal.p001 SET p001nama  = \'test\',p001tkhlahir = \'2025-01-01\',p001kwarganegara=\'M01\',p001alamat1=\'alamat1\',p001alamat2=\'alamat2\',p001bandar=\'\',p001knegeri=\'\',p001poskod=21200,
        p001alamatt1 =\'alamatt1\',p001alamatt2 =\'alamatt2\',p001bandart=\'\',p001knegerit=\'\',p001poskodt=,p001notel=\'\',p001nohp=\'\',
        p001kcacat = \'12\',p001laluanmohon = \'SP\',p001nooku = \'clr\',p001faxno=\'\',p001offno=\'\',p001faxnot=\'\',p001offnot=\'\',p001alamatneg=\'\',p001alamatnegt=\'\',p001notelt=\'\',p001nohpt=\'\'
        WHERE p001nokp=\'2000\'')
 2 ROOTPATH\system\CodeIgniter.php(933): App\Controllers\ApplyController->InsStep1()
 3 ROOTPATH\system\CodeIgniter.php(509): CodeIgniter\CodeIgniter->runController(Object(App\Controllers\ApplyController))
 4 ROOTPATH\system\CodeIgniter.php(355): CodeIgniter\CodeIgniter->handleRequest(null, Object(Config\Cache), false)
 5 SYSTEMPATH\Boot.php(325): CodeIgniter\CodeIgniter->run()
 6 SYSTEMPATH\Boot.php(67): CodeIgniter\Boot::runCodeIgniter(Object(CodeIgniter\CodeIgniter))
 7 FCPATH\index.php(56): CodeIgniter\Boot::bootWeb(Object(Config\Paths))
CRITICAL - 2025-01-06 02:16:34 --> [Caused by] CodeIgniter\Database\Exceptions\DatabaseException: pg_query(): Query failed: ERROR:  syntax error at or near &quot;,&quot;
LINE 2: ...matt2',p001bandart='',p001knegerit='',p001poskodt=,p001notel...
                                                             ^
in ROOTPATH\system\Database\Postgre\Connection.php on line 209.
 1 ROOTPATH\system\Database\BaseConnection.php(734): CodeIgniter\Database\Postgre\Connection->execute('UPDATE ppsdblocal.p001 SET p001nama  = \'test\',p001tkhlahir = \'2025-01-01\',p001kwarganegara=\'M01\',p001alamat1=\'alamat1\',p001alamat2=\'alamat2\',p001bandar=\'\',p001knegeri=\'\',p001poskod=21200,
        p001alamatt1 =\'alamatt1\',p001alamatt2 =\'alamatt2\',p001bandart=\'\',p001knegerit=\'\',p001poskodt=,p001notel=\'\',p001nohp=\'\',
        p001kcacat = \'12\',p001laluanmohon = \'SP\',p001nooku = \'clr\',p001faxno=\'\',p001offno=\'\',p001faxnot=\'\',p001offnot=\'\',p001alamatneg=\'\',p001alamatnegt=\'\',p001notelt=\'\',p001nohpt=\'\'
        WHERE p001nokp=\'2000\'')
 2 ROOTPATH\system\Database\BaseConnection.php(648): CodeIgniter\Database\BaseConnection->simpleQuery('UPDATE ppsdblocal.p001 SET p001nama  = \'test\',p001tkhlahir = \'2025-01-01\',p001kwarganegara=\'M01\',p001alamat1=\'alamat1\',p001alamat2=\'alamat2\',p001bandar=\'\',p001knegeri=\'\',p001poskod=21200,
        p001alamatt1 =\'alamatt1\',p001alamatt2 =\'alamatt2\',p001bandart=\'\',p001knegerit=\'\',p001poskodt=,p001notel=\'\',p001nohp=\'\',
        p001kcacat = \'12\',p001laluanmohon = \'SP\',p001nooku = \'clr\',p001faxno=\'\',p001offno=\'\',p001faxnot=\'\',p001offnot=\'\',p001alamatneg=\'\',p001alamatnegt=\'\',p001notelt=\'\',p001nohpt=\'\'
        WHERE p001nokp=\'2000\'')
 3 APPPATH\Controllers\ApplyController.php(190): CodeIgniter\Database\BaseConnection->query('UPDATE ppsdblocal.p001 SET p001nama  = \'test\',p001tkhlahir = \'2025-01-01\',p001kwarganegara=\'M01\',p001alamat1=\'alamat1\',p001alamat2=\'alamat2\',p001bandar=\'\',p001knegeri=\'\',p001poskod=21200,
        p001alamatt1 =\'alamatt1\',p001alamatt2 =\'alamatt2\',p001bandart=\'\',p001knegerit=\'\',p001poskodt=,p001notel=\'\',p001nohp=\'\',
        p001kcacat = \'12\',p001laluanmohon = \'SP\',p001nooku = \'clr\',p001faxno=\'\',p001offno=\'\',p001faxnot=\'\',p001offnot=\'\',p001alamatneg=\'\',p001alamatnegt=\'\',p001notelt=\'\',p001nohpt=\'\'
        WHERE p001nokp=\'2000\'')
 4 ROOTPATH\system\CodeIgniter.php(933): App\Controllers\ApplyController->InsStep1()
 5 ROOTPATH\system\CodeIgniter.php(509): CodeIgniter\CodeIgniter->runController(Object(App\Controllers\ApplyController))
 6 ROOTPATH\system\CodeIgniter.php(355): CodeIgniter\CodeIgniter->handleRequest(null, Object(Config\Cache), false)
 7 SYSTEMPATH\Boot.php(325): CodeIgniter\CodeIgniter->run()
 8 SYSTEMPATH\Boot.php(67): CodeIgniter\Boot::runCodeIgniter(Object(CodeIgniter\CodeIgniter))
 9 FCPATH\index.php(56): CodeIgniter\Boot::bootWeb(Object(Config\Paths))
CRITICAL - 2025-01-06 02:16:34 --> [Caused by] ErrorException: pg_query(): Query failed: ERROR:  syntax error at or near &quot;,&quot;
LINE 2: ...matt2',p001bandart='',p001knegerit='',p001poskodt=,p001notel...
                                                             ^
in ROOTPATH\system\Database\Postgre\Connection.php on line 204.
 1 [internal function]: CodeIgniter\Debug\Exceptions->errorHandler(2, 'pg_query(): Query failed: ERROR:  syntax error at or near &quot;,&quot;
LINE 2: ...matt2\',p001bandart=\'\',p001knegerit=\'\',p001poskodt=,p001notel...
                                                             ^', 'C:\\laragon\\www\\pascav2\\system\\Database\\Postgre\\Connection.php', 204)
 2 ROOTPATH\system\Database\Postgre\Connection.php(204): pg_query(Object(PgSql\Connection), 'UPDATE ppsdblocal.p001 SET p001nama  = \'test\',p001tkhlahir = \'2025-01-01\',p001kwarganegara=\'M01\',p001alamat1=\'alamat1\',p001alamat2=\'alamat2\',p001bandar=\'\',p001knegeri=\'\',p001poskod=21200,
        p001alamatt1 =\'alamatt1\',p001alamatt2 =\'alamatt2\',p001bandart=\'\',p001knegerit=\'\',p001poskodt=,p001notel=\'\',p001nohp=\'\',
        p001kcacat = \'12\',p001laluanmohon = \'SP\',p001nooku = \'clr\',p001faxno=\'\',p001offno=\'\',p001faxnot=\'\',p001offnot=\'\',p001alamatneg=\'\',p001alamatnegt=\'\',p001notelt=\'\',p001nohpt=\'\'
        WHERE p001nokp=\'2000\'')
 3 ROOTPATH\system\Database\BaseConnection.php(734): CodeIgniter\Database\Postgre\Connection->execute('UPDATE ppsdblocal.p001 SET p001nama  = \'test\',p001tkhlahir = \'2025-01-01\',p001kwarganegara=\'M01\',p001alamat1=\'alamat1\',p001alamat2=\'alamat2\',p001bandar=\'\',p001knegeri=\'\',p001poskod=21200,
        p001alamatt1 =\'alamatt1\',p001alamatt2 =\'alamatt2\',p001bandart=\'\',p001knegerit=\'\',p001poskodt=,p001notel=\'\',p001nohp=\'\',
        p001kcacat = \'12\',p001laluanmohon = \'SP\',p001nooku = \'clr\',p001faxno=\'\',p001offno=\'\',p001faxnot=\'\',p001offnot=\'\',p001alamatneg=\'\',p001alamatnegt=\'\',p001notelt=\'\',p001nohpt=\'\'
        WHERE p001nokp=\'2000\'')
 4 ROOTPATH\system\Database\BaseConnection.php(648): CodeIgniter\Database\BaseConnection->simpleQuery('UPDATE ppsdblocal.p001 SET p001nama  = \'test\',p001tkhlahir = \'2025-01-01\',p001kwarganegara=\'M01\',p001alamat1=\'alamat1\',p001alamat2=\'alamat2\',p001bandar=\'\',p001knegeri=\'\',p001poskod=21200,
        p001alamatt1 =\'alamatt1\',p001alamatt2 =\'alamatt2\',p001bandart=\'\',p001knegerit=\'\',p001poskodt=,p001notel=\'\',p001nohp=\'\',
        p001kcacat = \'12\',p001laluanmohon = \'SP\',p001nooku = \'clr\',p001faxno=\'\',p001offno=\'\',p001faxnot=\'\',p001offnot=\'\',p001alamatneg=\'\',p001alamatnegt=\'\',p001notelt=\'\',p001nohpt=\'\'
        WHERE p001nokp=\'2000\'')
 5 APPPATH\Controllers\ApplyController.php(190): CodeIgniter\Database\BaseConnection->query('UPDATE ppsdblocal.p001 SET p001nama  = \'test\',p001tkhlahir = \'2025-01-01\',p001kwarganegara=\'M01\',p001alamat1=\'alamat1\',p001alamat2=\'alamat2\',p001bandar=\'\',p001knegeri=\'\',p001poskod=21200,
        p001alamatt1 =\'alamatt1\',p001alamatt2 =\'alamatt2\',p001bandart=\'\',p001knegerit=\'\',p001poskodt=,p001notel=\'\',p001nohp=\'\',
        p001kcacat = \'12\',p001laluanmohon = \'SP\',p001nooku = \'clr\',p001faxno=\'\',p001offno=\'\',p001faxnot=\'\',p001offnot=\'\',p001alamatneg=\'\',p001alamatnegt=\'\',p001notelt=\'\',p001nohpt=\'\'
        WHERE p001nokp=\'2000\'')
 6 ROOTPATH\system\CodeIgniter.php(933): App\Controllers\ApplyController->InsStep1()
 7 ROOTPATH\system\CodeIgniter.php(509): CodeIgniter\CodeIgniter->runController(Object(App\Controllers\ApplyController))
 8 ROOTPATH\system\CodeIgniter.php(355): CodeIgniter\CodeIgniter->handleRequest(null, Object(Config\Cache), false)
 9 SYSTEMPATH\Boot.php(325): CodeIgniter\CodeIgniter->run()
10 SYSTEMPATH\Boot.php(67): CodeIgniter\Boot::runCodeIgniter(Object(CodeIgniter\CodeIgniter))
11 FCPATH\index.php(56): CodeIgniter\Boot::bootWeb(Object(Config\Paths))
INFO - 2025-01-06 02:20:10 --> Session: Class initialized using 'CodeIgniter\Session\Handlers\FileHandler' driver.
DEBUG - 2025-01-06 02:20:10 --> {"laluan":"SP","kppass":"2000","fullname":"test","dob":"2025-01-01","warganeg":"M01","stsoku":"12","no_oku":"clr","corradd":"alamat1","corradd1":"alamat2","postcorradd":"21200","bndrcorradd":"terengganu","kdnegeri":"11","kdnegara":"M01","notel":"0162321563","hpno":"0162321563","offno":"","faxno":"","homeadd":"alamat1","homeadd1":"alamat2","posthomeadd":"21200","bndrhomeadd":"terengganu","kdnegerihome":"","kdnegarahome":"","notelhome":"","hpnohome":"","offnohome":"","faxnohome":"","email":"yani4686@gmail.com"}
INFO - 2025-01-06 02:20:12 --> Session: Class initialized using 'CodeIgniter\Session\Handlers\FileHandler' driver.
INFO - 2025-01-06 02:20:12 --> Session: Class initialized using 'CodeIgniter\Session\Handlers\FileHandler' driver.
INFO - 2025-01-06 02:20:12 --> Session: Class initialized using 'CodeIgniter\Session\Handlers\FileHandler' driver.
INFO - 2025-01-06 02:24:26 --> Session: Class initialized using 'CodeIgniter\Session\Handlers\FileHandler' driver.
INFO - 2025-01-06 02:24:27 --> Session: Class initialized using 'CodeIgniter\Session\Handlers\FileHandler' driver.
INFO - 2025-01-06 02:24:27 --> Session: Class initialized using 'CodeIgniter\Session\Handlers\FileHandler' driver.
INFO - 2025-01-06 02:25:17 --> Session: Class initialized using 'CodeIgniter\Session\Handlers\FileHandler' driver.
INFO - 2025-01-06 02:25:18 --> Session: Class initialized using 'CodeIgniter\Session\Handlers\FileHandler' driver.
INFO - 2025-01-06 02:25:18 --> Session: Class initialized using 'CodeIgniter\Session\Handlers\FileHandler' driver.
INFO - 2025-01-06 02:28:20 --> Session: Class initialized using 'CodeIgniter\Session\Handlers\FileHandler' driver.
INFO - 2025-01-06 02:28:21 --> Session: Class initialized using 'CodeIgniter\Session\Handlers\FileHandler' driver.
INFO - 2025-01-06 02:28:21 --> Session: Class initialized using 'CodeIgniter\Session\Handlers\FileHandler' driver.
INFO - 2025-01-06 02:44:37 --> Session: Class initialized using 'CodeIgniter\Session\Handlers\FileHandler' driver.
INFO - 2025-01-06 02:44:39 --> Session: Class initialized using 'CodeIgniter\Session\Handlers\FileHandler' driver.
INFO - 2025-01-06 02:44:39 --> Session: Class initialized using 'CodeIgniter\Session\Handlers\FileHandler' driver.
INFO - 2025-01-06 02:47:32 --> Session: Class initialized using 'CodeIgniter\Session\Handlers\FileHandler' driver.
INFO - 2025-01-06 02:47:33 --> Session: Class initialized using 'CodeIgniter\Session\Handlers\FileHandler' driver.
INFO - 2025-01-06 02:47:33 --> Session: Class initialized using 'CodeIgniter\Session\Handlers\FileHandler' driver.
INFO - 2025-01-06 02:48:12 --> Session: Class initialized using 'CodeIgniter\Session\Handlers\FileHandler' driver.
INFO - 2025-01-06 02:48:14 --> Session: Class initialized using 'CodeIgniter\Session\Handlers\FileHandler' driver.
INFO - 2025-01-06 02:48:14 --> Session: Class initialized using 'CodeIgniter\Session\Handlers\FileHandler' driver.
INFO - 2025-01-06 02:50:05 --> Session: Class initialized using 'CodeIgniter\Session\Handlers\FileHandler' driver.
INFO - 2025-01-06 02:50:07 --> Session: Class initialized using 'CodeIgniter\Session\Handlers\FileHandler' driver.
INFO - 2025-01-06 02:50:07 --> Session: Class initialized using 'CodeIgniter\Session\Handlers\FileHandler' driver.
INFO - 2025-01-06 02:51:12 --> Session: Class initialized using 'CodeIgniter\Session\Handlers\FileHandler' driver.
INFO - 2025-01-06 02:51:13 --> Session: Class initialized using 'CodeIgniter\Session\Handlers\FileHandler' driver.
INFO - 2025-01-06 02:51:13 --> Session: Class initialized using 'CodeIgniter\Session\Handlers\FileHandler' driver.
INFO - 2025-01-06 02:58:02 --> Session: Class initialized using 'CodeIgniter\Session\Handlers\FileHandler' driver.
INFO - 2025-01-06 02:58:03 --> Session: Class initialized using 'CodeIgniter\Session\Handlers\FileHandler' driver.
INFO - 2025-01-06 02:58:03 --> Session: Class initialized using 'CodeIgniter\Session\Handlers\FileHandler' driver.
INFO - 2025-01-06 05:25:16 --> Session: Class initialized using 'CodeIgniter\Session\Handlers\FileHandler' driver.
INFO - 2025-01-06 05:25:20 --> Session: Class initialized using 'CodeIgniter\Session\Handlers\FileHandler' driver.
INFO - 2025-01-06 05:25:20 --> Session: Class initialized using 'CodeIgniter\Session\Handlers\FileHandler' driver.
INFO - 2025-01-06 05:25:36 --> Session: Class initialized using 'CodeIgniter\Session\Handlers\FileHandler' driver.
INFO - 2025-01-06 05:25:37 --> Session: Class initialized using 'CodeIgniter\Session\Handlers\FileHandler' driver.
INFO - 2025-01-06 05:25:38 --> Session: Class initialized using 'CodeIgniter\Session\Handlers\FileHandler' driver.
INFO - 2025-01-06 05:25:40 --> Session: Class initialized using 'CodeIgniter\Session\Handlers\FileHandler' driver.
INFO - 2025-01-06 05:25:41 --> Session: Class initialized using 'CodeIgniter\Session\Handlers\FileHandler' driver.
INFO - 2025-01-06 05:25:41 --> Session: Class initialized using 'CodeIgniter\Session\Handlers\FileHandler' driver.
INFO - 2025-01-06 06:13:02 --> Session: Class initialized using 'CodeIgniter\Session\Handlers\FileHandler' driver.
INFO - 2025-01-06 06:13:02 --> Session: Class initialized using 'CodeIgniter\Session\Handlers\FileHandler' driver.
INFO - 2025-01-06 06:13:05 --> Session: Class initialized using 'CodeIgniter\Session\Handlers\FileHandler' driver.
INFO - 2025-01-06 06:13:05 --> Session: Class initialized using 'CodeIgniter\Session\Handlers\FileHandler' driver.
INFO - 2025-01-06 06:14:16 --> Session: Class initialized using 'CodeIgniter\Session\Handlers\FileHandler' driver.
INFO - 2025-01-06 06:14:17 --> Session: Class initialized using 'CodeIgniter\Session\Handlers\FileHandler' driver.
INFO - 2025-01-06 06:14:17 --> Session: Class initialized using 'CodeIgniter\Session\Handlers\FileHandler' driver.
INFO - 2025-01-06 06:14:19 --> Session: Class initialized using 'CodeIgniter\Session\Handlers\FileHandler' driver.
INFO - 2025-01-06 06:14:20 --> Session: Class initialized using 'CodeIgniter\Session\Handlers\FileHandler' driver.
INFO - 2025-01-06 06:14:20 --> Session: Class initialized using 'CodeIgniter\Session\Handlers\FileHandler' driver.
INFO - 2025-01-06 06:44:06 --> Session: Class initialized using 'CodeIgniter\Session\Handlers\FileHandler' driver.
INFO - 2025-01-06 06:44:08 --> Session: Class initialized using 'CodeIgniter\Session\Handlers\FileHandler' driver.
INFO - 2025-01-06 06:44:08 --> Session: Class initialized using 'CodeIgniter\Session\Handlers\FileHandler' driver.
INFO - 2025-01-06 06:44:19 --> Session: Class initialized using 'CodeIgniter\Session\Handlers\FileHandler' driver.
CRITICAL - 2025-01-06 06:44:19 --> ErrorException: Undefined variable $newNamePic
[Method: POST, Route: insstep1]
in APPPATH\Controllers\ApplyController.php on line 180.
 1 APPPATH\Controllers\ApplyController.php(180): CodeIgniter\Debug\Exceptions->errorHandler(2, 'Undefined variable $newNamePic', 'C:\\laragon\\www\\pascav2\\app\\Controllers\\ApplyController.php', 180)
 2 ROOTPATH\system\CodeIgniter.php(933): App\Controllers\ApplyController->InsStep1()
 3 ROOTPATH\system\CodeIgniter.php(509): CodeIgniter\CodeIgniter->runController(Object(App\Controllers\ApplyController))
 4 ROOTPATH\system\CodeIgniter.php(355): CodeIgniter\CodeIgniter->handleRequest(null, Object(Config\Cache), false)
 5 SYSTEMPATH\Boot.php(325): CodeIgniter\CodeIgniter->run()
 6 SYSTEMPATH\Boot.php(67): CodeIgniter\Boot::runCodeIgniter(Object(CodeIgniter\CodeIgniter))
 7 FCPATH\index.php(56): CodeIgniter\Boot::bootWeb(Object(Config\Paths))
INFO - 2025-01-06 06:45:27 --> Session: Class initialized using 'CodeIgniter\Session\Handlers\FileHandler' driver.
INFO - 2025-01-06 06:45:28 --> Session: Class initialized using 'CodeIgniter\Session\Handlers\FileHandler' driver.
INFO - 2025-01-06 06:45:28 --> Session: Class initialized using 'CodeIgniter\Session\Handlers\FileHandler' driver.
INFO - 2025-01-06 06:45:37 --> Session: Class initialized using 'CodeIgniter\Session\Handlers\FileHandler' driver.
CRITICAL - 2025-01-06 06:45:37 --> ErrorException: Undefined variable $files
[Method: POST, Route: insstep1]
in APPPATH\Controllers\ApplyController.php on line 152.
 1 APPPATH\Controllers\ApplyController.php(152): CodeIgniter\Debug\Exceptions->errorHandler(2, 'Undefined variable $files', 'C:\\laragon\\www\\pascav2\\app\\Controllers\\ApplyController.php', 152)
 2 ROOTPATH\system\CodeIgniter.php(933): App\Controllers\ApplyController->InsStep1()
 3 ROOTPATH\system\CodeIgniter.php(509): CodeIgniter\CodeIgniter->runController(Object(App\Controllers\ApplyController))
 4 ROOTPATH\system\CodeIgniter.php(355): CodeIgniter\CodeIgniter->handleRequest(null, Object(Config\Cache), false)
 5 SYSTEMPATH\Boot.php(325): CodeIgniter\CodeIgniter->run()
 6 SYSTEMPATH\Boot.php(67): CodeIgniter\Boot::runCodeIgniter(Object(CodeIgniter\CodeIgniter))
 7 FCPATH\index.php(56): CodeIgniter\Boot::bootWeb(Object(Config\Paths))
INFO - 2025-01-06 06:47:15 --> Session: Class initialized using 'CodeIgniter\Session\Handlers\FileHandler' driver.
INFO - 2025-01-06 06:47:16 --> Session: Class initialized using 'CodeIgniter\Session\Handlers\FileHandler' driver.
INFO - 2025-01-06 06:47:16 --> Session: Class initialized using 'CodeIgniter\Session\Handlers\FileHandler' driver.
INFO - 2025-01-06 06:47:31 --> Session: Class initialized using 'CodeIgniter\Session\Handlers\FileHandler' driver.
CRITICAL - 2025-01-06 06:47:31 --> Error: Call to a member function guessExtension() on null
[Method: POST, Route: insstep1]
in APPPATH\Controllers\ApplyController.php on line 152.
 1 ROOTPATH\system\CodeIgniter.php(933): App\Controllers\ApplyController->InsStep1()
 2 ROOTPATH\system\CodeIgniter.php(509): CodeIgniter\CodeIgniter->runController(Object(App\Controllers\ApplyController))
 3 ROOTPATH\system\CodeIgniter.php(355): CodeIgniter\CodeIgniter->handleRequest(null, Object(Config\Cache), false)
 4 SYSTEMPATH\Boot.php(325): CodeIgniter\CodeIgniter->run()
 5 SYSTEMPATH\Boot.php(67): CodeIgniter\Boot::runCodeIgniter(Object(CodeIgniter\CodeIgniter))
 6 FCPATH\index.php(56): CodeIgniter\Boot::bootWeb(Object(Config\Paths))
INFO - 2025-01-06 06:52:59 --> Session: Class initialized using 'CodeIgniter\Session\Handlers\FileHandler' driver.
INFO - 2025-01-06 06:53:01 --> Session: Class initialized using 'CodeIgniter\Session\Handlers\FileHandler' driver.
INFO - 2025-01-06 06:53:01 --> Session: Class initialized using 'CodeIgniter\Session\Handlers\FileHandler' driver.
INFO - 2025-01-06 06:53:07 --> Session: Class initialized using 'CodeIgniter\Session\Handlers\FileHandler' driver.
INFO - 2025-01-06 07:40:17 --> Session: Class initialized using 'CodeIgniter\Session\Handlers\FileHandler' driver.
INFO - 2025-01-06 07:40:19 --> Session: Class initialized using 'CodeIgniter\Session\Handlers\FileHandler' driver.
INFO - 2025-01-06 07:40:19 --> Session: Class initialized using 'CodeIgniter\Session\Handlers\FileHandler' driver.
INFO - 2025-01-06 07:40:25 --> Session: Class initialized using 'CodeIgniter\Session\Handlers\FileHandler' driver.
CRITICAL - 2025-01-06 07:40:25 --> Error: Call to a member function getRandomName() on null
[Method: POST, Route: insstep1]
in APPPATH\Controllers\ApplyController.php on line 154.
 1 ROOTPATH\system\CodeIgniter.php(933): App\Controllers\ApplyController->InsStep1()
 2 ROOTPATH\system\CodeIgniter.php(509): CodeIgniter\CodeIgniter->runController(Object(App\Controllers\ApplyController))
 3 ROOTPATH\system\CodeIgniter.php(355): CodeIgniter\CodeIgniter->handleRequest(null, Object(Config\Cache), false)
 4 SYSTEMPATH\Boot.php(325): CodeIgniter\CodeIgniter->run()
 5 SYSTEMPATH\Boot.php(67): CodeIgniter\Boot::runCodeIgniter(Object(CodeIgniter\CodeIgniter))
 6 FCPATH\index.php(56): CodeIgniter\Boot::bootWeb(Object(Config\Paths))
INFO - 2025-01-06 07:43:16 --> Session: Class initialized using 'CodeIgniter\Session\Handlers\FileHandler' driver.
INFO - 2025-01-06 07:43:18 --> Session: Class initialized using 'CodeIgniter\Session\Handlers\FileHandler' driver.
INFO - 2025-01-06 07:43:18 --> Session: Class initialized using 'CodeIgniter\Session\Handlers\FileHandler' driver.
INFO - 2025-01-06 07:43:25 --> Session: Class initialized using 'CodeIgniter\Session\Handlers\FileHandler' driver.
CRITICAL - 2025-01-06 07:43:25 --> Error: Call to a member function guessExtension() on null
[Method: POST, Route: insstep1]
in APPPATH\Controllers\ApplyController.php on line 153.
 1 ROOTPATH\system\CodeIgniter.php(933): App\Controllers\ApplyController->InsStep1()
 2 ROOTPATH\system\CodeIgniter.php(509): CodeIgniter\CodeIgniter->runController(Object(App\Controllers\ApplyController))
 3 ROOTPATH\system\CodeIgniter.php(355): CodeIgniter\CodeIgniter->handleRequest(null, Object(Config\Cache), false)
 4 SYSTEMPATH\Boot.php(325): CodeIgniter\CodeIgniter->run()
 5 SYSTEMPATH\Boot.php(67): CodeIgniter\Boot::runCodeIgniter(Object(CodeIgniter\CodeIgniter))
 6 FCPATH\index.php(56): CodeIgniter\Boot::bootWeb(Object(Config\Paths))
INFO - 2025-01-06 07:48:42 --> Session: Class initialized using 'CodeIgniter\Session\Handlers\FileHandler' driver.
INFO - 2025-01-06 07:48:44 --> Session: Class initialized using 'CodeIgniter\Session\Handlers\FileHandler' driver.
INFO - 2025-01-06 07:48:44 --> Session: Class initialized using 'CodeIgniter\Session\Handlers\FileHandler' driver.
INFO - 2025-01-06 07:48:49 --> Session: Class initialized using 'CodeIgniter\Session\Handlers\FileHandler' driver.
CRITICAL - 2025-01-06 07:48:49 --> Error: Call to a member function guessExtension() on null
[Method: POST, Route: insstep1]
in APPPATH\Controllers\ApplyController.php on line 153.
 1 ROOTPATH\system\CodeIgniter.php(933): App\Controllers\ApplyController->InsStep1()
 2 ROOTPATH\system\CodeIgniter.php(509): CodeIgniter\CodeIgniter->runController(Object(App\Controllers\ApplyController))
 3 ROOTPATH\system\CodeIgniter.php(355): CodeIgniter\CodeIgniter->handleRequest(null, Object(Config\Cache), false)
 4 SYSTEMPATH\Boot.php(325): CodeIgniter\CodeIgniter->run()
 5 SYSTEMPATH\Boot.php(67): CodeIgniter\Boot::runCodeIgniter(Object(CodeIgniter\CodeIgniter))
 6 FCPATH\index.php(56): CodeIgniter\Boot::bootWeb(Object(Config\Paths))
INFO - 2025-01-06 07:54:42 --> Session: Class initialized using 'CodeIgniter\Session\Handlers\FileHandler' driver.
INFO - 2025-01-06 07:54:43 --> Session: Class initialized using 'CodeIgniter\Session\Handlers\FileHandler' driver.
INFO - 2025-01-06 07:54:43 --> Session: Class initialized using 'CodeIgniter\Session\Handlers\FileHandler' driver.
INFO - 2025-01-06 07:54:49 --> Session: Class initialized using 'CodeIgniter\Session\Handlers\FileHandler' driver.
CRITICAL - 2025-01-06 07:54:49 --> Error: Call to a member function guessExtension() on null
[Method: POST, Route: insstep1]
in APPPATH\Controllers\ApplyController.php on line 153.
 1 ROOTPATH\system\CodeIgniter.php(933): App\Controllers\ApplyController->InsStep1()
 2 ROOTPATH\system\CodeIgniter.php(509): CodeIgniter\CodeIgniter->runController(Object(App\Controllers\ApplyController))
 3 ROOTPATH\system\CodeIgniter.php(355): CodeIgniter\CodeIgniter->handleRequest(null, Object(Config\Cache), false)
 4 SYSTEMPATH\Boot.php(325): CodeIgniter\CodeIgniter->run()
 5 SYSTEMPATH\Boot.php(67): CodeIgniter\Boot::runCodeIgniter(Object(CodeIgniter\CodeIgniter))
 6 FCPATH\index.php(56): CodeIgniter\Boot::bootWeb(Object(Config\Paths))
