INFO - 2025-03-01 06:38:33 --> Session: Class initialized using 'CodeIgniter\Session\Handlers\FileHandler' driver.
INFO - 2025-03-01 06:38:33 --> Session: Class initialized using 'CodeIgniter\Session\Handlers\FileHandler' driver.
INFO - 2025-03-01 06:38:42 --> Session: Class initialized using 'CodeIgniter\Session\Handlers\FileHandler' driver.
INFO - 2025-03-01 06:38:43 --> Session: Class initialized using 'CodeIgniter\Session\Handlers\FileHandler' driver.
INFO - 2025-03-01 06:38:44 --> Session: Class initialized using 'CodeIgniter\Session\Handlers\FileHandler' driver.
INFO - 2025-03-01 06:38:45 --> Session: Class initialized using 'CodeIgniter\Session\Handlers\FileHandler' driver.
INFO - 2025-03-01 06:38:45 --> Session: Class initialized using 'CodeIgniter\Session\Handlers\FileHandler' driver.
INFO - 2025-03-01 06:38:50 --> Session: Class initialized using 'CodeIgniter\Session\Handlers\FileHandler' driver.
INFO - 2025-03-01 06:38:50 --> Session: Class initialized using 'CodeIgniter\Session\Handlers\FileHandler' driver.
INFO - 2025-03-01 06:42:37 --> Session: Class initialized using 'CodeIgniter\Session\Handlers\FileHandler' driver.
INFO - 2025-03-01 06:42:37 --> Session: Class initialized using 'CodeIgniter\Session\Handlers\FileHandler' driver.
INFO - 2025-03-01 06:44:38 --> Session: Class initialized using 'CodeIgniter\Session\Handlers\FileHandler' driver.
INFO - 2025-03-01 06:44:38 --> Session: Class initialized using 'CodeIgniter\Session\Handlers\FileHandler' driver.
INFO - 2025-03-01 06:44:55 --> Session: Class initialized using 'CodeIgniter\Session\Handlers\FileHandler' driver.
INFO - 2025-03-01 06:44:55 --> Session: Class initialized using 'CodeIgniter\Session\Handlers\FileHandler' driver.
INFO - 2025-03-01 06:45:04 --> Session: Class initialized using 'CodeIgniter\Session\Handlers\FileHandler' driver.
INFO - 2025-03-01 06:45:05 --> Session: Class initialized using 'CodeIgniter\Session\Handlers\FileHandler' driver.
INFO - 2025-03-01 06:45:22 --> Session: Class initialized using 'CodeIgniter\Session\Handlers\FileHandler' driver.
INFO - 2025-03-01 06:45:22 --> Session: Class initialized using 'CodeIgniter\Session\Handlers\FileHandler' driver.
INFO - 2025-03-01 06:47:04 --> Session: Class initialized using 'CodeIgniter\Session\Handlers\FileHandler' driver.
INFO - 2025-03-01 06:47:04 --> Session: Class initialized using 'CodeIgniter\Session\Handlers\FileHandler' driver.
INFO - 2025-03-01 06:52:22 --> Session: Class initialized using 'CodeIgniter\Session\Handlers\FileHandler' driver.
INFO - 2025-03-01 06:52:22 --> Session: Class initialized using 'CodeIgniter\Session\Handlers\FileHandler' driver.
INFO - 2025-03-01 06:53:17 --> Session: Class initialized using 'CodeIgniter\Session\Handlers\FileHandler' driver.
INFO - 2025-03-01 06:53:17 --> Session: Class initialized using 'CodeIgniter\Session\Handlers\FileHandler' driver.
INFO - 2025-03-01 06:53:34 --> Session: Class initialized using 'CodeIgniter\Session\Handlers\FileHandler' driver.
INFO - 2025-03-01 06:53:34 --> Session: Class initialized using 'CodeIgniter\Session\Handlers\FileHandler' driver.
INFO - 2025-03-01 06:53:58 --> Session: Class initialized using 'CodeIgniter\Session\Handlers\FileHandler' driver.
INFO - 2025-03-01 06:53:58 --> Session: Class initialized using 'CodeIgniter\Session\Handlers\FileHandler' driver.
INFO - 2025-03-01 07:00:00 --> Session: Class initialized using 'CodeIgniter\Session\Handlers\FileHandler' driver.
INFO - 2025-03-01 07:00:00 --> Session: Class initialized using 'CodeIgniter\Session\Handlers\FileHandler' driver.
INFO - 2025-03-01 07:00:37 --> Session: Class initialized using 'CodeIgniter\Session\Handlers\FileHandler' driver.
INFO - 2025-03-01 07:00:37 --> Session: Class initialized using 'CodeIgniter\Session\Handlers\FileHandler' driver.
INFO - 2025-03-01 07:03:18 --> Session: Class initialized using 'CodeIgniter\Session\Handlers\FileHandler' driver.
INFO - 2025-03-01 07:03:18 --> Session: Class initialized using 'CodeIgniter\Session\Handlers\FileHandler' driver.
INFO - 2025-03-01 07:03:40 --> Session: Class initialized using 'CodeIgniter\Session\Handlers\FileHandler' driver.
INFO - 2025-03-01 07:03:40 --> Session: Class initialized using 'CodeIgniter\Session\Handlers\FileHandler' driver.
INFO - 2025-03-01 07:05:46 --> Session: Class initialized using 'CodeIgniter\Session\Handlers\FileHandler' driver.
INFO - 2025-03-01 07:05:46 --> Session: Class initialized using 'CodeIgniter\Session\Handlers\FileHandler' driver.
INFO - 2025-03-01 07:06:01 --> Session: Class initialized using 'CodeIgniter\Session\Handlers\FileHandler' driver.
INFO - 2025-03-01 07:06:02 --> Session: Class initialized using 'CodeIgniter\Session\Handlers\FileHandler' driver.
INFO - 2025-03-01 07:06:29 --> Session: Class initialized using 'CodeIgniter\Session\Handlers\FileHandler' driver.
INFO - 2025-03-01 07:06:29 --> Session: Class initialized using 'CodeIgniter\Session\Handlers\FileHandler' driver.
INFO - 2025-03-01 07:06:47 --> Session: Class initialized using 'CodeIgniter\Session\Handlers\FileHandler' driver.
INFO - 2025-03-01 07:06:47 --> Session: Class initialized using 'CodeIgniter\Session\Handlers\FileHandler' driver.
INFO - 2025-03-01 07:07:24 --> Session: Class initialized using 'CodeIgniter\Session\Handlers\FileHandler' driver.
INFO - 2025-03-01 07:07:24 --> Session: Class initialized using 'CodeIgniter\Session\Handlers\FileHandler' driver.
INFO - 2025-03-01 07:08:03 --> Session: Class initialized using 'CodeIgniter\Session\Handlers\FileHandler' driver.
INFO - 2025-03-01 07:08:03 --> Session: Class initialized using 'CodeIgniter\Session\Handlers\FileHandler' driver.
INFO - 2025-03-01 07:08:19 --> Session: Class initialized using 'CodeIgniter\Session\Handlers\FileHandler' driver.
INFO - 2025-03-01 07:08:19 --> Session: Class initialized using 'CodeIgniter\Session\Handlers\FileHandler' driver.
INFO - 2025-03-01 07:08:45 --> Session: Class initialized using 'CodeIgniter\Session\Handlers\FileHandler' driver.
INFO - 2025-03-01 07:08:45 --> Session: Class initialized using 'CodeIgniter\Session\Handlers\FileHandler' driver.
INFO - 2025-03-01 07:09:09 --> Session: Class initialized using 'CodeIgniter\Session\Handlers\FileHandler' driver.
INFO - 2025-03-01 07:09:09 --> Session: Class initialized using 'CodeIgniter\Session\Handlers\FileHandler' driver.
INFO - 2025-03-01 07:13:03 --> Session: Class initialized using 'CodeIgniter\Session\Handlers\FileHandler' driver.
INFO - 2025-03-01 07:13:04 --> Session: Class initialized using 'CodeIgniter\Session\Handlers\FileHandler' driver.
INFO - 2025-03-01 07:13:04 --> Session: Class initialized using 'CodeIgniter\Session\Handlers\FileHandler' driver.
INFO - 2025-03-01 07:13:04 --> Session: Class initialized using 'CodeIgniter\Session\Handlers\FileHandler' driver.
INFO - 2025-03-01 07:13:08 --> Session: Class initialized using 'CodeIgniter\Session\Handlers\FileHandler' driver.
INFO - 2025-03-01 07:13:08 --> Session: Class initialized using 'CodeIgniter\Session\Handlers\FileHandler' driver.
INFO - 2025-03-01 07:32:21 --> Session: Class initialized using 'CodeIgniter\Session\Handlers\FileHandler' driver.
INFO - 2025-03-01 07:32:21 --> Session: Class initialized using 'CodeIgniter\Session\Handlers\FileHandler' driver.
INFO - 2025-03-01 07:33:04 --> Session: Class initialized using 'CodeIgniter\Session\Handlers\FileHandler' driver.
INFO - 2025-03-01 07:33:04 --> Session: Class initialized using 'CodeIgniter\Session\Handlers\FileHandler' driver.
INFO - 2025-03-01 07:34:49 --> Session: Class initialized using 'CodeIgniter\Session\Handlers\FileHandler' driver.
INFO - 2025-03-01 07:34:49 --> Session: Class initialized using 'CodeIgniter\Session\Handlers\FileHandler' driver.
INFO - 2025-03-01 07:35:25 --> Session: Class initialized using 'CodeIgniter\Session\Handlers\FileHandler' driver.
INFO - 2025-03-01 07:35:25 --> Session: Class initialized using 'CodeIgniter\Session\Handlers\FileHandler' driver.
INFO - 2025-03-01 07:35:52 --> Session: Class initialized using 'CodeIgniter\Session\Handlers\FileHandler' driver.
INFO - 2025-03-01 07:35:53 --> Session: Class initialized using 'CodeIgniter\Session\Handlers\FileHandler' driver.
INFO - 2025-03-01 07:35:53 --> Session: Class initialized using 'CodeIgniter\Session\Handlers\FileHandler' driver.
INFO - 2025-03-01 07:35:53 --> Session: Class initialized using 'CodeIgniter\Session\Handlers\FileHandler' driver.
INFO - 2025-03-01 07:35:56 --> Session: Class initialized using 'CodeIgniter\Session\Handlers\FileHandler' driver.
INFO - 2025-03-01 07:35:56 --> Session: Class initialized using 'CodeIgniter\Session\Handlers\FileHandler' driver.
INFO - 2025-03-01 07:35:57 --> Session: Class initialized using 'CodeIgniter\Session\Handlers\FileHandler' driver.
INFO - 2025-03-01 07:36:06 --> Session: Class initialized using 'CodeIgniter\Session\Handlers\FileHandler' driver.
INFO - 2025-03-01 07:36:06 --> Session: Class initialized using 'CodeIgniter\Session\Handlers\FileHandler' driver.
INFO - 2025-03-01 07:36:07 --> Session: Class initialized using 'CodeIgniter\Session\Handlers\FileHandler' driver.
INFO - 2025-03-01 07:36:07 --> Session: Class initialized using 'CodeIgniter\Session\Handlers\FileHandler' driver.
INFO - 2025-03-01 07:36:09 --> Session: Class initialized using 'CodeIgniter\Session\Handlers\FileHandler' driver.
INFO - 2025-03-01 07:36:09 --> Session: Class initialized using 'CodeIgniter\Session\Handlers\FileHandler' driver.
INFO - 2025-03-01 07:38:56 --> Session: Class initialized using 'CodeIgniter\Session\Handlers\FileHandler' driver.
INFO - 2025-03-01 07:38:56 --> Session: Class initialized using 'CodeIgniter\Session\Handlers\FileHandler' driver.
INFO - 2025-03-01 07:43:22 --> Session: Class initialized using 'CodeIgniter\Session\Handlers\FileHandler' driver.
INFO - 2025-03-01 07:43:22 --> Session: Class initialized using 'CodeIgniter\Session\Handlers\FileHandler' driver.
ERROR - 2025-03-01 07:43:22 --> ErrorException: pg_query(): Query failed: ERROR:  operator does not exist: character varying = boolean
LINE 3:         WHEN p001modebelajar = '1' THEN 'Full Time' 
                ^
HINT:  No operator matches the given name and argument types. You might need to add explicit type casts. in C:\laragon\www\pascav2\system\Database\Postgre\Connection.php:204
Stack trace:
#0 [internal function]: CodeIgniter\Debug\Exceptions->errorHandler(2, 'pg_query(): Que...', 'C:\\laragon\\www\\...', 204)
#1 C:\laragon\www\pascav2\system\Database\Postgre\Connection.php(204): pg_query(Object(PgSql\Connection), 'SELECT p001nama...')
#2 C:\laragon\www\pascav2\system\Database\BaseConnection.php(734): CodeIgniter\Database\Postgre\Connection->execute('SELECT p001nama...')
#3 C:\laragon\www\pascav2\system\Database\BaseConnection.php(648): CodeIgniter\Database\BaseConnection->simpleQuery('SELECT p001nama...')
#4 C:\laragon\www\pascav2\app\Controllers\ApplyController.php(155): CodeIgniter\Database\BaseConnection->query('SELECT p001nama...')
#5 C:\laragon\www\pascav2\system\CodeIgniter.php(933): App\Controllers\ApplyController->DisplayProfile()
#6 C:\laragon\www\pascav2\system\CodeIgniter.php(509): CodeIgniter\CodeIgniter->runController(Object(App\Controllers\ApplyController))
#7 C:\laragon\www\pascav2\system\CodeIgniter.php(355): CodeIgniter\CodeIgniter->handleRequest(NULL, Object(Config\Cache), false)
#8 C:\laragon\www\pascav2\vendor\codeigniter4\framework\system\Boot.php(325): CodeIgniter\CodeIgniter->run()
#9 C:\laragon\www\pascav2\vendor\codeigniter4\framework\system\Boot.php(67): CodeIgniter\Boot::runCodeIgniter(Object(CodeIgniter\CodeIgniter))
#10 C:\laragon\www\pascav2\public\index.php(56): CodeIgniter\Boot::bootWeb(Object(Config\Paths))
#11 {main}
CRITICAL - 2025-03-01 07:43:22 --> CodeIgniter\Database\Exceptions\DatabaseException: pg_query(): Query failed: ERROR:  operator does not exist: character varying = boolean
LINE 3:         WHEN p001modebelajar = '1' THEN 'Full Time' 
                ^
HINT:  No operator matches the given name and argument types. You might need to add explicit type casts.
[Method: GET, Route: displayprofile]
in ROOTPATH\system\Database\BaseConnection.php on line 688.
 1 APPPATH\Controllers\ApplyController.php(155): CodeIgniter\Database\BaseConnection->query('SELECT p001nama,p001kprog,p001kaedah,p001modebelajar,
        CASE p001modebelajar 
        WHEN p001modebelajar = \'1\' THEN \'Full Time\' 
        WHEN p001modebelajar = \'2\' THEN \'Part Time\' end as descmode,p001tajuk,p001penyelia,p001tkhlahir,p001kwarga,p001kwarganegara,p00katwarga,p001alamat1,p001alamat2,p001bandar,p001knegeri,p001poskod,p001alamatt1,p001alamatt2,p001bandart,p001knegerit,p001poskodt,p001notel,p001nohp,p001ststerimatwr,
        p001kcacat,p001muet,p001akadtinggi,p001kpenaja,p001status,CASE 
    WHEN p001status = \'\' THEN \'Draft\'
    WHEN p001status IS NULL THEN \'Draft\'
    WHEN p001status = \'0\' THEN \'New\'
    WHEN p001status = \'1\' THEN \'Approved\'
    WHEN p001status = \'2\' THEN \'Lulus Fakulti1\'
    WHEN p001status = \'3\' THEN \'Gagal Fakulti1\'
    WHEN p001status = \'4\' THEN \'Pindah Fakulti\'
    WHEN p001status = \'5\' THEN \'Lulus Fakulti2\'
    WHEN p001status = \'6\' THEN \'Gagal Fakulti2\'
END AS statdesc,p001upgambar,p001uppassport,p001uptrans,p001upproposal,p001upresit,p001upmuet,p001cgpa,p001unilama,p001bilexp,p001knegaracgpa,p001cgpa2,p001knegaracgpa2,p001unilama2,p001ejenname,p001ejenemail,p001laluanmohon,p001setujutransfer,p001nooku,p001faxno,p001offno,p001faxnot,p001offnot,p001amthouse,p001alamatneg,p001alamatnegt,p001notelt,p001nohpt,
        case p00katwarga when \'1\' then \'Malaysian\' when \'2\' then \'Non Malaysian\' end as ktrgwarga,p00emel,p00usrid,concat(p001alamat1,\' \',p001alamat2,\' \',p001bandar,\' \',p001poskod) as almtsemasa,p001knegeri as negeri,p001katbi,p001noreg,p001tkhexm,p001uplaluan,p001upworkex
        from ppsdblocal.p00daftar,ppsdblocal.p001 where p00username=\'yani\' and p00usrid=p001nokp')
 2 ROOTPATH\system\CodeIgniter.php(933): App\Controllers\ApplyController->DisplayProfile()
 3 ROOTPATH\system\CodeIgniter.php(509): CodeIgniter\CodeIgniter->runController(Object(App\Controllers\ApplyController))
 4 ROOTPATH\system\CodeIgniter.php(355): CodeIgniter\CodeIgniter->handleRequest(null, Object(Config\Cache), false)
 5 SYSTEMPATH\Boot.php(325): CodeIgniter\CodeIgniter->run()
 6 SYSTEMPATH\Boot.php(67): CodeIgniter\Boot::runCodeIgniter(Object(CodeIgniter\CodeIgniter))
 7 FCPATH\index.php(56): CodeIgniter\Boot::bootWeb(Object(Config\Paths))
CRITICAL - 2025-03-01 07:43:22 --> [Caused by] CodeIgniter\Database\Exceptions\DatabaseException: pg_query(): Query failed: ERROR:  operator does not exist: character varying = boolean
LINE 3:         WHEN p001modebelajar = '1' THEN 'Full Time' 
                ^
HINT:  No operator matches the given name and argument types. You might need to add explicit type casts.
in ROOTPATH\system\Database\Postgre\Connection.php on line 209.
 1 ROOTPATH\system\Database\BaseConnection.php(734): CodeIgniter\Database\Postgre\Connection->execute('SELECT p001nama,p001kprog,p001kaedah,p001modebelajar,
        CASE p001modebelajar 
        WHEN p001modebelajar = \'1\' THEN \'Full Time\' 
        WHEN p001modebelajar = \'2\' THEN \'Part Time\' end as descmode,p001tajuk,p001penyelia,p001tkhlahir,p001kwarga,p001kwarganegara,p00katwarga,p001alamat1,p001alamat2,p001bandar,p001knegeri,p001poskod,p001alamatt1,p001alamatt2,p001bandart,p001knegerit,p001poskodt,p001notel,p001nohp,p001ststerimatwr,
        p001kcacat,p001muet,p001akadtinggi,p001kpenaja,p001status,CASE 
    WHEN p001status = \'\' THEN \'Draft\'
    WHEN p001status IS NULL THEN \'Draft\'
    WHEN p001status = \'0\' THEN \'New\'
    WHEN p001status = \'1\' THEN \'Approved\'
    WHEN p001status = \'2\' THEN \'Lulus Fakulti1\'
    WHEN p001status = \'3\' THEN \'Gagal Fakulti1\'
    WHEN p001status = \'4\' THEN \'Pindah Fakulti\'
    WHEN p001status = \'5\' THEN \'Lulus Fakulti2\'
    WHEN p001status = \'6\' THEN \'Gagal Fakulti2\'
END AS statdesc,p001upgambar,p001uppassport,p001uptrans,p001upproposal,p001upresit,p001upmuet,p001cgpa,p001unilama,p001bilexp,p001knegaracgpa,p001cgpa2,p001knegaracgpa2,p001unilama2,p001ejenname,p001ejenemail,p001laluanmohon,p001setujutransfer,p001nooku,p001faxno,p001offno,p001faxnot,p001offnot,p001amthouse,p001alamatneg,p001alamatnegt,p001notelt,p001nohpt,
        case p00katwarga when \'1\' then \'Malaysian\' when \'2\' then \'Non Malaysian\' end as ktrgwarga,p00emel,p00usrid,concat(p001alamat1,\' \',p001alamat2,\' \',p001bandar,\' \',p001poskod) as almtsemasa,p001knegeri as negeri,p001katbi,p001noreg,p001tkhexm,p001uplaluan,p001upworkex
        from ppsdblocal.p00daftar,ppsdblocal.p001 where p00username=\'yani\' and p00usrid=p001nokp')
 2 ROOTPATH\system\Database\BaseConnection.php(648): CodeIgniter\Database\BaseConnection->simpleQuery('SELECT p001nama,p001kprog,p001kaedah,p001modebelajar,
        CASE p001modebelajar 
        WHEN p001modebelajar = \'1\' THEN \'Full Time\' 
        WHEN p001modebelajar = \'2\' THEN \'Part Time\' end as descmode,p001tajuk,p001penyelia,p001tkhlahir,p001kwarga,p001kwarganegara,p00katwarga,p001alamat1,p001alamat2,p001bandar,p001knegeri,p001poskod,p001alamatt1,p001alamatt2,p001bandart,p001knegerit,p001poskodt,p001notel,p001nohp,p001ststerimatwr,
        p001kcacat,p001muet,p001akadtinggi,p001kpenaja,p001status,CASE 
    WHEN p001status = \'\' THEN \'Draft\'
    WHEN p001status IS NULL THEN \'Draft\'
    WHEN p001status = \'0\' THEN \'New\'
    WHEN p001status = \'1\' THEN \'Approved\'
    WHEN p001status = \'2\' THEN \'Lulus Fakulti1\'
    WHEN p001status = \'3\' THEN \'Gagal Fakulti1\'
    WHEN p001status = \'4\' THEN \'Pindah Fakulti\'
    WHEN p001status = \'5\' THEN \'Lulus Fakulti2\'
    WHEN p001status = \'6\' THEN \'Gagal Fakulti2\'
END AS statdesc,p001upgambar,p001uppassport,p001uptrans,p001upproposal,p001upresit,p001upmuet,p001cgpa,p001unilama,p001bilexp,p001knegaracgpa,p001cgpa2,p001knegaracgpa2,p001unilama2,p001ejenname,p001ejenemail,p001laluanmohon,p001setujutransfer,p001nooku,p001faxno,p001offno,p001faxnot,p001offnot,p001amthouse,p001alamatneg,p001alamatnegt,p001notelt,p001nohpt,
        case p00katwarga when \'1\' then \'Malaysian\' when \'2\' then \'Non Malaysian\' end as ktrgwarga,p00emel,p00usrid,concat(p001alamat1,\' \',p001alamat2,\' \',p001bandar,\' \',p001poskod) as almtsemasa,p001knegeri as negeri,p001katbi,p001noreg,p001tkhexm,p001uplaluan,p001upworkex
        from ppsdblocal.p00daftar,ppsdblocal.p001 where p00username=\'yani\' and p00usrid=p001nokp')
 3 APPPATH\Controllers\ApplyController.php(155): CodeIgniter\Database\BaseConnection->query('SELECT p001nama,p001kprog,p001kaedah,p001modebelajar,
        CASE p001modebelajar 
        WHEN p001modebelajar = \'1\' THEN \'Full Time\' 
        WHEN p001modebelajar = \'2\' THEN \'Part Time\' end as descmode,p001tajuk,p001penyelia,p001tkhlahir,p001kwarga,p001kwarganegara,p00katwarga,p001alamat1,p001alamat2,p001bandar,p001knegeri,p001poskod,p001alamatt1,p001alamatt2,p001bandart,p001knegerit,p001poskodt,p001notel,p001nohp,p001ststerimatwr,
        p001kcacat,p001muet,p001akadtinggi,p001kpenaja,p001status,CASE 
    WHEN p001status = \'\' THEN \'Draft\'
    WHEN p001status IS NULL THEN \'Draft\'
    WHEN p001status = \'0\' THEN \'New\'
    WHEN p001status = \'1\' THEN \'Approved\'
    WHEN p001status = \'2\' THEN \'Lulus Fakulti1\'
    WHEN p001status = \'3\' THEN \'Gagal Fakulti1\'
    WHEN p001status = \'4\' THEN \'Pindah Fakulti\'
    WHEN p001status = \'5\' THEN \'Lulus Fakulti2\'
    WHEN p001status = \'6\' THEN \'Gagal Fakulti2\'
END AS statdesc,p001upgambar,p001uppassport,p001uptrans,p001upproposal,p001upresit,p001upmuet,p001cgpa,p001unilama,p001bilexp,p001knegaracgpa,p001cgpa2,p001knegaracgpa2,p001unilama2,p001ejenname,p001ejenemail,p001laluanmohon,p001setujutransfer,p001nooku,p001faxno,p001offno,p001faxnot,p001offnot,p001amthouse,p001alamatneg,p001alamatnegt,p001notelt,p001nohpt,
        case p00katwarga when \'1\' then \'Malaysian\' when \'2\' then \'Non Malaysian\' end as ktrgwarga,p00emel,p00usrid,concat(p001alamat1,\' \',p001alamat2,\' \',p001bandar,\' \',p001poskod) as almtsemasa,p001knegeri as negeri,p001katbi,p001noreg,p001tkhexm,p001uplaluan,p001upworkex
        from ppsdblocal.p00daftar,ppsdblocal.p001 where p00username=\'yani\' and p00usrid=p001nokp')
 4 ROOTPATH\system\CodeIgniter.php(933): App\Controllers\ApplyController->DisplayProfile()
 5 ROOTPATH\system\CodeIgniter.php(509): CodeIgniter\CodeIgniter->runController(Object(App\Controllers\ApplyController))
 6 ROOTPATH\system\CodeIgniter.php(355): CodeIgniter\CodeIgniter->handleRequest(null, Object(Config\Cache), false)
 7 SYSTEMPATH\Boot.php(325): CodeIgniter\CodeIgniter->run()
 8 SYSTEMPATH\Boot.php(67): CodeIgniter\Boot::runCodeIgniter(Object(CodeIgniter\CodeIgniter))
 9 FCPATH\index.php(56): CodeIgniter\Boot::bootWeb(Object(Config\Paths))
CRITICAL - 2025-03-01 07:43:22 --> [Caused by] ErrorException: pg_query(): Query failed: ERROR:  operator does not exist: character varying = boolean
LINE 3:         WHEN p001modebelajar = '1' THEN 'Full Time' 
                ^
HINT:  No operator matches the given name and argument types. You might need to add explicit type casts.
in ROOTPATH\system\Database\Postgre\Connection.php on line 204.
 1 [internal function]: CodeIgniter\Debug\Exceptions->errorHandler(2, 'pg_query(): Query failed: ERROR:  operator does not exist: character varying = boolean
LINE 3:         WHEN p001modebelajar = \'1\' THEN \'Full Time\' 
                ^
HINT:  No operator matches the given name and argument types. You might need to add explicit type casts.', 'C:\\laragon\\www\\pascav2\\system\\Database\\Postgre\\Connection.php', 204)
 2 ROOTPATH\system\Database\Postgre\Connection.php(204): pg_query(Object(PgSql\Connection), 'SELECT p001nama,p001kprog,p001kaedah,p001modebelajar,
        CASE p001modebelajar 
        WHEN p001modebelajar = \'1\' THEN \'Full Time\' 
        WHEN p001modebelajar = \'2\' THEN \'Part Time\' end as descmode,p001tajuk,p001penyelia,p001tkhlahir,p001kwarga,p001kwarganegara,p00katwarga,p001alamat1,p001alamat2,p001bandar,p001knegeri,p001poskod,p001alamatt1,p001alamatt2,p001bandart,p001knegerit,p001poskodt,p001notel,p001nohp,p001ststerimatwr,
        p001kcacat,p001muet,p001akadtinggi,p001kpenaja,p001status,CASE 
    WHEN p001status = \'\' THEN \'Draft\'
    WHEN p001status IS NULL THEN \'Draft\'
    WHEN p001status = \'0\' THEN \'New\'
    WHEN p001status = \'1\' THEN \'Approved\'
    WHEN p001status = \'2\' THEN \'Lulus Fakulti1\'
    WHEN p001status = \'3\' THEN \'Gagal Fakulti1\'
    WHEN p001status = \'4\' THEN \'Pindah Fakulti\'
    WHEN p001status = \'5\' THEN \'Lulus Fakulti2\'
    WHEN p001status = \'6\' THEN \'Gagal Fakulti2\'
END AS statdesc,p001upgambar,p001uppassport,p001uptrans,p001upproposal,p001upresit,p001upmuet,p001cgpa,p001unilama,p001bilexp,p001knegaracgpa,p001cgpa2,p001knegaracgpa2,p001unilama2,p001ejenname,p001ejenemail,p001laluanmohon,p001setujutransfer,p001nooku,p001faxno,p001offno,p001faxnot,p001offnot,p001amthouse,p001alamatneg,p001alamatnegt,p001notelt,p001nohpt,
        case p00katwarga when \'1\' then \'Malaysian\' when \'2\' then \'Non Malaysian\' end as ktrgwarga,p00emel,p00usrid,concat(p001alamat1,\' \',p001alamat2,\' \',p001bandar,\' \',p001poskod) as almtsemasa,p001knegeri as negeri,p001katbi,p001noreg,p001tkhexm,p001uplaluan,p001upworkex
        from ppsdblocal.p00daftar,ppsdblocal.p001 where p00username=\'yani\' and p00usrid=p001nokp')
 3 ROOTPATH\system\Database\BaseConnection.php(734): CodeIgniter\Database\Postgre\Connection->execute('SELECT p001nama,p001kprog,p001kaedah,p001modebelajar,
        CASE p001modebelajar 
        WHEN p001modebelajar = \'1\' THEN \'Full Time\' 
        WHEN p001modebelajar = \'2\' THEN \'Part Time\' end as descmode,p001tajuk,p001penyelia,p001tkhlahir,p001kwarga,p001kwarganegara,p00katwarga,p001alamat1,p001alamat2,p001bandar,p001knegeri,p001poskod,p001alamatt1,p001alamatt2,p001bandart,p001knegerit,p001poskodt,p001notel,p001nohp,p001ststerimatwr,
        p001kcacat,p001muet,p001akadtinggi,p001kpenaja,p001status,CASE 
    WHEN p001status = \'\' THEN \'Draft\'
    WHEN p001status IS NULL THEN \'Draft\'
    WHEN p001status = \'0\' THEN \'New\'
    WHEN p001status = \'1\' THEN \'Approved\'
    WHEN p001status = \'2\' THEN \'Lulus Fakulti1\'
    WHEN p001status = \'3\' THEN \'Gagal Fakulti1\'
    WHEN p001status = \'4\' THEN \'Pindah Fakulti\'
    WHEN p001status = \'5\' THEN \'Lulus Fakulti2\'
    WHEN p001status = \'6\' THEN \'Gagal Fakulti2\'
END AS statdesc,p001upgambar,p001uppassport,p001uptrans,p001upproposal,p001upresit,p001upmuet,p001cgpa,p001unilama,p001bilexp,p001knegaracgpa,p001cgpa2,p001knegaracgpa2,p001unilama2,p001ejenname,p001ejenemail,p001laluanmohon,p001setujutransfer,p001nooku,p001faxno,p001offno,p001faxnot,p001offnot,p001amthouse,p001alamatneg,p001alamatnegt,p001notelt,p001nohpt,
        case p00katwarga when \'1\' then \'Malaysian\' when \'2\' then \'Non Malaysian\' end as ktrgwarga,p00emel,p00usrid,concat(p001alamat1,\' \',p001alamat2,\' \',p001bandar,\' \',p001poskod) as almtsemasa,p001knegeri as negeri,p001katbi,p001noreg,p001tkhexm,p001uplaluan,p001upworkex
        from ppsdblocal.p00daftar,ppsdblocal.p001 where p00username=\'yani\' and p00usrid=p001nokp')
 4 ROOTPATH\system\Database\BaseConnection.php(648): CodeIgniter\Database\BaseConnection->simpleQuery('SELECT p001nama,p001kprog,p001kaedah,p001modebelajar,
        CASE p001modebelajar 
        WHEN p001modebelajar = \'1\' THEN \'Full Time\' 
        WHEN p001modebelajar = \'2\' THEN \'Part Time\' end as descmode,p001tajuk,p001penyelia,p001tkhlahir,p001kwarga,p001kwarganegara,p00katwarga,p001alamat1,p001alamat2,p001bandar,p001knegeri,p001poskod,p001alamatt1,p001alamatt2,p001bandart,p001knegerit,p001poskodt,p001notel,p001nohp,p001ststerimatwr,
        p001kcacat,p001muet,p001akadtinggi,p001kpenaja,p001status,CASE 
    WHEN p001status = \'\' THEN \'Draft\'
    WHEN p001status IS NULL THEN \'Draft\'
    WHEN p001status = \'0\' THEN \'New\'
    WHEN p001status = \'1\' THEN \'Approved\'
    WHEN p001status = \'2\' THEN \'Lulus Fakulti1\'
    WHEN p001status = \'3\' THEN \'Gagal Fakulti1\'
    WHEN p001status = \'4\' THEN \'Pindah Fakulti\'
    WHEN p001status = \'5\' THEN \'Lulus Fakulti2\'
    WHEN p001status = \'6\' THEN \'Gagal Fakulti2\'
END AS statdesc,p001upgambar,p001uppassport,p001uptrans,p001upproposal,p001upresit,p001upmuet,p001cgpa,p001unilama,p001bilexp,p001knegaracgpa,p001cgpa2,p001knegaracgpa2,p001unilama2,p001ejenname,p001ejenemail,p001laluanmohon,p001setujutransfer,p001nooku,p001faxno,p001offno,p001faxnot,p001offnot,p001amthouse,p001alamatneg,p001alamatnegt,p001notelt,p001nohpt,
        case p00katwarga when \'1\' then \'Malaysian\' when \'2\' then \'Non Malaysian\' end as ktrgwarga,p00emel,p00usrid,concat(p001alamat1,\' \',p001alamat2,\' \',p001bandar,\' \',p001poskod) as almtsemasa,p001knegeri as negeri,p001katbi,p001noreg,p001tkhexm,p001uplaluan,p001upworkex
        from ppsdblocal.p00daftar,ppsdblocal.p001 where p00username=\'yani\' and p00usrid=p001nokp')
 5 APPPATH\Controllers\ApplyController.php(155): CodeIgniter\Database\BaseConnection->query('SELECT p001nama,p001kprog,p001kaedah,p001modebelajar,
        CASE p001modebelajar 
        WHEN p001modebelajar = \'1\' THEN \'Full Time\' 
        WHEN p001modebelajar = \'2\' THEN \'Part Time\' end as descmode,p001tajuk,p001penyelia,p001tkhlahir,p001kwarga,p001kwarganegara,p00katwarga,p001alamat1,p001alamat2,p001bandar,p001knegeri,p001poskod,p001alamatt1,p001alamatt2,p001bandart,p001knegerit,p001poskodt,p001notel,p001nohp,p001ststerimatwr,
        p001kcacat,p001muet,p001akadtinggi,p001kpenaja,p001status,CASE 
    WHEN p001status = \'\' THEN \'Draft\'
    WHEN p001status IS NULL THEN \'Draft\'
    WHEN p001status = \'0\' THEN \'New\'
    WHEN p001status = \'1\' THEN \'Approved\'
    WHEN p001status = \'2\' THEN \'Lulus Fakulti1\'
    WHEN p001status = \'3\' THEN \'Gagal Fakulti1\'
    WHEN p001status = \'4\' THEN \'Pindah Fakulti\'
    WHEN p001status = \'5\' THEN \'Lulus Fakulti2\'
    WHEN p001status = \'6\' THEN \'Gagal Fakulti2\'
END AS statdesc,p001upgambar,p001uppassport,p001uptrans,p001upproposal,p001upresit,p001upmuet,p001cgpa,p001unilama,p001bilexp,p001knegaracgpa,p001cgpa2,p001knegaracgpa2,p001unilama2,p001ejenname,p001ejenemail,p001laluanmohon,p001setujutransfer,p001nooku,p001faxno,p001offno,p001faxnot,p001offnot,p001amthouse,p001alamatneg,p001alamatnegt,p001notelt,p001nohpt,
        case p00katwarga when \'1\' then \'Malaysian\' when \'2\' then \'Non Malaysian\' end as ktrgwarga,p00emel,p00usrid,concat(p001alamat1,\' \',p001alamat2,\' \',p001bandar,\' \',p001poskod) as almtsemasa,p001knegeri as negeri,p001katbi,p001noreg,p001tkhexm,p001uplaluan,p001upworkex
        from ppsdblocal.p00daftar,ppsdblocal.p001 where p00username=\'yani\' and p00usrid=p001nokp')
 6 ROOTPATH\system\CodeIgniter.php(933): App\Controllers\ApplyController->DisplayProfile()
 7 ROOTPATH\system\CodeIgniter.php(509): CodeIgniter\CodeIgniter->runController(Object(App\Controllers\ApplyController))
 8 ROOTPATH\system\CodeIgniter.php(355): CodeIgniter\CodeIgniter->handleRequest(null, Object(Config\Cache), false)
 9 SYSTEMPATH\Boot.php(325): CodeIgniter\CodeIgniter->run()
10 SYSTEMPATH\Boot.php(67): CodeIgniter\Boot::runCodeIgniter(Object(CodeIgniter\CodeIgniter))
11 FCPATH\index.php(56): CodeIgniter\Boot::bootWeb(Object(Config\Paths))
INFO - 2025-03-01 07:45:21 --> Session: Class initialized using 'CodeIgniter\Session\Handlers\FileHandler' driver.
INFO - 2025-03-01 07:45:21 --> Session: Class initialized using 'CodeIgniter\Session\Handlers\FileHandler' driver.
INFO - 2025-03-01 07:48:13 --> Session: Class initialized using 'CodeIgniter\Session\Handlers\FileHandler' driver.
INFO - 2025-03-01 07:48:13 --> Session: Class initialized using 'CodeIgniter\Session\Handlers\FileHandler' driver.
INFO - 2025-03-01 07:49:16 --> Session: Class initialized using 'CodeIgniter\Session\Handlers\FileHandler' driver.
INFO - 2025-03-01 07:49:16 --> Session: Class initialized using 'CodeIgniter\Session\Handlers\FileHandler' driver.
INFO - 2025-03-01 07:49:47 --> Session: Class initialized using 'CodeIgniter\Session\Handlers\FileHandler' driver.
INFO - 2025-03-01 07:49:47 --> Session: Class initialized using 'CodeIgniter\Session\Handlers\FileHandler' driver.
