INFO - 2025-01-14 02:32:00 --> Session: Class initialized using 'CodeIgniter\Session\Handlers\FileHandler' driver.
INFO - 2025-01-14 02:32:03 --> Session: Class initialized using 'CodeIgniter\Session\Handlers\FileHandler' driver.
INFO - 2025-01-14 02:32:03 --> Session: Class initialized using 'CodeIgniter\Session\Handlers\FileHandler' driver.
INFO - 2025-01-14 02:32:10 --> Session: Class initialized using 'CodeIgniter\Session\Handlers\FileHandler' driver.
INFO - 2025-01-14 02:32:11 --> Session: Class initialized using 'CodeIgniter\Session\Handlers\FileHandler' driver.
INFO - 2025-01-14 02:32:13 --> Session: Class initialized using 'CodeIgniter\Session\Handlers\FileHandler' driver.
INFO - 2025-01-14 02:32:13 --> Session: Class initialized using 'CodeIgniter\Session\Handlers\FileHandler' driver.
INFO - 2025-01-14 02:32:13 --> Session: Class initialized using 'CodeIgniter\Session\Handlers\FileHandler' driver.
INFO - 2025-01-14 02:32:27 --> Session: Class initialized using 'CodeIgniter\Session\Handlers\FileHandler' driver.
INFO - 2025-01-14 02:32:27 --> Session: Class initialized using 'CodeIgniter\Session\Handlers\FileHandler' driver.
INFO - 2025-01-14 02:32:27 --> Session: Class initialized using 'CodeIgniter\Session\Handlers\FileHandler' driver.
INFO - 2025-01-14 02:32:45 --> Session: Class initialized using 'CodeIgniter\Session\Handlers\FileHandler' driver.
INFO - 2025-01-14 02:32:46 --> Session: Class initialized using 'CodeIgniter\Session\Handlers\FileHandler' driver.
INFO - 2025-01-14 02:32:47 --> Session: Class initialized using 'CodeIgniter\Session\Handlers\FileHandler' driver.
INFO - 2025-01-14 02:42:36 --> Session: Class initialized using 'CodeIgniter\Session\Handlers\FileHandler' driver.
INFO - 2025-01-14 02:42:37 --> Session: Class initialized using 'CodeIgniter\Session\Handlers\FileHandler' driver.
INFO - 2025-01-14 02:42:37 --> Session: Class initialized using 'CodeIgniter\Session\Handlers\FileHandler' driver.
INFO - 2025-01-14 02:43:14 --> Session: Class initialized using 'CodeIgniter\Session\Handlers\FileHandler' driver.
CRITICAL - 2025-01-14 02:43:15 --> Error: Call to a member function isValid() on bool
[Method: POST, Route: insstep3]
in APPPATH\Controllers\ApplyController.php on line 341.
 1 ROOTPATH\system\CodeIgniter.php(933): App\Controllers\ApplyController->InsStep3()
 2 ROOTPATH\system\CodeIgniter.php(509): CodeIgniter\CodeIgniter->runController(Object(App\Controllers\ApplyController))
 3 ROOTPATH\system\CodeIgniter.php(355): CodeIgniter\CodeIgniter->handleRequest(null, Object(Config\Cache), false)
 4 SYSTEMPATH\Boot.php(325): CodeIgniter\CodeIgniter->run()
 5 SYSTEMPATH\Boot.php(67): CodeIgniter\Boot::runCodeIgniter(Object(CodeIgniter\CodeIgniter))
 6 FCPATH\index.php(56): CodeIgniter\Boot::bootWeb(Object(Config\Paths))
INFO - 2025-01-14 02:44:07 --> Session: Class initialized using 'CodeIgniter\Session\Handlers\FileHandler' driver.
INFO - 2025-01-14 02:44:08 --> Session: Class initialized using 'CodeIgniter\Session\Handlers\FileHandler' driver.
INFO - 2025-01-14 02:44:08 --> Session: Class initialized using 'CodeIgniter\Session\Handlers\FileHandler' driver.
INFO - 2025-01-14 02:44:16 --> Session: Class initialized using 'CodeIgniter\Session\Handlers\FileHandler' driver.
CRITICAL - 2025-01-14 02:44:16 --> Error: Call to a member function guessExtension() on null
[Method: POST, Route: insstep3]
in APPPATH\Controllers\ApplyController.php on line 343.
 1 ROOTPATH\system\CodeIgniter.php(933): App\Controllers\ApplyController->InsStep3()
 2 ROOTPATH\system\CodeIgniter.php(509): CodeIgniter\CodeIgniter->runController(Object(App\Controllers\ApplyController))
 3 ROOTPATH\system\CodeIgniter.php(355): CodeIgniter\CodeIgniter->handleRequest(null, Object(Config\Cache), false)
 4 SYSTEMPATH\Boot.php(325): CodeIgniter\CodeIgniter->run()
 5 SYSTEMPATH\Boot.php(67): CodeIgniter\Boot::runCodeIgniter(Object(CodeIgniter\CodeIgniter))
 6 FCPATH\index.php(56): CodeIgniter\Boot::bootWeb(Object(Config\Paths))
INFO - 2025-01-14 02:45:22 --> Session: Class initialized using 'CodeIgniter\Session\Handlers\FileHandler' driver.
INFO - 2025-01-14 02:45:23 --> Session: Class initialized using 'CodeIgniter\Session\Handlers\FileHandler' driver.
INFO - 2025-01-14 02:45:23 --> Session: Class initialized using 'CodeIgniter\Session\Handlers\FileHandler' driver.
INFO - 2025-01-14 02:45:30 --> Session: Class initialized using 'CodeIgniter\Session\Handlers\FileHandler' driver.
CRITICAL - 2025-01-14 02:45:30 --> Error: Call to a member function guessExtension() on null
[Method: POST, Route: insstep3]
in APPPATH\Controllers\ApplyController.php on line 343.
 1 ROOTPATH\system\CodeIgniter.php(933): App\Controllers\ApplyController->InsStep3()
 2 ROOTPATH\system\CodeIgniter.php(509): CodeIgniter\CodeIgniter->runController(Object(App\Controllers\ApplyController))
 3 ROOTPATH\system\CodeIgniter.php(355): CodeIgniter\CodeIgniter->handleRequest(null, Object(Config\Cache), false)
 4 SYSTEMPATH\Boot.php(325): CodeIgniter\CodeIgniter->run()
 5 SYSTEMPATH\Boot.php(67): CodeIgniter\Boot::runCodeIgniter(Object(CodeIgniter\CodeIgniter))
 6 FCPATH\index.php(56): CodeIgniter\Boot::bootWeb(Object(Config\Paths))
INFO - 2025-01-14 02:47:37 --> Session: Class initialized using 'CodeIgniter\Session\Handlers\FileHandler' driver.
INFO - 2025-01-14 02:47:38 --> Session: Class initialized using 'CodeIgniter\Session\Handlers\FileHandler' driver.
INFO - 2025-01-14 02:47:38 --> Session: Class initialized using 'CodeIgniter\Session\Handlers\FileHandler' driver.
INFO - 2025-01-14 02:47:45 --> Session: Class initialized using 'CodeIgniter\Session\Handlers\FileHandler' driver.
CRITICAL - 2025-01-14 02:47:46 --> Error: Call to a member function guessExtension() on null
[Method: POST, Route: insstep3]
in APPPATH\Controllers\ApplyController.php on line 343.
 1 ROOTPATH\system\CodeIgniter.php(933): App\Controllers\ApplyController->InsStep3()
 2 ROOTPATH\system\CodeIgniter.php(509): CodeIgniter\CodeIgniter->runController(Object(App\Controllers\ApplyController))
 3 ROOTPATH\system\CodeIgniter.php(355): CodeIgniter\CodeIgniter->handleRequest(null, Object(Config\Cache), false)
 4 SYSTEMPATH\Boot.php(325): CodeIgniter\CodeIgniter->run()
 5 SYSTEMPATH\Boot.php(67): CodeIgniter\Boot::runCodeIgniter(Object(CodeIgniter\CodeIgniter))
 6 FCPATH\index.php(56): CodeIgniter\Boot::bootWeb(Object(Config\Paths))
INFO - 2025-01-14 02:57:27 --> Session: Class initialized using 'CodeIgniter\Session\Handlers\FileHandler' driver.
INFO - 2025-01-14 02:57:28 --> Session: Class initialized using 'CodeIgniter\Session\Handlers\FileHandler' driver.
INFO - 2025-01-14 02:57:28 --> Session: Class initialized using 'CodeIgniter\Session\Handlers\FileHandler' driver.
INFO - 2025-01-14 02:57:36 --> Session: Class initialized using 'CodeIgniter\Session\Handlers\FileHandler' driver.
ERROR - 2025-01-14 02:57:36 --> ErrorException: pg_query(): Query failed: ERROR:  column &quot;p001uptrans&quot; does not exist
LINE 1: SELECT p001nokp,p001upgambar,p001uptrans from ppsdblocal.p00...
                                     ^ in C:\laragon\www\pascav2\system\Database\Postgre\Connection.php:204
Stack trace:
#0 [internal function]: CodeIgniter\Debug\Exceptions->errorHandler(2, 'pg_query(): Que...', 'C:\\laragon\\www\\...', 204)
#1 C:\laragon\www\pascav2\system\Database\Postgre\Connection.php(204): pg_query(Object(PgSql\Connection), 'SELECT p001nokp...')
#2 C:\laragon\www\pascav2\system\Database\BaseConnection.php(734): CodeIgniter\Database\Postgre\Connection->execute('SELECT p001nokp...')
#3 C:\laragon\www\pascav2\system\Database\BaseConnection.php(648): CodeIgniter\Database\BaseConnection->simpleQuery('SELECT p001nokp...')
#4 C:\laragon\www\pascav2\app\Controllers\ApplyController.php(330): CodeIgniter\Database\BaseConnection->query('SELECT p001nokp...')
#5 C:\laragon\www\pascav2\system\CodeIgniter.php(933): App\Controllers\ApplyController->InsStep3()
#6 C:\laragon\www\pascav2\system\CodeIgniter.php(509): CodeIgniter\CodeIgniter->runController(Object(App\Controllers\ApplyController))
#7 C:\laragon\www\pascav2\system\CodeIgniter.php(355): CodeIgniter\CodeIgniter->handleRequest(NULL, Object(Config\Cache), false)
#8 C:\laragon\www\pascav2\vendor\codeigniter4\framework\system\Boot.php(325): CodeIgniter\CodeIgniter->run()
#9 C:\laragon\www\pascav2\vendor\codeigniter4\framework\system\Boot.php(67): CodeIgniter\Boot::runCodeIgniter(Object(CodeIgniter\CodeIgniter))
#10 C:\laragon\www\pascav2\public\index.php(56): CodeIgniter\Boot::bootWeb(Object(Config\Paths))
#11 {main}
CRITICAL - 2025-01-14 02:57:36 --> CodeIgniter\Database\Exceptions\DatabaseException: pg_query(): Query failed: ERROR:  column &quot;p001uptrans&quot; does not exist
LINE 1: SELECT p001nokp,p001upgambar,p001uptrans from ppsdblocal.p00...
                                     ^
[Method: POST, Route: insstep3]
in ROOTPATH\system\Database\BaseConnection.php on line 688.
 1 APPPATH\Controllers\ApplyController.php(330): CodeIgniter\Database\BaseConnection->query('SELECT p001nokp,p001upgambar,p001uptrans from ppsdblocal.p00daftar,ppsdblocal.p001 where p00username=\'yani\' and p000statsahreg = 1 and p00usrid=p001nokp')
 2 ROOTPATH\system\CodeIgniter.php(933): App\Controllers\ApplyController->InsStep3()
 3 ROOTPATH\system\CodeIgniter.php(509): CodeIgniter\CodeIgniter->runController(Object(App\Controllers\ApplyController))
 4 ROOTPATH\system\CodeIgniter.php(355): CodeIgniter\CodeIgniter->handleRequest(null, Object(Config\Cache), false)
 5 SYSTEMPATH\Boot.php(325): CodeIgniter\CodeIgniter->run()
 6 SYSTEMPATH\Boot.php(67): CodeIgniter\Boot::runCodeIgniter(Object(CodeIgniter\CodeIgniter))
 7 FCPATH\index.php(56): CodeIgniter\Boot::bootWeb(Object(Config\Paths))
CRITICAL - 2025-01-14 02:57:36 --> [Caused by] CodeIgniter\Database\Exceptions\DatabaseException: pg_query(): Query failed: ERROR:  column &quot;p001uptrans&quot; does not exist
LINE 1: SELECT p001nokp,p001upgambar,p001uptrans from ppsdblocal.p00...
                                     ^
in ROOTPATH\system\Database\Postgre\Connection.php on line 209.
 1 ROOTPATH\system\Database\BaseConnection.php(734): CodeIgniter\Database\Postgre\Connection->execute('SELECT p001nokp,p001upgambar,p001uptrans from ppsdblocal.p00daftar,ppsdblocal.p001 where p00username=\'yani\' and p000statsahreg = 1 and p00usrid=p001nokp')
 2 ROOTPATH\system\Database\BaseConnection.php(648): CodeIgniter\Database\BaseConnection->simpleQuery('SELECT p001nokp,p001upgambar,p001uptrans from ppsdblocal.p00daftar,ppsdblocal.p001 where p00username=\'yani\' and p000statsahreg = 1 and p00usrid=p001nokp')
 3 APPPATH\Controllers\ApplyController.php(330): CodeIgniter\Database\BaseConnection->query('SELECT p001nokp,p001upgambar,p001uptrans from ppsdblocal.p00daftar,ppsdblocal.p001 where p00username=\'yani\' and p000statsahreg = 1 and p00usrid=p001nokp')
 4 ROOTPATH\system\CodeIgniter.php(933): App\Controllers\ApplyController->InsStep3()
 5 ROOTPATH\system\CodeIgniter.php(509): CodeIgniter\CodeIgniter->runController(Object(App\Controllers\ApplyController))
 6 ROOTPATH\system\CodeIgniter.php(355): CodeIgniter\CodeIgniter->handleRequest(null, Object(Config\Cache), false)
 7 SYSTEMPATH\Boot.php(325): CodeIgniter\CodeIgniter->run()
 8 SYSTEMPATH\Boot.php(67): CodeIgniter\Boot::runCodeIgniter(Object(CodeIgniter\CodeIgniter))
 9 FCPATH\index.php(56): CodeIgniter\Boot::bootWeb(Object(Config\Paths))
CRITICAL - 2025-01-14 02:57:36 --> [Caused by] ErrorException: pg_query(): Query failed: ERROR:  column &quot;p001uptrans&quot; does not exist
LINE 1: SELECT p001nokp,p001upgambar,p001uptrans from ppsdblocal.p00...
                                     ^
in ROOTPATH\system\Database\Postgre\Connection.php on line 204.
 1 [internal function]: CodeIgniter\Debug\Exceptions->errorHandler(2, 'pg_query(): Query failed: ERROR:  column &quot;p001uptrans&quot; does not exist
LINE 1: SELECT p001nokp,p001upgambar,p001uptrans from ppsdblocal.p00...
                                     ^', 'C:\\laragon\\www\\pascav2\\system\\Database\\Postgre\\Connection.php', 204)
 2 ROOTPATH\system\Database\Postgre\Connection.php(204): pg_query(Object(PgSql\Connection), 'SELECT p001nokp,p001upgambar,p001uptrans from ppsdblocal.p00daftar,ppsdblocal.p001 where p00username=\'yani\' and p000statsahreg = 1 and p00usrid=p001nokp')
 3 ROOTPATH\system\Database\BaseConnection.php(734): CodeIgniter\Database\Postgre\Connection->execute('SELECT p001nokp,p001upgambar,p001uptrans from ppsdblocal.p00daftar,ppsdblocal.p001 where p00username=\'yani\' and p000statsahreg = 1 and p00usrid=p001nokp')
 4 ROOTPATH\system\Database\BaseConnection.php(648): CodeIgniter\Database\BaseConnection->simpleQuery('SELECT p001nokp,p001upgambar,p001uptrans from ppsdblocal.p00daftar,ppsdblocal.p001 where p00username=\'yani\' and p000statsahreg = 1 and p00usrid=p001nokp')
 5 APPPATH\Controllers\ApplyController.php(330): CodeIgniter\Database\BaseConnection->query('SELECT p001nokp,p001upgambar,p001uptrans from ppsdblocal.p00daftar,ppsdblocal.p001 where p00username=\'yani\' and p000statsahreg = 1 and p00usrid=p001nokp')
 6 ROOTPATH\system\CodeIgniter.php(933): App\Controllers\ApplyController->InsStep3()
 7 ROOTPATH\system\CodeIgniter.php(509): CodeIgniter\CodeIgniter->runController(Object(App\Controllers\ApplyController))
 8 ROOTPATH\system\CodeIgniter.php(355): CodeIgniter\CodeIgniter->handleRequest(null, Object(Config\Cache), false)
 9 SYSTEMPATH\Boot.php(325): CodeIgniter\CodeIgniter->run()
10 SYSTEMPATH\Boot.php(67): CodeIgniter\Boot::runCodeIgniter(Object(CodeIgniter\CodeIgniter))
11 FCPATH\index.php(56): CodeIgniter\Boot::bootWeb(Object(Config\Paths))
INFO - 2025-01-14 02:58:43 --> Session: Class initialized using 'CodeIgniter\Session\Handlers\FileHandler' driver.
INFO - 2025-01-14 02:58:44 --> Session: Class initialized using 'CodeIgniter\Session\Handlers\FileHandler' driver.
INFO - 2025-01-14 02:58:44 --> Session: Class initialized using 'CodeIgniter\Session\Handlers\FileHandler' driver.
INFO - 2025-01-14 02:58:52 --> Session: Class initialized using 'CodeIgniter\Session\Handlers\FileHandler' driver.
CRITICAL - 2025-01-14 02:58:52 --> ErrorException: Undefined variable $newNamePic
[Method: POST, Route: insstep3]
in APPPATH\Controllers\ApplyController.php on line 386.
 1 APPPATH\Controllers\ApplyController.php(386): CodeIgniter\Debug\Exceptions->errorHandler(2, 'Undefined variable $newNamePic', 'C:\\laragon\\www\\pascav2\\app\\Controllers\\ApplyController.php', 386)
 2 ROOTPATH\system\CodeIgniter.php(933): App\Controllers\ApplyController->InsStep3()
 3 ROOTPATH\system\CodeIgniter.php(509): CodeIgniter\CodeIgniter->runController(Object(App\Controllers\ApplyController))
 4 ROOTPATH\system\CodeIgniter.php(355): CodeIgniter\CodeIgniter->handleRequest(null, Object(Config\Cache), false)
 5 SYSTEMPATH\Boot.php(325): CodeIgniter\CodeIgniter->run()
 6 SYSTEMPATH\Boot.php(67): CodeIgniter\Boot::runCodeIgniter(Object(CodeIgniter\CodeIgniter))
 7 FCPATH\index.php(56): CodeIgniter\Boot::bootWeb(Object(Config\Paths))
INFO - 2025-01-14 03:10:03 --> Session: Class initialized using 'CodeIgniter\Session\Handlers\FileHandler' driver.
INFO - 2025-01-14 03:10:04 --> Session: Class initialized using 'CodeIgniter\Session\Handlers\FileHandler' driver.
INFO - 2025-01-14 03:10:04 --> Session: Class initialized using 'CodeIgniter\Session\Handlers\FileHandler' driver.
INFO - 2025-01-14 03:10:12 --> Session: Class initialized using 'CodeIgniter\Session\Handlers\FileHandler' driver.
CRITICAL - 2025-01-14 03:10:12 --> ErrorException: Undefined variable $newNamePic
[Method: POST, Route: insstep3]
in APPPATH\Controllers\ApplyController.php on line 386.
 1 APPPATH\Controllers\ApplyController.php(386): CodeIgniter\Debug\Exceptions->errorHandler(2, 'Undefined variable $newNamePic', 'C:\\laragon\\www\\pascav2\\app\\Controllers\\ApplyController.php', 386)
 2 ROOTPATH\system\CodeIgniter.php(933): App\Controllers\ApplyController->InsStep3()
 3 ROOTPATH\system\CodeIgniter.php(509): CodeIgniter\CodeIgniter->runController(Object(App\Controllers\ApplyController))
 4 ROOTPATH\system\CodeIgniter.php(355): CodeIgniter\CodeIgniter->handleRequest(null, Object(Config\Cache), false)
 5 SYSTEMPATH\Boot.php(325): CodeIgniter\CodeIgniter->run()
 6 SYSTEMPATH\Boot.php(67): CodeIgniter\Boot::runCodeIgniter(Object(CodeIgniter\CodeIgniter))
 7 FCPATH\index.php(56): CodeIgniter\Boot::bootWeb(Object(Config\Paths))
INFO - 2025-01-14 03:13:33 --> Session: Class initialized using 'CodeIgniter\Session\Handlers\FileHandler' driver.
INFO - 2025-01-14 03:13:34 --> Session: Class initialized using 'CodeIgniter\Session\Handlers\FileHandler' driver.
INFO - 2025-01-14 03:13:34 --> Session: Class initialized using 'CodeIgniter\Session\Handlers\FileHandler' driver.
INFO - 2025-01-14 03:13:41 --> Session: Class initialized using 'CodeIgniter\Session\Handlers\FileHandler' driver.
INFO - 2025-01-14 03:13:43 --> Session: Class initialized using 'CodeIgniter\Session\Handlers\FileHandler' driver.
INFO - 2025-01-14 03:13:44 --> Session: Class initialized using 'CodeIgniter\Session\Handlers\FileHandler' driver.
INFO - 2025-01-14 03:13:44 --> Session: Class initialized using 'CodeIgniter\Session\Handlers\FileHandler' driver.
INFO - 2025-01-14 03:14:57 --> Session: Class initialized using 'CodeIgniter\Session\Handlers\FileHandler' driver.
INFO - 2025-01-14 03:14:59 --> Session: Class initialized using 'CodeIgniter\Session\Handlers\FileHandler' driver.
INFO - 2025-01-14 03:14:59 --> Session: Class initialized using 'CodeIgniter\Session\Handlers\FileHandler' driver.
INFO - 2025-01-14 03:14:59 --> Session: Class initialized using 'CodeIgniter\Session\Handlers\FileHandler' driver.
INFO - 2025-01-14 03:16:11 --> Session: Class initialized using 'CodeIgniter\Session\Handlers\FileHandler' driver.
CRITICAL - 2025-01-14 03:16:12 --> CodeIgniter\HTTP\Exceptions\HTTPException: Could not move file "php390B.tmp" to "C:\laragon\www\pascav2\writable\uploads/". Reason: 
[Method: POST, Route: insstep3]
in ROOTPATH\system\HTTP\Files\UploadedFile.php on line 154.
 1 ROOTPATH\system\HTTP\Files\UploadedFile.php(154): CodeIgniter\HTTP\Exceptions\HTTPException::forMoveFailed('php390B.tmp', 'C:\\laragon\\www\\pascav2\\writable\\uploads/', '')
 2 APPPATH\Controllers\ApplyController.php(399): CodeIgniter\HTTP\Files\UploadedFile->move('C:\\laragon\\www\\pascav2\\writable\\uploads/', '860604465280_certificate.')
 3 APPPATH\Controllers\ApplyController.php(353): App\Controllers\ApplyController->handleFileUpload(Object(CodeIgniter\HTTP\Files\UploadedFile), 'C:\\laragon\\www\\pascav2\\writable\\uploads/', '860604465280', 'certificate')
 4 ROOTPATH\system\CodeIgniter.php(933): App\Controllers\ApplyController->InsStep3()
 5 ROOTPATH\system\CodeIgniter.php(509): CodeIgniter\CodeIgniter->runController(Object(App\Controllers\ApplyController))
 6 ROOTPATH\system\CodeIgniter.php(355): CodeIgniter\CodeIgniter->handleRequest(null, Object(Config\Cache), false)
 7 SYSTEMPATH\Boot.php(325): CodeIgniter\CodeIgniter->run()
 8 SYSTEMPATH\Boot.php(67): CodeIgniter\Boot::runCodeIgniter(Object(CodeIgniter\CodeIgniter))
 9 FCPATH\index.php(56): CodeIgniter\Boot::bootWeb(Object(Config\Paths))
INFO - 2025-01-14 03:17:38 --> Session: Class initialized using 'CodeIgniter\Session\Handlers\FileHandler' driver.
INFO - 2025-01-14 03:17:39 --> Session: Class initialized using 'CodeIgniter\Session\Handlers\FileHandler' driver.
INFO - 2025-01-14 03:17:39 --> Session: Class initialized using 'CodeIgniter\Session\Handlers\FileHandler' driver.
INFO - 2025-01-14 03:17:51 --> Session: Class initialized using 'CodeIgniter\Session\Handlers\FileHandler' driver.
CRITICAL - 2025-01-14 03:17:51 --> CodeIgniter\HTTP\Exceptions\HTTPException: Could not move file "phpBDF7.tmp" to "C:\laragon\www\pascav2\writable\uploads/". Reason: 
[Method: POST, Route: insstep3]
in ROOTPATH\system\HTTP\Files\UploadedFile.php on line 154.
 1 ROOTPATH\system\HTTP\Files\UploadedFile.php(154): CodeIgniter\HTTP\Exceptions\HTTPException::forMoveFailed('phpBDF7.tmp', 'C:\\laragon\\www\\pascav2\\writable\\uploads/', '')
 2 APPPATH\Controllers\ApplyController.php(399): CodeIgniter\HTTP\Files\UploadedFile->move('C:\\laragon\\www\\pascav2\\writable\\uploads/', '860604465280_ic.')
 3 APPPATH\Controllers\ApplyController.php(352): App\Controllers\ApplyController->handleFileUpload(Object(CodeIgniter\HTTP\Files\UploadedFile), 'C:\\laragon\\www\\pascav2\\writable\\uploads/', '860604465280', 'ic')
 4 ROOTPATH\system\CodeIgniter.php(933): App\Controllers\ApplyController->InsStep3()
 5 ROOTPATH\system\CodeIgniter.php(509): CodeIgniter\CodeIgniter->runController(Object(App\Controllers\ApplyController))
 6 ROOTPATH\system\CodeIgniter.php(355): CodeIgniter\CodeIgniter->handleRequest(null, Object(Config\Cache), false)
 7 SYSTEMPATH\Boot.php(325): CodeIgniter\CodeIgniter->run()
 8 SYSTEMPATH\Boot.php(67): CodeIgniter\Boot::runCodeIgniter(Object(CodeIgniter\CodeIgniter))
 9 FCPATH\index.php(56): CodeIgniter\Boot::bootWeb(Object(Config\Paths))
INFO - 2025-01-14 03:23:20 --> Session: Class initialized using 'CodeIgniter\Session\Handlers\FileHandler' driver.
INFO - 2025-01-14 03:23:21 --> Session: Class initialized using 'CodeIgniter\Session\Handlers\FileHandler' driver.
INFO - 2025-01-14 03:23:21 --> Session: Class initialized using 'CodeIgniter\Session\Handlers\FileHandler' driver.
INFO - 2025-01-14 03:24:02 --> Session: Class initialized using 'CodeIgniter\Session\Handlers\FileHandler' driver.
INFO - 2025-01-14 03:24:04 --> Session: Class initialized using 'CodeIgniter\Session\Handlers\FileHandler' driver.
INFO - 2025-01-14 03:24:05 --> Session: Class initialized using 'CodeIgniter\Session\Handlers\FileHandler' driver.
INFO - 2025-01-14 03:24:05 --> Session: Class initialized using 'CodeIgniter\Session\Handlers\FileHandler' driver.
INFO - 2025-01-14 03:24:20 --> Session: Class initialized using 'CodeIgniter\Session\Handlers\FileHandler' driver.
CRITICAL - 2025-01-14 03:24:20 --> CodeIgniter\HTTP\Exceptions\HTTPException: Could not move file "phpAF09.tmp" to "C:\laragon\www\pascav2\writable\uploads/". Reason: 
[Method: POST, Route: insstep3]
in ROOTPATH\system\HTTP\Files\UploadedFile.php on line 154.
 1 ROOTPATH\system\HTTP\Files\UploadedFile.php(154): CodeIgniter\HTTP\Exceptions\HTTPException::forMoveFailed('phpAF09.tmp', 'C:\\laragon\\www\\pascav2\\writable\\uploads/', '')
 2 APPPATH\Controllers\ApplyController.php(400): CodeIgniter\HTTP\Files\UploadedFile->move('C:\\laragon\\www\\pascav2\\writable\\uploads/', '860604465280_certificate.')
 3 APPPATH\Controllers\ApplyController.php(354): App\Controllers\ApplyController->handleFileUpload(Object(CodeIgniter\HTTP\Files\UploadedFile), 'C:\\laragon\\www\\pascav2\\writable\\uploads/', '860604465280', 'certificate')
 4 ROOTPATH\system\CodeIgniter.php(933): App\Controllers\ApplyController->InsStep3()
 5 ROOTPATH\system\CodeIgniter.php(509): CodeIgniter\CodeIgniter->runController(Object(App\Controllers\ApplyController))
 6 ROOTPATH\system\CodeIgniter.php(355): CodeIgniter\CodeIgniter->handleRequest(null, Object(Config\Cache), false)
 7 SYSTEMPATH\Boot.php(325): CodeIgniter\CodeIgniter->run()
 8 SYSTEMPATH\Boot.php(67): CodeIgniter\Boot::runCodeIgniter(Object(CodeIgniter\CodeIgniter))
 9 FCPATH\index.php(56): CodeIgniter\Boot::bootWeb(Object(Config\Paths))
INFO - 2025-01-14 03:25:08 --> Session: Class initialized using 'CodeIgniter\Session\Handlers\FileHandler' driver.
INFO - 2025-01-14 03:25:10 --> Session: Class initialized using 'CodeIgniter\Session\Handlers\FileHandler' driver.
INFO - 2025-01-14 03:25:10 --> Session: Class initialized using 'CodeIgniter\Session\Handlers\FileHandler' driver.
INFO - 2025-01-14 03:25:11 --> Session: Class initialized using 'CodeIgniter\Session\Handlers\FileHandler' driver.
INFO - 2025-01-14 03:25:29 --> Session: Class initialized using 'CodeIgniter\Session\Handlers\FileHandler' driver.
CRITICAL - 2025-01-14 03:25:29 --> CodeIgniter\HTTP\Exceptions\HTTPException: Could not move file "phpBB2C.tmp" to "C:\laragon\www\pascav2\writable\uploads/". Reason: 
[Method: POST, Route: insstep3]
in ROOTPATH\system\HTTP\Files\UploadedFile.php on line 154.
 1 ROOTPATH\system\HTTP\Files\UploadedFile.php(154): CodeIgniter\HTTP\Exceptions\HTTPException::forMoveFailed('phpBB2C.tmp', 'C:\\laragon\\www\\pascav2\\writable\\uploads/', '')
 2 APPPATH\Controllers\ApplyController.php(400): CodeIgniter\HTTP\Files\UploadedFile->move('C:\\laragon\\www\\pascav2\\writable\\uploads/', '860604465280_certificate.')
 3 APPPATH\Controllers\ApplyController.php(354): App\Controllers\ApplyController->handleFileUpload(Object(CodeIgniter\HTTP\Files\UploadedFile), 'C:\\laragon\\www\\pascav2\\writable\\uploads/', '860604465280', 'certificate')
 4 ROOTPATH\system\CodeIgniter.php(933): App\Controllers\ApplyController->InsStep3()
 5 ROOTPATH\system\CodeIgniter.php(509): CodeIgniter\CodeIgniter->runController(Object(App\Controllers\ApplyController))
 6 ROOTPATH\system\CodeIgniter.php(355): CodeIgniter\CodeIgniter->handleRequest(null, Object(Config\Cache), false)
 7 SYSTEMPATH\Boot.php(325): CodeIgniter\CodeIgniter->run()
 8 SYSTEMPATH\Boot.php(67): CodeIgniter\Boot::runCodeIgniter(Object(CodeIgniter\CodeIgniter))
 9 FCPATH\index.php(56): CodeIgniter\Boot::bootWeb(Object(Config\Paths))
INFO - 2025-01-14 03:28:06 --> Session: Class initialized using 'CodeIgniter\Session\Handlers\FileHandler' driver.
INFO - 2025-01-14 03:28:07 --> Session: Class initialized using 'CodeIgniter\Session\Handlers\FileHandler' driver.
INFO - 2025-01-14 03:28:07 --> Session: Class initialized using 'CodeIgniter\Session\Handlers\FileHandler' driver.
INFO - 2025-01-14 03:28:15 --> Session: Class initialized using 'CodeIgniter\Session\Handlers\FileHandler' driver.
CRITICAL - 2025-01-14 03:28:15 --> CodeIgniter\HTTP\Exceptions\HTTPException: Could not move file "php4293.tmp" to "C:\laragon\www\pascav2\writable\uploads/". Reason: 
[Method: POST, Route: insstep3]
in ROOTPATH\system\HTTP\Files\UploadedFile.php on line 154.
 1 ROOTPATH\system\HTTP\Files\UploadedFile.php(154): CodeIgniter\HTTP\Exceptions\HTTPException::forMoveFailed('php4293.tmp', 'C:\\laragon\\www\\pascav2\\writable\\uploads/', '')
 2 APPPATH\Controllers\ApplyController.php(400): CodeIgniter\HTTP\Files\UploadedFile->move('C:\\laragon\\www\\pascav2\\writable\\uploads/', '860604465280_certificate.')
 3 APPPATH\Controllers\ApplyController.php(354): App\Controllers\ApplyController->handleFileUpload(Object(CodeIgniter\HTTP\Files\UploadedFile), 'C:\\laragon\\www\\pascav2\\writable\\uploads/', '860604465280', 'certificate')
 4 ROOTPATH\system\CodeIgniter.php(933): App\Controllers\ApplyController->InsStep3()
 5 ROOTPATH\system\CodeIgniter.php(509): CodeIgniter\CodeIgniter->runController(Object(App\Controllers\ApplyController))
 6 ROOTPATH\system\CodeIgniter.php(355): CodeIgniter\CodeIgniter->handleRequest(null, Object(Config\Cache), false)
 7 SYSTEMPATH\Boot.php(325): CodeIgniter\CodeIgniter->run()
 8 SYSTEMPATH\Boot.php(67): CodeIgniter\Boot::runCodeIgniter(Object(CodeIgniter\CodeIgniter))
 9 FCPATH\index.php(56): CodeIgniter\Boot::bootWeb(Object(Config\Paths))
INFO - 2025-01-14 03:34:31 --> Session: Class initialized using 'CodeIgniter\Session\Handlers\FileHandler' driver.
INFO - 2025-01-14 03:34:33 --> Session: Class initialized using 'CodeIgniter\Session\Handlers\FileHandler' driver.
INFO - 2025-01-14 03:34:33 --> Session: Class initialized using 'CodeIgniter\Session\Handlers\FileHandler' driver.
INFO - 2025-01-14 03:34:42 --> Session: Class initialized using 'CodeIgniter\Session\Handlers\FileHandler' driver.
INFO - 2025-01-14 03:34:44 --> Session: Class initialized using 'CodeIgniter\Session\Handlers\FileHandler' driver.
INFO - 2025-01-14 03:34:45 --> Session: Class initialized using 'CodeIgniter\Session\Handlers\FileHandler' driver.
INFO - 2025-01-14 03:34:45 --> Session: Class initialized using 'CodeIgniter\Session\Handlers\FileHandler' driver.
INFO - 2025-01-14 03:40:44 --> Session: Class initialized using 'CodeIgniter\Session\Handlers\FileHandler' driver.
INFO - 2025-01-14 03:40:45 --> Session: Class initialized using 'CodeIgniter\Session\Handlers\FileHandler' driver.
INFO - 2025-01-14 03:40:45 --> Session: Class initialized using 'CodeIgniter\Session\Handlers\FileHandler' driver.
INFO - 2025-01-14 03:40:52 --> Session: Class initialized using 'CodeIgniter\Session\Handlers\FileHandler' driver.
INFO - 2025-01-14 03:40:54 --> Session: Class initialized using 'CodeIgniter\Session\Handlers\FileHandler' driver.
INFO - 2025-01-14 03:40:55 --> Session: Class initialized using 'CodeIgniter\Session\Handlers\FileHandler' driver.
INFO - 2025-01-14 03:40:55 --> Session: Class initialized using 'CodeIgniter\Session\Handlers\FileHandler' driver.
INFO - 2025-01-14 03:44:20 --> Session: Class initialized using 'CodeIgniter\Session\Handlers\FileHandler' driver.
INFO - 2025-01-14 03:44:21 --> Session: Class initialized using 'CodeIgniter\Session\Handlers\FileHandler' driver.
INFO - 2025-01-14 03:44:21 --> Session: Class initialized using 'CodeIgniter\Session\Handlers\FileHandler' driver.
INFO - 2025-01-14 03:51:20 --> Session: Class initialized using 'CodeIgniter\Session\Handlers\FileHandler' driver.
INFO - 2025-01-14 03:51:21 --> Session: Class initialized using 'CodeIgniter\Session\Handlers\FileHandler' driver.
INFO - 2025-01-14 03:51:21 --> Session: Class initialized using 'CodeIgniter\Session\Handlers\FileHandler' driver.
INFO - 2025-01-14 03:54:15 --> Session: Class initialized using 'CodeIgniter\Session\Handlers\FileHandler' driver.
INFO - 2025-01-14 03:54:16 --> Session: Class initialized using 'CodeIgniter\Session\Handlers\FileHandler' driver.
INFO - 2025-01-14 03:54:17 --> Session: Class initialized using 'CodeIgniter\Session\Handlers\FileHandler' driver.
INFO - 2025-01-14 03:54:17 --> Session: Class initialized using 'CodeIgniter\Session\Handlers\FileHandler' driver.
INFO - 2025-01-14 03:55:28 --> Session: Class initialized using 'CodeIgniter\Session\Handlers\FileHandler' driver.
INFO - 2025-01-14 03:55:30 --> Session: Class initialized using 'CodeIgniter\Session\Handlers\FileHandler' driver.
INFO - 2025-01-14 03:55:30 --> Session: Class initialized using 'CodeIgniter\Session\Handlers\FileHandler' driver.
INFO - 2025-01-14 03:55:30 --> Session: Class initialized using 'CodeIgniter\Session\Handlers\FileHandler' driver.
INFO - 2025-01-14 03:56:27 --> Session: Class initialized using 'CodeIgniter\Session\Handlers\FileHandler' driver.
INFO - 2025-01-14 03:56:29 --> Session: Class initialized using 'CodeIgniter\Session\Handlers\FileHandler' driver.
INFO - 2025-01-14 03:56:30 --> Session: Class initialized using 'CodeIgniter\Session\Handlers\FileHandler' driver.
INFO - 2025-01-14 03:56:30 --> Session: Class initialized using 'CodeIgniter\Session\Handlers\FileHandler' driver.
INFO - 2025-01-14 03:59:29 --> Session: Class initialized using 'CodeIgniter\Session\Handlers\FileHandler' driver.
INFO - 2025-01-14 03:59:30 --> Session: Class initialized using 'CodeIgniter\Session\Handlers\FileHandler' driver.
INFO - 2025-01-14 03:59:31 --> Session: Class initialized using 'CodeIgniter\Session\Handlers\FileHandler' driver.
INFO - 2025-01-14 03:59:45 --> Session: Class initialized using 'CodeIgniter\Session\Handlers\FileHandler' driver.
INFO - 2025-01-14 03:59:47 --> Session: Class initialized using 'CodeIgniter\Session\Handlers\FileHandler' driver.
INFO - 2025-01-14 03:59:48 --> Session: Class initialized using 'CodeIgniter\Session\Handlers\FileHandler' driver.
INFO - 2025-01-14 03:59:48 --> Session: Class initialized using 'CodeIgniter\Session\Handlers\FileHandler' driver.
INFO - 2025-01-14 04:02:20 --> Session: Class initialized using 'CodeIgniter\Session\Handlers\FileHandler' driver.
INFO - 2025-01-14 04:02:21 --> Session: Class initialized using 'CodeIgniter\Session\Handlers\FileHandler' driver.
INFO - 2025-01-14 04:02:21 --> Session: Class initialized using 'CodeIgniter\Session\Handlers\FileHandler' driver.
INFO - 2025-01-14 04:02:48 --> Session: Class initialized using 'CodeIgniter\Session\Handlers\FileHandler' driver.
INFO - 2025-01-14 04:02:49 --> Session: Class initialized using 'CodeIgniter\Session\Handlers\FileHandler' driver.
INFO - 2025-01-14 04:02:50 --> Session: Class initialized using 'CodeIgniter\Session\Handlers\FileHandler' driver.
INFO - 2025-01-14 04:02:50 --> Session: Class initialized using 'CodeIgniter\Session\Handlers\FileHandler' driver.
INFO - 2025-01-14 04:04:13 --> Session: Class initialized using 'CodeIgniter\Session\Handlers\FileHandler' driver.
INFO - 2025-01-14 04:04:14 --> Session: Class initialized using 'CodeIgniter\Session\Handlers\FileHandler' driver.
INFO - 2025-01-14 04:04:14 --> Session: Class initialized using 'CodeIgniter\Session\Handlers\FileHandler' driver.
INFO - 2025-01-14 04:04:30 --> Session: Class initialized using 'CodeIgniter\Session\Handlers\FileHandler' driver.
INFO - 2025-01-14 04:04:31 --> Session: Class initialized using 'CodeIgniter\Session\Handlers\FileHandler' driver.
INFO - 2025-01-14 04:04:32 --> Session: Class initialized using 'CodeIgniter\Session\Handlers\FileHandler' driver.
INFO - 2025-01-14 04:04:32 --> Session: Class initialized using 'CodeIgniter\Session\Handlers\FileHandler' driver.
INFO - 2025-01-14 04:05:32 --> Session: Class initialized using 'CodeIgniter\Session\Handlers\FileHandler' driver.
INFO - 2025-01-14 04:05:33 --> Session: Class initialized using 'CodeIgniter\Session\Handlers\FileHandler' driver.
INFO - 2025-01-14 04:05:33 --> Session: Class initialized using 'CodeIgniter\Session\Handlers\FileHandler' driver.
INFO - 2025-01-14 04:05:53 --> Session: Class initialized using 'CodeIgniter\Session\Handlers\FileHandler' driver.
INFO - 2025-01-14 04:05:54 --> Session: Class initialized using 'CodeIgniter\Session\Handlers\FileHandler' driver.
INFO - 2025-01-14 04:05:55 --> Session: Class initialized using 'CodeIgniter\Session\Handlers\FileHandler' driver.
INFO - 2025-01-14 04:05:55 --> Session: Class initialized using 'CodeIgniter\Session\Handlers\FileHandler' driver.
INFO - 2025-01-14 04:06:44 --> Session: Class initialized using 'CodeIgniter\Session\Handlers\FileHandler' driver.
INFO - 2025-01-14 04:06:45 --> Session: Class initialized using 'CodeIgniter\Session\Handlers\FileHandler' driver.
INFO - 2025-01-14 04:06:46 --> Session: Class initialized using 'CodeIgniter\Session\Handlers\FileHandler' driver.
INFO - 2025-01-14 04:06:46 --> Session: Class initialized using 'CodeIgniter\Session\Handlers\FileHandler' driver.
INFO - 2025-01-14 04:08:45 --> Session: Class initialized using 'CodeIgniter\Session\Handlers\FileHandler' driver.
INFO - 2025-01-14 04:08:46 --> Session: Class initialized using 'CodeIgniter\Session\Handlers\FileHandler' driver.
INFO - 2025-01-14 04:08:46 --> Session: Class initialized using 'CodeIgniter\Session\Handlers\FileHandler' driver.
INFO - 2025-01-14 04:08:54 --> Session: Class initialized using 'CodeIgniter\Session\Handlers\FileHandler' driver.
INFO - 2025-01-14 04:08:55 --> Session: Class initialized using 'CodeIgniter\Session\Handlers\FileHandler' driver.
INFO - 2025-01-14 04:08:56 --> Session: Class initialized using 'CodeIgniter\Session\Handlers\FileHandler' driver.
INFO - 2025-01-14 04:08:56 --> Session: Class initialized using 'CodeIgniter\Session\Handlers\FileHandler' driver.
INFO - 2025-01-14 04:10:57 --> Session: Class initialized using 'CodeIgniter\Session\Handlers\FileHandler' driver.
INFO - 2025-01-14 04:10:58 --> Session: Class initialized using 'CodeIgniter\Session\Handlers\FileHandler' driver.
INFO - 2025-01-14 04:10:58 --> Session: Class initialized using 'CodeIgniter\Session\Handlers\FileHandler' driver.
INFO - 2025-01-14 04:11:08 --> Session: Class initialized using 'CodeIgniter\Session\Handlers\FileHandler' driver.
INFO - 2025-01-14 04:11:09 --> Session: Class initialized using 'CodeIgniter\Session\Handlers\FileHandler' driver.
INFO - 2025-01-14 04:11:10 --> Session: Class initialized using 'CodeIgniter\Session\Handlers\FileHandler' driver.
INFO - 2025-01-14 04:11:10 --> Session: Class initialized using 'CodeIgniter\Session\Handlers\FileHandler' driver.
INFO - 2025-01-14 04:13:06 --> Session: Class initialized using 'CodeIgniter\Session\Handlers\FileHandler' driver.
INFO - 2025-01-14 04:13:07 --> Session: Class initialized using 'CodeIgniter\Session\Handlers\FileHandler' driver.
INFO - 2025-01-14 04:13:08 --> Session: Class initialized using 'CodeIgniter\Session\Handlers\FileHandler' driver.
INFO - 2025-01-14 04:13:08 --> Session: Class initialized using 'CodeIgniter\Session\Handlers\FileHandler' driver.
INFO - 2025-01-14 04:13:44 --> Session: Class initialized using 'CodeIgniter\Session\Handlers\FileHandler' driver.
INFO - 2025-01-14 04:13:45 --> Session: Class initialized using 'CodeIgniter\Session\Handlers\FileHandler' driver.
INFO - 2025-01-14 04:13:46 --> Session: Class initialized using 'CodeIgniter\Session\Handlers\FileHandler' driver.
INFO - 2025-01-14 04:13:46 --> Session: Class initialized using 'CodeIgniter\Session\Handlers\FileHandler' driver.
INFO - 2025-01-14 04:15:36 --> Session: Class initialized using 'CodeIgniter\Session\Handlers\FileHandler' driver.
INFO - 2025-01-14 04:15:37 --> Session: Class initialized using 'CodeIgniter\Session\Handlers\FileHandler' driver.
INFO - 2025-01-14 04:15:37 --> Session: Class initialized using 'CodeIgniter\Session\Handlers\FileHandler' driver.
INFO - 2025-01-14 04:15:45 --> Session: Class initialized using 'CodeIgniter\Session\Handlers\FileHandler' driver.
INFO - 2025-01-14 04:15:46 --> Session: Class initialized using 'CodeIgniter\Session\Handlers\FileHandler' driver.
INFO - 2025-01-14 04:15:47 --> Session: Class initialized using 'CodeIgniter\Session\Handlers\FileHandler' driver.
INFO - 2025-01-14 04:15:47 --> Session: Class initialized using 'CodeIgniter\Session\Handlers\FileHandler' driver.
INFO - 2025-01-14 04:16:22 --> Session: Class initialized using 'CodeIgniter\Session\Handlers\FileHandler' driver.
INFO - 2025-01-14 04:16:24 --> Session: Class initialized using 'CodeIgniter\Session\Handlers\FileHandler' driver.
INFO - 2025-01-14 04:16:24 --> Session: Class initialized using 'CodeIgniter\Session\Handlers\FileHandler' driver.
INFO - 2025-01-14 04:16:24 --> Session: Class initialized using 'CodeIgniter\Session\Handlers\FileHandler' driver.
INFO - 2025-01-14 04:20:45 --> Session: Class initialized using 'CodeIgniter\Session\Handlers\FileHandler' driver.
INFO - 2025-01-14 04:20:46 --> Session: Class initialized using 'CodeIgniter\Session\Handlers\FileHandler' driver.
INFO - 2025-01-14 04:20:46 --> Session: Class initialized using 'CodeIgniter\Session\Handlers\FileHandler' driver.
INFO - 2025-01-14 04:21:02 --> Session: Class initialized using 'CodeIgniter\Session\Handlers\FileHandler' driver.
CRITICAL - 2025-01-14 04:21:02 --> ErrorException: Undefined variable $db
[Method: POST, Route: insstep3]
in APPPATH\Controllers\ApplyController.php on line 429.
 1 APPPATH\Controllers\ApplyController.php(429): CodeIgniter\Debug\Exceptions->errorHandler(2, 'Undefined variable $db', 'C:\\laragon\\www\\pascav2\\app\\Controllers\\ApplyController.php', 429)
 2 APPPATH\Controllers\ApplyController.php(355): App\Controllers\ApplyController->handleFileUpload(null, 'C:\\laragon\\www\\pascav2\\writable\\uploads/', '860604465280', 'certificate')
 3 ROOTPATH\system\CodeIgniter.php(933): App\Controllers\ApplyController->InsStep3()
 4 ROOTPATH\system\CodeIgniter.php(509): CodeIgniter\CodeIgniter->runController(Object(App\Controllers\ApplyController))
 5 ROOTPATH\system\CodeIgniter.php(355): CodeIgniter\CodeIgniter->handleRequest(null, Object(Config\Cache), false)
 6 SYSTEMPATH\Boot.php(325): CodeIgniter\CodeIgniter->run()
 7 SYSTEMPATH\Boot.php(67): CodeIgniter\Boot::runCodeIgniter(Object(CodeIgniter\CodeIgniter))
 8 FCPATH\index.php(56): CodeIgniter\Boot::bootWeb(Object(Config\Paths))
INFO - 2025-01-14 04:28:25 --> Session: Class initialized using 'CodeIgniter\Session\Handlers\FileHandler' driver.
INFO - 2025-01-14 04:28:26 --> Session: Class initialized using 'CodeIgniter\Session\Handlers\FileHandler' driver.
INFO - 2025-01-14 04:28:26 --> Session: Class initialized using 'CodeIgniter\Session\Handlers\FileHandler' driver.
INFO - 2025-01-14 04:28:41 --> Session: Class initialized using 'CodeIgniter\Session\Handlers\FileHandler' driver.
CRITICAL - 2025-01-14 04:28:41 --> ErrorException: Undefined variable $existingCert
[Method: POST, Route: insstep3]
in APPPATH\Controllers\ApplyController.php on line 357.
 1 APPPATH\Controllers\ApplyController.php(357): CodeIgniter\Debug\Exceptions->errorHandler(2, 'Undefined variable $existingCert', 'C:\\laragon\\www\\pascav2\\app\\Controllers\\ApplyController.php', 357)
 2 ROOTPATH\system\CodeIgniter.php(933): App\Controllers\ApplyController->InsStep3()
 3 ROOTPATH\system\CodeIgniter.php(509): CodeIgniter\CodeIgniter->runController(Object(App\Controllers\ApplyController))
 4 ROOTPATH\system\CodeIgniter.php(355): CodeIgniter\CodeIgniter->handleRequest(null, Object(Config\Cache), false)
 5 SYSTEMPATH\Boot.php(325): CodeIgniter\CodeIgniter->run()
 6 SYSTEMPATH\Boot.php(67): CodeIgniter\Boot::runCodeIgniter(Object(CodeIgniter\CodeIgniter))
 7 FCPATH\index.php(56): CodeIgniter\Boot::bootWeb(Object(Config\Paths))
INFO - 2025-01-14 04:29:49 --> Session: Class initialized using 'CodeIgniter\Session\Handlers\FileHandler' driver.
INFO - 2025-01-14 04:29:51 --> Session: Class initialized using 'CodeIgniter\Session\Handlers\FileHandler' driver.
INFO - 2025-01-14 04:29:51 --> Session: Class initialized using 'CodeIgniter\Session\Handlers\FileHandler' driver.
INFO - 2025-01-14 04:29:58 --> Session: Class initialized using 'CodeIgniter\Session\Handlers\FileHandler' driver.
INFO - 2025-01-14 04:30:00 --> Session: Class initialized using 'CodeIgniter\Session\Handlers\FileHandler' driver.
INFO - 2025-01-14 04:30:01 --> Session: Class initialized using 'CodeIgniter\Session\Handlers\FileHandler' driver.
INFO - 2025-01-14 04:30:01 --> Session: Class initialized using 'CodeIgniter\Session\Handlers\FileHandler' driver.
INFO - 2025-01-14 04:30:32 --> Session: Class initialized using 'CodeIgniter\Session\Handlers\FileHandler' driver.
INFO - 2025-01-14 04:30:34 --> Session: Class initialized using 'CodeIgniter\Session\Handlers\FileHandler' driver.
INFO - 2025-01-14 04:30:35 --> Session: Class initialized using 'CodeIgniter\Session\Handlers\FileHandler' driver.
INFO - 2025-01-14 04:30:35 --> Session: Class initialized using 'CodeIgniter\Session\Handlers\FileHandler' driver.
INFO - 2025-01-14 04:38:46 --> Session: Class initialized using 'CodeIgniter\Session\Handlers\FileHandler' driver.
INFO - 2025-01-14 04:38:47 --> Session: Class initialized using 'CodeIgniter\Session\Handlers\FileHandler' driver.
INFO - 2025-01-14 04:38:47 --> Session: Class initialized using 'CodeIgniter\Session\Handlers\FileHandler' driver.
INFO - 2025-01-14 04:42:44 --> Session: Class initialized using 'CodeIgniter\Session\Handlers\FileHandler' driver.
INFO - 2025-01-14 04:42:45 --> Session: Class initialized using 'CodeIgniter\Session\Handlers\FileHandler' driver.
INFO - 2025-01-14 04:42:45 --> Session: Class initialized using 'CodeIgniter\Session\Handlers\FileHandler' driver.
INFO - 2025-01-14 04:45:00 --> Session: Class initialized using 'CodeIgniter\Session\Handlers\FileHandler' driver.
INFO - 2025-01-14 04:45:01 --> Session: Class initialized using 'CodeIgniter\Session\Handlers\FileHandler' driver.
INFO - 2025-01-14 04:45:01 --> Session: Class initialized using 'CodeIgniter\Session\Handlers\FileHandler' driver.
INFO - 2025-01-14 04:50:59 --> Session: Class initialized using 'CodeIgniter\Session\Handlers\FileHandler' driver.
INFO - 2025-01-14 04:50:59 --> Session: Class initialized using 'CodeIgniter\Session\Handlers\FileHandler' driver.
INFO - 2025-01-14 04:50:59 --> Session: Class initialized using 'CodeIgniter\Session\Handlers\FileHandler' driver.
INFO - 2025-01-14 04:51:09 --> Session: Class initialized using 'CodeIgniter\Session\Handlers\FileHandler' driver.
INFO - 2025-01-14 04:51:11 --> Session: Class initialized using 'CodeIgniter\Session\Handlers\FileHandler' driver.
INFO - 2025-01-14 04:51:11 --> Session: Class initialized using 'CodeIgniter\Session\Handlers\FileHandler' driver.
INFO - 2025-01-14 04:51:11 --> Session: Class initialized using 'CodeIgniter\Session\Handlers\FileHandler' driver.
INFO - 2025-01-14 04:59:17 --> Session: Class initialized using 'CodeIgniter\Session\Handlers\FileHandler' driver.
INFO - 2025-01-14 04:59:18 --> Session: Class initialized using 'CodeIgniter\Session\Handlers\FileHandler' driver.
INFO - 2025-01-14 04:59:18 --> Session: Class initialized using 'CodeIgniter\Session\Handlers\FileHandler' driver.
INFO - 2025-01-14 04:59:44 --> Session: Class initialized using 'CodeIgniter\Session\Handlers\FileHandler' driver.
INFO - 2025-01-14 04:59:45 --> Session: Class initialized using 'CodeIgniter\Session\Handlers\FileHandler' driver.
INFO - 2025-01-14 04:59:46 --> Session: Class initialized using 'CodeIgniter\Session\Handlers\FileHandler' driver.
INFO - 2025-01-14 04:59:46 --> Session: Class initialized using 'CodeIgniter\Session\Handlers\FileHandler' driver.
INFO - 2025-01-14 05:05:00 --> Session: Class initialized using 'CodeIgniter\Session\Handlers\FileHandler' driver.
INFO - 2025-01-14 05:05:02 --> Session: Class initialized using 'CodeIgniter\Session\Handlers\FileHandler' driver.
INFO - 2025-01-14 05:05:02 --> Session: Class initialized using 'CodeIgniter\Session\Handlers\FileHandler' driver.
INFO - 2025-01-14 05:15:54 --> Session: Class initialized using 'CodeIgniter\Session\Handlers\FileHandler' driver.
INFO - 2025-01-14 05:15:55 --> Session: Class initialized using 'CodeIgniter\Session\Handlers\FileHandler' driver.
INFO - 2025-01-14 05:15:55 --> Session: Class initialized using 'CodeIgniter\Session\Handlers\FileHandler' driver.
INFO - 2025-01-14 05:16:28 --> Session: Class initialized using 'CodeIgniter\Session\Handlers\FileHandler' driver.
INFO - 2025-01-14 05:16:29 --> Session: Class initialized using 'CodeIgniter\Session\Handlers\FileHandler' driver.
INFO - 2025-01-14 05:16:29 --> Session: Class initialized using 'CodeIgniter\Session\Handlers\FileHandler' driver.
INFO - 2025-01-14 05:16:29 --> Session: Class initialized using 'CodeIgniter\Session\Handlers\FileHandler' driver.
INFO - 2025-01-14 06:01:54 --> Session: Class initialized using 'CodeIgniter\Session\Handlers\FileHandler' driver.
INFO - 2025-01-14 06:01:54 --> Session: Class initialized using 'CodeIgniter\Session\Handlers\FileHandler' driver.
INFO - 2025-01-14 06:01:54 --> Session: Class initialized using 'CodeIgniter\Session\Handlers\FileHandler' driver.
INFO - 2025-01-14 06:03:07 --> Session: Class initialized using 'CodeIgniter\Session\Handlers\FileHandler' driver.
INFO - 2025-01-14 06:03:07 --> Session: Class initialized using 'CodeIgniter\Session\Handlers\FileHandler' driver.
INFO - 2025-01-14 06:03:07 --> Session: Class initialized using 'CodeIgniter\Session\Handlers\FileHandler' driver.
INFO - 2025-01-14 06:03:28 --> Session: Class initialized using 'CodeIgniter\Session\Handlers\FileHandler' driver.
INFO - 2025-01-14 06:03:28 --> Session: Class initialized using 'CodeIgniter\Session\Handlers\FileHandler' driver.
INFO - 2025-01-14 06:03:28 --> Session: Class initialized using 'CodeIgniter\Session\Handlers\FileHandler' driver.
INFO - 2025-01-14 06:03:44 --> Session: Class initialized using 'CodeIgniter\Session\Handlers\FileHandler' driver.
INFO - 2025-01-14 06:03:45 --> Session: Class initialized using 'CodeIgniter\Session\Handlers\FileHandler' driver.
INFO - 2025-01-14 06:03:45 --> Session: Class initialized using 'CodeIgniter\Session\Handlers\FileHandler' driver.
INFO - 2025-01-14 06:04:09 --> Session: Class initialized using 'CodeIgniter\Session\Handlers\FileHandler' driver.
INFO - 2025-01-14 06:04:09 --> Session: Class initialized using 'CodeIgniter\Session\Handlers\FileHandler' driver.
INFO - 2025-01-14 06:04:09 --> Session: Class initialized using 'CodeIgniter\Session\Handlers\FileHandler' driver.
INFO - 2025-01-14 06:04:24 --> Session: Class initialized using 'CodeIgniter\Session\Handlers\FileHandler' driver.
INFO - 2025-01-14 06:04:25 --> Session: Class initialized using 'CodeIgniter\Session\Handlers\FileHandler' driver.
INFO - 2025-01-14 06:04:25 --> Session: Class initialized using 'CodeIgniter\Session\Handlers\FileHandler' driver.
INFO - 2025-01-14 06:18:32 --> Session: Class initialized using 'CodeIgniter\Session\Handlers\FileHandler' driver.
INFO - 2025-01-14 06:18:32 --> Session: Class initialized using 'CodeIgniter\Session\Handlers\FileHandler' driver.
CRITICAL - 2025-01-14 06:18:32 --> ErrorException: Cannot redeclare App\Controllers\ApplyController::handleFileUpload()
[Method: GET, Route: getkodprogram]
in APPPATH\Controllers\ApplyController.php on line 475.
 1 [internal function]: CodeIgniter\Debug\Exceptions->shutdownHandler()
CRITICAL - 2025-01-14 06:18:32 --> ErrorException: Cannot redeclare App\Controllers\ApplyController::handleFileUpload()
[Method: GET, Route: getkodnegara]
in APPPATH\Controllers\ApplyController.php on line 475.
 1 [internal function]: CodeIgniter\Debug\Exceptions->shutdownHandler()
CRITICAL - 2025-01-14 06:18:32 --> ErrorException: Cannot redeclare App\Controllers\ApplyController::handleFileUpload()
[Method: GET, Route: getkodkecacatan]
in APPPATH\Controllers\ApplyController.php on line 475.
 1 [internal function]: CodeIgniter\Debug\Exceptions->shutdownHandler()
CRITICAL - 2025-01-14 06:18:32 --> ErrorException: Cannot redeclare App\Controllers\ApplyController::handleFileUpload()
[Method: GET, Route: displayprofile]
in APPPATH\Controllers\ApplyController.php on line 475.
 1 [internal function]: CodeIgniter\Debug\Exceptions->shutdownHandler()
CRITICAL - 2025-01-14 06:18:32 --> ErrorException: Cannot redeclare App\Controllers\ApplyController::handleFileUpload()
[Method: GET, Route: getkodnegeri]
in APPPATH\Controllers\ApplyController.php on line 475.
 1 [internal function]: CodeIgniter\Debug\Exceptions->shutdownHandler()
INFO - 2025-01-14 06:18:59 --> Session: Class initialized using 'CodeIgniter\Session\Handlers\FileHandler' driver.
INFO - 2025-01-14 06:19:02 --> Session: Class initialized using 'CodeIgniter\Session\Handlers\FileHandler' driver.
INFO - 2025-01-14 06:19:02 --> Session: Class initialized using 'CodeIgniter\Session\Handlers\FileHandler' driver.
INFO - 2025-01-14 06:27:40 --> Session: Class initialized using 'CodeIgniter\Session\Handlers\FileHandler' driver.
INFO - 2025-01-14 06:27:41 --> Session: Class initialized using 'CodeIgniter\Session\Handlers\FileHandler' driver.
INFO - 2025-01-14 06:27:41 --> Session: Class initialized using 'CodeIgniter\Session\Handlers\FileHandler' driver.
INFO - 2025-01-14 06:28:56 --> Session: Class initialized using 'CodeIgniter\Session\Handlers\FileHandler' driver.
INFO - 2025-01-14 06:28:57 --> Session: Class initialized using 'CodeIgniter\Session\Handlers\FileHandler' driver.
INFO - 2025-01-14 06:28:58 --> Session: Class initialized using 'CodeIgniter\Session\Handlers\FileHandler' driver.
INFO - 2025-01-14 06:28:58 --> Session: Class initialized using 'CodeIgniter\Session\Handlers\FileHandler' driver.
INFO - 2025-01-14 06:29:09 --> Session: Class initialized using 'CodeIgniter\Session\Handlers\FileHandler' driver.
INFO - 2025-01-14 06:29:10 --> Session: Class initialized using 'CodeIgniter\Session\Handlers\FileHandler' driver.
INFO - 2025-01-14 06:29:10 --> Session: Class initialized using 'CodeIgniter\Session\Handlers\FileHandler' driver.
INFO - 2025-01-14 06:29:11 --> Session: Class initialized using 'CodeIgniter\Session\Handlers\FileHandler' driver.
INFO - 2025-01-14 06:29:52 --> Session: Class initialized using 'CodeIgniter\Session\Handlers\FileHandler' driver.
INFO - 2025-01-14 06:29:52 --> Session: Class initialized using 'CodeIgniter\Session\Handlers\FileHandler' driver.
INFO - 2025-01-14 06:29:52 --> Session: Class initialized using 'CodeIgniter\Session\Handlers\FileHandler' driver.
INFO - 2025-01-14 06:30:02 --> Session: Class initialized using 'CodeIgniter\Session\Handlers\FileHandler' driver.
INFO - 2025-01-14 06:30:04 --> Session: Class initialized using 'CodeIgniter\Session\Handlers\FileHandler' driver.
INFO - 2025-01-14 06:30:04 --> Session: Class initialized using 'CodeIgniter\Session\Handlers\FileHandler' driver.
INFO - 2025-01-14 06:30:04 --> Session: Class initialized using 'CodeIgniter\Session\Handlers\FileHandler' driver.
INFO - 2025-01-14 06:30:37 --> Session: Class initialized using 'CodeIgniter\Session\Handlers\FileHandler' driver.
INFO - 2025-01-14 06:30:38 --> Session: Class initialized using 'CodeIgniter\Session\Handlers\FileHandler' driver.
INFO - 2025-01-14 06:30:39 --> Session: Class initialized using 'CodeIgniter\Session\Handlers\FileHandler' driver.
INFO - 2025-01-14 06:30:39 --> Session: Class initialized using 'CodeIgniter\Session\Handlers\FileHandler' driver.
INFO - 2025-01-14 06:30:58 --> Session: Class initialized using 'CodeIgniter\Session\Handlers\FileHandler' driver.
INFO - 2025-01-14 06:30:59 --> Session: Class initialized using 'CodeIgniter\Session\Handlers\FileHandler' driver.
INFO - 2025-01-14 06:31:00 --> Session: Class initialized using 'CodeIgniter\Session\Handlers\FileHandler' driver.
INFO - 2025-01-14 06:31:00 --> Session: Class initialized using 'CodeIgniter\Session\Handlers\FileHandler' driver.
INFO - 2025-01-14 06:32:21 --> Session: Class initialized using 'CodeIgniter\Session\Handlers\FileHandler' driver.
INFO - 2025-01-14 06:32:21 --> Session: Class initialized using 'CodeIgniter\Session\Handlers\FileHandler' driver.
INFO - 2025-01-14 06:32:21 --> Session: Class initialized using 'CodeIgniter\Session\Handlers\FileHandler' driver.
INFO - 2025-01-14 06:32:28 --> Session: Class initialized using 'CodeIgniter\Session\Handlers\FileHandler' driver.
INFO - 2025-01-14 06:32:28 --> Session: Class initialized using 'CodeIgniter\Session\Handlers\FileHandler' driver.
INFO - 2025-01-14 06:32:29 --> Session: Class initialized using 'CodeIgniter\Session\Handlers\FileHandler' driver.
INFO - 2025-01-14 06:37:45 --> Session: Class initialized using 'CodeIgniter\Session\Handlers\FileHandler' driver.
INFO - 2025-01-14 06:37:46 --> Session: Class initialized using 'CodeIgniter\Session\Handlers\FileHandler' driver.
INFO - 2025-01-14 06:37:46 --> Session: Class initialized using 'CodeIgniter\Session\Handlers\FileHandler' driver.
INFO - 2025-01-14 06:39:18 --> Session: Class initialized using 'CodeIgniter\Session\Handlers\FileHandler' driver.
INFO - 2025-01-14 06:39:19 --> Session: Class initialized using 'CodeIgniter\Session\Handlers\FileHandler' driver.
INFO - 2025-01-14 06:39:19 --> Session: Class initialized using 'CodeIgniter\Session\Handlers\FileHandler' driver.
INFO - 2025-01-14 06:40:39 --> Session: Class initialized using 'CodeIgniter\Session\Handlers\FileHandler' driver.
INFO - 2025-01-14 06:40:40 --> Session: Class initialized using 'CodeIgniter\Session\Handlers\FileHandler' driver.
INFO - 2025-01-14 06:40:40 --> Session: Class initialized using 'CodeIgniter\Session\Handlers\FileHandler' driver.
INFO - 2025-01-14 06:41:40 --> Session: Class initialized using 'CodeIgniter\Session\Handlers\FileHandler' driver.
INFO - 2025-01-14 06:41:40 --> Session: Class initialized using 'CodeIgniter\Session\Handlers\FileHandler' driver.
INFO - 2025-01-14 06:41:40 --> Session: Class initialized using 'CodeIgniter\Session\Handlers\FileHandler' driver.
INFO - 2025-01-14 06:43:58 --> Session: Class initialized using 'CodeIgniter\Session\Handlers\FileHandler' driver.
INFO - 2025-01-14 06:43:59 --> Session: Class initialized using 'CodeIgniter\Session\Handlers\FileHandler' driver.
INFO - 2025-01-14 06:43:59 --> Session: Class initialized using 'CodeIgniter\Session\Handlers\FileHandler' driver.
INFO - 2025-01-14 06:46:10 --> Session: Class initialized using 'CodeIgniter\Session\Handlers\FileHandler' driver.
INFO - 2025-01-14 06:46:10 --> Session: Class initialized using 'CodeIgniter\Session\Handlers\FileHandler' driver.
INFO - 2025-01-14 06:46:10 --> Session: Class initialized using 'CodeIgniter\Session\Handlers\FileHandler' driver.
INFO - 2025-01-14 06:49:27 --> Session: Class initialized using 'CodeIgniter\Session\Handlers\FileHandler' driver.
INFO - 2025-01-14 06:49:27 --> Session: Class initialized using 'CodeIgniter\Session\Handlers\FileHandler' driver.
INFO - 2025-01-14 06:49:27 --> Session: Class initialized using 'CodeIgniter\Session\Handlers\FileHandler' driver.
INFO - 2025-01-14 06:51:17 --> Session: Class initialized using 'CodeIgniter\Session\Handlers\FileHandler' driver.
INFO - 2025-01-14 06:51:17 --> Session: Class initialized using 'CodeIgniter\Session\Handlers\FileHandler' driver.
INFO - 2025-01-14 06:51:17 --> Session: Class initialized using 'CodeIgniter\Session\Handlers\FileHandler' driver.
INFO - 2025-01-14 06:52:35 --> Session: Class initialized using 'CodeIgniter\Session\Handlers\FileHandler' driver.
INFO - 2025-01-14 06:52:36 --> Session: Class initialized using 'CodeIgniter\Session\Handlers\FileHandler' driver.
INFO - 2025-01-14 06:52:36 --> Session: Class initialized using 'CodeIgniter\Session\Handlers\FileHandler' driver.
INFO - 2025-01-14 06:55:02 --> Session: Class initialized using 'CodeIgniter\Session\Handlers\FileHandler' driver.
INFO - 2025-01-14 06:55:03 --> Session: Class initialized using 'CodeIgniter\Session\Handlers\FileHandler' driver.
INFO - 2025-01-14 06:55:03 --> Session: Class initialized using 'CodeIgniter\Session\Handlers\FileHandler' driver.
INFO - 2025-01-14 06:55:41 --> Session: Class initialized using 'CodeIgniter\Session\Handlers\FileHandler' driver.
INFO - 2025-01-14 06:55:41 --> Session: Class initialized using 'CodeIgniter\Session\Handlers\FileHandler' driver.
INFO - 2025-01-14 06:55:41 --> Session: Class initialized using 'CodeIgniter\Session\Handlers\FileHandler' driver.
INFO - 2025-01-14 06:57:48 --> Session: Class initialized using 'CodeIgniter\Session\Handlers\FileHandler' driver.
INFO - 2025-01-14 06:57:49 --> Session: Class initialized using 'CodeIgniter\Session\Handlers\FileHandler' driver.
INFO - 2025-01-14 06:57:49 --> Session: Class initialized using 'CodeIgniter\Session\Handlers\FileHandler' driver.
INFO - 2025-01-14 06:57:59 --> Session: Class initialized using 'CodeIgniter\Session\Handlers\FileHandler' driver.
INFO - 2025-01-14 06:58:00 --> Session: Class initialized using 'CodeIgniter\Session\Handlers\FileHandler' driver.
INFO - 2025-01-14 06:58:00 --> Session: Class initialized using 'CodeIgniter\Session\Handlers\FileHandler' driver.
INFO - 2025-01-14 06:59:31 --> Session: Class initialized using 'CodeIgniter\Session\Handlers\FileHandler' driver.
INFO - 2025-01-14 06:59:32 --> Session: Class initialized using 'CodeIgniter\Session\Handlers\FileHandler' driver.
INFO - 2025-01-14 06:59:32 --> Session: Class initialized using 'CodeIgniter\Session\Handlers\FileHandler' driver.
INFO - 2025-01-14 07:04:00 --> Session: Class initialized using 'CodeIgniter\Session\Handlers\FileHandler' driver.
INFO - 2025-01-14 07:04:01 --> Session: Class initialized using 'CodeIgniter\Session\Handlers\FileHandler' driver.
INFO - 2025-01-14 07:04:01 --> Session: Class initialized using 'CodeIgniter\Session\Handlers\FileHandler' driver.
INFO - 2025-01-14 07:04:33 --> Session: Class initialized using 'CodeIgniter\Session\Handlers\FileHandler' driver.
INFO - 2025-01-14 07:04:35 --> Session: Class initialized using 'CodeIgniter\Session\Handlers\FileHandler' driver.
INFO - 2025-01-14 07:04:35 --> Session: Class initialized using 'CodeIgniter\Session\Handlers\FileHandler' driver.
INFO - 2025-01-14 07:05:43 --> Session: Class initialized using 'CodeIgniter\Session\Handlers\FileHandler' driver.
INFO - 2025-01-14 07:05:45 --> Session: Class initialized using 'CodeIgniter\Session\Handlers\FileHandler' driver.
INFO - 2025-01-14 07:05:45 --> Session: Class initialized using 'CodeIgniter\Session\Handlers\FileHandler' driver.
INFO - 2025-01-14 07:08:36 --> Session: Class initialized using 'CodeIgniter\Session\Handlers\FileHandler' driver.
INFO - 2025-01-14 07:08:37 --> Session: Class initialized using 'CodeIgniter\Session\Handlers\FileHandler' driver.
INFO - 2025-01-14 07:08:37 --> Session: Class initialized using 'CodeIgniter\Session\Handlers\FileHandler' driver.
INFO - 2025-01-14 07:09:24 --> Session: Class initialized using 'CodeIgniter\Session\Handlers\FileHandler' driver.
INFO - 2025-01-14 07:09:25 --> Session: Class initialized using 'CodeIgniter\Session\Handlers\FileHandler' driver.
INFO - 2025-01-14 07:09:26 --> Session: Class initialized using 'CodeIgniter\Session\Handlers\FileHandler' driver.
INFO - 2025-01-14 07:09:57 --> Session: Class initialized using 'CodeIgniter\Session\Handlers\FileHandler' driver.
INFO - 2025-01-14 07:09:58 --> Session: Class initialized using 'CodeIgniter\Session\Handlers\FileHandler' driver.
INFO - 2025-01-14 07:09:58 --> Session: Class initialized using 'CodeIgniter\Session\Handlers\FileHandler' driver.
INFO - 2025-01-14 07:10:52 --> Session: Class initialized using 'CodeIgniter\Session\Handlers\FileHandler' driver.
INFO - 2025-01-14 07:10:53 --> Session: Class initialized using 'CodeIgniter\Session\Handlers\FileHandler' driver.
INFO - 2025-01-14 07:10:53 --> Session: Class initialized using 'CodeIgniter\Session\Handlers\FileHandler' driver.
INFO - 2025-01-14 07:11:29 --> Session: Class initialized using 'CodeIgniter\Session\Handlers\FileHandler' driver.
INFO - 2025-01-14 07:11:30 --> Session: Class initialized using 'CodeIgniter\Session\Handlers\FileHandler' driver.
INFO - 2025-01-14 07:11:30 --> Session: Class initialized using 'CodeIgniter\Session\Handlers\FileHandler' driver.
INFO - 2025-01-14 07:11:53 --> Session: Class initialized using 'CodeIgniter\Session\Handlers\FileHandler' driver.
INFO - 2025-01-14 07:11:55 --> Session: Class initialized using 'CodeIgniter\Session\Handlers\FileHandler' driver.
INFO - 2025-01-14 07:11:55 --> Session: Class initialized using 'CodeIgniter\Session\Handlers\FileHandler' driver.
INFO - 2025-01-14 07:11:57 --> Session: Class initialized using 'CodeIgniter\Session\Handlers\FileHandler' driver.
INFO - 2025-01-14 07:11:59 --> Session: Class initialized using 'CodeIgniter\Session\Handlers\FileHandler' driver.
INFO - 2025-01-14 07:11:59 --> Session: Class initialized using 'CodeIgniter\Session\Handlers\FileHandler' driver.
INFO - 2025-01-14 07:12:31 --> Session: Class initialized using 'CodeIgniter\Session\Handlers\FileHandler' driver.
INFO - 2025-01-14 07:12:32 --> Session: Class initialized using 'CodeIgniter\Session\Handlers\FileHandler' driver.
INFO - 2025-01-14 07:12:33 --> Session: Class initialized using 'CodeIgniter\Session\Handlers\FileHandler' driver.
INFO - 2025-01-14 07:13:59 --> Session: Class initialized using 'CodeIgniter\Session\Handlers\FileHandler' driver.
INFO - 2025-01-14 07:14:00 --> Session: Class initialized using 'CodeIgniter\Session\Handlers\FileHandler' driver.
INFO - 2025-01-14 07:14:00 --> Session: Class initialized using 'CodeIgniter\Session\Handlers\FileHandler' driver.
INFO - 2025-01-14 07:22:18 --> Session: Class initialized using 'CodeIgniter\Session\Handlers\FileHandler' driver.
INFO - 2025-01-14 07:22:18 --> Session: Class initialized using 'CodeIgniter\Session\Handlers\FileHandler' driver.
INFO - 2025-01-14 07:22:18 --> Session: Class initialized using 'CodeIgniter\Session\Handlers\FileHandler' driver.
INFO - 2025-01-14 07:38:05 --> Session: Class initialized using 'CodeIgniter\Session\Handlers\FileHandler' driver.
INFO - 2025-01-14 07:38:05 --> Session: Class initialized using 'CodeIgniter\Session\Handlers\FileHandler' driver.
CRITICAL - 2025-01-14 07:38:05 --> ErrorException: Cannot redeclare App\Controllers\ApplyController::InsStep3()
[Method: GET, Route: getkodkecacatan]
in APPPATH\Controllers\ApplyController.php on line 430.
 1 [internal function]: CodeIgniter\Debug\Exceptions->shutdownHandler()
CRITICAL - 2025-01-14 07:38:05 --> ErrorException: Cannot redeclare App\Controllers\ApplyController::InsStep3()
[Method: GET, Route: getkodpenaja]
in APPPATH\Controllers\ApplyController.php on line 430.
 1 [internal function]: CodeIgniter\Debug\Exceptions->shutdownHandler()
CRITICAL - 2025-01-14 07:38:05 --> ErrorException: Cannot redeclare App\Controllers\ApplyController::InsStep3()
[Method: GET, Route: getkodnegara]
in APPPATH\Controllers\ApplyController.php on line 430.
 1 [internal function]: CodeIgniter\Debug\Exceptions->shutdownHandler()
CRITICAL - 2025-01-14 07:38:05 --> ErrorException: Cannot redeclare App\Controllers\ApplyController::InsStep3()
[Method: GET, Route: getkodnegeri]
in APPPATH\Controllers\ApplyController.php on line 430.
 1 [internal function]: CodeIgniter\Debug\Exceptions->shutdownHandler()
CRITICAL - 2025-01-14 07:38:05 --> ErrorException: Cannot redeclare App\Controllers\ApplyController::InsStep3()
[Method: GET, Route: getkodprogram]
in APPPATH\Controllers\ApplyController.php on line 430.
 1 [internal function]: CodeIgniter\Debug\Exceptions->shutdownHandler()
CRITICAL - 2025-01-14 07:38:06 --> ErrorException: Cannot redeclare App\Controllers\ApplyController::InsStep3()
[Method: GET, Route: displayprofile]
in APPPATH\Controllers\ApplyController.php on line 430.
 1 [internal function]: CodeIgniter\Debug\Exceptions->shutdownHandler()
INFO - 2025-01-14 07:39:11 --> Session: Class initialized using 'CodeIgniter\Session\Handlers\FileHandler' driver.
INFO - 2025-01-14 07:39:12 --> Session: Class initialized using 'CodeIgniter\Session\Handlers\FileHandler' driver.
CRITICAL - 2025-01-14 07:39:12 --> ErrorException: Cannot redeclare App\Controllers\ApplyController::InsStep3()
[Method: GET, Route: getkodpenaja]
in APPPATH\Controllers\ApplyController.php on line 430.
 1 [internal function]: CodeIgniter\Debug\Exceptions->shutdownHandler()
CRITICAL - 2025-01-14 07:39:12 --> ErrorException: Cannot redeclare App\Controllers\ApplyController::InsStep3()
[Method: GET, Route: getkodkecacatan]
in APPPATH\Controllers\ApplyController.php on line 430.
 1 [internal function]: CodeIgniter\Debug\Exceptions->shutdownHandler()
CRITICAL - 2025-01-14 07:39:12 --> ErrorException: Cannot redeclare App\Controllers\ApplyController::InsStep3()
[Method: GET, Route: getkodnegeri]
in APPPATH\Controllers\ApplyController.php on line 430.
 1 [internal function]: CodeIgniter\Debug\Exceptions->shutdownHandler()
CRITICAL - 2025-01-14 07:39:12 --> ErrorException: Cannot redeclare App\Controllers\ApplyController::InsStep3()
[Method: GET, Route: getkodnegara]
in APPPATH\Controllers\ApplyController.php on line 430.
 1 [internal function]: CodeIgniter\Debug\Exceptions->shutdownHandler()
CRITICAL - 2025-01-14 07:39:12 --> ErrorException: Cannot redeclare App\Controllers\ApplyController::InsStep3()
[Method: GET, Route: getkodprogram]
in APPPATH\Controllers\ApplyController.php on line 430.
 1 [internal function]: CodeIgniter\Debug\Exceptions->shutdownHandler()
CRITICAL - 2025-01-14 07:39:12 --> ErrorException: Cannot redeclare App\Controllers\ApplyController::InsStep3()
[Method: GET, Route: displayprofile]
in APPPATH\Controllers\ApplyController.php on line 430.
 1 [internal function]: CodeIgniter\Debug\Exceptions->shutdownHandler()
INFO - 2025-01-14 07:39:16 --> Session: Class initialized using 'CodeIgniter\Session\Handlers\FileHandler' driver.
CRITICAL - 2025-01-14 07:39:17 --> ErrorException: Cannot redeclare App\Controllers\ApplyController::InsStep3()
[Method: GET, Route: getkodnegeri]
in APPPATH\Controllers\ApplyController.php on line 430.
 1 [internal function]: CodeIgniter\Debug\Exceptions->shutdownHandler()
CRITICAL - 2025-01-14 07:39:17 --> ErrorException: Cannot redeclare App\Controllers\ApplyController::InsStep3()
[Method: GET, Route: getkodpenaja]
in APPPATH\Controllers\ApplyController.php on line 430.
 1 [internal function]: CodeIgniter\Debug\Exceptions->shutdownHandler()
CRITICAL - 2025-01-14 07:39:17 --> ErrorException: Cannot redeclare App\Controllers\ApplyController::InsStep3()
[Method: GET, Route: getkodnegara]
in APPPATH\Controllers\ApplyController.php on line 430.
 1 [internal function]: CodeIgniter\Debug\Exceptions->shutdownHandler()
CRITICAL - 2025-01-14 07:39:17 --> ErrorException: Cannot redeclare App\Controllers\ApplyController::InsStep3()
[Method: GET, Route: getkodkecacatan]
in APPPATH\Controllers\ApplyController.php on line 430.
 1 [internal function]: CodeIgniter\Debug\Exceptions->shutdownHandler()
CRITICAL - 2025-01-14 07:39:17 --> ErrorException: Cannot redeclare App\Controllers\ApplyController::InsStep3()
[Method: GET, Route: getkodprogram]
in APPPATH\Controllers\ApplyController.php on line 430.
 1 [internal function]: CodeIgniter\Debug\Exceptions->shutdownHandler()
INFO - 2025-01-14 07:39:18 --> Session: Class initialized using 'CodeIgniter\Session\Handlers\FileHandler' driver.
CRITICAL - 2025-01-14 07:39:18 --> ErrorException: Cannot redeclare App\Controllers\ApplyController::InsStep3()
[Method: GET, Route: displayprofile]
in APPPATH\Controllers\ApplyController.php on line 430.
 1 [internal function]: CodeIgniter\Debug\Exceptions->shutdownHandler()
INFO - 2025-01-14 07:40:45 --> Session: Class initialized using 'CodeIgniter\Session\Handlers\FileHandler' driver.
INFO - 2025-01-14 07:40:46 --> Session: Class initialized using 'CodeIgniter\Session\Handlers\FileHandler' driver.
INFO - 2025-01-14 07:40:46 --> Session: Class initialized using 'CodeIgniter\Session\Handlers\FileHandler' driver.
INFO - 2025-01-14 07:41:04 --> Session: Class initialized using 'CodeIgniter\Session\Handlers\FileHandler' driver.
INFO - 2025-01-14 07:41:05 --> Session: Class initialized using 'CodeIgniter\Session\Handlers\FileHandler' driver.
INFO - 2025-01-14 07:41:05 --> Session: Class initialized using 'CodeIgniter\Session\Handlers\FileHandler' driver.
INFO - 2025-01-14 07:48:09 --> Session: Class initialized using 'CodeIgniter\Session\Handlers\FileHandler' driver.
INFO - 2025-01-14 07:48:10 --> Session: Class initialized using 'CodeIgniter\Session\Handlers\FileHandler' driver.
INFO - 2025-01-14 07:48:10 --> Session: Class initialized using 'CodeIgniter\Session\Handlers\FileHandler' driver.
INFO - 2025-01-14 07:48:23 --> Session: Class initialized using 'CodeIgniter\Session\Handlers\FileHandler' driver.
INFO - 2025-01-14 07:48:24 --> Session: Class initialized using 'CodeIgniter\Session\Handlers\FileHandler' driver.
INFO - 2025-01-14 07:48:25 --> Session: Class initialized using 'CodeIgniter\Session\Handlers\FileHandler' driver.
INFO - 2025-01-14 07:48:25 --> Session: Class initialized using 'CodeIgniter\Session\Handlers\FileHandler' driver.
INFO - 2025-01-14 07:53:14 --> Session: Class initialized using 'CodeIgniter\Session\Handlers\FileHandler' driver.
INFO - 2025-01-14 07:53:14 --> Session: Class initialized using 'CodeIgniter\Session\Handlers\FileHandler' driver.
INFO - 2025-01-14 07:53:15 --> Session: Class initialized using 'CodeIgniter\Session\Handlers\FileHandler' driver.
INFO - 2025-01-14 07:53:32 --> Session: Class initialized using 'CodeIgniter\Session\Handlers\FileHandler' driver.
ERROR - 2025-01-14 07:53:32 --> ErrorException: pg_query(): Query failed: ERROR:  column &quot;nullp001ejenname&quot; does not exist
LINE 1: ...blocal.p001 SET p001kpenaja = NULL, p001upwang  = NULLp001ej...
                                                             ^ in C:\laragon\www\pascav2\system\Database\Postgre\Connection.php:204
Stack trace:
#0 [internal function]: CodeIgniter\Debug\Exceptions->errorHandler(2, 'pg_query(): Que...', 'C:\\laragon\\www\\...', 204)
#1 C:\laragon\www\pascav2\system\Database\Postgre\Connection.php(204): pg_query(Object(PgSql\Connection), 'UPDATE ppsdbloc...')
#2 C:\laragon\www\pascav2\system\Database\BaseConnection.php(734): CodeIgniter\Database\Postgre\Connection->execute('UPDATE ppsdbloc...')
#3 C:\laragon\www\pascav2\system\Database\BaseConnection.php(648): CodeIgniter\Database\BaseConnection->simpleQuery('UPDATE ppsdbloc...')
#4 C:\laragon\www\pascav2\app\Controllers\ApplyController.php(474): CodeIgniter\Database\BaseConnection->query('UPDATE ppsdbloc...', Array)
#5 C:\laragon\www\pascav2\system\CodeIgniter.php(933): App\Controllers\ApplyController->InsStep4()
#6 C:\laragon\www\pascav2\system\CodeIgniter.php(509): CodeIgniter\CodeIgniter->runController(Object(App\Controllers\ApplyController))
#7 C:\laragon\www\pascav2\system\CodeIgniter.php(355): CodeIgniter\CodeIgniter->handleRequest(NULL, Object(Config\Cache), false)
#8 C:\laragon\www\pascav2\vendor\codeigniter4\framework\system\Boot.php(325): CodeIgniter\CodeIgniter->run()
#9 C:\laragon\www\pascav2\vendor\codeigniter4\framework\system\Boot.php(67): CodeIgniter\Boot::runCodeIgniter(Object(CodeIgniter\CodeIgniter))
#10 C:\laragon\www\pascav2\public\index.php(56): CodeIgniter\Boot::bootWeb(Object(Config\Paths))
#11 {main}
CRITICAL - 2025-01-14 07:53:32 --> CodeIgniter\Database\Exceptions\DatabaseException: pg_query(): Query failed: ERROR:  column &quot;nullp001ejenname&quot; does not exist
LINE 1: ...blocal.p001 SET p001kpenaja = NULL, p001upwang  = NULLp001ej...
                                                             ^
[Method: POST, Route: insstep4]
in ROOTPATH\system\Database\BaseConnection.php on line 688.
 1 APPPATH\Controllers\ApplyController.php(474): CodeIgniter\Database\BaseConnection->query('UPDATE ppsdblocal.p001 SET p001kpenaja = ?, p001upwang  = ?p001ejenname = ?,p001ejenemail=?, p001amthouse = ? WHERE p001nokp = ?', [...])
 2 ROOTPATH\system\CodeIgniter.php(933): App\Controllers\ApplyController->InsStep4()
 3 ROOTPATH\system\CodeIgniter.php(509): CodeIgniter\CodeIgniter->runController(Object(App\Controllers\ApplyController))
 4 ROOTPATH\system\CodeIgniter.php(355): CodeIgniter\CodeIgniter->handleRequest(null, Object(Config\Cache), false)
 5 SYSTEMPATH\Boot.php(325): CodeIgniter\CodeIgniter->run()
 6 SYSTEMPATH\Boot.php(67): CodeIgniter\Boot::runCodeIgniter(Object(CodeIgniter\CodeIgniter))
 7 FCPATH\index.php(56): CodeIgniter\Boot::bootWeb(Object(Config\Paths))
CRITICAL - 2025-01-14 07:53:32 --> [Caused by] CodeIgniter\Database\Exceptions\DatabaseException: pg_query(): Query failed: ERROR:  column &quot;nullp001ejenname&quot; does not exist
LINE 1: ...blocal.p001 SET p001kpenaja = NULL, p001upwang  = NULLp001ej...
                                                             ^
in ROOTPATH\system\Database\Postgre\Connection.php on line 209.
 1 ROOTPATH\system\Database\BaseConnection.php(734): CodeIgniter\Database\Postgre\Connection->execute('UPDATE ppsdblocal.p001 SET p001kpenaja = NULL, p001upwang  = NULLp001ejenname = \'namaejen\',p001ejenemail=\'emelejen\', p001amthouse = NULL WHERE p001nokp = \'860604465280\'')
 2 ROOTPATH\system\Database\BaseConnection.php(648): CodeIgniter\Database\BaseConnection->simpleQuery('UPDATE ppsdblocal.p001 SET p001kpenaja = NULL, p001upwang  = NULLp001ejenname = \'namaejen\',p001ejenemail=\'emelejen\', p001amthouse = NULL WHERE p001nokp = \'860604465280\'')
 3 APPPATH\Controllers\ApplyController.php(474): CodeIgniter\Database\BaseConnection->query('UPDATE ppsdblocal.p001 SET p001kpenaja = ?, p001upwang  = ?p001ejenname = ?,p001ejenemail=?, p001amthouse = ? WHERE p001nokp = ?', [...])
 4 ROOTPATH\system\CodeIgniter.php(933): App\Controllers\ApplyController->InsStep4()
 5 ROOTPATH\system\CodeIgniter.php(509): CodeIgniter\CodeIgniter->runController(Object(App\Controllers\ApplyController))
 6 ROOTPATH\system\CodeIgniter.php(355): CodeIgniter\CodeIgniter->handleRequest(null, Object(Config\Cache), false)
 7 SYSTEMPATH\Boot.php(325): CodeIgniter\CodeIgniter->run()
 8 SYSTEMPATH\Boot.php(67): CodeIgniter\Boot::runCodeIgniter(Object(CodeIgniter\CodeIgniter))
 9 FCPATH\index.php(56): CodeIgniter\Boot::bootWeb(Object(Config\Paths))
CRITICAL - 2025-01-14 07:53:32 --> [Caused by] ErrorException: pg_query(): Query failed: ERROR:  column &quot;nullp001ejenname&quot; does not exist
LINE 1: ...blocal.p001 SET p001kpenaja = NULL, p001upwang  = NULLp001ej...
                                                             ^
in ROOTPATH\system\Database\Postgre\Connection.php on line 204.
 1 [internal function]: CodeIgniter\Debug\Exceptions->errorHandler(2, 'pg_query(): Query failed: ERROR:  column &quot;nullp001ejenname&quot; does not exist
LINE 1: ...blocal.p001 SET p001kpenaja = NULL, p001upwang  = NULLp001ej...
                                                             ^', 'C:\\laragon\\www\\pascav2\\system\\Database\\Postgre\\Connection.php', 204)
 2 ROOTPATH\system\Database\Postgre\Connection.php(204): pg_query(Object(PgSql\Connection), 'UPDATE ppsdblocal.p001 SET p001kpenaja = NULL, p001upwang  = NULLp001ejenname = \'namaejen\',p001ejenemail=\'emelejen\', p001amthouse = NULL WHERE p001nokp = \'860604465280\'')
 3 ROOTPATH\system\Database\BaseConnection.php(734): CodeIgniter\Database\Postgre\Connection->execute('UPDATE ppsdblocal.p001 SET p001kpenaja = NULL, p001upwang  = NULLp001ejenname = \'namaejen\',p001ejenemail=\'emelejen\', p001amthouse = NULL WHERE p001nokp = \'860604465280\'')
 4 ROOTPATH\system\Database\BaseConnection.php(648): CodeIgniter\Database\BaseConnection->simpleQuery('UPDATE ppsdblocal.p001 SET p001kpenaja = NULL, p001upwang  = NULLp001ejenname = \'namaejen\',p001ejenemail=\'emelejen\', p001amthouse = NULL WHERE p001nokp = \'860604465280\'')
 5 APPPATH\Controllers\ApplyController.php(474): CodeIgniter\Database\BaseConnection->query('UPDATE ppsdblocal.p001 SET p001kpenaja = ?, p001upwang  = ?p001ejenname = ?,p001ejenemail=?, p001amthouse = ? WHERE p001nokp = ?', [...])
 6 ROOTPATH\system\CodeIgniter.php(933): App\Controllers\ApplyController->InsStep4()
 7 ROOTPATH\system\CodeIgniter.php(509): CodeIgniter\CodeIgniter->runController(Object(App\Controllers\ApplyController))
 8 ROOTPATH\system\CodeIgniter.php(355): CodeIgniter\CodeIgniter->handleRequest(null, Object(Config\Cache), false)
 9 SYSTEMPATH\Boot.php(325): CodeIgniter\CodeIgniter->run()
10 SYSTEMPATH\Boot.php(67): CodeIgniter\Boot::runCodeIgniter(Object(CodeIgniter\CodeIgniter))
11 FCPATH\index.php(56): CodeIgniter\Boot::bootWeb(Object(Config\Paths))
INFO - 2025-01-14 08:00:16 --> Session: Class initialized using 'CodeIgniter\Session\Handlers\FileHandler' driver.
INFO - 2025-01-14 08:00:17 --> Session: Class initialized using 'CodeIgniter\Session\Handlers\FileHandler' driver.
INFO - 2025-01-14 08:00:18 --> Session: Class initialized using 'CodeIgniter\Session\Handlers\FileHandler' driver.
INFO - 2025-01-14 08:00:33 --> Session: Class initialized using 'CodeIgniter\Session\Handlers\FileHandler' driver.
ERROR - 2025-01-14 08:00:33 --> ErrorException: pg_query(): Query failed: ERROR:  column &quot;nullp001ejenname&quot; does not exist
LINE 1: ...local.p001 SET p001kpenaja = '56 ', p001upwang  = NULLp001ej...
                                                             ^ in C:\laragon\www\pascav2\system\Database\Postgre\Connection.php:204
Stack trace:
#0 [internal function]: CodeIgniter\Debug\Exceptions->errorHandler(2, 'pg_query(): Que...', 'C:\\laragon\\www\\...', 204)
#1 C:\laragon\www\pascav2\system\Database\Postgre\Connection.php(204): pg_query(Object(PgSql\Connection), 'UPDATE ppsdbloc...')
#2 C:\laragon\www\pascav2\system\Database\BaseConnection.php(734): CodeIgniter\Database\Postgre\Connection->execute('UPDATE ppsdbloc...')
#3 C:\laragon\www\pascav2\system\Database\BaseConnection.php(648): CodeIgniter\Database\BaseConnection->simpleQuery('UPDATE ppsdbloc...')
#4 C:\laragon\www\pascav2\app\Controllers\ApplyController.php(474): CodeIgniter\Database\BaseConnection->query('UPDATE ppsdbloc...', Array)
#5 C:\laragon\www\pascav2\system\CodeIgniter.php(933): App\Controllers\ApplyController->InsStep4()
#6 C:\laragon\www\pascav2\system\CodeIgniter.php(509): CodeIgniter\CodeIgniter->runController(Object(App\Controllers\ApplyController))
#7 C:\laragon\www\pascav2\system\CodeIgniter.php(355): CodeIgniter\CodeIgniter->handleRequest(NULL, Object(Config\Cache), false)
#8 C:\laragon\www\pascav2\vendor\codeigniter4\framework\system\Boot.php(325): CodeIgniter\CodeIgniter->run()
#9 C:\laragon\www\pascav2\vendor\codeigniter4\framework\system\Boot.php(67): CodeIgniter\Boot::runCodeIgniter(Object(CodeIgniter\CodeIgniter))
#10 C:\laragon\www\pascav2\public\index.php(56): CodeIgniter\Boot::bootWeb(Object(Config\Paths))
#11 {main}
CRITICAL - 2025-01-14 08:00:33 --> CodeIgniter\Database\Exceptions\DatabaseException: pg_query(): Query failed: ERROR:  column &quot;nullp001ejenname&quot; does not exist
LINE 1: ...local.p001 SET p001kpenaja = '56 ', p001upwang  = NULLp001ej...
                                                             ^
[Method: POST, Route: insstep4]
in ROOTPATH\system\Database\BaseConnection.php on line 688.
 1 APPPATH\Controllers\ApplyController.php(474): CodeIgniter\Database\BaseConnection->query('UPDATE ppsdblocal.p001 SET p001kpenaja = ?, p001upwang  = ?p001ejenname = ?,p001ejenemail=?, p001amthouse = ? WHERE p001nokp = ?', [...])
 2 ROOTPATH\system\CodeIgniter.php(933): App\Controllers\ApplyController->InsStep4()
 3 ROOTPATH\system\CodeIgniter.php(509): CodeIgniter\CodeIgniter->runController(Object(App\Controllers\ApplyController))
 4 ROOTPATH\system\CodeIgniter.php(355): CodeIgniter\CodeIgniter->handleRequest(null, Object(Config\Cache), false)
 5 SYSTEMPATH\Boot.php(325): CodeIgniter\CodeIgniter->run()
 6 SYSTEMPATH\Boot.php(67): CodeIgniter\Boot::runCodeIgniter(Object(CodeIgniter\CodeIgniter))
 7 FCPATH\index.php(56): CodeIgniter\Boot::bootWeb(Object(Config\Paths))
CRITICAL - 2025-01-14 08:00:33 --> [Caused by] CodeIgniter\Database\Exceptions\DatabaseException: pg_query(): Query failed: ERROR:  column &quot;nullp001ejenname&quot; does not exist
LINE 1: ...local.p001 SET p001kpenaja = '56 ', p001upwang  = NULLp001ej...
                                                             ^
in ROOTPATH\system\Database\Postgre\Connection.php on line 209.
 1 ROOTPATH\system\Database\BaseConnection.php(734): CodeIgniter\Database\Postgre\Connection->execute('UPDATE ppsdblocal.p001 SET p001kpenaja = \'56 \', p001upwang  = NULLp001ejenname = \'ee\',p001ejenemail=\'ee\', p001amthouse = NULL WHERE p001nokp = \'860604465280\'')
 2 ROOTPATH\system\Database\BaseConnection.php(648): CodeIgniter\Database\BaseConnection->simpleQuery('UPDATE ppsdblocal.p001 SET p001kpenaja = \'56 \', p001upwang  = NULLp001ejenname = \'ee\',p001ejenemail=\'ee\', p001amthouse = NULL WHERE p001nokp = \'860604465280\'')
 3 APPPATH\Controllers\ApplyController.php(474): CodeIgniter\Database\BaseConnection->query('UPDATE ppsdblocal.p001 SET p001kpenaja = ?, p001upwang  = ?p001ejenname = ?,p001ejenemail=?, p001amthouse = ? WHERE p001nokp = ?', [...])
 4 ROOTPATH\system\CodeIgniter.php(933): App\Controllers\ApplyController->InsStep4()
 5 ROOTPATH\system\CodeIgniter.php(509): CodeIgniter\CodeIgniter->runController(Object(App\Controllers\ApplyController))
 6 ROOTPATH\system\CodeIgniter.php(355): CodeIgniter\CodeIgniter->handleRequest(null, Object(Config\Cache), false)
 7 SYSTEMPATH\Boot.php(325): CodeIgniter\CodeIgniter->run()
 8 SYSTEMPATH\Boot.php(67): CodeIgniter\Boot::runCodeIgniter(Object(CodeIgniter\CodeIgniter))
 9 FCPATH\index.php(56): CodeIgniter\Boot::bootWeb(Object(Config\Paths))
CRITICAL - 2025-01-14 08:00:33 --> [Caused by] ErrorException: pg_query(): Query failed: ERROR:  column &quot;nullp001ejenname&quot; does not exist
LINE 1: ...local.p001 SET p001kpenaja = '56 ', p001upwang  = NULLp001ej...
                                                             ^
in ROOTPATH\system\Database\Postgre\Connection.php on line 204.
 1 [internal function]: CodeIgniter\Debug\Exceptions->errorHandler(2, 'pg_query(): Query failed: ERROR:  column &quot;nullp001ejenname&quot; does not exist
LINE 1: ...local.p001 SET p001kpenaja = \'56 \', p001upwang  = NULLp001ej...
                                                             ^', 'C:\\laragon\\www\\pascav2\\system\\Database\\Postgre\\Connection.php', 204)
 2 ROOTPATH\system\Database\Postgre\Connection.php(204): pg_query(Object(PgSql\Connection), 'UPDATE ppsdblocal.p001 SET p001kpenaja = \'56 \', p001upwang  = NULLp001ejenname = \'ee\',p001ejenemail=\'ee\', p001amthouse = NULL WHERE p001nokp = \'860604465280\'')
 3 ROOTPATH\system\Database\BaseConnection.php(734): CodeIgniter\Database\Postgre\Connection->execute('UPDATE ppsdblocal.p001 SET p001kpenaja = \'56 \', p001upwang  = NULLp001ejenname = \'ee\',p001ejenemail=\'ee\', p001amthouse = NULL WHERE p001nokp = \'860604465280\'')
 4 ROOTPATH\system\Database\BaseConnection.php(648): CodeIgniter\Database\BaseConnection->simpleQuery('UPDATE ppsdblocal.p001 SET p001kpenaja = \'56 \', p001upwang  = NULLp001ejenname = \'ee\',p001ejenemail=\'ee\', p001amthouse = NULL WHERE p001nokp = \'860604465280\'')
 5 APPPATH\Controllers\ApplyController.php(474): CodeIgniter\Database\BaseConnection->query('UPDATE ppsdblocal.p001 SET p001kpenaja = ?, p001upwang  = ?p001ejenname = ?,p001ejenemail=?, p001amthouse = ? WHERE p001nokp = ?', [...])
 6 ROOTPATH\system\CodeIgniter.php(933): App\Controllers\ApplyController->InsStep4()
 7 ROOTPATH\system\CodeIgniter.php(509): CodeIgniter\CodeIgniter->runController(Object(App\Controllers\ApplyController))
 8 ROOTPATH\system\CodeIgniter.php(355): CodeIgniter\CodeIgniter->handleRequest(null, Object(Config\Cache), false)
 9 SYSTEMPATH\Boot.php(325): CodeIgniter\CodeIgniter->run()
10 SYSTEMPATH\Boot.php(67): CodeIgniter\Boot::runCodeIgniter(Object(CodeIgniter\CodeIgniter))
11 FCPATH\index.php(56): CodeIgniter\Boot::bootWeb(Object(Config\Paths))
INFO - 2025-01-14 08:05:55 --> Session: Class initialized using 'CodeIgniter\Session\Handlers\FileHandler' driver.
INFO - 2025-01-14 08:05:56 --> Session: Class initialized using 'CodeIgniter\Session\Handlers\FileHandler' driver.
INFO - 2025-01-14 08:05:56 --> Session: Class initialized using 'CodeIgniter\Session\Handlers\FileHandler' driver.
INFO - 2025-01-14 08:06:09 --> Session: Class initialized using 'CodeIgniter\Session\Handlers\FileHandler' driver.
INFO - 2025-01-14 08:06:10 --> Session: Class initialized using 'CodeIgniter\Session\Handlers\FileHandler' driver.
INFO - 2025-01-14 08:06:11 --> Session: Class initialized using 'CodeIgniter\Session\Handlers\FileHandler' driver.
INFO - 2025-01-14 08:06:11 --> Session: Class initialized using 'CodeIgniter\Session\Handlers\FileHandler' driver.
INFO - 2025-01-14 08:12:45 --> Session: Class initialized using 'CodeIgniter\Session\Handlers\FileHandler' driver.
INFO - 2025-01-14 08:12:46 --> Session: Class initialized using 'CodeIgniter\Session\Handlers\FileHandler' driver.
INFO - 2025-01-14 08:12:46 --> Session: Class initialized using 'CodeIgniter\Session\Handlers\FileHandler' driver.
INFO - 2025-01-14 08:13:15 --> Session: Class initialized using 'CodeIgniter\Session\Handlers\FileHandler' driver.
INFO - 2025-01-14 08:13:16 --> Session: Class initialized using 'CodeIgniter\Session\Handlers\FileHandler' driver.
INFO - 2025-01-14 08:13:17 --> Session: Class initialized using 'CodeIgniter\Session\Handlers\FileHandler' driver.
INFO - 2025-01-14 08:13:17 --> Session: Class initialized using 'CodeIgniter\Session\Handlers\FileHandler' driver.
INFO - 2025-01-14 08:15:56 --> Session: Class initialized using 'CodeIgniter\Session\Handlers\FileHandler' driver.
INFO - 2025-01-14 08:15:57 --> Session: Class initialized using 'CodeIgniter\Session\Handlers\FileHandler' driver.
INFO - 2025-01-14 08:15:57 --> Session: Class initialized using 'CodeIgniter\Session\Handlers\FileHandler' driver.
INFO - 2025-01-14 08:21:16 --> Session: Class initialized using 'CodeIgniter\Session\Handlers\FileHandler' driver.
INFO - 2025-01-14 08:21:18 --> Session: Class initialized using 'CodeIgniter\Session\Handlers\FileHandler' driver.
INFO - 2025-01-14 08:21:18 --> Session: Class initialized using 'CodeIgniter\Session\Handlers\FileHandler' driver.
INFO - 2025-01-14 08:21:30 --> Session: Class initialized using 'CodeIgniter\Session\Handlers\FileHandler' driver.
INFO - 2025-01-14 08:21:31 --> Session: Class initialized using 'CodeIgniter\Session\Handlers\FileHandler' driver.
INFO - 2025-01-14 08:21:32 --> Session: Class initialized using 'CodeIgniter\Session\Handlers\FileHandler' driver.
INFO - 2025-01-14 08:21:32 --> Session: Class initialized using 'CodeIgniter\Session\Handlers\FileHandler' driver.
INFO - 2025-01-14 08:23:55 --> Session: Class initialized using 'CodeIgniter\Session\Handlers\FileHandler' driver.
INFO - 2025-01-14 08:23:56 --> Session: Class initialized using 'CodeIgniter\Session\Handlers\FileHandler' driver.
INFO - 2025-01-14 08:23:56 --> Session: Class initialized using 'CodeIgniter\Session\Handlers\FileHandler' driver.
INFO - 2025-01-14 08:24:50 --> Session: Class initialized using 'CodeIgniter\Session\Handlers\FileHandler' driver.
INFO - 2025-01-14 08:24:51 --> Session: Class initialized using 'CodeIgniter\Session\Handlers\FileHandler' driver.
INFO - 2025-01-14 08:24:52 --> Session: Class initialized using 'CodeIgniter\Session\Handlers\FileHandler' driver.
INFO - 2025-01-14 08:24:52 --> Session: Class initialized using 'CodeIgniter\Session\Handlers\FileHandler' driver.
INFO - 2025-01-14 08:27:31 --> Session: Class initialized using 'CodeIgniter\Session\Handlers\FileHandler' driver.
INFO - 2025-01-14 08:27:33 --> Session: Class initialized using 'CodeIgniter\Session\Handlers\FileHandler' driver.
INFO - 2025-01-14 08:27:33 --> Session: Class initialized using 'CodeIgniter\Session\Handlers\FileHandler' driver.
INFO - 2025-01-14 08:28:32 --> Session: Class initialized using 'CodeIgniter\Session\Handlers\FileHandler' driver.
INFO - 2025-01-14 08:28:34 --> Session: Class initialized using 'CodeIgniter\Session\Handlers\FileHandler' driver.
INFO - 2025-01-14 08:28:34 --> Session: Class initialized using 'CodeIgniter\Session\Handlers\FileHandler' driver.
INFO - 2025-01-14 08:32:36 --> Session: Class initialized using 'CodeIgniter\Session\Handlers\FileHandler' driver.
INFO - 2025-01-14 08:32:37 --> Session: Class initialized using 'CodeIgniter\Session\Handlers\FileHandler' driver.
INFO - 2025-01-14 08:32:38 --> Session: Class initialized using 'CodeIgniter\Session\Handlers\FileHandler' driver.
INFO - 2025-01-14 08:33:30 --> Session: Class initialized using 'CodeIgniter\Session\Handlers\FileHandler' driver.
INFO - 2025-01-14 08:33:31 --> Session: Class initialized using 'CodeIgniter\Session\Handlers\FileHandler' driver.
INFO - 2025-01-14 08:33:32 --> Session: Class initialized using 'CodeIgniter\Session\Handlers\FileHandler' driver.
INFO - 2025-01-14 08:34:51 --> Session: Class initialized using 'CodeIgniter\Session\Handlers\FileHandler' driver.
INFO - 2025-01-14 08:34:53 --> Session: Class initialized using 'CodeIgniter\Session\Handlers\FileHandler' driver.
INFO - 2025-01-14 08:34:53 --> Session: Class initialized using 'CodeIgniter\Session\Handlers\FileHandler' driver.
INFO - 2025-01-14 08:36:09 --> Session: Class initialized using 'CodeIgniter\Session\Handlers\FileHandler' driver.
INFO - 2025-01-14 08:36:11 --> Session: Class initialized using 'CodeIgniter\Session\Handlers\FileHandler' driver.
INFO - 2025-01-14 08:36:11 --> Session: Class initialized using 'CodeIgniter\Session\Handlers\FileHandler' driver.
INFO - 2025-01-14 08:37:01 --> Session: Class initialized using 'CodeIgniter\Session\Handlers\FileHandler' driver.
INFO - 2025-01-14 08:37:03 --> Session: Class initialized using 'CodeIgniter\Session\Handlers\FileHandler' driver.
INFO - 2025-01-14 08:37:03 --> Session: Class initialized using 'CodeIgniter\Session\Handlers\FileHandler' driver.
INFO - 2025-01-14 08:38:37 --> Session: Class initialized using 'CodeIgniter\Session\Handlers\FileHandler' driver.
INFO - 2025-01-14 08:38:38 --> Session: Class initialized using 'CodeIgniter\Session\Handlers\FileHandler' driver.
INFO - 2025-01-14 08:38:38 --> Session: Class initialized using 'CodeIgniter\Session\Handlers\FileHandler' driver.
INFO - 2025-01-14 08:42:34 --> Session: Class initialized using 'CodeIgniter\Session\Handlers\FileHandler' driver.
ERROR - 2025-01-14 08:42:34 --> ErrorException: pg_query(): Query failed: ERROR:  value too long for type character varying(2) in C:\laragon\www\pascav2\system\Database\Postgre\Connection.php:204
Stack trace:
#0 [internal function]: CodeIgniter\Debug\Exceptions->errorHandler(2, 'pg_query(): Que...', 'C:\\laragon\\www\\...', 204)
#1 C:\laragon\www\pascav2\system\Database\Postgre\Connection.php(204): pg_query(Object(PgSql\Connection), 'UPDATE ppsdbloc...')
#2 C:\laragon\www\pascav2\system\Database\BaseConnection.php(734): CodeIgniter\Database\Postgre\Connection->execute('UPDATE ppsdbloc...')
#3 C:\laragon\www\pascav2\system\Database\BaseConnection.php(648): CodeIgniter\Database\BaseConnection->simpleQuery('UPDATE ppsdbloc...')
#4 C:\laragon\www\pascav2\app\Controllers\ApplyController.php(475): CodeIgniter\Database\BaseConnection->query('UPDATE ppsdbloc...', Array)
#5 C:\laragon\www\pascav2\system\CodeIgniter.php(933): App\Controllers\ApplyController->InsStep4()
#6 C:\laragon\www\pascav2\system\CodeIgniter.php(509): CodeIgniter\CodeIgniter->runController(Object(App\Controllers\ApplyController))
#7 C:\laragon\www\pascav2\system\CodeIgniter.php(355): CodeIgniter\CodeIgniter->handleRequest(NULL, Object(Config\Cache), false)
#8 C:\laragon\www\pascav2\vendor\codeigniter4\framework\system\Boot.php(325): CodeIgniter\CodeIgniter->run()
#9 C:\laragon\www\pascav2\vendor\codeigniter4\framework\system\Boot.php(67): CodeIgniter\Boot::runCodeIgniter(Object(CodeIgniter\CodeIgniter))
#10 C:\laragon\www\pascav2\public\index.php(56): CodeIgniter\Boot::bootWeb(Object(Config\Paths))
#11 {main}
CRITICAL - 2025-01-14 08:42:34 --> CodeIgniter\Database\Exceptions\DatabaseException: pg_query(): Query failed: ERROR:  value too long for type character varying(2)
[Method: POST, Route: insstep4]
in ROOTPATH\system\Database\BaseConnection.php on line 688.
 1 APPPATH\Controllers\ApplyController.php(475): CodeIgniter\Database\BaseConnection->query('UPDATE ppsdblocal.p001 SET p001kpenaja = ?, p001upwang  = ?,p001ejenname = ?,p001ejenemail=?, p001amthouse = ? WHERE p001nokp = ?', [...])
 2 ROOTPATH\system\CodeIgniter.php(933): App\Controllers\ApplyController->InsStep4()
 3 ROOTPATH\system\CodeIgniter.php(509): CodeIgniter\CodeIgniter->runController(Object(App\Controllers\ApplyController))
 4 ROOTPATH\system\CodeIgniter.php(355): CodeIgniter\CodeIgniter->handleRequest(null, Object(Config\Cache), false)
 5 SYSTEMPATH\Boot.php(325): CodeIgniter\CodeIgniter->run()
 6 SYSTEMPATH\Boot.php(67): CodeIgniter\Boot::runCodeIgniter(Object(CodeIgniter\CodeIgniter))
 7 FCPATH\index.php(56): CodeIgniter\Boot::bootWeb(Object(Config\Paths))
CRITICAL - 2025-01-14 08:42:34 --> [Caused by] CodeIgniter\Database\Exceptions\DatabaseException: pg_query(): Query failed: ERROR:  value too long for type character varying(2)
in ROOTPATH\system\Database\Postgre\Connection.php on line 209.
 1 ROOTPATH\system\Database\BaseConnection.php(734): CodeIgniter\Database\Postgre\Connection->execute('UPDATE ppsdblocal.p001 SET p001kpenaja = \'null\', p001upwang  = NULL,p001ejenname = \'test\',p001ejenemail=\'test\', p001amthouse = \'10\' WHERE p001nokp = \'860604465280\'')
 2 ROOTPATH\system\Database\BaseConnection.php(648): CodeIgniter\Database\BaseConnection->simpleQuery('UPDATE ppsdblocal.p001 SET p001kpenaja = \'null\', p001upwang  = NULL,p001ejenname = \'test\',p001ejenemail=\'test\', p001amthouse = \'10\' WHERE p001nokp = \'860604465280\'')
 3 APPPATH\Controllers\ApplyController.php(475): CodeIgniter\Database\BaseConnection->query('UPDATE ppsdblocal.p001 SET p001kpenaja = ?, p001upwang  = ?,p001ejenname = ?,p001ejenemail=?, p001amthouse = ? WHERE p001nokp = ?', [...])
 4 ROOTPATH\system\CodeIgniter.php(933): App\Controllers\ApplyController->InsStep4()
 5 ROOTPATH\system\CodeIgniter.php(509): CodeIgniter\CodeIgniter->runController(Object(App\Controllers\ApplyController))
 6 ROOTPATH\system\CodeIgniter.php(355): CodeIgniter\CodeIgniter->handleRequest(null, Object(Config\Cache), false)
 7 SYSTEMPATH\Boot.php(325): CodeIgniter\CodeIgniter->run()
 8 SYSTEMPATH\Boot.php(67): CodeIgniter\Boot::runCodeIgniter(Object(CodeIgniter\CodeIgniter))
 9 FCPATH\index.php(56): CodeIgniter\Boot::bootWeb(Object(Config\Paths))
CRITICAL - 2025-01-14 08:42:34 --> [Caused by] ErrorException: pg_query(): Query failed: ERROR:  value too long for type character varying(2)
in ROOTPATH\system\Database\Postgre\Connection.php on line 204.
 1 [internal function]: CodeIgniter\Debug\Exceptions->errorHandler(2, 'pg_query(): Query failed: ERROR:  value too long for type character varying(2)', 'C:\\laragon\\www\\pascav2\\system\\Database\\Postgre\\Connection.php', 204)
 2 ROOTPATH\system\Database\Postgre\Connection.php(204): pg_query(Object(PgSql\Connection), 'UPDATE ppsdblocal.p001 SET p001kpenaja = \'null\', p001upwang  = NULL,p001ejenname = \'test\',p001ejenemail=\'test\', p001amthouse = \'10\' WHERE p001nokp = \'860604465280\'')
 3 ROOTPATH\system\Database\BaseConnection.php(734): CodeIgniter\Database\Postgre\Connection->execute('UPDATE ppsdblocal.p001 SET p001kpenaja = \'null\', p001upwang  = NULL,p001ejenname = \'test\',p001ejenemail=\'test\', p001amthouse = \'10\' WHERE p001nokp = \'860604465280\'')
 4 ROOTPATH\system\Database\BaseConnection.php(648): CodeIgniter\Database\BaseConnection->simpleQuery('UPDATE ppsdblocal.p001 SET p001kpenaja = \'null\', p001upwang  = NULL,p001ejenname = \'test\',p001ejenemail=\'test\', p001amthouse = \'10\' WHERE p001nokp = \'860604465280\'')
 5 APPPATH\Controllers\ApplyController.php(475): CodeIgniter\Database\BaseConnection->query('UPDATE ppsdblocal.p001 SET p001kpenaja = ?, p001upwang  = ?,p001ejenname = ?,p001ejenemail=?, p001amthouse = ? WHERE p001nokp = ?', [...])
 6 ROOTPATH\system\CodeIgniter.php(933): App\Controllers\ApplyController->InsStep4()
 7 ROOTPATH\system\CodeIgniter.php(509): CodeIgniter\CodeIgniter->runController(Object(App\Controllers\ApplyController))
 8 ROOTPATH\system\CodeIgniter.php(355): CodeIgniter\CodeIgniter->handleRequest(null, Object(Config\Cache), false)
 9 SYSTEMPATH\Boot.php(325): CodeIgniter\CodeIgniter->run()
10 SYSTEMPATH\Boot.php(67): CodeIgniter\Boot::runCodeIgniter(Object(CodeIgniter\CodeIgniter))
11 FCPATH\index.php(56): CodeIgniter\Boot::bootWeb(Object(Config\Paths))
INFO - 2025-01-14 08:46:34 --> Session: Class initialized using 'CodeIgniter\Session\Handlers\FileHandler' driver.
INFO - 2025-01-14 08:46:35 --> Session: Class initialized using 'CodeIgniter\Session\Handlers\FileHandler' driver.
INFO - 2025-01-14 08:46:35 --> Session: Class initialized using 'CodeIgniter\Session\Handlers\FileHandler' driver.
INFO - 2025-01-14 08:47:28 --> Session: Class initialized using 'CodeIgniter\Session\Handlers\FileHandler' driver.
INFO - 2025-01-14 08:47:29 --> Session: Class initialized using 'CodeIgniter\Session\Handlers\FileHandler' driver.
INFO - 2025-01-14 08:47:29 --> Session: Class initialized using 'CodeIgniter\Session\Handlers\FileHandler' driver.
INFO - 2025-01-14 08:48:12 --> Session: Class initialized using 'CodeIgniter\Session\Handlers\FileHandler' driver.
INFO - 2025-01-14 08:48:13 --> Session: Class initialized using 'CodeIgniter\Session\Handlers\FileHandler' driver.
INFO - 2025-01-14 08:48:13 --> Session: Class initialized using 'CodeIgniter\Session\Handlers\FileHandler' driver.
INFO - 2025-01-14 08:49:54 --> Session: Class initialized using 'CodeIgniter\Session\Handlers\FileHandler' driver.
INFO - 2025-01-14 08:49:55 --> Session: Class initialized using 'CodeIgniter\Session\Handlers\FileHandler' driver.
INFO - 2025-01-14 08:49:55 --> Session: Class initialized using 'CodeIgniter\Session\Handlers\FileHandler' driver.
INFO - 2025-01-14 08:51:19 --> Session: Class initialized using 'CodeIgniter\Session\Handlers\FileHandler' driver.
INFO - 2025-01-14 08:51:21 --> Session: Class initialized using 'CodeIgniter\Session\Handlers\FileHandler' driver.
INFO - 2025-01-14 08:51:21 --> Session: Class initialized using 'CodeIgniter\Session\Handlers\FileHandler' driver.
