WARNING - 2024-12-31 23:37:34 --> [DEPRECATED] Passing lowercase HTTP method "get" is deprecated. Use uppercase HTTP method like "GET". in ROOTPATH\system\Router\RouteCollection.php on line 1030.
 1 ROOTPATH\system\Router\RouteCollection.php(1030): trigger_error('Passing lowercase HTTP method "get" is deprecated. Use uppercase HTTP method like "GET".', 16384)
 2 APPPATH\Config\Routes.php(22): CodeIgniter\Router\RouteCollection->match([...], '/verifylogin/(:any)', 'LoginController::verifylogin/$1')
 3 ROOTPATH\system\Router\RouteCollection.php(340): require('C:\\laragon\\www\\pascav2\\app\\Config\\Routes.php')
 4 ROOTPATH\system\CodeIgniter.php(823): CodeIgniter\Router\RouteCollection->loadRoutes()
 5 ROOTPATH\system\CodeIgniter.php(457): CodeIgniter\CodeIgniter->tryToRouteIt(null)
 6 ROOTPATH\system\CodeIgniter.php(355): CodeIgniter\CodeIgniter->handleRequest(null, Object(Config\Cache), false)
 7 SYSTEMPATH\Boot.php(325): CodeIgniter\CodeIgniter->run()
 8 SYSTEMPATH\Boot.php(67): CodeIgniter\Boot::runCodeIgniter(Object(CodeIgniter\CodeIgniter))
 9 FCPATH\index.php(56): CodeIgniter\Boot::bootWeb(Object(Config\Paths))
WARNING - 2024-12-31 23:37:34 --> [DEPRECATED] Passing lowercase HTTP method "post" is deprecated. Use uppercase HTTP method like "POST". in ROOTPATH\system\Router\RouteCollection.php on line 1030.
 1 ROOTPATH\system\Router\RouteCollection.php(1030): trigger_error('Passing lowercase HTTP method "post" is deprecated. Use uppercase HTTP method like "POST".', 16384)
 2 APPPATH\Config\Routes.php(22): CodeIgniter\Router\RouteCollection->match([...], '/verifylogin/(:any)', 'LoginController::verifylogin/$1')
 3 ROOTPATH\system\Router\RouteCollection.php(340): require('C:\\laragon\\www\\pascav2\\app\\Config\\Routes.php')
 4 ROOTPATH\system\CodeIgniter.php(823): CodeIgniter\Router\RouteCollection->loadRoutes()
 5 ROOTPATH\system\CodeIgniter.php(457): CodeIgniter\CodeIgniter->tryToRouteIt(null)
 6 ROOTPATH\system\CodeIgniter.php(355): CodeIgniter\CodeIgniter->handleRequest(null, Object(Config\Cache), false)
 7 SYSTEMPATH\Boot.php(325): CodeIgniter\CodeIgniter->run()
 8 SYSTEMPATH\Boot.php(67): CodeIgniter\Boot::runCodeIgniter(Object(CodeIgniter\CodeIgniter))
 9 FCPATH\index.php(56): CodeIgniter\Boot::bootWeb(Object(Config\Paths))
INFO - 2024-12-31 23:37:35 --> Session: Class initialized using 'CodeIgniter\Session\Handlers\FileHandler' driver.
WARNING - 2024-12-31 23:37:37 --> [DEPRECATED] Passing lowercase HTTP method "get" is deprecated. Use uppercase HTTP method like "GET". in ROOTPATH\system\Router\RouteCollection.php on line 1030.
 1 ROOTPATH\system\Router\RouteCollection.php(1030): trigger_error('Passing lowercase HTTP method "get" is deprecated. Use uppercase HTTP method like "GET".', 16384)
 2 APPPATH\Config\Routes.php(22): CodeIgniter\Router\RouteCollection->match([...], '/verifylogin/(:any)', 'LoginController::verifylogin/$1')
 3 ROOTPATH\system\Router\RouteCollection.php(340): require('C:\\laragon\\www\\pascav2\\app\\Config\\Routes.php')
 4 ROOTPATH\system\CodeIgniter.php(823): CodeIgniter\Router\RouteCollection->loadRoutes()
 5 ROOTPATH\system\CodeIgniter.php(457): CodeIgniter\CodeIgniter->tryToRouteIt(null)
 6 ROOTPATH\system\CodeIgniter.php(355): CodeIgniter\CodeIgniter->handleRequest(null, Object(Config\Cache), false)
 7 SYSTEMPATH\Boot.php(325): CodeIgniter\CodeIgniter->run()
 8 SYSTEMPATH\Boot.php(67): CodeIgniter\Boot::runCodeIgniter(Object(CodeIgniter\CodeIgniter))
 9 FCPATH\index.php(56): CodeIgniter\Boot::bootWeb(Object(Config\Paths))
WARNING - 2024-12-31 23:37:37 --> [DEPRECATED] Passing lowercase HTTP method "post" is deprecated. Use uppercase HTTP method like "POST". in ROOTPATH\system\Router\RouteCollection.php on line 1030.
 1 ROOTPATH\system\Router\RouteCollection.php(1030): trigger_error('Passing lowercase HTTP method "post" is deprecated. Use uppercase HTTP method like "POST".', 16384)
 2 APPPATH\Config\Routes.php(22): CodeIgniter\Router\RouteCollection->match([...], '/verifylogin/(:any)', 'LoginController::verifylogin/$1')
 3 ROOTPATH\system\Router\RouteCollection.php(340): require('C:\\laragon\\www\\pascav2\\app\\Config\\Routes.php')
 4 ROOTPATH\system\CodeIgniter.php(823): CodeIgniter\Router\RouteCollection->loadRoutes()
 5 ROOTPATH\system\CodeIgniter.php(457): CodeIgniter\CodeIgniter->tryToRouteIt(null)
 6 ROOTPATH\system\CodeIgniter.php(355): CodeIgniter\CodeIgniter->handleRequest(null, Object(Config\Cache), false)
 7 SYSTEMPATH\Boot.php(325): CodeIgniter\CodeIgniter->run()
 8 SYSTEMPATH\Boot.php(67): CodeIgniter\Boot::runCodeIgniter(Object(CodeIgniter\CodeIgniter))
 9 FCPATH\index.php(56): CodeIgniter\Boot::bootWeb(Object(Config\Paths))
WARNING - 2024-12-31 23:37:37 --> [DEPRECATED] Passing lowercase HTTP method "get" is deprecated. Use uppercase HTTP method like "GET". in ROOTPATH\system\Router\RouteCollection.php on line 1030.
 1 ROOTPATH\system\Router\RouteCollection.php(1030): trigger_error('Passing lowercase HTTP method "get" is deprecated. Use uppercase HTTP method like "GET".', 16384)
 2 APPPATH\Config\Routes.php(22): CodeIgniter\Router\RouteCollection->match([...], '/verifylogin/(:any)', 'LoginController::verifylogin/$1')
 3 ROOTPATH\system\Router\RouteCollection.php(340): require('C:\\laragon\\www\\pascav2\\app\\Config\\Routes.php')
 4 ROOTPATH\system\CodeIgniter.php(823): CodeIgniter\Router\RouteCollection->loadRoutes()
 5 ROOTPATH\system\CodeIgniter.php(457): CodeIgniter\CodeIgniter->tryToRouteIt(null)
 6 ROOTPATH\system\CodeIgniter.php(355): CodeIgniter\CodeIgniter->handleRequest(null, Object(Config\Cache), false)
 7 SYSTEMPATH\Boot.php(325): CodeIgniter\CodeIgniter->run()
 8 SYSTEMPATH\Boot.php(67): CodeIgniter\Boot::runCodeIgniter(Object(CodeIgniter\CodeIgniter))
 9 FCPATH\index.php(56): CodeIgniter\Boot::bootWeb(Object(Config\Paths))
WARNING - 2024-12-31 23:37:37 --> [DEPRECATED] Passing lowercase HTTP method "get" is deprecated. Use uppercase HTTP method like "GET". in ROOTPATH\system\Router\RouteCollection.php on line 1030.
 1 ROOTPATH\system\Router\RouteCollection.php(1030): trigger_error('Passing lowercase HTTP method "get" is deprecated. Use uppercase HTTP method like "GET".', 16384)
 2 APPPATH\Config\Routes.php(22): CodeIgniter\Router\RouteCollection->match([...], '/verifylogin/(:any)', 'LoginController::verifylogin/$1')
 3 ROOTPATH\system\Router\RouteCollection.php(340): require('C:\\laragon\\www\\pascav2\\app\\Config\\Routes.php')
 4 ROOTPATH\system\CodeIgniter.php(823): CodeIgniter\Router\RouteCollection->loadRoutes()
 5 ROOTPATH\system\CodeIgniter.php(457): CodeIgniter\CodeIgniter->tryToRouteIt(null)
 6 ROOTPATH\system\CodeIgniter.php(355): CodeIgniter\CodeIgniter->handleRequest(null, Object(Config\Cache), false)
 7 SYSTEMPATH\Boot.php(325): CodeIgniter\CodeIgniter->run()
 8 SYSTEMPATH\Boot.php(67): CodeIgniter\Boot::runCodeIgniter(Object(CodeIgniter\CodeIgniter))
 9 FCPATH\index.php(56): CodeIgniter\Boot::bootWeb(Object(Config\Paths))
WARNING - 2024-12-31 23:37:37 --> [DEPRECATED] Passing lowercase HTTP method "get" is deprecated. Use uppercase HTTP method like "GET". in ROOTPATH\system\Router\RouteCollection.php on line 1030.
 1 ROOTPATH\system\Router\RouteCollection.php(1030): trigger_error('Passing lowercase HTTP method "get" is deprecated. Use uppercase HTTP method like "GET".', 16384)
 2 APPPATH\Config\Routes.php(22): CodeIgniter\Router\RouteCollection->match([...], '/verifylogin/(:any)', 'LoginController::verifylogin/$1')
 3 ROOTPATH\system\Router\RouteCollection.php(340): require('C:\\laragon\\www\\pascav2\\app\\Config\\Routes.php')
 4 ROOTPATH\system\CodeIgniter.php(823): CodeIgniter\Router\RouteCollection->loadRoutes()
 5 ROOTPATH\system\CodeIgniter.php(457): CodeIgniter\CodeIgniter->tryToRouteIt(null)
 6 ROOTPATH\system\CodeIgniter.php(355): CodeIgniter\CodeIgniter->handleRequest(null, Object(Config\Cache), false)
 7 SYSTEMPATH\Boot.php(325): CodeIgniter\CodeIgniter->run()
 8 SYSTEMPATH\Boot.php(67): CodeIgniter\Boot::runCodeIgniter(Object(CodeIgniter\CodeIgniter))
 9 FCPATH\index.php(56): CodeIgniter\Boot::bootWeb(Object(Config\Paths))
WARNING - 2024-12-31 23:37:37 --> [DEPRECATED] Passing lowercase HTTP method "post" is deprecated. Use uppercase HTTP method like "POST". in ROOTPATH\system\Router\RouteCollection.php on line 1030.
 1 ROOTPATH\system\Router\RouteCollection.php(1030): trigger_error('Passing lowercase HTTP method "post" is deprecated. Use uppercase HTTP method like "POST".', 16384)
 2 APPPATH\Config\Routes.php(22): CodeIgniter\Router\RouteCollection->match([...], '/verifylogin/(:any)', 'LoginController::verifylogin/$1')
 3 ROOTPATH\system\Router\RouteCollection.php(340): require('C:\\laragon\\www\\pascav2\\app\\Config\\Routes.php')
 4 ROOTPATH\system\CodeIgniter.php(823): CodeIgniter\Router\RouteCollection->loadRoutes()
 5 ROOTPATH\system\CodeIgniter.php(457): CodeIgniter\CodeIgniter->tryToRouteIt(null)
 6 ROOTPATH\system\CodeIgniter.php(355): CodeIgniter\CodeIgniter->handleRequest(null, Object(Config\Cache), false)
 7 SYSTEMPATH\Boot.php(325): CodeIgniter\CodeIgniter->run()
 8 SYSTEMPATH\Boot.php(67): CodeIgniter\Boot::runCodeIgniter(Object(CodeIgniter\CodeIgniter))
 9 FCPATH\index.php(56): CodeIgniter\Boot::bootWeb(Object(Config\Paths))
WARNING - 2024-12-31 23:37:37 --> [DEPRECATED] Passing lowercase HTTP method "post" is deprecated. Use uppercase HTTP method like "POST". in ROOTPATH\system\Router\RouteCollection.php on line 1030.
 1 ROOTPATH\system\Router\RouteCollection.php(1030): trigger_error('Passing lowercase HTTP method "post" is deprecated. Use uppercase HTTP method like "POST".', 16384)
 2 APPPATH\Config\Routes.php(22): CodeIgniter\Router\RouteCollection->match([...], '/verifylogin/(:any)', 'LoginController::verifylogin/$1')
 3 ROOTPATH\system\Router\RouteCollection.php(340): require('C:\\laragon\\www\\pascav2\\app\\Config\\Routes.php')
 4 ROOTPATH\system\CodeIgniter.php(823): CodeIgniter\Router\RouteCollection->loadRoutes()
 5 ROOTPATH\system\CodeIgniter.php(457): CodeIgniter\CodeIgniter->tryToRouteIt(null)
 6 ROOTPATH\system\CodeIgniter.php(355): CodeIgniter\CodeIgniter->handleRequest(null, Object(Config\Cache), false)
 7 SYSTEMPATH\Boot.php(325): CodeIgniter\CodeIgniter->run()
 8 SYSTEMPATH\Boot.php(67): CodeIgniter\Boot::runCodeIgniter(Object(CodeIgniter\CodeIgniter))
 9 FCPATH\index.php(56): CodeIgniter\Boot::bootWeb(Object(Config\Paths))
WARNING - 2024-12-31 23:37:37 --> [DEPRECATED] Passing lowercase HTTP method "post" is deprecated. Use uppercase HTTP method like "POST". in ROOTPATH\system\Router\RouteCollection.php on line 1030.
 1 ROOTPATH\system\Router\RouteCollection.php(1030): trigger_error('Passing lowercase HTTP method "post" is deprecated. Use uppercase HTTP method like "POST".', 16384)
 2 APPPATH\Config\Routes.php(22): CodeIgniter\Router\RouteCollection->match([...], '/verifylogin/(:any)', 'LoginController::verifylogin/$1')
 3 ROOTPATH\system\Router\RouteCollection.php(340): require('C:\\laragon\\www\\pascav2\\app\\Config\\Routes.php')
 4 ROOTPATH\system\CodeIgniter.php(823): CodeIgniter\Router\RouteCollection->loadRoutes()
 5 ROOTPATH\system\CodeIgniter.php(457): CodeIgniter\CodeIgniter->tryToRouteIt(null)
 6 ROOTPATH\system\CodeIgniter.php(355): CodeIgniter\CodeIgniter->handleRequest(null, Object(Config\Cache), false)
 7 SYSTEMPATH\Boot.php(325): CodeIgniter\CodeIgniter->run()
 8 SYSTEMPATH\Boot.php(67): CodeIgniter\Boot::runCodeIgniter(Object(CodeIgniter\CodeIgniter))
 9 FCPATH\index.php(56): CodeIgniter\Boot::bootWeb(Object(Config\Paths))
WARNING - 2024-12-31 23:37:37 --> [DEPRECATED] Passing lowercase HTTP method "get" is deprecated. Use uppercase HTTP method like "GET". in ROOTPATH\system\Router\RouteCollection.php on line 1030.
 1 ROOTPATH\system\Router\RouteCollection.php(1030): trigger_error('Passing lowercase HTTP method "get" is deprecated. Use uppercase HTTP method like "GET".', 16384)
 2 APPPATH\Config\Routes.php(22): CodeIgniter\Router\RouteCollection->match([...], '/verifylogin/(:any)', 'LoginController::verifylogin/$1')
 3 ROOTPATH\system\Router\RouteCollection.php(340): require('C:\\laragon\\www\\pascav2\\app\\Config\\Routes.php')
 4 ROOTPATH\system\CodeIgniter.php(823): CodeIgniter\Router\RouteCollection->loadRoutes()
 5 ROOTPATH\system\CodeIgniter.php(457): CodeIgniter\CodeIgniter->tryToRouteIt(null)
 6 ROOTPATH\system\CodeIgniter.php(355): CodeIgniter\CodeIgniter->handleRequest(null, Object(Config\Cache), false)
 7 SYSTEMPATH\Boot.php(325): CodeIgniter\CodeIgniter->run()
 8 SYSTEMPATH\Boot.php(67): CodeIgniter\Boot::runCodeIgniter(Object(CodeIgniter\CodeIgniter))
 9 FCPATH\index.php(56): CodeIgniter\Boot::bootWeb(Object(Config\Paths))
WARNING - 2024-12-31 23:37:37 --> [DEPRECATED] Passing lowercase HTTP method "post" is deprecated. Use uppercase HTTP method like "POST". in ROOTPATH\system\Router\RouteCollection.php on line 1030.
 1 ROOTPATH\system\Router\RouteCollection.php(1030): trigger_error('Passing lowercase HTTP method "post" is deprecated. Use uppercase HTTP method like "POST".', 16384)
 2 APPPATH\Config\Routes.php(22): CodeIgniter\Router\RouteCollection->match([...], '/verifylogin/(:any)', 'LoginController::verifylogin/$1')
 3 ROOTPATH\system\Router\RouteCollection.php(340): require('C:\\laragon\\www\\pascav2\\app\\Config\\Routes.php')
 4 ROOTPATH\system\CodeIgniter.php(823): CodeIgniter\Router\RouteCollection->loadRoutes()
 5 ROOTPATH\system\CodeIgniter.php(457): CodeIgniter\CodeIgniter->tryToRouteIt(null)
 6 ROOTPATH\system\CodeIgniter.php(355): CodeIgniter\CodeIgniter->handleRequest(null, Object(Config\Cache), false)
 7 SYSTEMPATH\Boot.php(325): CodeIgniter\CodeIgniter->run()
 8 SYSTEMPATH\Boot.php(67): CodeIgniter\Boot::runCodeIgniter(Object(CodeIgniter\CodeIgniter))
 9 FCPATH\index.php(56): CodeIgniter\Boot::bootWeb(Object(Config\Paths))
WARNING - 2024-12-31 23:37:37 --> [DEPRECATED] Passing lowercase HTTP method "get" is deprecated. Use uppercase HTTP method like "GET". in ROOTPATH\system\Router\RouteCollection.php on line 1030.
 1 ROOTPATH\system\Router\RouteCollection.php(1030): trigger_error('Passing lowercase HTTP method "get" is deprecated. Use uppercase HTTP method like "GET".', 16384)
 2 APPPATH\Config\Routes.php(22): CodeIgniter\Router\RouteCollection->match([...], '/verifylogin/(:any)', 'LoginController::verifylogin/$1')
 3 ROOTPATH\system\Router\RouteCollection.php(340): require('C:\\laragon\\www\\pascav2\\app\\Config\\Routes.php')
 4 ROOTPATH\system\CodeIgniter.php(823): CodeIgniter\Router\RouteCollection->loadRoutes()
 5 ROOTPATH\system\CodeIgniter.php(457): CodeIgniter\CodeIgniter->tryToRouteIt(null)
 6 ROOTPATH\system\CodeIgniter.php(355): CodeIgniter\CodeIgniter->handleRequest(null, Object(Config\Cache), false)
 7 SYSTEMPATH\Boot.php(325): CodeIgniter\CodeIgniter->run()
 8 SYSTEMPATH\Boot.php(67): CodeIgniter\Boot::runCodeIgniter(Object(CodeIgniter\CodeIgniter))
 9 FCPATH\index.php(56): CodeIgniter\Boot::bootWeb(Object(Config\Paths))
WARNING - 2024-12-31 23:37:37 --> [DEPRECATED] Passing lowercase HTTP method "post" is deprecated. Use uppercase HTTP method like "POST". in ROOTPATH\system\Router\RouteCollection.php on line 1030.
 1 ROOTPATH\system\Router\RouteCollection.php(1030): trigger_error('Passing lowercase HTTP method "post" is deprecated. Use uppercase HTTP method like "POST".', 16384)
 2 APPPATH\Config\Routes.php(22): CodeIgniter\Router\RouteCollection->match([...], '/verifylogin/(:any)', 'LoginController::verifylogin/$1')
 3 ROOTPATH\system\Router\RouteCollection.php(340): require('C:\\laragon\\www\\pascav2\\app\\Config\\Routes.php')
 4 ROOTPATH\system\CodeIgniter.php(823): CodeIgniter\Router\RouteCollection->loadRoutes()
 5 ROOTPATH\system\CodeIgniter.php(457): CodeIgniter\CodeIgniter->tryToRouteIt(null)
 6 ROOTPATH\system\CodeIgniter.php(355): CodeIgniter\CodeIgniter->handleRequest(null, Object(Config\Cache), false)
 7 SYSTEMPATH\Boot.php(325): CodeIgniter\CodeIgniter->run()
 8 SYSTEMPATH\Boot.php(67): CodeIgniter\Boot::runCodeIgniter(Object(CodeIgniter\CodeIgniter))
 9 FCPATH\index.php(56): CodeIgniter\Boot::bootWeb(Object(Config\Paths))
INFO - 2024-12-31 23:37:37 --> Session: Class initialized using 'CodeIgniter\Session\Handlers\FileHandler' driver.
INFO - 2024-12-31 23:37:37 --> Session: Class initialized using 'CodeIgniter\Session\Handlers\FileHandler' driver.
WARNING - 2024-12-31 23:37:38 --> [DEPRECATED] Passing lowercase HTTP method "get" is deprecated. Use uppercase HTTP method like "GET". in ROOTPATH\system\Router\RouteCollection.php on line 1030.
 1 ROOTPATH\system\Router\RouteCollection.php(1030): trigger_error('Passing lowercase HTTP method "get" is deprecated. Use uppercase HTTP method like "GET".', 16384)
 2 APPPATH\Config\Routes.php(22): CodeIgniter\Router\RouteCollection->match([...], '/verifylogin/(:any)', 'LoginController::verifylogin/$1')
 3 ROOTPATH\system\Router\RouteCollection.php(340): require('C:\\laragon\\www\\pascav2\\app\\Config\\Routes.php')
 4 ROOTPATH\system\CodeIgniter.php(823): CodeIgniter\Router\RouteCollection->loadRoutes()
 5 ROOTPATH\system\CodeIgniter.php(457): CodeIgniter\CodeIgniter->tryToRouteIt(null)
 6 ROOTPATH\system\CodeIgniter.php(355): CodeIgniter\CodeIgniter->handleRequest(null, Object(Config\Cache), false)
 7 SYSTEMPATH\Boot.php(325): CodeIgniter\CodeIgniter->run()
 8 SYSTEMPATH\Boot.php(67): CodeIgniter\Boot::runCodeIgniter(Object(CodeIgniter\CodeIgniter))
 9 FCPATH\index.php(56): CodeIgniter\Boot::bootWeb(Object(Config\Paths))
WARNING - 2024-12-31 23:37:38 --> [DEPRECATED] Passing lowercase HTTP method "post" is deprecated. Use uppercase HTTP method like "POST". in ROOTPATH\system\Router\RouteCollection.php on line 1030.
 1 ROOTPATH\system\Router\RouteCollection.php(1030): trigger_error('Passing lowercase HTTP method "post" is deprecated. Use uppercase HTTP method like "POST".', 16384)
 2 APPPATH\Config\Routes.php(22): CodeIgniter\Router\RouteCollection->match([...], '/verifylogin/(:any)', 'LoginController::verifylogin/$1')
 3 ROOTPATH\system\Router\RouteCollection.php(340): require('C:\\laragon\\www\\pascav2\\app\\Config\\Routes.php')
 4 ROOTPATH\system\CodeIgniter.php(823): CodeIgniter\Router\RouteCollection->loadRoutes()
 5 ROOTPATH\system\CodeIgniter.php(457): CodeIgniter\CodeIgniter->tryToRouteIt(null)
 6 ROOTPATH\system\CodeIgniter.php(355): CodeIgniter\CodeIgniter->handleRequest(null, Object(Config\Cache), false)
 7 SYSTEMPATH\Boot.php(325): CodeIgniter\CodeIgniter->run()
 8 SYSTEMPATH\Boot.php(67): CodeIgniter\Boot::runCodeIgniter(Object(CodeIgniter\CodeIgniter))
 9 FCPATH\index.php(56): CodeIgniter\Boot::bootWeb(Object(Config\Paths))
INFO - 2024-12-31 23:37:38 --> Session: Class initialized using 'CodeIgniter\Session\Handlers\FileHandler' driver.
WARNING - 2024-12-31 23:37:39 --> [DEPRECATED] Passing lowercase HTTP method "get" is deprecated. Use uppercase HTTP method like "GET". in ROOTPATH\system\Router\RouteCollection.php on line 1030.
 1 ROOTPATH\system\Router\RouteCollection.php(1030): trigger_error('Passing lowercase HTTP method "get" is deprecated. Use uppercase HTTP method like "GET".', 16384)
 2 APPPATH\Config\Routes.php(22): CodeIgniter\Router\RouteCollection->match([...], '/verifylogin/(:any)', 'LoginController::verifylogin/$1')
 3 ROOTPATH\system\Router\RouteCollection.php(340): require('C:\\laragon\\www\\pascav2\\app\\Config\\Routes.php')
 4 ROOTPATH\system\CodeIgniter.php(823): CodeIgniter\Router\RouteCollection->loadRoutes()
 5 ROOTPATH\system\CodeIgniter.php(457): CodeIgniter\CodeIgniter->tryToRouteIt(null)
 6 ROOTPATH\system\CodeIgniter.php(355): CodeIgniter\CodeIgniter->handleRequest(null, Object(Config\Cache), false)
 7 SYSTEMPATH\Boot.php(325): CodeIgniter\CodeIgniter->run()
 8 SYSTEMPATH\Boot.php(67): CodeIgniter\Boot::runCodeIgniter(Object(CodeIgniter\CodeIgniter))
 9 FCPATH\index.php(56): CodeIgniter\Boot::bootWeb(Object(Config\Paths))
WARNING - 2024-12-31 23:37:39 --> [DEPRECATED] Passing lowercase HTTP method "post" is deprecated. Use uppercase HTTP method like "POST". in ROOTPATH\system\Router\RouteCollection.php on line 1030.
 1 ROOTPATH\system\Router\RouteCollection.php(1030): trigger_error('Passing lowercase HTTP method "post" is deprecated. Use uppercase HTTP method like "POST".', 16384)
 2 APPPATH\Config\Routes.php(22): CodeIgniter\Router\RouteCollection->match([...], '/verifylogin/(:any)', 'LoginController::verifylogin/$1')
 3 ROOTPATH\system\Router\RouteCollection.php(340): require('C:\\laragon\\www\\pascav2\\app\\Config\\Routes.php')
 4 ROOTPATH\system\CodeIgniter.php(823): CodeIgniter\Router\RouteCollection->loadRoutes()
 5 ROOTPATH\system\CodeIgniter.php(457): CodeIgniter\CodeIgniter->tryToRouteIt(null)
 6 ROOTPATH\system\CodeIgniter.php(355): CodeIgniter\CodeIgniter->handleRequest(null, Object(Config\Cache), false)
 7 SYSTEMPATH\Boot.php(325): CodeIgniter\CodeIgniter->run()
 8 SYSTEMPATH\Boot.php(67): CodeIgniter\Boot::runCodeIgniter(Object(CodeIgniter\CodeIgniter))
 9 FCPATH\index.php(56): CodeIgniter\Boot::bootWeb(Object(Config\Paths))
WARNING - 2024-12-31 23:37:39 --> [DEPRECATED] Passing lowercase HTTP method "get" is deprecated. Use uppercase HTTP method like "GET". in ROOTPATH\system\Router\RouteCollection.php on line 1030.
 1 ROOTPATH\system\Router\RouteCollection.php(1030): trigger_error('Passing lowercase HTTP method "get" is deprecated. Use uppercase HTTP method like "GET".', 16384)
 2 APPPATH\Config\Routes.php(22): CodeIgniter\Router\RouteCollection->match([...], '/verifylogin/(:any)', 'LoginController::verifylogin/$1')
 3 ROOTPATH\system\Router\RouteCollection.php(340): require('C:\\laragon\\www\\pascav2\\app\\Config\\Routes.php')
 4 ROOTPATH\system\CodeIgniter.php(823): CodeIgniter\Router\RouteCollection->loadRoutes()
 5 ROOTPATH\system\CodeIgniter.php(457): CodeIgniter\CodeIgniter->tryToRouteIt(null)
 6 ROOTPATH\system\CodeIgniter.php(355): CodeIgniter\CodeIgniter->handleRequest(null, Object(Config\Cache), false)
 7 SYSTEMPATH\Boot.php(325): CodeIgniter\CodeIgniter->run()
 8 SYSTEMPATH\Boot.php(67): CodeIgniter\Boot::runCodeIgniter(Object(CodeIgniter\CodeIgniter))
 9 FCPATH\index.php(56): CodeIgniter\Boot::bootWeb(Object(Config\Paths))
WARNING - 2024-12-31 23:37:39 --> [DEPRECATED] Passing lowercase HTTP method "post" is deprecated. Use uppercase HTTP method like "POST". in ROOTPATH\system\Router\RouteCollection.php on line 1030.
 1 ROOTPATH\system\Router\RouteCollection.php(1030): trigger_error('Passing lowercase HTTP method "post" is deprecated. Use uppercase HTTP method like "POST".', 16384)
 2 APPPATH\Config\Routes.php(22): CodeIgniter\Router\RouteCollection->match([...], '/verifylogin/(:any)', 'LoginController::verifylogin/$1')
 3 ROOTPATH\system\Router\RouteCollection.php(340): require('C:\\laragon\\www\\pascav2\\app\\Config\\Routes.php')
 4 ROOTPATH\system\CodeIgniter.php(823): CodeIgniter\Router\RouteCollection->loadRoutes()
 5 ROOTPATH\system\CodeIgniter.php(457): CodeIgniter\CodeIgniter->tryToRouteIt(null)
 6 ROOTPATH\system\CodeIgniter.php(355): CodeIgniter\CodeIgniter->handleRequest(null, Object(Config\Cache), false)
 7 SYSTEMPATH\Boot.php(325): CodeIgniter\CodeIgniter->run()
 8 SYSTEMPATH\Boot.php(67): CodeIgniter\Boot::runCodeIgniter(Object(CodeIgniter\CodeIgniter))
 9 FCPATH\index.php(56): CodeIgniter\Boot::bootWeb(Object(Config\Paths))
WARNING - 2024-12-31 23:37:39 --> [DEPRECATED] Passing lowercase HTTP method "get" is deprecated. Use uppercase HTTP method like "GET". in ROOTPATH\system\Router\RouteCollection.php on line 1030.
 1 ROOTPATH\system\Router\RouteCollection.php(1030): trigger_error('Passing lowercase HTTP method "get" is deprecated. Use uppercase HTTP method like "GET".', 16384)
 2 APPPATH\Config\Routes.php(22): CodeIgniter\Router\RouteCollection->match([...], '/verifylogin/(:any)', 'LoginController::verifylogin/$1')
 3 ROOTPATH\system\Router\RouteCollection.php(340): require('C:\\laragon\\www\\pascav2\\app\\Config\\Routes.php')
 4 ROOTPATH\system\CodeIgniter.php(823): CodeIgniter\Router\RouteCollection->loadRoutes()
 5 ROOTPATH\system\CodeIgniter.php(457): CodeIgniter\CodeIgniter->tryToRouteIt(null)
 6 ROOTPATH\system\CodeIgniter.php(355): CodeIgniter\CodeIgniter->handleRequest(null, Object(Config\Cache), false)
 7 SYSTEMPATH\Boot.php(325): CodeIgniter\CodeIgniter->run()
 8 SYSTEMPATH\Boot.php(67): CodeIgniter\Boot::runCodeIgniter(Object(CodeIgniter\CodeIgniter))
 9 FCPATH\index.php(56): CodeIgniter\Boot::bootWeb(Object(Config\Paths))
WARNING - 2024-12-31 23:37:39 --> [DEPRECATED] Passing lowercase HTTP method "post" is deprecated. Use uppercase HTTP method like "POST". in ROOTPATH\system\Router\RouteCollection.php on line 1030.
 1 ROOTPATH\system\Router\RouteCollection.php(1030): trigger_error('Passing lowercase HTTP method "post" is deprecated. Use uppercase HTTP method like "POST".', 16384)
 2 APPPATH\Config\Routes.php(22): CodeIgniter\Router\RouteCollection->match([...], '/verifylogin/(:any)', 'LoginController::verifylogin/$1')
 3 ROOTPATH\system\Router\RouteCollection.php(340): require('C:\\laragon\\www\\pascav2\\app\\Config\\Routes.php')
 4 ROOTPATH\system\CodeIgniter.php(823): CodeIgniter\Router\RouteCollection->loadRoutes()
 5 ROOTPATH\system\CodeIgniter.php(457): CodeIgniter\CodeIgniter->tryToRouteIt(null)
 6 ROOTPATH\system\CodeIgniter.php(355): CodeIgniter\CodeIgniter->handleRequest(null, Object(Config\Cache), false)
 7 SYSTEMPATH\Boot.php(325): CodeIgniter\CodeIgniter->run()
 8 SYSTEMPATH\Boot.php(67): CodeIgniter\Boot::runCodeIgniter(Object(CodeIgniter\CodeIgniter))
 9 FCPATH\index.php(56): CodeIgniter\Boot::bootWeb(Object(Config\Paths))
WARNING - 2024-12-31 23:37:39 --> [DEPRECATED] Passing lowercase HTTP method "get" is deprecated. Use uppercase HTTP method like "GET". in ROOTPATH\system\Router\RouteCollection.php on line 1030.
 1 ROOTPATH\system\Router\RouteCollection.php(1030): trigger_error('Passing lowercase HTTP method "get" is deprecated. Use uppercase HTTP method like "GET".', 16384)
 2 APPPATH\Config\Routes.php(22): CodeIgniter\Router\RouteCollection->match([...], '/verifylogin/(:any)', 'LoginController::verifylogin/$1')
 3 ROOTPATH\system\Router\RouteCollection.php(340): require('C:\\laragon\\www\\pascav2\\app\\Config\\Routes.php')
 4 ROOTPATH\system\CodeIgniter.php(823): CodeIgniter\Router\RouteCollection->loadRoutes()
 5 ROOTPATH\system\CodeIgniter.php(457): CodeIgniter\CodeIgniter->tryToRouteIt(null)
 6 ROOTPATH\system\CodeIgniter.php(355): CodeIgniter\CodeIgniter->handleRequest(null, Object(Config\Cache), false)
 7 SYSTEMPATH\Boot.php(325): CodeIgniter\CodeIgniter->run()
 8 SYSTEMPATH\Boot.php(67): CodeIgniter\Boot::runCodeIgniter(Object(CodeIgniter\CodeIgniter))
 9 FCPATH\index.php(56): CodeIgniter\Boot::bootWeb(Object(Config\Paths))
WARNING - 2024-12-31 23:37:39 --> [DEPRECATED] Passing lowercase HTTP method "get" is deprecated. Use uppercase HTTP method like "GET". in ROOTPATH\system\Router\RouteCollection.php on line 1030.
 1 ROOTPATH\system\Router\RouteCollection.php(1030): trigger_error('Passing lowercase HTTP method "get" is deprecated. Use uppercase HTTP method like "GET".', 16384)
 2 APPPATH\Config\Routes.php(22): CodeIgniter\Router\RouteCollection->match([...], '/verifylogin/(:any)', 'LoginController::verifylogin/$1')
 3 ROOTPATH\system\Router\RouteCollection.php(340): require('C:\\laragon\\www\\pascav2\\app\\Config\\Routes.php')
 4 ROOTPATH\system\CodeIgniter.php(823): CodeIgniter\Router\RouteCollection->loadRoutes()
 5 ROOTPATH\system\CodeIgniter.php(457): CodeIgniter\CodeIgniter->tryToRouteIt(null)
 6 ROOTPATH\system\CodeIgniter.php(355): CodeIgniter\CodeIgniter->handleRequest(null, Object(Config\Cache), false)
 7 SYSTEMPATH\Boot.php(325): CodeIgniter\CodeIgniter->run()
 8 SYSTEMPATH\Boot.php(67): CodeIgniter\Boot::runCodeIgniter(Object(CodeIgniter\CodeIgniter))
 9 FCPATH\index.php(56): CodeIgniter\Boot::bootWeb(Object(Config\Paths))
WARNING - 2024-12-31 23:37:39 --> [DEPRECATED] Passing lowercase HTTP method "get" is deprecated. Use uppercase HTTP method like "GET". in ROOTPATH\system\Router\RouteCollection.php on line 1030.
 1 ROOTPATH\system\Router\RouteCollection.php(1030): trigger_error('Passing lowercase HTTP method "get" is deprecated. Use uppercase HTTP method like "GET".', 16384)
 2 APPPATH\Config\Routes.php(22): CodeIgniter\Router\RouteCollection->match([...], '/verifylogin/(:any)', 'LoginController::verifylogin/$1')
 3 ROOTPATH\system\Router\RouteCollection.php(340): require('C:\\laragon\\www\\pascav2\\app\\Config\\Routes.php')
 4 ROOTPATH\system\CodeIgniter.php(823): CodeIgniter\Router\RouteCollection->loadRoutes()
 5 ROOTPATH\system\CodeIgniter.php(457): CodeIgniter\CodeIgniter->tryToRouteIt(null)
 6 ROOTPATH\system\CodeIgniter.php(355): CodeIgniter\CodeIgniter->handleRequest(null, Object(Config\Cache), false)
 7 SYSTEMPATH\Boot.php(325): CodeIgniter\CodeIgniter->run()
 8 SYSTEMPATH\Boot.php(67): CodeIgniter\Boot::runCodeIgniter(Object(CodeIgniter\CodeIgniter))
 9 FCPATH\index.php(56): CodeIgniter\Boot::bootWeb(Object(Config\Paths))
WARNING - 2024-12-31 23:37:39 --> [DEPRECATED] Passing lowercase HTTP method "post" is deprecated. Use uppercase HTTP method like "POST". in ROOTPATH\system\Router\RouteCollection.php on line 1030.
 1 ROOTPATH\system\Router\RouteCollection.php(1030): trigger_error('Passing lowercase HTTP method "post" is deprecated. Use uppercase HTTP method like "POST".', 16384)
 2 APPPATH\Config\Routes.php(22): CodeIgniter\Router\RouteCollection->match([...], '/verifylogin/(:any)', 'LoginController::verifylogin/$1')
 3 ROOTPATH\system\Router\RouteCollection.php(340): require('C:\\laragon\\www\\pascav2\\app\\Config\\Routes.php')
 4 ROOTPATH\system\CodeIgniter.php(823): CodeIgniter\Router\RouteCollection->loadRoutes()
 5 ROOTPATH\system\CodeIgniter.php(457): CodeIgniter\CodeIgniter->tryToRouteIt(null)
 6 ROOTPATH\system\CodeIgniter.php(355): CodeIgniter\CodeIgniter->handleRequest(null, Object(Config\Cache), false)
 7 SYSTEMPATH\Boot.php(325): CodeIgniter\CodeIgniter->run()
 8 SYSTEMPATH\Boot.php(67): CodeIgniter\Boot::runCodeIgniter(Object(CodeIgniter\CodeIgniter))
 9 FCPATH\index.php(56): CodeIgniter\Boot::bootWeb(Object(Config\Paths))
WARNING - 2024-12-31 23:37:39 --> [DEPRECATED] Passing lowercase HTTP method "post" is deprecated. Use uppercase HTTP method like "POST". in ROOTPATH\system\Router\RouteCollection.php on line 1030.
 1 ROOTPATH\system\Router\RouteCollection.php(1030): trigger_error('Passing lowercase HTTP method "post" is deprecated. Use uppercase HTTP method like "POST".', 16384)
 2 APPPATH\Config\Routes.php(22): CodeIgniter\Router\RouteCollection->match([...], '/verifylogin/(:any)', 'LoginController::verifylogin/$1')
 3 ROOTPATH\system\Router\RouteCollection.php(340): require('C:\\laragon\\www\\pascav2\\app\\Config\\Routes.php')
 4 ROOTPATH\system\CodeIgniter.php(823): CodeIgniter\Router\RouteCollection->loadRoutes()
 5 ROOTPATH\system\CodeIgniter.php(457): CodeIgniter\CodeIgniter->tryToRouteIt(null)
 6 ROOTPATH\system\CodeIgniter.php(355): CodeIgniter\CodeIgniter->handleRequest(null, Object(Config\Cache), false)
 7 SYSTEMPATH\Boot.php(325): CodeIgniter\CodeIgniter->run()
 8 SYSTEMPATH\Boot.php(67): CodeIgniter\Boot::runCodeIgniter(Object(CodeIgniter\CodeIgniter))
 9 FCPATH\index.php(56): CodeIgniter\Boot::bootWeb(Object(Config\Paths))
WARNING - 2024-12-31 23:37:39 --> [DEPRECATED] Passing lowercase HTTP method "post" is deprecated. Use uppercase HTTP method like "POST". in ROOTPATH\system\Router\RouteCollection.php on line 1030.
 1 ROOTPATH\system\Router\RouteCollection.php(1030): trigger_error('Passing lowercase HTTP method "post" is deprecated. Use uppercase HTTP method like "POST".', 16384)
 2 APPPATH\Config\Routes.php(22): CodeIgniter\Router\RouteCollection->match([...], '/verifylogin/(:any)', 'LoginController::verifylogin/$1')
 3 ROOTPATH\system\Router\RouteCollection.php(340): require('C:\\laragon\\www\\pascav2\\app\\Config\\Routes.php')
 4 ROOTPATH\system\CodeIgniter.php(823): CodeIgniter\Router\RouteCollection->loadRoutes()
 5 ROOTPATH\system\CodeIgniter.php(457): CodeIgniter\CodeIgniter->tryToRouteIt(null)
 6 ROOTPATH\system\CodeIgniter.php(355): CodeIgniter\CodeIgniter->handleRequest(null, Object(Config\Cache), false)
 7 SYSTEMPATH\Boot.php(325): CodeIgniter\CodeIgniter->run()
 8 SYSTEMPATH\Boot.php(67): CodeIgniter\Boot::runCodeIgniter(Object(CodeIgniter\CodeIgniter))
 9 FCPATH\index.php(56): CodeIgniter\Boot::bootWeb(Object(Config\Paths))
INFO - 2024-12-31 23:37:39 --> Session: Class initialized using 'CodeIgniter\Session\Handlers\FileHandler' driver.
INFO - 2024-12-31 23:37:39 --> Session: Class initialized using 'CodeIgniter\Session\Handlers\FileHandler' driver.
WARNING - 2024-12-31 23:37:40 --> [DEPRECATED] Passing lowercase HTTP method "get" is deprecated. Use uppercase HTTP method like "GET". in ROOTPATH\system\Router\RouteCollection.php on line 1030.
 1 ROOTPATH\system\Router\RouteCollection.php(1030): trigger_error('Passing lowercase HTTP method "get" is deprecated. Use uppercase HTTP method like "GET".', 16384)
 2 APPPATH\Config\Routes.php(22): CodeIgniter\Router\RouteCollection->match([...], '/verifylogin/(:any)', 'LoginController::verifylogin/$1')
 3 ROOTPATH\system\Router\RouteCollection.php(340): require('C:\\laragon\\www\\pascav2\\app\\Config\\Routes.php')
 4 ROOTPATH\system\CodeIgniter.php(823): CodeIgniter\Router\RouteCollection->loadRoutes()
 5 ROOTPATH\system\CodeIgniter.php(457): CodeIgniter\CodeIgniter->tryToRouteIt(null)
 6 ROOTPATH\system\CodeIgniter.php(355): CodeIgniter\CodeIgniter->handleRequest(null, Object(Config\Cache), false)
 7 SYSTEMPATH\Boot.php(325): CodeIgniter\CodeIgniter->run()
 8 SYSTEMPATH\Boot.php(67): CodeIgniter\Boot::runCodeIgniter(Object(CodeIgniter\CodeIgniter))
 9 FCPATH\index.php(56): CodeIgniter\Boot::bootWeb(Object(Config\Paths))
WARNING - 2024-12-31 23:37:40 --> [DEPRECATED] Passing lowercase HTTP method "post" is deprecated. Use uppercase HTTP method like "POST". in ROOTPATH\system\Router\RouteCollection.php on line 1030.
 1 ROOTPATH\system\Router\RouteCollection.php(1030): trigger_error('Passing lowercase HTTP method "post" is deprecated. Use uppercase HTTP method like "POST".', 16384)
 2 APPPATH\Config\Routes.php(22): CodeIgniter\Router\RouteCollection->match([...], '/verifylogin/(:any)', 'LoginController::verifylogin/$1')
 3 ROOTPATH\system\Router\RouteCollection.php(340): require('C:\\laragon\\www\\pascav2\\app\\Config\\Routes.php')
 4 ROOTPATH\system\CodeIgniter.php(823): CodeIgniter\Router\RouteCollection->loadRoutes()
 5 ROOTPATH\system\CodeIgniter.php(457): CodeIgniter\CodeIgniter->tryToRouteIt(null)
 6 ROOTPATH\system\CodeIgniter.php(355): CodeIgniter\CodeIgniter->handleRequest(null, Object(Config\Cache), false)
 7 SYSTEMPATH\Boot.php(325): CodeIgniter\CodeIgniter->run()
 8 SYSTEMPATH\Boot.php(67): CodeIgniter\Boot::runCodeIgniter(Object(CodeIgniter\CodeIgniter))
 9 FCPATH\index.php(56): CodeIgniter\Boot::bootWeb(Object(Config\Paths))
WARNING - 2024-12-31 23:37:41 --> [DEPRECATED] Passing lowercase HTTP method "get" is deprecated. Use uppercase HTTP method like "GET". in ROOTPATH\system\Router\RouteCollection.php on line 1030.
 1 ROOTPATH\system\Router\RouteCollection.php(1030): trigger_error('Passing lowercase HTTP method "get" is deprecated. Use uppercase HTTP method like "GET".', 16384)
 2 APPPATH\Config\Routes.php(22): CodeIgniter\Router\RouteCollection->match([...], '/verifylogin/(:any)', 'LoginController::verifylogin/$1')
 3 ROOTPATH\system\Router\RouteCollection.php(340): require('C:\\laragon\\www\\pascav2\\app\\Config\\Routes.php')
 4 ROOTPATH\system\CodeIgniter.php(823): CodeIgniter\Router\RouteCollection->loadRoutes()
 5 ROOTPATH\system\CodeIgniter.php(457): CodeIgniter\CodeIgniter->tryToRouteIt(null)
 6 ROOTPATH\system\CodeIgniter.php(355): CodeIgniter\CodeIgniter->handleRequest(null, Object(Config\Cache), false)
 7 SYSTEMPATH\Boot.php(325): CodeIgniter\CodeIgniter->run()
 8 SYSTEMPATH\Boot.php(67): CodeIgniter\Boot::runCodeIgniter(Object(CodeIgniter\CodeIgniter))
 9 FCPATH\index.php(56): CodeIgniter\Boot::bootWeb(Object(Config\Paths))
WARNING - 2024-12-31 23:37:41 --> [DEPRECATED] Passing lowercase HTTP method "get" is deprecated. Use uppercase HTTP method like "GET". in ROOTPATH\system\Router\RouteCollection.php on line 1030.
 1 ROOTPATH\system\Router\RouteCollection.php(1030): trigger_error('Passing lowercase HTTP method "get" is deprecated. Use uppercase HTTP method like "GET".', 16384)
 2 APPPATH\Config\Routes.php(22): CodeIgniter\Router\RouteCollection->match([...], '/verifylogin/(:any)', 'LoginController::verifylogin/$1')
 3 ROOTPATH\system\Router\RouteCollection.php(340): require('C:\\laragon\\www\\pascav2\\app\\Config\\Routes.php')
 4 ROOTPATH\system\CodeIgniter.php(823): CodeIgniter\Router\RouteCollection->loadRoutes()
 5 ROOTPATH\system\CodeIgniter.php(457): CodeIgniter\CodeIgniter->tryToRouteIt(null)
 6 ROOTPATH\system\CodeIgniter.php(355): CodeIgniter\CodeIgniter->handleRequest(null, Object(Config\Cache), false)
 7 SYSTEMPATH\Boot.php(325): CodeIgniter\CodeIgniter->run()
 8 SYSTEMPATH\Boot.php(67): CodeIgniter\Boot::runCodeIgniter(Object(CodeIgniter\CodeIgniter))
 9 FCPATH\index.php(56): CodeIgniter\Boot::bootWeb(Object(Config\Paths))
WARNING - 2024-12-31 23:37:41 --> [DEPRECATED] Passing lowercase HTTP method "get" is deprecated. Use uppercase HTTP method like "GET". in ROOTPATH\system\Router\RouteCollection.php on line 1030.
 1 ROOTPATH\system\Router\RouteCollection.php(1030): trigger_error('Passing lowercase HTTP method "get" is deprecated. Use uppercase HTTP method like "GET".', 16384)
 2 APPPATH\Config\Routes.php(22): CodeIgniter\Router\RouteCollection->match([...], '/verifylogin/(:any)', 'LoginController::verifylogin/$1')
 3 ROOTPATH\system\Router\RouteCollection.php(340): require('C:\\laragon\\www\\pascav2\\app\\Config\\Routes.php')
 4 ROOTPATH\system\CodeIgniter.php(823): CodeIgniter\Router\RouteCollection->loadRoutes()
 5 ROOTPATH\system\CodeIgniter.php(457): CodeIgniter\CodeIgniter->tryToRouteIt(null)
 6 ROOTPATH\system\CodeIgniter.php(355): CodeIgniter\CodeIgniter->handleRequest(null, Object(Config\Cache), false)
 7 SYSTEMPATH\Boot.php(325): CodeIgniter\CodeIgniter->run()
 8 SYSTEMPATH\Boot.php(67): CodeIgniter\Boot::runCodeIgniter(Object(CodeIgniter\CodeIgniter))
 9 FCPATH\index.php(56): CodeIgniter\Boot::bootWeb(Object(Config\Paths))
WARNING - 2024-12-31 23:37:41 --> [DEPRECATED] Passing lowercase HTTP method "get" is deprecated. Use uppercase HTTP method like "GET". in ROOTPATH\system\Router\RouteCollection.php on line 1030.
 1 ROOTPATH\system\Router\RouteCollection.php(1030): trigger_error('Passing lowercase HTTP method "get" is deprecated. Use uppercase HTTP method like "GET".', 16384)
 2 APPPATH\Config\Routes.php(22): CodeIgniter\Router\RouteCollection->match([...], '/verifylogin/(:any)', 'LoginController::verifylogin/$1')
 3 ROOTPATH\system\Router\RouteCollection.php(340): require('C:\\laragon\\www\\pascav2\\app\\Config\\Routes.php')
 4 ROOTPATH\system\CodeIgniter.php(823): CodeIgniter\Router\RouteCollection->loadRoutes()
 5 ROOTPATH\system\CodeIgniter.php(457): CodeIgniter\CodeIgniter->tryToRouteIt(null)
 6 ROOTPATH\system\CodeIgniter.php(355): CodeIgniter\CodeIgniter->handleRequest(null, Object(Config\Cache), false)
 7 SYSTEMPATH\Boot.php(325): CodeIgniter\CodeIgniter->run()
 8 SYSTEMPATH\Boot.php(67): CodeIgniter\Boot::runCodeIgniter(Object(CodeIgniter\CodeIgniter))
 9 FCPATH\index.php(56): CodeIgniter\Boot::bootWeb(Object(Config\Paths))
WARNING - 2024-12-31 23:37:41 --> [DEPRECATED] Passing lowercase HTTP method "get" is deprecated. Use uppercase HTTP method like "GET". in ROOTPATH\system\Router\RouteCollection.php on line 1030.
 1 ROOTPATH\system\Router\RouteCollection.php(1030): trigger_error('Passing lowercase HTTP method "get" is deprecated. Use uppercase HTTP method like "GET".', 16384)
 2 APPPATH\Config\Routes.php(22): CodeIgniter\Router\RouteCollection->match([...], '/verifylogin/(:any)', 'LoginController::verifylogin/$1')
 3 ROOTPATH\system\Router\RouteCollection.php(340): require('C:\\laragon\\www\\pascav2\\app\\Config\\Routes.php')
 4 ROOTPATH\system\CodeIgniter.php(823): CodeIgniter\Router\RouteCollection->loadRoutes()
 5 ROOTPATH\system\CodeIgniter.php(457): CodeIgniter\CodeIgniter->tryToRouteIt(null)
 6 ROOTPATH\system\CodeIgniter.php(355): CodeIgniter\CodeIgniter->handleRequest(null, Object(Config\Cache), false)
 7 SYSTEMPATH\Boot.php(325): CodeIgniter\CodeIgniter->run()
 8 SYSTEMPATH\Boot.php(67): CodeIgniter\Boot::runCodeIgniter(Object(CodeIgniter\CodeIgniter))
 9 FCPATH\index.php(56): CodeIgniter\Boot::bootWeb(Object(Config\Paths))
WARNING - 2024-12-31 23:37:41 --> [DEPRECATED] Passing lowercase HTTP method "get" is deprecated. Use uppercase HTTP method like "GET". in ROOTPATH\system\Router\RouteCollection.php on line 1030.
 1 ROOTPATH\system\Router\RouteCollection.php(1030): trigger_error('Passing lowercase HTTP method "get" is deprecated. Use uppercase HTTP method like "GET".', 16384)
 2 APPPATH\Config\Routes.php(22): CodeIgniter\Router\RouteCollection->match([...], '/verifylogin/(:any)', 'LoginController::verifylogin/$1')
 3 ROOTPATH\system\Router\RouteCollection.php(340): require('C:\\laragon\\www\\pascav2\\app\\Config\\Routes.php')
 4 ROOTPATH\system\CodeIgniter.php(823): CodeIgniter\Router\RouteCollection->loadRoutes()
 5 ROOTPATH\system\CodeIgniter.php(457): CodeIgniter\CodeIgniter->tryToRouteIt(null)
 6 ROOTPATH\system\CodeIgniter.php(355): CodeIgniter\CodeIgniter->handleRequest(null, Object(Config\Cache), false)
 7 SYSTEMPATH\Boot.php(325): CodeIgniter\CodeIgniter->run()
 8 SYSTEMPATH\Boot.php(67): CodeIgniter\Boot::runCodeIgniter(Object(CodeIgniter\CodeIgniter))
 9 FCPATH\index.php(56): CodeIgniter\Boot::bootWeb(Object(Config\Paths))
WARNING - 2024-12-31 23:37:41 --> [DEPRECATED] Passing lowercase HTTP method "post" is deprecated. Use uppercase HTTP method like "POST". in ROOTPATH\system\Router\RouteCollection.php on line 1030.
 1 ROOTPATH\system\Router\RouteCollection.php(1030): trigger_error('Passing lowercase HTTP method "post" is deprecated. Use uppercase HTTP method like "POST".', 16384)
 2 APPPATH\Config\Routes.php(22): CodeIgniter\Router\RouteCollection->match([...], '/verifylogin/(:any)', 'LoginController::verifylogin/$1')
 3 ROOTPATH\system\Router\RouteCollection.php(340): require('C:\\laragon\\www\\pascav2\\app\\Config\\Routes.php')
 4 ROOTPATH\system\CodeIgniter.php(823): CodeIgniter\Router\RouteCollection->loadRoutes()
 5 ROOTPATH\system\CodeIgniter.php(457): CodeIgniter\CodeIgniter->tryToRouteIt(null)
 6 ROOTPATH\system\CodeIgniter.php(355): CodeIgniter\CodeIgniter->handleRequest(null, Object(Config\Cache), false)
 7 SYSTEMPATH\Boot.php(325): CodeIgniter\CodeIgniter->run()
 8 SYSTEMPATH\Boot.php(67): CodeIgniter\Boot::runCodeIgniter(Object(CodeIgniter\CodeIgniter))
 9 FCPATH\index.php(56): CodeIgniter\Boot::bootWeb(Object(Config\Paths))
WARNING - 2024-12-31 23:37:41 --> [DEPRECATED] Passing lowercase HTTP method "post" is deprecated. Use uppercase HTTP method like "POST". in ROOTPATH\system\Router\RouteCollection.php on line 1030.
 1 ROOTPATH\system\Router\RouteCollection.php(1030): trigger_error('Passing lowercase HTTP method "post" is deprecated. Use uppercase HTTP method like "POST".', 16384)
 2 APPPATH\Config\Routes.php(22): CodeIgniter\Router\RouteCollection->match([...], '/verifylogin/(:any)', 'LoginController::verifylogin/$1')
 3 ROOTPATH\system\Router\RouteCollection.php(340): require('C:\\laragon\\www\\pascav2\\app\\Config\\Routes.php')
 4 ROOTPATH\system\CodeIgniter.php(823): CodeIgniter\Router\RouteCollection->loadRoutes()
 5 ROOTPATH\system\CodeIgniter.php(457): CodeIgniter\CodeIgniter->tryToRouteIt(null)
 6 ROOTPATH\system\CodeIgniter.php(355): CodeIgniter\CodeIgniter->handleRequest(null, Object(Config\Cache), false)
 7 SYSTEMPATH\Boot.php(325): CodeIgniter\CodeIgniter->run()
 8 SYSTEMPATH\Boot.php(67): CodeIgniter\Boot::runCodeIgniter(Object(CodeIgniter\CodeIgniter))
 9 FCPATH\index.php(56): CodeIgniter\Boot::bootWeb(Object(Config\Paths))
WARNING - 2024-12-31 23:37:41 --> [DEPRECATED] Passing lowercase HTTP method "post" is deprecated. Use uppercase HTTP method like "POST". in ROOTPATH\system\Router\RouteCollection.php on line 1030.
 1 ROOTPATH\system\Router\RouteCollection.php(1030): trigger_error('Passing lowercase HTTP method "post" is deprecated. Use uppercase HTTP method like "POST".', 16384)
 2 APPPATH\Config\Routes.php(22): CodeIgniter\Router\RouteCollection->match([...], '/verifylogin/(:any)', 'LoginController::verifylogin/$1')
 3 ROOTPATH\system\Router\RouteCollection.php(340): require('C:\\laragon\\www\\pascav2\\app\\Config\\Routes.php')
 4 ROOTPATH\system\CodeIgniter.php(823): CodeIgniter\Router\RouteCollection->loadRoutes()
 5 ROOTPATH\system\CodeIgniter.php(457): CodeIgniter\CodeIgniter->tryToRouteIt(null)
 6 ROOTPATH\system\CodeIgniter.php(355): CodeIgniter\CodeIgniter->handleRequest(null, Object(Config\Cache), false)
 7 SYSTEMPATH\Boot.php(325): CodeIgniter\CodeIgniter->run()
 8 SYSTEMPATH\Boot.php(67): CodeIgniter\Boot::runCodeIgniter(Object(CodeIgniter\CodeIgniter))
 9 FCPATH\index.php(56): CodeIgniter\Boot::bootWeb(Object(Config\Paths))
WARNING - 2024-12-31 23:37:41 --> [DEPRECATED] Passing lowercase HTTP method "post" is deprecated. Use uppercase HTTP method like "POST". in ROOTPATH\system\Router\RouteCollection.php on line 1030.
 1 ROOTPATH\system\Router\RouteCollection.php(1030): trigger_error('Passing lowercase HTTP method "post" is deprecated. Use uppercase HTTP method like "POST".', 16384)
 2 APPPATH\Config\Routes.php(22): CodeIgniter\Router\RouteCollection->match([...], '/verifylogin/(:any)', 'LoginController::verifylogin/$1')
 3 ROOTPATH\system\Router\RouteCollection.php(340): require('C:\\laragon\\www\\pascav2\\app\\Config\\Routes.php')
 4 ROOTPATH\system\CodeIgniter.php(823): CodeIgniter\Router\RouteCollection->loadRoutes()
 5 ROOTPATH\system\CodeIgniter.php(457): CodeIgniter\CodeIgniter->tryToRouteIt(null)
 6 ROOTPATH\system\CodeIgniter.php(355): CodeIgniter\CodeIgniter->handleRequest(null, Object(Config\Cache), false)
 7 SYSTEMPATH\Boot.php(325): CodeIgniter\CodeIgniter->run()
 8 SYSTEMPATH\Boot.php(67): CodeIgniter\Boot::runCodeIgniter(Object(CodeIgniter\CodeIgniter))
 9 FCPATH\index.php(56): CodeIgniter\Boot::bootWeb(Object(Config\Paths))
WARNING - 2024-12-31 23:37:41 --> [DEPRECATED] Passing lowercase HTTP method "post" is deprecated. Use uppercase HTTP method like "POST". in ROOTPATH\system\Router\RouteCollection.php on line 1030.
 1 ROOTPATH\system\Router\RouteCollection.php(1030): trigger_error('Passing lowercase HTTP method "post" is deprecated. Use uppercase HTTP method like "POST".', 16384)
 2 APPPATH\Config\Routes.php(22): CodeIgniter\Router\RouteCollection->match([...], '/verifylogin/(:any)', 'LoginController::verifylogin/$1')
 3 ROOTPATH\system\Router\RouteCollection.php(340): require('C:\\laragon\\www\\pascav2\\app\\Config\\Routes.php')
 4 ROOTPATH\system\CodeIgniter.php(823): CodeIgniter\Router\RouteCollection->loadRoutes()
 5 ROOTPATH\system\CodeIgniter.php(457): CodeIgniter\CodeIgniter->tryToRouteIt(null)
 6 ROOTPATH\system\CodeIgniter.php(355): CodeIgniter\CodeIgniter->handleRequest(null, Object(Config\Cache), false)
 7 SYSTEMPATH\Boot.php(325): CodeIgniter\CodeIgniter->run()
 8 SYSTEMPATH\Boot.php(67): CodeIgniter\Boot::runCodeIgniter(Object(CodeIgniter\CodeIgniter))
 9 FCPATH\index.php(56): CodeIgniter\Boot::bootWeb(Object(Config\Paths))
WARNING - 2024-12-31 23:37:41 --> [DEPRECATED] Passing lowercase HTTP method "post" is deprecated. Use uppercase HTTP method like "POST". in ROOTPATH\system\Router\RouteCollection.php on line 1030.
 1 ROOTPATH\system\Router\RouteCollection.php(1030): trigger_error('Passing lowercase HTTP method "post" is deprecated. Use uppercase HTTP method like "POST".', 16384)
 2 APPPATH\Config\Routes.php(22): CodeIgniter\Router\RouteCollection->match([...], '/verifylogin/(:any)', 'LoginController::verifylogin/$1')
 3 ROOTPATH\system\Router\RouteCollection.php(340): require('C:\\laragon\\www\\pascav2\\app\\Config\\Routes.php')
 4 ROOTPATH\system\CodeIgniter.php(823): CodeIgniter\Router\RouteCollection->loadRoutes()
 5 ROOTPATH\system\CodeIgniter.php(457): CodeIgniter\CodeIgniter->tryToRouteIt(null)
 6 ROOTPATH\system\CodeIgniter.php(355): CodeIgniter\CodeIgniter->handleRequest(null, Object(Config\Cache), false)
 7 SYSTEMPATH\Boot.php(325): CodeIgniter\CodeIgniter->run()
 8 SYSTEMPATH\Boot.php(67): CodeIgniter\Boot::runCodeIgniter(Object(CodeIgniter\CodeIgniter))
 9 FCPATH\index.php(56): CodeIgniter\Boot::bootWeb(Object(Config\Paths))
INFO - 2024-12-31 23:37:41 --> Session: Class initialized using 'CodeIgniter\Session\Handlers\FileHandler' driver.
INFO - 2024-12-31 23:37:41 --> Session: Class initialized using 'CodeIgniter\Session\Handlers\FileHandler' driver.
WARNING - 2024-12-31 23:38:02 --> [DEPRECATED] Passing lowercase HTTP method "get" is deprecated. Use uppercase HTTP method like "GET". in ROOTPATH\system\Router\RouteCollection.php on line 1030.
 1 ROOTPATH\system\Router\RouteCollection.php(1030): trigger_error('Passing lowercase HTTP method "get" is deprecated. Use uppercase HTTP method like "GET".', 16384)
 2 APPPATH\Config\Routes.php(22): CodeIgniter\Router\RouteCollection->match([...], '/verifylogin/(:any)', 'LoginController::verifylogin/$1')
 3 ROOTPATH\system\Router\RouteCollection.php(340): require('C:\\laragon\\www\\pascav2\\app\\Config\\Routes.php')
 4 ROOTPATH\system\CodeIgniter.php(823): CodeIgniter\Router\RouteCollection->loadRoutes()
 5 ROOTPATH\system\CodeIgniter.php(457): CodeIgniter\CodeIgniter->tryToRouteIt(null)
 6 ROOTPATH\system\CodeIgniter.php(355): CodeIgniter\CodeIgniter->handleRequest(null, Object(Config\Cache), false)
 7 SYSTEMPATH\Boot.php(325): CodeIgniter\CodeIgniter->run()
 8 SYSTEMPATH\Boot.php(67): CodeIgniter\Boot::runCodeIgniter(Object(CodeIgniter\CodeIgniter))
 9 FCPATH\index.php(56): CodeIgniter\Boot::bootWeb(Object(Config\Paths))
WARNING - 2024-12-31 23:38:02 --> [DEPRECATED] Passing lowercase HTTP method "post" is deprecated. Use uppercase HTTP method like "POST". in ROOTPATH\system\Router\RouteCollection.php on line 1030.
 1 ROOTPATH\system\Router\RouteCollection.php(1030): trigger_error('Passing lowercase HTTP method "post" is deprecated. Use uppercase HTTP method like "POST".', 16384)
 2 APPPATH\Config\Routes.php(22): CodeIgniter\Router\RouteCollection->match([...], '/verifylogin/(:any)', 'LoginController::verifylogin/$1')
 3 ROOTPATH\system\Router\RouteCollection.php(340): require('C:\\laragon\\www\\pascav2\\app\\Config\\Routes.php')
 4 ROOTPATH\system\CodeIgniter.php(823): CodeIgniter\Router\RouteCollection->loadRoutes()
 5 ROOTPATH\system\CodeIgniter.php(457): CodeIgniter\CodeIgniter->tryToRouteIt(null)
 6 ROOTPATH\system\CodeIgniter.php(355): CodeIgniter\CodeIgniter->handleRequest(null, Object(Config\Cache), false)
 7 SYSTEMPATH\Boot.php(325): CodeIgniter\CodeIgniter->run()
 8 SYSTEMPATH\Boot.php(67): CodeIgniter\Boot::runCodeIgniter(Object(CodeIgniter\CodeIgniter))
 9 FCPATH\index.php(56): CodeIgniter\Boot::bootWeb(Object(Config\Paths))
INFO - 2024-12-31 23:38:02 --> Session: Class initialized using 'CodeIgniter\Session\Handlers\FileHandler' driver.
WARNING - 2024-12-31 23:38:03 --> [DEPRECATED] Passing lowercase HTTP method "get" is deprecated. Use uppercase HTTP method like "GET". in ROOTPATH\system\Router\RouteCollection.php on line 1030.
 1 ROOTPATH\system\Router\RouteCollection.php(1030): trigger_error('Passing lowercase HTTP method "get" is deprecated. Use uppercase HTTP method like "GET".', 16384)
 2 APPPATH\Config\Routes.php(22): CodeIgniter\Router\RouteCollection->match([...], '/verifylogin/(:any)', 'LoginController::verifylogin/$1')
 3 ROOTPATH\system\Router\RouteCollection.php(340): require('C:\\laragon\\www\\pascav2\\app\\Config\\Routes.php')
 4 ROOTPATH\system\CodeIgniter.php(823): CodeIgniter\Router\RouteCollection->loadRoutes()
 5 ROOTPATH\system\CodeIgniter.php(457): CodeIgniter\CodeIgniter->tryToRouteIt(null)
 6 ROOTPATH\system\CodeIgniter.php(355): CodeIgniter\CodeIgniter->handleRequest(null, Object(Config\Cache), false)
 7 SYSTEMPATH\Boot.php(325): CodeIgniter\CodeIgniter->run()
 8 SYSTEMPATH\Boot.php(67): CodeIgniter\Boot::runCodeIgniter(Object(CodeIgniter\CodeIgniter))
 9 FCPATH\index.php(56): CodeIgniter\Boot::bootWeb(Object(Config\Paths))
WARNING - 2024-12-31 23:38:03 --> [DEPRECATED] Passing lowercase HTTP method "post" is deprecated. Use uppercase HTTP method like "POST". in ROOTPATH\system\Router\RouteCollection.php on line 1030.
 1 ROOTPATH\system\Router\RouteCollection.php(1030): trigger_error('Passing lowercase HTTP method "post" is deprecated. Use uppercase HTTP method like "POST".', 16384)
 2 APPPATH\Config\Routes.php(22): CodeIgniter\Router\RouteCollection->match([...], '/verifylogin/(:any)', 'LoginController::verifylogin/$1')
 3 ROOTPATH\system\Router\RouteCollection.php(340): require('C:\\laragon\\www\\pascav2\\app\\Config\\Routes.php')
 4 ROOTPATH\system\CodeIgniter.php(823): CodeIgniter\Router\RouteCollection->loadRoutes()
 5 ROOTPATH\system\CodeIgniter.php(457): CodeIgniter\CodeIgniter->tryToRouteIt(null)
 6 ROOTPATH\system\CodeIgniter.php(355): CodeIgniter\CodeIgniter->handleRequest(null, Object(Config\Cache), false)
 7 SYSTEMPATH\Boot.php(325): CodeIgniter\CodeIgniter->run()
 8 SYSTEMPATH\Boot.php(67): CodeIgniter\Boot::runCodeIgniter(Object(CodeIgniter\CodeIgniter))
 9 FCPATH\index.php(56): CodeIgniter\Boot::bootWeb(Object(Config\Paths))
INFO - 2024-12-31 23:38:03 --> Session: Class initialized using 'CodeIgniter\Session\Handlers\FileHandler' driver.
WARNING - 2024-12-31 23:38:05 --> [DEPRECATED] Passing lowercase HTTP method "get" is deprecated. Use uppercase HTTP method like "GET". in ROOTPATH\system\Router\RouteCollection.php on line 1030.
 1 ROOTPATH\system\Router\RouteCollection.php(1030): trigger_error('Passing lowercase HTTP method "get" is deprecated. Use uppercase HTTP method like "GET".', 16384)
 2 APPPATH\Config\Routes.php(22): CodeIgniter\Router\RouteCollection->match([...], '/verifylogin/(:any)', 'LoginController::verifylogin/$1')
 3 ROOTPATH\system\Router\RouteCollection.php(340): require('C:\\laragon\\www\\pascav2\\app\\Config\\Routes.php')
 4 ROOTPATH\system\CodeIgniter.php(823): CodeIgniter\Router\RouteCollection->loadRoutes()
 5 ROOTPATH\system\CodeIgniter.php(457): CodeIgniter\CodeIgniter->tryToRouteIt(null)
 6 ROOTPATH\system\CodeIgniter.php(355): CodeIgniter\CodeIgniter->handleRequest(null, Object(Config\Cache), false)
 7 SYSTEMPATH\Boot.php(325): CodeIgniter\CodeIgniter->run()
 8 SYSTEMPATH\Boot.php(67): CodeIgniter\Boot::runCodeIgniter(Object(CodeIgniter\CodeIgniter))
 9 FCPATH\index.php(56): CodeIgniter\Boot::bootWeb(Object(Config\Paths))
WARNING - 2024-12-31 23:38:05 --> [DEPRECATED] Passing lowercase HTTP method "post" is deprecated. Use uppercase HTTP method like "POST". in ROOTPATH\system\Router\RouteCollection.php on line 1030.
 1 ROOTPATH\system\Router\RouteCollection.php(1030): trigger_error('Passing lowercase HTTP method "post" is deprecated. Use uppercase HTTP method like "POST".', 16384)
 2 APPPATH\Config\Routes.php(22): CodeIgniter\Router\RouteCollection->match([...], '/verifylogin/(:any)', 'LoginController::verifylogin/$1')
 3 ROOTPATH\system\Router\RouteCollection.php(340): require('C:\\laragon\\www\\pascav2\\app\\Config\\Routes.php')
 4 ROOTPATH\system\CodeIgniter.php(823): CodeIgniter\Router\RouteCollection->loadRoutes()
 5 ROOTPATH\system\CodeIgniter.php(457): CodeIgniter\CodeIgniter->tryToRouteIt(null)
 6 ROOTPATH\system\CodeIgniter.php(355): CodeIgniter\CodeIgniter->handleRequest(null, Object(Config\Cache), false)
 7 SYSTEMPATH\Boot.php(325): CodeIgniter\CodeIgniter->run()
 8 SYSTEMPATH\Boot.php(67): CodeIgniter\Boot::runCodeIgniter(Object(CodeIgniter\CodeIgniter))
 9 FCPATH\index.php(56): CodeIgniter\Boot::bootWeb(Object(Config\Paths))
INFO - 2024-12-31 23:38:05 --> Session: Class initialized using 'CodeIgniter\Session\Handlers\FileHandler' driver.
WARNING - 2024-12-31 23:40:01 --> [DEPRECATED] Passing lowercase HTTP method "get" is deprecated. Use uppercase HTTP method like "GET". in ROOTPATH\system\Router\RouteCollection.php on line 1030.
 1 ROOTPATH\system\Router\RouteCollection.php(1030): trigger_error('Passing lowercase HTTP method "get" is deprecated. Use uppercase HTTP method like "GET".', 16384)
 2 APPPATH\Config\Routes.php(22): CodeIgniter\Router\RouteCollection->match([...], '/verifylogin/(:any)', 'LoginController::verifylogin/$1')
 3 ROOTPATH\system\Router\RouteCollection.php(340): require('C:\\laragon\\www\\pascav2\\app\\Config\\Routes.php')
 4 ROOTPATH\system\CodeIgniter.php(823): CodeIgniter\Router\RouteCollection->loadRoutes()
 5 ROOTPATH\system\CodeIgniter.php(457): CodeIgniter\CodeIgniter->tryToRouteIt(null)
 6 ROOTPATH\system\CodeIgniter.php(355): CodeIgniter\CodeIgniter->handleRequest(null, Object(Config\Cache), false)
 7 SYSTEMPATH\Boot.php(325): CodeIgniter\CodeIgniter->run()
 8 SYSTEMPATH\Boot.php(67): CodeIgniter\Boot::runCodeIgniter(Object(CodeIgniter\CodeIgniter))
 9 FCPATH\index.php(56): CodeIgniter\Boot::bootWeb(Object(Config\Paths))
WARNING - 2024-12-31 23:40:01 --> [DEPRECATED] Passing lowercase HTTP method "post" is deprecated. Use uppercase HTTP method like "POST". in ROOTPATH\system\Router\RouteCollection.php on line 1030.
 1 ROOTPATH\system\Router\RouteCollection.php(1030): trigger_error('Passing lowercase HTTP method "post" is deprecated. Use uppercase HTTP method like "POST".', 16384)
 2 APPPATH\Config\Routes.php(22): CodeIgniter\Router\RouteCollection->match([...], '/verifylogin/(:any)', 'LoginController::verifylogin/$1')
 3 ROOTPATH\system\Router\RouteCollection.php(340): require('C:\\laragon\\www\\pascav2\\app\\Config\\Routes.php')
 4 ROOTPATH\system\CodeIgniter.php(823): CodeIgniter\Router\RouteCollection->loadRoutes()
 5 ROOTPATH\system\CodeIgniter.php(457): CodeIgniter\CodeIgniter->tryToRouteIt(null)
 6 ROOTPATH\system\CodeIgniter.php(355): CodeIgniter\CodeIgniter->handleRequest(null, Object(Config\Cache), false)
 7 SYSTEMPATH\Boot.php(325): CodeIgniter\CodeIgniter->run()
 8 SYSTEMPATH\Boot.php(67): CodeIgniter\Boot::runCodeIgniter(Object(CodeIgniter\CodeIgniter))
 9 FCPATH\index.php(56): CodeIgniter\Boot::bootWeb(Object(Config\Paths))
WARNING - 2024-12-31 23:40:01 --> [DEPRECATED] Passing lowercase HTTP method "get" is deprecated. Use uppercase HTTP method like "GET". in ROOTPATH\system\Router\RouteCollection.php on line 1030.
 1 ROOTPATH\system\Router\RouteCollection.php(1030): trigger_error('Passing lowercase HTTP method "get" is deprecated. Use uppercase HTTP method like "GET".', 16384)
 2 APPPATH\Config\Routes.php(22): CodeIgniter\Router\RouteCollection->match([...], '/verifylogin/(:any)', 'LoginController::verifylogin/$1')
 3 ROOTPATH\system\Router\RouteCollection.php(340): require('C:\\laragon\\www\\pascav2\\app\\Config\\Routes.php')
 4 ROOTPATH\system\CodeIgniter.php(823): CodeIgniter\Router\RouteCollection->loadRoutes()
 5 ROOTPATH\system\CodeIgniter.php(457): CodeIgniter\CodeIgniter->tryToRouteIt(null)
 6 ROOTPATH\system\CodeIgniter.php(355): CodeIgniter\CodeIgniter->handleRequest(null, Object(Config\Cache), false)
 7 SYSTEMPATH\Boot.php(325): CodeIgniter\CodeIgniter->run()
 8 SYSTEMPATH\Boot.php(67): CodeIgniter\Boot::runCodeIgniter(Object(CodeIgniter\CodeIgniter))
 9 FCPATH\index.php(56): CodeIgniter\Boot::bootWeb(Object(Config\Paths))
WARNING - 2024-12-31 23:40:01 --> [DEPRECATED] Passing lowercase HTTP method "post" is deprecated. Use uppercase HTTP method like "POST". in ROOTPATH\system\Router\RouteCollection.php on line 1030.
 1 ROOTPATH\system\Router\RouteCollection.php(1030): trigger_error('Passing lowercase HTTP method "post" is deprecated. Use uppercase HTTP method like "POST".', 16384)
 2 APPPATH\Config\Routes.php(22): CodeIgniter\Router\RouteCollection->match([...], '/verifylogin/(:any)', 'LoginController::verifylogin/$1')
 3 ROOTPATH\system\Router\RouteCollection.php(340): require('C:\\laragon\\www\\pascav2\\app\\Config\\Routes.php')
 4 ROOTPATH\system\CodeIgniter.php(823): CodeIgniter\Router\RouteCollection->loadRoutes()
 5 ROOTPATH\system\CodeIgniter.php(457): CodeIgniter\CodeIgniter->tryToRouteIt(null)
 6 ROOTPATH\system\CodeIgniter.php(355): CodeIgniter\CodeIgniter->handleRequest(null, Object(Config\Cache), false)
 7 SYSTEMPATH\Boot.php(325): CodeIgniter\CodeIgniter->run()
 8 SYSTEMPATH\Boot.php(67): CodeIgniter\Boot::runCodeIgniter(Object(CodeIgniter\CodeIgniter))
 9 FCPATH\index.php(56): CodeIgniter\Boot::bootWeb(Object(Config\Paths))
WARNING - 2024-12-31 23:40:01 --> [DEPRECATED] Passing lowercase HTTP method "get" is deprecated. Use uppercase HTTP method like "GET". in ROOTPATH\system\Router\RouteCollection.php on line 1030.
 1 ROOTPATH\system\Router\RouteCollection.php(1030): trigger_error('Passing lowercase HTTP method "get" is deprecated. Use uppercase HTTP method like "GET".', 16384)
 2 APPPATH\Config\Routes.php(22): CodeIgniter\Router\RouteCollection->match([...], '/verifylogin/(:any)', 'LoginController::verifylogin/$1')
 3 ROOTPATH\system\Router\RouteCollection.php(340): require('C:\\laragon\\www\\pascav2\\app\\Config\\Routes.php')
 4 ROOTPATH\system\CodeIgniter.php(823): CodeIgniter\Router\RouteCollection->loadRoutes()
 5 ROOTPATH\system\CodeIgniter.php(457): CodeIgniter\CodeIgniter->tryToRouteIt(null)
 6 ROOTPATH\system\CodeIgniter.php(355): CodeIgniter\CodeIgniter->handleRequest(null, Object(Config\Cache), false)
 7 SYSTEMPATH\Boot.php(325): CodeIgniter\CodeIgniter->run()
 8 SYSTEMPATH\Boot.php(67): CodeIgniter\Boot::runCodeIgniter(Object(CodeIgniter\CodeIgniter))
 9 FCPATH\index.php(56): CodeIgniter\Boot::bootWeb(Object(Config\Paths))
WARNING - 2024-12-31 23:40:01 --> [DEPRECATED] Passing lowercase HTTP method "post" is deprecated. Use uppercase HTTP method like "POST". in ROOTPATH\system\Router\RouteCollection.php on line 1030.
 1 ROOTPATH\system\Router\RouteCollection.php(1030): trigger_error('Passing lowercase HTTP method "post" is deprecated. Use uppercase HTTP method like "POST".', 16384)
 2 APPPATH\Config\Routes.php(22): CodeIgniter\Router\RouteCollection->match([...], '/verifylogin/(:any)', 'LoginController::verifylogin/$1')
 3 ROOTPATH\system\Router\RouteCollection.php(340): require('C:\\laragon\\www\\pascav2\\app\\Config\\Routes.php')
 4 ROOTPATH\system\CodeIgniter.php(823): CodeIgniter\Router\RouteCollection->loadRoutes()
 5 ROOTPATH\system\CodeIgniter.php(457): CodeIgniter\CodeIgniter->tryToRouteIt(null)
 6 ROOTPATH\system\CodeIgniter.php(355): CodeIgniter\CodeIgniter->handleRequest(null, Object(Config\Cache), false)
 7 SYSTEMPATH\Boot.php(325): CodeIgniter\CodeIgniter->run()
 8 SYSTEMPATH\Boot.php(67): CodeIgniter\Boot::runCodeIgniter(Object(CodeIgniter\CodeIgniter))
 9 FCPATH\index.php(56): CodeIgniter\Boot::bootWeb(Object(Config\Paths))
WARNING - 2024-12-31 23:40:01 --> [DEPRECATED] Passing lowercase HTTP method "get" is deprecated. Use uppercase HTTP method like "GET". in ROOTPATH\system\Router\RouteCollection.php on line 1030.
 1 ROOTPATH\system\Router\RouteCollection.php(1030): trigger_error('Passing lowercase HTTP method "get" is deprecated. Use uppercase HTTP method like "GET".', 16384)
 2 APPPATH\Config\Routes.php(22): CodeIgniter\Router\RouteCollection->match([...], '/verifylogin/(:any)', 'LoginController::verifylogin/$1')
 3 ROOTPATH\system\Router\RouteCollection.php(340): require('C:\\laragon\\www\\pascav2\\app\\Config\\Routes.php')
 4 ROOTPATH\system\CodeIgniter.php(823): CodeIgniter\Router\RouteCollection->loadRoutes()
 5 ROOTPATH\system\CodeIgniter.php(457): CodeIgniter\CodeIgniter->tryToRouteIt(null)
 6 ROOTPATH\system\CodeIgniter.php(355): CodeIgniter\CodeIgniter->handleRequest(null, Object(Config\Cache), false)
 7 SYSTEMPATH\Boot.php(325): CodeIgniter\CodeIgniter->run()
 8 SYSTEMPATH\Boot.php(67): CodeIgniter\Boot::runCodeIgniter(Object(CodeIgniter\CodeIgniter))
 9 FCPATH\index.php(56): CodeIgniter\Boot::bootWeb(Object(Config\Paths))
WARNING - 2024-12-31 23:40:01 --> [DEPRECATED] Passing lowercase HTTP method "post" is deprecated. Use uppercase HTTP method like "POST". in ROOTPATH\system\Router\RouteCollection.php on line 1030.
 1 ROOTPATH\system\Router\RouteCollection.php(1030): trigger_error('Passing lowercase HTTP method "post" is deprecated. Use uppercase HTTP method like "POST".', 16384)
 2 APPPATH\Config\Routes.php(22): CodeIgniter\Router\RouteCollection->match([...], '/verifylogin/(:any)', 'LoginController::verifylogin/$1')
 3 ROOTPATH\system\Router\RouteCollection.php(340): require('C:\\laragon\\www\\pascav2\\app\\Config\\Routes.php')
 4 ROOTPATH\system\CodeIgniter.php(823): CodeIgniter\Router\RouteCollection->loadRoutes()
 5 ROOTPATH\system\CodeIgniter.php(457): CodeIgniter\CodeIgniter->tryToRouteIt(null)
 6 ROOTPATH\system\CodeIgniter.php(355): CodeIgniter\CodeIgniter->handleRequest(null, Object(Config\Cache), false)
 7 SYSTEMPATH\Boot.php(325): CodeIgniter\CodeIgniter->run()
 8 SYSTEMPATH\Boot.php(67): CodeIgniter\Boot::runCodeIgniter(Object(CodeIgniter\CodeIgniter))
 9 FCPATH\index.php(56): CodeIgniter\Boot::bootWeb(Object(Config\Paths))
WARNING - 2024-12-31 23:40:01 --> [DEPRECATED] Passing lowercase HTTP method "get" is deprecated. Use uppercase HTTP method like "GET". in ROOTPATH\system\Router\RouteCollection.php on line 1030.
 1 ROOTPATH\system\Router\RouteCollection.php(1030): trigger_error('Passing lowercase HTTP method "get" is deprecated. Use uppercase HTTP method like "GET".', 16384)
 2 APPPATH\Config\Routes.php(22): CodeIgniter\Router\RouteCollection->match([...], '/verifylogin/(:any)', 'LoginController::verifylogin/$1')
 3 ROOTPATH\system\Router\RouteCollection.php(340): require('C:\\laragon\\www\\pascav2\\app\\Config\\Routes.php')
 4 ROOTPATH\system\CodeIgniter.php(823): CodeIgniter\Router\RouteCollection->loadRoutes()
 5 ROOTPATH\system\CodeIgniter.php(457): CodeIgniter\CodeIgniter->tryToRouteIt(null)
 6 ROOTPATH\system\CodeIgniter.php(355): CodeIgniter\CodeIgniter->handleRequest(null, Object(Config\Cache), false)
 7 SYSTEMPATH\Boot.php(325): CodeIgniter\CodeIgniter->run()
 8 SYSTEMPATH\Boot.php(67): CodeIgniter\Boot::runCodeIgniter(Object(CodeIgniter\CodeIgniter))
 9 FCPATH\index.php(56): CodeIgniter\Boot::bootWeb(Object(Config\Paths))
WARNING - 2024-12-31 23:40:01 --> [DEPRECATED] Passing lowercase HTTP method "get" is deprecated. Use uppercase HTTP method like "GET". in ROOTPATH\system\Router\RouteCollection.php on line 1030.
 1 ROOTPATH\system\Router\RouteCollection.php(1030): trigger_error('Passing lowercase HTTP method "get" is deprecated. Use uppercase HTTP method like "GET".', 16384)
 2 APPPATH\Config\Routes.php(22): CodeIgniter\Router\RouteCollection->match([...], '/verifylogin/(:any)', 'LoginController::verifylogin/$1')
 3 ROOTPATH\system\Router\RouteCollection.php(340): require('C:\\laragon\\www\\pascav2\\app\\Config\\Routes.php')
 4 ROOTPATH\system\CodeIgniter.php(823): CodeIgniter\Router\RouteCollection->loadRoutes()
 5 ROOTPATH\system\CodeIgniter.php(457): CodeIgniter\CodeIgniter->tryToRouteIt(null)
 6 ROOTPATH\system\CodeIgniter.php(355): CodeIgniter\CodeIgniter->handleRequest(null, Object(Config\Cache), false)
 7 SYSTEMPATH\Boot.php(325): CodeIgniter\CodeIgniter->run()
 8 SYSTEMPATH\Boot.php(67): CodeIgniter\Boot::runCodeIgniter(Object(CodeIgniter\CodeIgniter))
 9 FCPATH\index.php(56): CodeIgniter\Boot::bootWeb(Object(Config\Paths))
WARNING - 2024-12-31 23:40:01 --> [DEPRECATED] Passing lowercase HTTP method "get" is deprecated. Use uppercase HTTP method like "GET". in ROOTPATH\system\Router\RouteCollection.php on line 1030.
 1 ROOTPATH\system\Router\RouteCollection.php(1030): trigger_error('Passing lowercase HTTP method "get" is deprecated. Use uppercase HTTP method like "GET".', 16384)
 2 APPPATH\Config\Routes.php(22): CodeIgniter\Router\RouteCollection->match([...], '/verifylogin/(:any)', 'LoginController::verifylogin/$1')
 3 ROOTPATH\system\Router\RouteCollection.php(340): require('C:\\laragon\\www\\pascav2\\app\\Config\\Routes.php')
 4 ROOTPATH\system\CodeIgniter.php(823): CodeIgniter\Router\RouteCollection->loadRoutes()
 5 ROOTPATH\system\CodeIgniter.php(457): CodeIgniter\CodeIgniter->tryToRouteIt(null)
 6 ROOTPATH\system\CodeIgniter.php(355): CodeIgniter\CodeIgniter->handleRequest(null, Object(Config\Cache), false)
 7 SYSTEMPATH\Boot.php(325): CodeIgniter\CodeIgniter->run()
 8 SYSTEMPATH\Boot.php(67): CodeIgniter\Boot::runCodeIgniter(Object(CodeIgniter\CodeIgniter))
 9 FCPATH\index.php(56): CodeIgniter\Boot::bootWeb(Object(Config\Paths))
WARNING - 2024-12-31 23:40:01 --> [DEPRECATED] Passing lowercase HTTP method "post" is deprecated. Use uppercase HTTP method like "POST". in ROOTPATH\system\Router\RouteCollection.php on line 1030.
 1 ROOTPATH\system\Router\RouteCollection.php(1030): trigger_error('Passing lowercase HTTP method "post" is deprecated. Use uppercase HTTP method like "POST".', 16384)
 2 APPPATH\Config\Routes.php(22): CodeIgniter\Router\RouteCollection->match([...], '/verifylogin/(:any)', 'LoginController::verifylogin/$1')
 3 ROOTPATH\system\Router\RouteCollection.php(340): require('C:\\laragon\\www\\pascav2\\app\\Config\\Routes.php')
 4 ROOTPATH\system\CodeIgniter.php(823): CodeIgniter\Router\RouteCollection->loadRoutes()
 5 ROOTPATH\system\CodeIgniter.php(457): CodeIgniter\CodeIgniter->tryToRouteIt(null)
 6 ROOTPATH\system\CodeIgniter.php(355): CodeIgniter\CodeIgniter->handleRequest(null, Object(Config\Cache), false)
 7 SYSTEMPATH\Boot.php(325): CodeIgniter\CodeIgniter->run()
 8 SYSTEMPATH\Boot.php(67): CodeIgniter\Boot::runCodeIgniter(Object(CodeIgniter\CodeIgniter))
 9 FCPATH\index.php(56): CodeIgniter\Boot::bootWeb(Object(Config\Paths))
WARNING - 2024-12-31 23:40:01 --> [DEPRECATED] Passing lowercase HTTP method "post" is deprecated. Use uppercase HTTP method like "POST". in ROOTPATH\system\Router\RouteCollection.php on line 1030.
 1 ROOTPATH\system\Router\RouteCollection.php(1030): trigger_error('Passing lowercase HTTP method "post" is deprecated. Use uppercase HTTP method like "POST".', 16384)
 2 APPPATH\Config\Routes.php(22): CodeIgniter\Router\RouteCollection->match([...], '/verifylogin/(:any)', 'LoginController::verifylogin/$1')
 3 ROOTPATH\system\Router\RouteCollection.php(340): require('C:\\laragon\\www\\pascav2\\app\\Config\\Routes.php')
 4 ROOTPATH\system\CodeIgniter.php(823): CodeIgniter\Router\RouteCollection->loadRoutes()
 5 ROOTPATH\system\CodeIgniter.php(457): CodeIgniter\CodeIgniter->tryToRouteIt(null)
 6 ROOTPATH\system\CodeIgniter.php(355): CodeIgniter\CodeIgniter->handleRequest(null, Object(Config\Cache), false)
 7 SYSTEMPATH\Boot.php(325): CodeIgniter\CodeIgniter->run()
 8 SYSTEMPATH\Boot.php(67): CodeIgniter\Boot::runCodeIgniter(Object(CodeIgniter\CodeIgniter))
 9 FCPATH\index.php(56): CodeIgniter\Boot::bootWeb(Object(Config\Paths))
WARNING - 2024-12-31 23:40:01 --> [DEPRECATED] Passing lowercase HTTP method "post" is deprecated. Use uppercase HTTP method like "POST". in ROOTPATH\system\Router\RouteCollection.php on line 1030.
 1 ROOTPATH\system\Router\RouteCollection.php(1030): trigger_error('Passing lowercase HTTP method "post" is deprecated. Use uppercase HTTP method like "POST".', 16384)
 2 APPPATH\Config\Routes.php(22): CodeIgniter\Router\RouteCollection->match([...], '/verifylogin/(:any)', 'LoginController::verifylogin/$1')
 3 ROOTPATH\system\Router\RouteCollection.php(340): require('C:\\laragon\\www\\pascav2\\app\\Config\\Routes.php')
 4 ROOTPATH\system\CodeIgniter.php(823): CodeIgniter\Router\RouteCollection->loadRoutes()
 5 ROOTPATH\system\CodeIgniter.php(457): CodeIgniter\CodeIgniter->tryToRouteIt(null)
 6 ROOTPATH\system\CodeIgniter.php(355): CodeIgniter\CodeIgniter->handleRequest(null, Object(Config\Cache), false)
 7 SYSTEMPATH\Boot.php(325): CodeIgniter\CodeIgniter->run()
 8 SYSTEMPATH\Boot.php(67): CodeIgniter\Boot::runCodeIgniter(Object(CodeIgniter\CodeIgniter))
 9 FCPATH\index.php(56): CodeIgniter\Boot::bootWeb(Object(Config\Paths))
INFO - 2024-12-31 23:40:02 --> Session: Class initialized using 'CodeIgniter\Session\Handlers\FileHandler' driver.
INFO - 2024-12-31 23:40:02 --> Session: Class initialized using 'CodeIgniter\Session\Handlers\FileHandler' driver.
WARNING - 2024-12-31 23:40:24 --> [DEPRECATED] Passing lowercase HTTP method "get" is deprecated. Use uppercase HTTP method like "GET". in ROOTPATH\system\Router\RouteCollection.php on line 1030.
 1 ROOTPATH\system\Router\RouteCollection.php(1030): trigger_error('Passing lowercase HTTP method "get" is deprecated. Use uppercase HTTP method like "GET".', 16384)
 2 APPPATH\Config\Routes.php(22): CodeIgniter\Router\RouteCollection->match([...], '/verifylogin/(:any)', 'LoginController::verifylogin/$1')
 3 ROOTPATH\system\Router\RouteCollection.php(340): require('C:\\laragon\\www\\pascav2\\app\\Config\\Routes.php')
 4 ROOTPATH\system\CodeIgniter.php(823): CodeIgniter\Router\RouteCollection->loadRoutes()
 5 ROOTPATH\system\CodeIgniter.php(457): CodeIgniter\CodeIgniter->tryToRouteIt(null)
 6 ROOTPATH\system\CodeIgniter.php(355): CodeIgniter\CodeIgniter->handleRequest(null, Object(Config\Cache), false)
 7 SYSTEMPATH\Boot.php(325): CodeIgniter\CodeIgniter->run()
 8 SYSTEMPATH\Boot.php(67): CodeIgniter\Boot::runCodeIgniter(Object(CodeIgniter\CodeIgniter))
 9 FCPATH\index.php(56): CodeIgniter\Boot::bootWeb(Object(Config\Paths))
WARNING - 2024-12-31 23:40:24 --> [DEPRECATED] Passing lowercase HTTP method "post" is deprecated. Use uppercase HTTP method like "POST". in ROOTPATH\system\Router\RouteCollection.php on line 1030.
 1 ROOTPATH\system\Router\RouteCollection.php(1030): trigger_error('Passing lowercase HTTP method "post" is deprecated. Use uppercase HTTP method like "POST".', 16384)
 2 APPPATH\Config\Routes.php(22): CodeIgniter\Router\RouteCollection->match([...], '/verifylogin/(:any)', 'LoginController::verifylogin/$1')
 3 ROOTPATH\system\Router\RouteCollection.php(340): require('C:\\laragon\\www\\pascav2\\app\\Config\\Routes.php')
 4 ROOTPATH\system\CodeIgniter.php(823): CodeIgniter\Router\RouteCollection->loadRoutes()
 5 ROOTPATH\system\CodeIgniter.php(457): CodeIgniter\CodeIgniter->tryToRouteIt(null)
 6 ROOTPATH\system\CodeIgniter.php(355): CodeIgniter\CodeIgniter->handleRequest(null, Object(Config\Cache), false)
 7 SYSTEMPATH\Boot.php(325): CodeIgniter\CodeIgniter->run()
 8 SYSTEMPATH\Boot.php(67): CodeIgniter\Boot::runCodeIgniter(Object(CodeIgniter\CodeIgniter))
 9 FCPATH\index.php(56): CodeIgniter\Boot::bootWeb(Object(Config\Paths))
INFO - 2024-12-31 23:40:24 --> Session: Class initialized using 'CodeIgniter\Session\Handlers\FileHandler' driver.
WARNING - 2024-12-31 23:40:24 --> [DEPRECATED] Passing lowercase HTTP method "get" is deprecated. Use uppercase HTTP method like "GET". in ROOTPATH\system\Router\RouteCollection.php on line 1030.
 1 ROOTPATH\system\Router\RouteCollection.php(1030): trigger_error('Passing lowercase HTTP method "get" is deprecated. Use uppercase HTTP method like "GET".', 16384)
 2 APPPATH\Config\Routes.php(22): CodeIgniter\Router\RouteCollection->match([...], '/verifylogin/(:any)', 'LoginController::verifylogin/$1')
 3 ROOTPATH\system\Router\RouteCollection.php(340): require('C:\\laragon\\www\\pascav2\\app\\Config\\Routes.php')
 4 ROOTPATH\system\CodeIgniter.php(823): CodeIgniter\Router\RouteCollection->loadRoutes()
 5 ROOTPATH\system\CodeIgniter.php(457): CodeIgniter\CodeIgniter->tryToRouteIt(null)
 6 ROOTPATH\system\CodeIgniter.php(355): CodeIgniter\CodeIgniter->handleRequest(null, Object(Config\Cache), false)
 7 SYSTEMPATH\Boot.php(325): CodeIgniter\CodeIgniter->run()
 8 SYSTEMPATH\Boot.php(67): CodeIgniter\Boot::runCodeIgniter(Object(CodeIgniter\CodeIgniter))
 9 FCPATH\index.php(56): CodeIgniter\Boot::bootWeb(Object(Config\Paths))
WARNING - 2024-12-31 23:40:24 --> [DEPRECATED] Passing lowercase HTTP method "post" is deprecated. Use uppercase HTTP method like "POST". in ROOTPATH\system\Router\RouteCollection.php on line 1030.
 1 ROOTPATH\system\Router\RouteCollection.php(1030): trigger_error('Passing lowercase HTTP method "post" is deprecated. Use uppercase HTTP method like "POST".', 16384)
 2 APPPATH\Config\Routes.php(22): CodeIgniter\Router\RouteCollection->match([...], '/verifylogin/(:any)', 'LoginController::verifylogin/$1')
 3 ROOTPATH\system\Router\RouteCollection.php(340): require('C:\\laragon\\www\\pascav2\\app\\Config\\Routes.php')
 4 ROOTPATH\system\CodeIgniter.php(823): CodeIgniter\Router\RouteCollection->loadRoutes()
 5 ROOTPATH\system\CodeIgniter.php(457): CodeIgniter\CodeIgniter->tryToRouteIt(null)
 6 ROOTPATH\system\CodeIgniter.php(355): CodeIgniter\CodeIgniter->handleRequest(null, Object(Config\Cache), false)
 7 SYSTEMPATH\Boot.php(325): CodeIgniter\CodeIgniter->run()
 8 SYSTEMPATH\Boot.php(67): CodeIgniter\Boot::runCodeIgniter(Object(CodeIgniter\CodeIgniter))
 9 FCPATH\index.php(56): CodeIgniter\Boot::bootWeb(Object(Config\Paths))
INFO - 2024-12-31 23:40:24 --> Session: Class initialized using 'CodeIgniter\Session\Handlers\FileHandler' driver.
WARNING - 2024-12-31 23:40:53 --> [DEPRECATED] Passing lowercase HTTP method "get" is deprecated. Use uppercase HTTP method like "GET". in ROOTPATH\system\Router\RouteCollection.php on line 1030.
 1 ROOTPATH\system\Router\RouteCollection.php(1030): trigger_error('Passing lowercase HTTP method "get" is deprecated. Use uppercase HTTP method like "GET".', 16384)
 2 APPPATH\Config\Routes.php(22): CodeIgniter\Router\RouteCollection->match([...], '/verifylogin/(:any)', 'LoginController::verifylogin/$1')
 3 ROOTPATH\system\Router\RouteCollection.php(340): require('C:\\laragon\\www\\pascav2\\app\\Config\\Routes.php')
 4 ROOTPATH\system\CodeIgniter.php(823): CodeIgniter\Router\RouteCollection->loadRoutes()
 5 ROOTPATH\system\CodeIgniter.php(457): CodeIgniter\CodeIgniter->tryToRouteIt(null)
 6 ROOTPATH\system\CodeIgniter.php(355): CodeIgniter\CodeIgniter->handleRequest(null, Object(Config\Cache), false)
 7 SYSTEMPATH\Boot.php(325): CodeIgniter\CodeIgniter->run()
 8 SYSTEMPATH\Boot.php(67): CodeIgniter\Boot::runCodeIgniter(Object(CodeIgniter\CodeIgniter))
 9 FCPATH\index.php(56): CodeIgniter\Boot::bootWeb(Object(Config\Paths))
WARNING - 2024-12-31 23:40:53 --> [DEPRECATED] Passing lowercase HTTP method "post" is deprecated. Use uppercase HTTP method like "POST". in ROOTPATH\system\Router\RouteCollection.php on line 1030.
 1 ROOTPATH\system\Router\RouteCollection.php(1030): trigger_error('Passing lowercase HTTP method "post" is deprecated. Use uppercase HTTP method like "POST".', 16384)
 2 APPPATH\Config\Routes.php(22): CodeIgniter\Router\RouteCollection->match([...], '/verifylogin/(:any)', 'LoginController::verifylogin/$1')
 3 ROOTPATH\system\Router\RouteCollection.php(340): require('C:\\laragon\\www\\pascav2\\app\\Config\\Routes.php')
 4 ROOTPATH\system\CodeIgniter.php(823): CodeIgniter\Router\RouteCollection->loadRoutes()
 5 ROOTPATH\system\CodeIgniter.php(457): CodeIgniter\CodeIgniter->tryToRouteIt(null)
 6 ROOTPATH\system\CodeIgniter.php(355): CodeIgniter\CodeIgniter->handleRequest(null, Object(Config\Cache), false)
 7 SYSTEMPATH\Boot.php(325): CodeIgniter\CodeIgniter->run()
 8 SYSTEMPATH\Boot.php(67): CodeIgniter\Boot::runCodeIgniter(Object(CodeIgniter\CodeIgniter))
 9 FCPATH\index.php(56): CodeIgniter\Boot::bootWeb(Object(Config\Paths))
WARNING - 2024-12-31 23:40:54 --> [DEPRECATED] Passing lowercase HTTP method "get" is deprecated. Use uppercase HTTP method like "GET". in ROOTPATH\system\Router\RouteCollection.php on line 1030.
 1 ROOTPATH\system\Router\RouteCollection.php(1030): trigger_error('Passing lowercase HTTP method "get" is deprecated. Use uppercase HTTP method like "GET".', 16384)
 2 APPPATH\Config\Routes.php(22): CodeIgniter\Router\RouteCollection->match([...], '/verifylogin/(:any)', 'LoginController::verifylogin/$1')
 3 ROOTPATH\system\Router\RouteCollection.php(340): require('C:\\laragon\\www\\pascav2\\app\\Config\\Routes.php')
 4 ROOTPATH\system\CodeIgniter.php(823): CodeIgniter\Router\RouteCollection->loadRoutes()
 5 ROOTPATH\system\CodeIgniter.php(457): CodeIgniter\CodeIgniter->tryToRouteIt(null)
 6 ROOTPATH\system\CodeIgniter.php(355): CodeIgniter\CodeIgniter->handleRequest(null, Object(Config\Cache), false)
 7 SYSTEMPATH\Boot.php(325): CodeIgniter\CodeIgniter->run()
 8 SYSTEMPATH\Boot.php(67): CodeIgniter\Boot::runCodeIgniter(Object(CodeIgniter\CodeIgniter))
 9 FCPATH\index.php(56): CodeIgniter\Boot::bootWeb(Object(Config\Paths))
WARNING - 2024-12-31 23:40:54 --> [DEPRECATED] Passing lowercase HTTP method "get" is deprecated. Use uppercase HTTP method like "GET". in ROOTPATH\system\Router\RouteCollection.php on line 1030.
 1 ROOTPATH\system\Router\RouteCollection.php(1030): trigger_error('Passing lowercase HTTP method "get" is deprecated. Use uppercase HTTP method like "GET".', 16384)
 2 APPPATH\Config\Routes.php(22): CodeIgniter\Router\RouteCollection->match([...], '/verifylogin/(:any)', 'LoginController::verifylogin/$1')
 3 ROOTPATH\system\Router\RouteCollection.php(340): require('C:\\laragon\\www\\pascav2\\app\\Config\\Routes.php')
 4 ROOTPATH\system\CodeIgniter.php(823): CodeIgniter\Router\RouteCollection->loadRoutes()
 5 ROOTPATH\system\CodeIgniter.php(457): CodeIgniter\CodeIgniter->tryToRouteIt(null)
 6 ROOTPATH\system\CodeIgniter.php(355): CodeIgniter\CodeIgniter->handleRequest(null, Object(Config\Cache), false)
 7 SYSTEMPATH\Boot.php(325): CodeIgniter\CodeIgniter->run()
 8 SYSTEMPATH\Boot.php(67): CodeIgniter\Boot::runCodeIgniter(Object(CodeIgniter\CodeIgniter))
 9 FCPATH\index.php(56): CodeIgniter\Boot::bootWeb(Object(Config\Paths))
WARNING - 2024-12-31 23:40:54 --> [DEPRECATED] Passing lowercase HTTP method "get" is deprecated. Use uppercase HTTP method like "GET". in ROOTPATH\system\Router\RouteCollection.php on line 1030.
 1 ROOTPATH\system\Router\RouteCollection.php(1030): trigger_error('Passing lowercase HTTP method "get" is deprecated. Use uppercase HTTP method like "GET".', 16384)
 2 APPPATH\Config\Routes.php(22): CodeIgniter\Router\RouteCollection->match([...], '/verifylogin/(:any)', 'LoginController::verifylogin/$1')
 3 ROOTPATH\system\Router\RouteCollection.php(340): require('C:\\laragon\\www\\pascav2\\app\\Config\\Routes.php')
 4 ROOTPATH\system\CodeIgniter.php(823): CodeIgniter\Router\RouteCollection->loadRoutes()
 5 ROOTPATH\system\CodeIgniter.php(457): CodeIgniter\CodeIgniter->tryToRouteIt(null)
 6 ROOTPATH\system\CodeIgniter.php(355): CodeIgniter\CodeIgniter->handleRequest(null, Object(Config\Cache), false)
 7 SYSTEMPATH\Boot.php(325): CodeIgniter\CodeIgniter->run()
 8 SYSTEMPATH\Boot.php(67): CodeIgniter\Boot::runCodeIgniter(Object(CodeIgniter\CodeIgniter))
 9 FCPATH\index.php(56): CodeIgniter\Boot::bootWeb(Object(Config\Paths))
WARNING - 2024-12-31 23:40:54 --> [DEPRECATED] Passing lowercase HTTP method "post" is deprecated. Use uppercase HTTP method like "POST". in ROOTPATH\system\Router\RouteCollection.php on line 1030.
 1 ROOTPATH\system\Router\RouteCollection.php(1030): trigger_error('Passing lowercase HTTP method "post" is deprecated. Use uppercase HTTP method like "POST".', 16384)
 2 APPPATH\Config\Routes.php(22): CodeIgniter\Router\RouteCollection->match([...], '/verifylogin/(:any)', 'LoginController::verifylogin/$1')
 3 ROOTPATH\system\Router\RouteCollection.php(340): require('C:\\laragon\\www\\pascav2\\app\\Config\\Routes.php')
 4 ROOTPATH\system\CodeIgniter.php(823): CodeIgniter\Router\RouteCollection->loadRoutes()
 5 ROOTPATH\system\CodeIgniter.php(457): CodeIgniter\CodeIgniter->tryToRouteIt(null)
 6 ROOTPATH\system\CodeIgniter.php(355): CodeIgniter\CodeIgniter->handleRequest(null, Object(Config\Cache), false)
 7 SYSTEMPATH\Boot.php(325): CodeIgniter\CodeIgniter->run()
 8 SYSTEMPATH\Boot.php(67): CodeIgniter\Boot::runCodeIgniter(Object(CodeIgniter\CodeIgniter))
 9 FCPATH\index.php(56): CodeIgniter\Boot::bootWeb(Object(Config\Paths))
WARNING - 2024-12-31 23:40:54 --> [DEPRECATED] Passing lowercase HTTP method "post" is deprecated. Use uppercase HTTP method like "POST". in ROOTPATH\system\Router\RouteCollection.php on line 1030.
 1 ROOTPATH\system\Router\RouteCollection.php(1030): trigger_error('Passing lowercase HTTP method "post" is deprecated. Use uppercase HTTP method like "POST".', 16384)
 2 APPPATH\Config\Routes.php(22): CodeIgniter\Router\RouteCollection->match([...], '/verifylogin/(:any)', 'LoginController::verifylogin/$1')
 3 ROOTPATH\system\Router\RouteCollection.php(340): require('C:\\laragon\\www\\pascav2\\app\\Config\\Routes.php')
 4 ROOTPATH\system\CodeIgniter.php(823): CodeIgniter\Router\RouteCollection->loadRoutes()
 5 ROOTPATH\system\CodeIgniter.php(457): CodeIgniter\CodeIgniter->tryToRouteIt(null)
 6 ROOTPATH\system\CodeIgniter.php(355): CodeIgniter\CodeIgniter->handleRequest(null, Object(Config\Cache), false)
 7 SYSTEMPATH\Boot.php(325): CodeIgniter\CodeIgniter->run()
 8 SYSTEMPATH\Boot.php(67): CodeIgniter\Boot::runCodeIgniter(Object(CodeIgniter\CodeIgniter))
 9 FCPATH\index.php(56): CodeIgniter\Boot::bootWeb(Object(Config\Paths))
WARNING - 2024-12-31 23:40:54 --> [DEPRECATED] Passing lowercase HTTP method "post" is deprecated. Use uppercase HTTP method like "POST". in ROOTPATH\system\Router\RouteCollection.php on line 1030.
 1 ROOTPATH\system\Router\RouteCollection.php(1030): trigger_error('Passing lowercase HTTP method "post" is deprecated. Use uppercase HTTP method like "POST".', 16384)
 2 APPPATH\Config\Routes.php(22): CodeIgniter\Router\RouteCollection->match([...], '/verifylogin/(:any)', 'LoginController::verifylogin/$1')
 3 ROOTPATH\system\Router\RouteCollection.php(340): require('C:\\laragon\\www\\pascav2\\app\\Config\\Routes.php')
 4 ROOTPATH\system\CodeIgniter.php(823): CodeIgniter\Router\RouteCollection->loadRoutes()
 5 ROOTPATH\system\CodeIgniter.php(457): CodeIgniter\CodeIgniter->tryToRouteIt(null)
 6 ROOTPATH\system\CodeIgniter.php(355): CodeIgniter\CodeIgniter->handleRequest(null, Object(Config\Cache), false)
 7 SYSTEMPATH\Boot.php(325): CodeIgniter\CodeIgniter->run()
 8 SYSTEMPATH\Boot.php(67): CodeIgniter\Boot::runCodeIgniter(Object(CodeIgniter\CodeIgniter))
 9 FCPATH\index.php(56): CodeIgniter\Boot::bootWeb(Object(Config\Paths))
WARNING - 2024-12-31 23:40:54 --> [DEPRECATED] Passing lowercase HTTP method "get" is deprecated. Use uppercase HTTP method like "GET". in ROOTPATH\system\Router\RouteCollection.php on line 1030.
 1 ROOTPATH\system\Router\RouteCollection.php(1030): trigger_error('Passing lowercase HTTP method "get" is deprecated. Use uppercase HTTP method like "GET".', 16384)
 2 APPPATH\Config\Routes.php(22): CodeIgniter\Router\RouteCollection->match([...], '/verifylogin/(:any)', 'LoginController::verifylogin/$1')
 3 ROOTPATH\system\Router\RouteCollection.php(340): require('C:\\laragon\\www\\pascav2\\app\\Config\\Routes.php')
 4 ROOTPATH\system\CodeIgniter.php(823): CodeIgniter\Router\RouteCollection->loadRoutes()
 5 ROOTPATH\system\CodeIgniter.php(457): CodeIgniter\CodeIgniter->tryToRouteIt(null)
 6 ROOTPATH\system\CodeIgniter.php(355): CodeIgniter\CodeIgniter->handleRequest(null, Object(Config\Cache), false)
 7 SYSTEMPATH\Boot.php(325): CodeIgniter\CodeIgniter->run()
 8 SYSTEMPATH\Boot.php(67): CodeIgniter\Boot::runCodeIgniter(Object(CodeIgniter\CodeIgniter))
 9 FCPATH\index.php(56): CodeIgniter\Boot::bootWeb(Object(Config\Paths))
WARNING - 2024-12-31 23:40:54 --> [DEPRECATED] Passing lowercase HTTP method "post" is deprecated. Use uppercase HTTP method like "POST". in ROOTPATH\system\Router\RouteCollection.php on line 1030.
 1 ROOTPATH\system\Router\RouteCollection.php(1030): trigger_error('Passing lowercase HTTP method "post" is deprecated. Use uppercase HTTP method like "POST".', 16384)
 2 APPPATH\Config\Routes.php(22): CodeIgniter\Router\RouteCollection->match([...], '/verifylogin/(:any)', 'LoginController::verifylogin/$1')
 3 ROOTPATH\system\Router\RouteCollection.php(340): require('C:\\laragon\\www\\pascav2\\app\\Config\\Routes.php')
 4 ROOTPATH\system\CodeIgniter.php(823): CodeIgniter\Router\RouteCollection->loadRoutes()
 5 ROOTPATH\system\CodeIgniter.php(457): CodeIgniter\CodeIgniter->tryToRouteIt(null)
 6 ROOTPATH\system\CodeIgniter.php(355): CodeIgniter\CodeIgniter->handleRequest(null, Object(Config\Cache), false)
 7 SYSTEMPATH\Boot.php(325): CodeIgniter\CodeIgniter->run()
 8 SYSTEMPATH\Boot.php(67): CodeIgniter\Boot::runCodeIgniter(Object(CodeIgniter\CodeIgniter))
 9 FCPATH\index.php(56): CodeIgniter\Boot::bootWeb(Object(Config\Paths))
WARNING - 2024-12-31 23:40:54 --> [DEPRECATED] Passing lowercase HTTP method "get" is deprecated. Use uppercase HTTP method like "GET". in ROOTPATH\system\Router\RouteCollection.php on line 1030.
 1 ROOTPATH\system\Router\RouteCollection.php(1030): trigger_error('Passing lowercase HTTP method "get" is deprecated. Use uppercase HTTP method like "GET".', 16384)
 2 APPPATH\Config\Routes.php(22): CodeIgniter\Router\RouteCollection->match([...], '/verifylogin/(:any)', 'LoginController::verifylogin/$1')
 3 ROOTPATH\system\Router\RouteCollection.php(340): require('C:\\laragon\\www\\pascav2\\app\\Config\\Routes.php')
 4 ROOTPATH\system\CodeIgniter.php(823): CodeIgniter\Router\RouteCollection->loadRoutes()
 5 ROOTPATH\system\CodeIgniter.php(457): CodeIgniter\CodeIgniter->tryToRouteIt(null)
 6 ROOTPATH\system\CodeIgniter.php(355): CodeIgniter\CodeIgniter->handleRequest(null, Object(Config\Cache), false)
 7 SYSTEMPATH\Boot.php(325): CodeIgniter\CodeIgniter->run()
 8 SYSTEMPATH\Boot.php(67): CodeIgniter\Boot::runCodeIgniter(Object(CodeIgniter\CodeIgniter))
 9 FCPATH\index.php(56): CodeIgniter\Boot::bootWeb(Object(Config\Paths))
WARNING - 2024-12-31 23:40:54 --> [DEPRECATED] Passing lowercase HTTP method "get" is deprecated. Use uppercase HTTP method like "GET". in ROOTPATH\system\Router\RouteCollection.php on line 1030.
 1 ROOTPATH\system\Router\RouteCollection.php(1030): trigger_error('Passing lowercase HTTP method "get" is deprecated. Use uppercase HTTP method like "GET".', 16384)
 2 APPPATH\Config\Routes.php(22): CodeIgniter\Router\RouteCollection->match([...], '/verifylogin/(:any)', 'LoginController::verifylogin/$1')
 3 ROOTPATH\system\Router\RouteCollection.php(340): require('C:\\laragon\\www\\pascav2\\app\\Config\\Routes.php')
 4 ROOTPATH\system\CodeIgniter.php(823): CodeIgniter\Router\RouteCollection->loadRoutes()
 5 ROOTPATH\system\CodeIgniter.php(457): CodeIgniter\CodeIgniter->tryToRouteIt(null)
 6 ROOTPATH\system\CodeIgniter.php(355): CodeIgniter\CodeIgniter->handleRequest(null, Object(Config\Cache), false)
 7 SYSTEMPATH\Boot.php(325): CodeIgniter\CodeIgniter->run()
 8 SYSTEMPATH\Boot.php(67): CodeIgniter\Boot::runCodeIgniter(Object(CodeIgniter\CodeIgniter))
 9 FCPATH\index.php(56): CodeIgniter\Boot::bootWeb(Object(Config\Paths))
WARNING - 2024-12-31 23:40:54 --> [DEPRECATED] Passing lowercase HTTP method "post" is deprecated. Use uppercase HTTP method like "POST". in ROOTPATH\system\Router\RouteCollection.php on line 1030.
 1 ROOTPATH\system\Router\RouteCollection.php(1030): trigger_error('Passing lowercase HTTP method "post" is deprecated. Use uppercase HTTP method like "POST".', 16384)
 2 APPPATH\Config\Routes.php(22): CodeIgniter\Router\RouteCollection->match([...], '/verifylogin/(:any)', 'LoginController::verifylogin/$1')
 3 ROOTPATH\system\Router\RouteCollection.php(340): require('C:\\laragon\\www\\pascav2\\app\\Config\\Routes.php')
 4 ROOTPATH\system\CodeIgniter.php(823): CodeIgniter\Router\RouteCollection->loadRoutes()
 5 ROOTPATH\system\CodeIgniter.php(457): CodeIgniter\CodeIgniter->tryToRouteIt(null)
 6 ROOTPATH\system\CodeIgniter.php(355): CodeIgniter\CodeIgniter->handleRequest(null, Object(Config\Cache), false)
 7 SYSTEMPATH\Boot.php(325): CodeIgniter\CodeIgniter->run()
 8 SYSTEMPATH\Boot.php(67): CodeIgniter\Boot::runCodeIgniter(Object(CodeIgniter\CodeIgniter))
 9 FCPATH\index.php(56): CodeIgniter\Boot::bootWeb(Object(Config\Paths))
WARNING - 2024-12-31 23:40:54 --> [DEPRECATED] Passing lowercase HTTP method "post" is deprecated. Use uppercase HTTP method like "POST". in ROOTPATH\system\Router\RouteCollection.php on line 1030.
 1 ROOTPATH\system\Router\RouteCollection.php(1030): trigger_error('Passing lowercase HTTP method "post" is deprecated. Use uppercase HTTP method like "POST".', 16384)
 2 APPPATH\Config\Routes.php(22): CodeIgniter\Router\RouteCollection->match([...], '/verifylogin/(:any)', 'LoginController::verifylogin/$1')
 3 ROOTPATH\system\Router\RouteCollection.php(340): require('C:\\laragon\\www\\pascav2\\app\\Config\\Routes.php')
 4 ROOTPATH\system\CodeIgniter.php(823): CodeIgniter\Router\RouteCollection->loadRoutes()
 5 ROOTPATH\system\CodeIgniter.php(457): CodeIgniter\CodeIgniter->tryToRouteIt(null)
 6 ROOTPATH\system\CodeIgniter.php(355): CodeIgniter\CodeIgniter->handleRequest(null, Object(Config\Cache), false)
 7 SYSTEMPATH\Boot.php(325): CodeIgniter\CodeIgniter->run()
 8 SYSTEMPATH\Boot.php(67): CodeIgniter\Boot::runCodeIgniter(Object(CodeIgniter\CodeIgniter))
 9 FCPATH\index.php(56): CodeIgniter\Boot::bootWeb(Object(Config\Paths))
INFO - 2024-12-31 23:40:54 --> Session: Class initialized using 'CodeIgniter\Session\Handlers\FileHandler' driver.
INFO - 2024-12-31 23:40:54 --> Session: Class initialized using 'CodeIgniter\Session\Handlers\FileHandler' driver.
