CRITICAL - 2024-12-16 00:53:24 --> ParseError: syntax error, unexpected single-quoted string "p00verifycode", expecting "]"
in APPPATH\Controllers\LoginController.php on line 112.
 1 SYSTEMPATH\Autoloader\Autoloader.php(290): CodeIgniter\Autoloader\Autoloader->includeFile('C:\\laragon\\www\\pascav2\\app\\Controllers\\LoginController.php')
 2 SYSTEMPATH\Autoloader\Autoloader.php(266): CodeIgniter\Autoloader\Autoloader->loadInNamespace('App\\Controllers\\LoginController')
 3 [internal function]: CodeIgniter\Autoloader\Autoloader->loadClass('App\\Controllers\\LoginController')
 4 SYSTEMPATH\CodeIgniter.php(901): class_exists('\\App\\Controllers\\LoginController', true)
 5 SYSTEMPATH\CodeIgniter.php(490): CodeIgniter\CodeIgniter->startController()
 6 SYSTEMPATH\CodeIgniter.php(361): CodeIgniter\CodeIgniter->handleRequest(null, Object(Config\Cache), false)
 7 FCPATH\index.php(79): CodeIgniter\CodeIgniter->run()
ERROR - 2024-12-16 01:19:54 --> mysqli_sql_exception: Unknown column 'b86d5daa2cae5cd9233bf360cf7d672b' in 'where clause' in C:\laragon\www\pascav2\vendor\codeigniter4\framework\system\Database\MySQLi\Connection.php:306
Stack trace:
#0 C:\laragon\www\pascav2\vendor\codeigniter4\framework\system\Database\MySQLi\Connection.php(306): mysqli->query('SELECT p00usern...', 0)
#1 C:\laragon\www\pascav2\vendor\codeigniter4\framework\system\Database\BaseConnection.php(693): CodeIgniter\Database\MySQLi\Connection->execute('SELECT p00usern...')
#2 C:\laragon\www\pascav2\vendor\codeigniter4\framework\system\Database\BaseConnection.php(607): CodeIgniter\Database\BaseConnection->simpleQuery('SELECT p00usern...')
#3 C:\laragon\www\pascav2\app\Controllers\LoginController.php(142): CodeIgniter\Database\BaseConnection->query('SELECT p00usern...')
#4 C:\laragon\www\pascav2\vendor\codeigniter4\framework\system\CodeIgniter.php(943): App\Controllers\LoginController->verifylogin('b86d5daa2cae5cd...')
#5 C:\laragon\www\pascav2\vendor\codeigniter4\framework\system\CodeIgniter.php(503): CodeIgniter\CodeIgniter->runController(Object(App\Controllers\LoginController))
#6 C:\laragon\www\pascav2\vendor\codeigniter4\framework\system\CodeIgniter.php(361): CodeIgniter\CodeIgniter->handleRequest(NULL, Object(Config\Cache), false)
#7 C:\laragon\www\pascav2\public\index.php(79): CodeIgniter\CodeIgniter->run()
#8 {main}
CRITICAL - 2024-12-16 01:19:54 --> CodeIgniter\Database\Exceptions\DatabaseException: Unknown column 'b86d5daa2cae5cd9233bf360cf7d672b' in 'where clause'
in SYSTEMPATH\Database\BaseConnection.php on line 647.
 1 APPPATH\Controllers\LoginController.php(142): CodeIgniter\Database\BaseConnection->query('SELECT p00username from p00daftar where p00verifycode=b86d5daa2cae5cd9233bf360cf7d672b and p001statsahreg = 0')
 2 SYSTEMPATH\CodeIgniter.php(943): App\Controllers\LoginController->verifylogin('b86d5daa2cae5cd9233bf360cf7d672b')
 3 SYSTEMPATH\CodeIgniter.php(503): CodeIgniter\CodeIgniter->runController(Object(App\Controllers\LoginController))
 4 SYSTEMPATH\CodeIgniter.php(361): CodeIgniter\CodeIgniter->handleRequest(null, Object(Config\Cache), false)
 5 FCPATH\index.php(79): CodeIgniter\CodeIgniter->run()
CRITICAL - 2024-12-16 01:19:54 --> [Caused by] CodeIgniter\Database\Exceptions\DatabaseException: Unknown column 'b86d5daa2cae5cd9233bf360cf7d672b' in 'where clause'
in SYSTEMPATH\Database\MySQLi\Connection.php on line 311.
 1 SYSTEMPATH\Database\BaseConnection.php(693): CodeIgniter\Database\MySQLi\Connection->execute('SELECT p00username from p00daftar where p00verifycode=b86d5daa2cae5cd9233bf360cf7d672b and p001statsahreg = 0')
 2 SYSTEMPATH\Database\BaseConnection.php(607): CodeIgniter\Database\BaseConnection->simpleQuery('SELECT p00username from p00daftar where p00verifycode=b86d5daa2cae5cd9233bf360cf7d672b and p001statsahreg = 0')
 3 APPPATH\Controllers\LoginController.php(142): CodeIgniter\Database\BaseConnection->query('SELECT p00username from p00daftar where p00verifycode=b86d5daa2cae5cd9233bf360cf7d672b and p001statsahreg = 0')
 4 SYSTEMPATH\CodeIgniter.php(943): App\Controllers\LoginController->verifylogin('b86d5daa2cae5cd9233bf360cf7d672b')
 5 SYSTEMPATH\CodeIgniter.php(503): CodeIgniter\CodeIgniter->runController(Object(App\Controllers\LoginController))
 6 SYSTEMPATH\CodeIgniter.php(361): CodeIgniter\CodeIgniter->handleRequest(null, Object(Config\Cache), false)
 7 FCPATH\index.php(79): CodeIgniter\CodeIgniter->run()
CRITICAL - 2024-12-16 01:19:54 --> [Caused by] mysqli_sql_exception: Unknown column 'b86d5daa2cae5cd9233bf360cf7d672b' in 'where clause'
in SYSTEMPATH\Database\MySQLi\Connection.php on line 306.
 1 SYSTEMPATH\Database\MySQLi\Connection.php(306): mysqli->query('SELECT p00username from p00daftar where p00verifycode=b86d5daa2cae5cd9233bf360cf7d672b and p001statsahreg = 0', 0)
 2 SYSTEMPATH\Database\BaseConnection.php(693): CodeIgniter\Database\MySQLi\Connection->execute('SELECT p00username from p00daftar where p00verifycode=b86d5daa2cae5cd9233bf360cf7d672b and p001statsahreg = 0')
 3 SYSTEMPATH\Database\BaseConnection.php(607): CodeIgniter\Database\BaseConnection->simpleQuery('SELECT p00username from p00daftar where p00verifycode=b86d5daa2cae5cd9233bf360cf7d672b and p001statsahreg = 0')
 4 APPPATH\Controllers\LoginController.php(142): CodeIgniter\Database\BaseConnection->query('SELECT p00username from p00daftar where p00verifycode=b86d5daa2cae5cd9233bf360cf7d672b and p001statsahreg = 0')
 5 SYSTEMPATH\CodeIgniter.php(943): App\Controllers\LoginController->verifylogin('b86d5daa2cae5cd9233bf360cf7d672b')
 6 SYSTEMPATH\CodeIgniter.php(503): CodeIgniter\CodeIgniter->runController(Object(App\Controllers\LoginController))
 7 SYSTEMPATH\CodeIgniter.php(361): CodeIgniter\CodeIgniter->handleRequest(null, Object(Config\Cache), false)
 8 FCPATH\index.php(79): CodeIgniter\CodeIgniter->run()
ERROR - 2024-12-16 01:21:47 --> mysqli_sql_exception: Unknown column 'b86d5daa2cae5cd9233bf360cf7d672b' in 'where clause' in C:\laragon\www\pascav2\vendor\codeigniter4\framework\system\Database\MySQLi\Connection.php:306
Stack trace:
#0 C:\laragon\www\pascav2\vendor\codeigniter4\framework\system\Database\MySQLi\Connection.php(306): mysqli->query('SELECT p00usern...', 0)
#1 C:\laragon\www\pascav2\vendor\codeigniter4\framework\system\Database\BaseConnection.php(693): CodeIgniter\Database\MySQLi\Connection->execute('SELECT p00usern...')
#2 C:\laragon\www\pascav2\vendor\codeigniter4\framework\system\Database\BaseConnection.php(607): CodeIgniter\Database\BaseConnection->simpleQuery('SELECT p00usern...')
#3 C:\laragon\www\pascav2\app\Controllers\LoginController.php(142): CodeIgniter\Database\BaseConnection->query('SELECT p00usern...')
#4 C:\laragon\www\pascav2\vendor\codeigniter4\framework\system\CodeIgniter.php(943): App\Controllers\LoginController->verifylogin('b86d5daa2cae5cd...')
#5 C:\laragon\www\pascav2\vendor\codeigniter4\framework\system\CodeIgniter.php(503): CodeIgniter\CodeIgniter->runController(Object(App\Controllers\LoginController))
#6 C:\laragon\www\pascav2\vendor\codeigniter4\framework\system\CodeIgniter.php(361): CodeIgniter\CodeIgniter->handleRequest(NULL, Object(Config\Cache), false)
#7 C:\laragon\www\pascav2\public\index.php(79): CodeIgniter\CodeIgniter->run()
#8 {main}
CRITICAL - 2024-12-16 01:21:47 --> CodeIgniter\Database\Exceptions\DatabaseException: Unknown column 'b86d5daa2cae5cd9233bf360cf7d672b' in 'where clause'
in SYSTEMPATH\Database\BaseConnection.php on line 647.
 1 APPPATH\Controllers\LoginController.php(142): CodeIgniter\Database\BaseConnection->query('SELECT p00username from p00daftar where p00verifycode=b86d5daa2cae5cd9233bf360cf7d672b and p000statsahreg = 0')
 2 SYSTEMPATH\CodeIgniter.php(943): App\Controllers\LoginController->verifylogin('b86d5daa2cae5cd9233bf360cf7d672b')
 3 SYSTEMPATH\CodeIgniter.php(503): CodeIgniter\CodeIgniter->runController(Object(App\Controllers\LoginController))
 4 SYSTEMPATH\CodeIgniter.php(361): CodeIgniter\CodeIgniter->handleRequest(null, Object(Config\Cache), false)
 5 FCPATH\index.php(79): CodeIgniter\CodeIgniter->run()
CRITICAL - 2024-12-16 01:21:47 --> [Caused by] CodeIgniter\Database\Exceptions\DatabaseException: Unknown column 'b86d5daa2cae5cd9233bf360cf7d672b' in 'where clause'
in SYSTEMPATH\Database\MySQLi\Connection.php on line 311.
 1 SYSTEMPATH\Database\BaseConnection.php(693): CodeIgniter\Database\MySQLi\Connection->execute('SELECT p00username from p00daftar where p00verifycode=b86d5daa2cae5cd9233bf360cf7d672b and p000statsahreg = 0')
 2 SYSTEMPATH\Database\BaseConnection.php(607): CodeIgniter\Database\BaseConnection->simpleQuery('SELECT p00username from p00daftar where p00verifycode=b86d5daa2cae5cd9233bf360cf7d672b and p000statsahreg = 0')
 3 APPPATH\Controllers\LoginController.php(142): CodeIgniter\Database\BaseConnection->query('SELECT p00username from p00daftar where p00verifycode=b86d5daa2cae5cd9233bf360cf7d672b and p000statsahreg = 0')
 4 SYSTEMPATH\CodeIgniter.php(943): App\Controllers\LoginController->verifylogin('b86d5daa2cae5cd9233bf360cf7d672b')
 5 SYSTEMPATH\CodeIgniter.php(503): CodeIgniter\CodeIgniter->runController(Object(App\Controllers\LoginController))
 6 SYSTEMPATH\CodeIgniter.php(361): CodeIgniter\CodeIgniter->handleRequest(null, Object(Config\Cache), false)
 7 FCPATH\index.php(79): CodeIgniter\CodeIgniter->run()
CRITICAL - 2024-12-16 01:21:47 --> [Caused by] mysqli_sql_exception: Unknown column 'b86d5daa2cae5cd9233bf360cf7d672b' in 'where clause'
in SYSTEMPATH\Database\MySQLi\Connection.php on line 306.
 1 SYSTEMPATH\Database\MySQLi\Connection.php(306): mysqli->query('SELECT p00username from p00daftar where p00verifycode=b86d5daa2cae5cd9233bf360cf7d672b and p000statsahreg = 0', 0)
 2 SYSTEMPATH\Database\BaseConnection.php(693): CodeIgniter\Database\MySQLi\Connection->execute('SELECT p00username from p00daftar where p00verifycode=b86d5daa2cae5cd9233bf360cf7d672b and p000statsahreg = 0')
 3 SYSTEMPATH\Database\BaseConnection.php(607): CodeIgniter\Database\BaseConnection->simpleQuery('SELECT p00username from p00daftar where p00verifycode=b86d5daa2cae5cd9233bf360cf7d672b and p000statsahreg = 0')
 4 APPPATH\Controllers\LoginController.php(142): CodeIgniter\Database\BaseConnection->query('SELECT p00username from p00daftar where p00verifycode=b86d5daa2cae5cd9233bf360cf7d672b and p000statsahreg = 0')
 5 SYSTEMPATH\CodeIgniter.php(943): App\Controllers\LoginController->verifylogin('b86d5daa2cae5cd9233bf360cf7d672b')
 6 SYSTEMPATH\CodeIgniter.php(503): CodeIgniter\CodeIgniter->runController(Object(App\Controllers\LoginController))
 7 SYSTEMPATH\CodeIgniter.php(361): CodeIgniter\CodeIgniter->handleRequest(null, Object(Config\Cache), false)
 8 FCPATH\index.php(79): CodeIgniter\CodeIgniter->run()
ERROR - 2024-12-16 01:22:12 --> mysqli_sql_exception: Unknown column 'b86d5daa2cae5cd9233bf360cf7d672b' in 'where clause' in C:\laragon\www\pascav2\vendor\codeigniter4\framework\system\Database\MySQLi\Connection.php:306
Stack trace:
#0 C:\laragon\www\pascav2\vendor\codeigniter4\framework\system\Database\MySQLi\Connection.php(306): mysqli->query('SELECT p00usern...', 0)
#1 C:\laragon\www\pascav2\vendor\codeigniter4\framework\system\Database\BaseConnection.php(693): CodeIgniter\Database\MySQLi\Connection->execute('SELECT p00usern...')
#2 C:\laragon\www\pascav2\vendor\codeigniter4\framework\system\Database\BaseConnection.php(607): CodeIgniter\Database\BaseConnection->simpleQuery('SELECT p00usern...')
#3 C:\laragon\www\pascav2\app\Controllers\LoginController.php(142): CodeIgniter\Database\BaseConnection->query('SELECT p00usern...')
#4 C:\laragon\www\pascav2\vendor\codeigniter4\framework\system\CodeIgniter.php(943): App\Controllers\LoginController->verifylogin('b86d5daa2cae5cd...')
#5 C:\laragon\www\pascav2\vendor\codeigniter4\framework\system\CodeIgniter.php(503): CodeIgniter\CodeIgniter->runController(Object(App\Controllers\LoginController))
#6 C:\laragon\www\pascav2\vendor\codeigniter4\framework\system\CodeIgniter.php(361): CodeIgniter\CodeIgniter->handleRequest(NULL, Object(Config\Cache), false)
#7 C:\laragon\www\pascav2\public\index.php(79): CodeIgniter\CodeIgniter->run()
#8 {main}
CRITICAL - 2024-12-16 01:22:12 --> CodeIgniter\Database\Exceptions\DatabaseException: Unknown column 'b86d5daa2cae5cd9233bf360cf7d672b' in 'where clause'
in SYSTEMPATH\Database\BaseConnection.php on line 647.
 1 APPPATH\Controllers\LoginController.php(142): CodeIgniter\Database\BaseConnection->query('SELECT p00username from p00daftar where p00verifycode=b86d5daa2cae5cd9233bf360cf7d672b and p000statsahreg = 0')
 2 SYSTEMPATH\CodeIgniter.php(943): App\Controllers\LoginController->verifylogin('b86d5daa2cae5cd9233bf360cf7d672b')
 3 SYSTEMPATH\CodeIgniter.php(503): CodeIgniter\CodeIgniter->runController(Object(App\Controllers\LoginController))
 4 SYSTEMPATH\CodeIgniter.php(361): CodeIgniter\CodeIgniter->handleRequest(null, Object(Config\Cache), false)
 5 FCPATH\index.php(79): CodeIgniter\CodeIgniter->run()
CRITICAL - 2024-12-16 01:22:12 --> [Caused by] CodeIgniter\Database\Exceptions\DatabaseException: Unknown column 'b86d5daa2cae5cd9233bf360cf7d672b' in 'where clause'
in SYSTEMPATH\Database\MySQLi\Connection.php on line 311.
 1 SYSTEMPATH\Database\BaseConnection.php(693): CodeIgniter\Database\MySQLi\Connection->execute('SELECT p00username from p00daftar where p00verifycode=b86d5daa2cae5cd9233bf360cf7d672b and p000statsahreg = 0')
 2 SYSTEMPATH\Database\BaseConnection.php(607): CodeIgniter\Database\BaseConnection->simpleQuery('SELECT p00username from p00daftar where p00verifycode=b86d5daa2cae5cd9233bf360cf7d672b and p000statsahreg = 0')
 3 APPPATH\Controllers\LoginController.php(142): CodeIgniter\Database\BaseConnection->query('SELECT p00username from p00daftar where p00verifycode=b86d5daa2cae5cd9233bf360cf7d672b and p000statsahreg = 0')
 4 SYSTEMPATH\CodeIgniter.php(943): App\Controllers\LoginController->verifylogin('b86d5daa2cae5cd9233bf360cf7d672b')
 5 SYSTEMPATH\CodeIgniter.php(503): CodeIgniter\CodeIgniter->runController(Object(App\Controllers\LoginController))
 6 SYSTEMPATH\CodeIgniter.php(361): CodeIgniter\CodeIgniter->handleRequest(null, Object(Config\Cache), false)
 7 FCPATH\index.php(79): CodeIgniter\CodeIgniter->run()
CRITICAL - 2024-12-16 01:22:12 --> [Caused by] mysqli_sql_exception: Unknown column 'b86d5daa2cae5cd9233bf360cf7d672b' in 'where clause'
in SYSTEMPATH\Database\MySQLi\Connection.php on line 306.
 1 SYSTEMPATH\Database\MySQLi\Connection.php(306): mysqli->query('SELECT p00username from p00daftar where p00verifycode=b86d5daa2cae5cd9233bf360cf7d672b and p000statsahreg = 0', 0)
 2 SYSTEMPATH\Database\BaseConnection.php(693): CodeIgniter\Database\MySQLi\Connection->execute('SELECT p00username from p00daftar where p00verifycode=b86d5daa2cae5cd9233bf360cf7d672b and p000statsahreg = 0')
 3 SYSTEMPATH\Database\BaseConnection.php(607): CodeIgniter\Database\BaseConnection->simpleQuery('SELECT p00username from p00daftar where p00verifycode=b86d5daa2cae5cd9233bf360cf7d672b and p000statsahreg = 0')
 4 APPPATH\Controllers\LoginController.php(142): CodeIgniter\Database\BaseConnection->query('SELECT p00username from p00daftar where p00verifycode=b86d5daa2cae5cd9233bf360cf7d672b and p000statsahreg = 0')
 5 SYSTEMPATH\CodeIgniter.php(943): App\Controllers\LoginController->verifylogin('b86d5daa2cae5cd9233bf360cf7d672b')
 6 SYSTEMPATH\CodeIgniter.php(503): CodeIgniter\CodeIgniter->runController(Object(App\Controllers\LoginController))
 7 SYSTEMPATH\CodeIgniter.php(361): CodeIgniter\CodeIgniter->handleRequest(null, Object(Config\Cache), false)
 8 FCPATH\index.php(79): CodeIgniter\CodeIgniter->run()
CRITICAL - 2024-12-16 01:22:48 --> ParseError: syntax error, unexpected double-quote mark, expecting ")"
in APPPATH\Controllers\LoginController.php on line 142.
 1 SYSTEMPATH\Autoloader\Autoloader.php(290): CodeIgniter\Autoloader\Autoloader->includeFile('C:\\laragon\\www\\pascav2\\app\\Controllers\\LoginController.php')
 2 SYSTEMPATH\Autoloader\Autoloader.php(266): CodeIgniter\Autoloader\Autoloader->loadInNamespace('App\\Controllers\\LoginController')
 3 [internal function]: CodeIgniter\Autoloader\Autoloader->loadClass('App\\Controllers\\LoginController')
 4 SYSTEMPATH\CodeIgniter.php(901): class_exists('\\App\\Controllers\\LoginController', true)
 5 SYSTEMPATH\CodeIgniter.php(490): CodeIgniter\CodeIgniter->startController()
 6 SYSTEMPATH\CodeIgniter.php(361): CodeIgniter\CodeIgniter->handleRequest(null, Object(Config\Cache), false)
 7 FCPATH\index.php(79): CodeIgniter\CodeIgniter->run()
ERROR - 2024-12-16 01:25:25 --> mysqli_sql_exception: Unknown column 'p001statsahreg' in 'field list' in C:\laragon\www\pascav2\vendor\codeigniter4\framework\system\Database\MySQLi\Connection.php:306
Stack trace:
#0 C:\laragon\www\pascav2\vendor\codeigniter4\framework\system\Database\MySQLi\Connection.php(306): mysqli->query('UPDATE p00dafta...', 0)
#1 C:\laragon\www\pascav2\vendor\codeigniter4\framework\system\Database\BaseConnection.php(693): CodeIgniter\Database\MySQLi\Connection->execute('UPDATE p00dafta...')
#2 C:\laragon\www\pascav2\vendor\codeigniter4\framework\system\Database\BaseConnection.php(607): CodeIgniter\Database\BaseConnection->simpleQuery('UPDATE p00dafta...')
#3 C:\laragon\www\pascav2\app\Controllers\LoginController.php(149): CodeIgniter\Database\BaseConnection->query('UPDATE p00dafta...')
#4 C:\laragon\www\pascav2\vendor\codeigniter4\framework\system\CodeIgniter.php(943): App\Controllers\LoginController->verifylogin('b86d5daa2cae5cd...')
#5 C:\laragon\www\pascav2\vendor\codeigniter4\framework\system\CodeIgniter.php(503): CodeIgniter\CodeIgniter->runController(Object(App\Controllers\LoginController))
#6 C:\laragon\www\pascav2\vendor\codeigniter4\framework\system\CodeIgniter.php(361): CodeIgniter\CodeIgniter->handleRequest(NULL, Object(Config\Cache), false)
#7 C:\laragon\www\pascav2\public\index.php(79): CodeIgniter\CodeIgniter->run()
#8 {main}
CRITICAL - 2024-12-16 01:25:25 --> CodeIgniter\Database\Exceptions\DatabaseException: Unknown column 'p001statsahreg' in 'field list'
in SYSTEMPATH\Database\BaseConnection.php on line 647.
 1 APPPATH\Controllers\LoginController.php(149): CodeIgniter\Database\BaseConnection->query('UPDATE p00daftar SET p001statsahreg  = 1 WHERE p00verifycode="b86d5daa2cae5cd9233bf360cf7d672b"')
 2 SYSTEMPATH\CodeIgniter.php(943): App\Controllers\LoginController->verifylogin('b86d5daa2cae5cd9233bf360cf7d672b')
 3 SYSTEMPATH\CodeIgniter.php(503): CodeIgniter\CodeIgniter->runController(Object(App\Controllers\LoginController))
 4 SYSTEMPATH\CodeIgniter.php(361): CodeIgniter\CodeIgniter->handleRequest(null, Object(Config\Cache), false)
 5 FCPATH\index.php(79): CodeIgniter\CodeIgniter->run()
CRITICAL - 2024-12-16 01:25:25 --> [Caused by] CodeIgniter\Database\Exceptions\DatabaseException: Unknown column 'p001statsahreg' in 'field list'
in SYSTEMPATH\Database\MySQLi\Connection.php on line 311.
 1 SYSTEMPATH\Database\BaseConnection.php(693): CodeIgniter\Database\MySQLi\Connection->execute('UPDATE p00daftar SET p001statsahreg  = 1 WHERE p00verifycode="b86d5daa2cae5cd9233bf360cf7d672b"')
 2 SYSTEMPATH\Database\BaseConnection.php(607): CodeIgniter\Database\BaseConnection->simpleQuery('UPDATE p00daftar SET p001statsahreg  = 1 WHERE p00verifycode="b86d5daa2cae5cd9233bf360cf7d672b"')
 3 APPPATH\Controllers\LoginController.php(149): CodeIgniter\Database\BaseConnection->query('UPDATE p00daftar SET p001statsahreg  = 1 WHERE p00verifycode="b86d5daa2cae5cd9233bf360cf7d672b"')
 4 SYSTEMPATH\CodeIgniter.php(943): App\Controllers\LoginController->verifylogin('b86d5daa2cae5cd9233bf360cf7d672b')
 5 SYSTEMPATH\CodeIgniter.php(503): CodeIgniter\CodeIgniter->runController(Object(App\Controllers\LoginController))
 6 SYSTEMPATH\CodeIgniter.php(361): CodeIgniter\CodeIgniter->handleRequest(null, Object(Config\Cache), false)
 7 FCPATH\index.php(79): CodeIgniter\CodeIgniter->run()
CRITICAL - 2024-12-16 01:25:25 --> [Caused by] mysqli_sql_exception: Unknown column 'p001statsahreg' in 'field list'
in SYSTEMPATH\Database\MySQLi\Connection.php on line 306.
 1 SYSTEMPATH\Database\MySQLi\Connection.php(306): mysqli->query('UPDATE p00daftar SET p001statsahreg  = 1 WHERE p00verifycode="b86d5daa2cae5cd9233bf360cf7d672b"', 0)
 2 SYSTEMPATH\Database\BaseConnection.php(693): CodeIgniter\Database\MySQLi\Connection->execute('UPDATE p00daftar SET p001statsahreg  = 1 WHERE p00verifycode="b86d5daa2cae5cd9233bf360cf7d672b"')
 3 SYSTEMPATH\Database\BaseConnection.php(607): CodeIgniter\Database\BaseConnection->simpleQuery('UPDATE p00daftar SET p001statsahreg  = 1 WHERE p00verifycode="b86d5daa2cae5cd9233bf360cf7d672b"')
 4 APPPATH\Controllers\LoginController.php(149): CodeIgniter\Database\BaseConnection->query('UPDATE p00daftar SET p001statsahreg  = 1 WHERE p00verifycode="b86d5daa2cae5cd9233bf360cf7d672b"')
 5 SYSTEMPATH\CodeIgniter.php(943): App\Controllers\LoginController->verifylogin('b86d5daa2cae5cd9233bf360cf7d672b')
 6 SYSTEMPATH\CodeIgniter.php(503): CodeIgniter\CodeIgniter->runController(Object(App\Controllers\LoginController))
 7 SYSTEMPATH\CodeIgniter.php(361): CodeIgniter\CodeIgniter->handleRequest(null, Object(Config\Cache), false)
 8 FCPATH\index.php(79): CodeIgniter\CodeIgniter->run()
CRITICAL - 2024-12-16 01:25:58 --> Error: Call to a member function getResult() on bool
in APPPATH\Controllers\LoginController.php on line 150.
 1 SYSTEMPATH\CodeIgniter.php(943): App\Controllers\LoginController->verifylogin('b86d5daa2cae5cd9233bf360cf7d672b')
 2 SYSTEMPATH\CodeIgniter.php(503): CodeIgniter\CodeIgniter->runController(Object(App\Controllers\LoginController))
 3 SYSTEMPATH\CodeIgniter.php(361): CodeIgniter\CodeIgniter->handleRequest(null, Object(Config\Cache), false)
 4 FCPATH\index.php(79): CodeIgniter\CodeIgniter->run()
CRITICAL - 2024-12-16 01:30:23 --> Error: Call to undefined method CodeIgniter\Database\MySQLi\Result::getQuery()
in APPPATH\Controllers\LoginController.php on line 143.
 1 SYSTEMPATH\CodeIgniter.php(943): App\Controllers\LoginController->verifylogin('b86d5daa2cae5cd9233bf360cf7d672b')
 2 SYSTEMPATH\CodeIgniter.php(503): CodeIgniter\CodeIgniter->runController(Object(App\Controllers\LoginController))
 3 SYSTEMPATH\CodeIgniter.php(361): CodeIgniter\CodeIgniter->handleRequest(null, Object(Config\Cache), false)
 4 FCPATH\index.php(79): CodeIgniter\CodeIgniter->run()
CRITICAL - 2024-12-16 01:30:45 --> Error: Call to undefined method CodeIgniter\Database\MySQLi\Result::getLastQuery()
in APPPATH\Controllers\LoginController.php on line 143.
 1 SYSTEMPATH\CodeIgniter.php(943): App\Controllers\LoginController->verifylogin('b86d5daa2cae5cd9233bf360cf7d672b')
 2 SYSTEMPATH\CodeIgniter.php(503): CodeIgniter\CodeIgniter->runController(Object(App\Controllers\LoginController))
 3 SYSTEMPATH\CodeIgniter.php(361): CodeIgniter\CodeIgniter->handleRequest(null, Object(Config\Cache), false)
 4 FCPATH\index.php(79): CodeIgniter\CodeIgniter->run()
CRITICAL - 2024-12-16 01:36:38 --> ErrorException: Undefined property: App\Controllers\LoginController::$db
in APPPATH\Controllers\LoginController.php on line 144.
 1 APPPATH\Controllers\LoginController.php(144): CodeIgniter\Debug\Exceptions->errorHandler(2, 'Undefined property: App\\Controllers\\LoginController::$db', 'C:\\laragon\\www\\pascav2\\app\\Controllers\\LoginController.php', 144)
 2 SYSTEMPATH\CodeIgniter.php(943): App\Controllers\LoginController->verifylogin('b86d5daa2cae5cd9233bf360cf7d672b')
 3 SYSTEMPATH\CodeIgniter.php(503): CodeIgniter\CodeIgniter->runController(Object(App\Controllers\LoginController))
 4 SYSTEMPATH\CodeIgniter.php(361): CodeIgniter\CodeIgniter->handleRequest(null, Object(Config\Cache), false)
 5 FCPATH\index.php(79): CodeIgniter\CodeIgniter->run()
CRITICAL - 2024-12-16 01:38:33 --> Error: Call to a member function where() on null
in APPPATH\Controllers\LoginController.php on line 144.
 1 SYSTEMPATH\CodeIgniter.php(943): App\Controllers\LoginController->verifylogin('b86d5daa2cae5cd9233bf360cf7d672b')
 2 SYSTEMPATH\CodeIgniter.php(503): CodeIgniter\CodeIgniter->runController(Object(App\Controllers\LoginController))
 3 SYSTEMPATH\CodeIgniter.php(361): CodeIgniter\CodeIgniter->handleRequest(null, Object(Config\Cache), false)
 4 FCPATH\index.php(79): CodeIgniter\CodeIgniter->run()
CRITICAL - 2024-12-16 01:38:49 --> ErrorException: Attempt to read property "p00username" on null
in APPPATH\Controllers\LoginController.php on line 145.
 1 APPPATH\Controllers\LoginController.php(145): CodeIgniter\Debug\Exceptions->errorHandler(2, 'Attempt to read property "p00username" on null', 'C:\\laragon\\www\\pascav2\\app\\Controllers\\LoginController.php', 145)
 2 SYSTEMPATH\CodeIgniter.php(943): App\Controllers\LoginController->verifylogin('b86d5daa2cae5cd9233bf360cf7d672b')
 3 SYSTEMPATH\CodeIgniter.php(503): CodeIgniter\CodeIgniter->runController(Object(App\Controllers\LoginController))
 4 SYSTEMPATH\CodeIgniter.php(361): CodeIgniter\CodeIgniter->handleRequest(null, Object(Config\Cache), false)
 5 FCPATH\index.php(79): CodeIgniter\CodeIgniter->run()
CRITICAL - 2024-12-16 01:39:55 --> Error: Call to undefined method CodeIgniter\Database\MySQLi\Result::get()
in APPPATH\Controllers\LoginController.php on line 143.
 1 SYSTEMPATH\CodeIgniter.php(943): App\Controllers\LoginController->verifylogin('b86d5daa2cae5cd9233bf360cf7d672b')
 2 SYSTEMPATH\CodeIgniter.php(503): CodeIgniter\CodeIgniter->runController(Object(App\Controllers\LoginController))
 3 SYSTEMPATH\CodeIgniter.php(361): CodeIgniter\CodeIgniter->handleRequest(null, Object(Config\Cache), false)
 4 FCPATH\index.php(79): CodeIgniter\CodeIgniter->run()
ERROR - 2024-12-16 01:57:35 --> mysqli_sql_exception: Unknown column 'p001statsahreg' in 'where clause' in C:\laragon\www\pascav2\vendor\codeigniter4\framework\system\Database\MySQLi\Connection.php:306
Stack trace:
#0 C:\laragon\www\pascav2\vendor\codeigniter4\framework\system\Database\MySQLi\Connection.php(306): mysqli->query('SELECT p00usern...', 0)
#1 C:\laragon\www\pascav2\vendor\codeigniter4\framework\system\Database\BaseConnection.php(693): CodeIgniter\Database\MySQLi\Connection->execute('SELECT p00usern...')
#2 C:\laragon\www\pascav2\vendor\codeigniter4\framework\system\Database\BaseConnection.php(607): CodeIgniter\Database\BaseConnection->simpleQuery('SELECT p00usern...')
#3 C:\laragon\www\pascav2\app\Controllers\LoginController.php(61): CodeIgniter\Database\BaseConnection->query('SELECT p00usern...')
#4 C:\laragon\www\pascav2\vendor\codeigniter4\framework\system\CodeIgniter.php(943): App\Controllers\LoginController->retlogin()
#5 C:\laragon\www\pascav2\vendor\codeigniter4\framework\system\CodeIgniter.php(503): CodeIgniter\CodeIgniter->runController(Object(App\Controllers\LoginController))
#6 C:\laragon\www\pascav2\vendor\codeigniter4\framework\system\CodeIgniter.php(361): CodeIgniter\CodeIgniter->handleRequest(NULL, Object(Config\Cache), false)
#7 C:\laragon\www\pascav2\public\index.php(79): CodeIgniter\CodeIgniter->run()
#8 {main}
CRITICAL - 2024-12-16 01:57:35 --> CodeIgniter\Database\Exceptions\DatabaseException: Unknown column 'p001statsahreg' in 'where clause'
in SYSTEMPATH\Database\BaseConnection.php on line 647.
 1 APPPATH\Controllers\LoginController.php(61): CodeIgniter\Database\BaseConnection->query('SELECT p00username from p00daftar where p00username=0006 and p00password= 0006 and p001statsahreg = 1')
 2 SYSTEMPATH\CodeIgniter.php(943): App\Controllers\LoginController->retlogin()
 3 SYSTEMPATH\CodeIgniter.php(503): CodeIgniter\CodeIgniter->runController(Object(App\Controllers\LoginController))
 4 SYSTEMPATH\CodeIgniter.php(361): CodeIgniter\CodeIgniter->handleRequest(null, Object(Config\Cache), false)
 5 FCPATH\index.php(79): CodeIgniter\CodeIgniter->run()
CRITICAL - 2024-12-16 01:57:35 --> [Caused by] CodeIgniter\Database\Exceptions\DatabaseException: Unknown column 'p001statsahreg' in 'where clause'
in SYSTEMPATH\Database\MySQLi\Connection.php on line 311.
 1 SYSTEMPATH\Database\BaseConnection.php(693): CodeIgniter\Database\MySQLi\Connection->execute('SELECT p00username from p00daftar where p00username=0006 and p00password= 0006 and p001statsahreg = 1')
 2 SYSTEMPATH\Database\BaseConnection.php(607): CodeIgniter\Database\BaseConnection->simpleQuery('SELECT p00username from p00daftar where p00username=0006 and p00password= 0006 and p001statsahreg = 1')
 3 APPPATH\Controllers\LoginController.php(61): CodeIgniter\Database\BaseConnection->query('SELECT p00username from p00daftar where p00username=0006 and p00password= 0006 and p001statsahreg = 1')
 4 SYSTEMPATH\CodeIgniter.php(943): App\Controllers\LoginController->retlogin()
 5 SYSTEMPATH\CodeIgniter.php(503): CodeIgniter\CodeIgniter->runController(Object(App\Controllers\LoginController))
 6 SYSTEMPATH\CodeIgniter.php(361): CodeIgniter\CodeIgniter->handleRequest(null, Object(Config\Cache), false)
 7 FCPATH\index.php(79): CodeIgniter\CodeIgniter->run()
CRITICAL - 2024-12-16 01:57:35 --> [Caused by] mysqli_sql_exception: Unknown column 'p001statsahreg' in 'where clause'
in SYSTEMPATH\Database\MySQLi\Connection.php on line 306.
 1 SYSTEMPATH\Database\MySQLi\Connection.php(306): mysqli->query('SELECT p00username from p00daftar where p00username=0006 and p00password= 0006 and p001statsahreg = 1', 0)
 2 SYSTEMPATH\Database\BaseConnection.php(693): CodeIgniter\Database\MySQLi\Connection->execute('SELECT p00username from p00daftar where p00username=0006 and p00password= 0006 and p001statsahreg = 1')
 3 SYSTEMPATH\Database\BaseConnection.php(607): CodeIgniter\Database\BaseConnection->simpleQuery('SELECT p00username from p00daftar where p00username=0006 and p00password= 0006 and p001statsahreg = 1')
 4 APPPATH\Controllers\LoginController.php(61): CodeIgniter\Database\BaseConnection->query('SELECT p00username from p00daftar where p00username=0006 and p00password= 0006 and p001statsahreg = 1')
 5 SYSTEMPATH\CodeIgniter.php(943): App\Controllers\LoginController->retlogin()
 6 SYSTEMPATH\CodeIgniter.php(503): CodeIgniter\CodeIgniter->runController(Object(App\Controllers\LoginController))
 7 SYSTEMPATH\CodeIgniter.php(361): CodeIgniter\CodeIgniter->handleRequest(null, Object(Config\Cache), false)
 8 FCPATH\index.php(79): CodeIgniter\CodeIgniter->run()
CRITICAL - 2024-12-16 03:08:44 --> ErrorException: Attempt to read property "p00username" on null
in APPPATH\Controllers\LoginController.php on line 156.
 1 APPPATH\Controllers\LoginController.php(156): CodeIgniter\Debug\Exceptions->errorHandler(2, 'Attempt to read property "p00username" on null', 'C:\\laragon\\www\\pascav2\\app\\Controllers\\LoginController.php', 156)
 2 SYSTEMPATH\CodeIgniter.php(943): App\Controllers\LoginController->verifylogin('43cba4604bd59fbb613944285351aad4')
 3 SYSTEMPATH\CodeIgniter.php(503): CodeIgniter\CodeIgniter->runController(Object(App\Controllers\LoginController))
 4 SYSTEMPATH\CodeIgniter.php(361): CodeIgniter\CodeIgniter->handleRequest(null, Object(Config\Cache), false)
 5 FCPATH\index.php(79): CodeIgniter\CodeIgniter->run()
CRITICAL - 2024-12-16 03:10:44 --> Error: Object of class stdClass could not be converted to string
in APPPATH\Controllers\LoginController.php on line 167.
 1 SYSTEMPATH\CodeIgniter.php(943): App\Controllers\LoginController->verifylogin('43cba4604bd59fbb613944285351aad4')
 2 SYSTEMPATH\CodeIgniter.php(503): CodeIgniter\CodeIgniter->runController(Object(App\Controllers\LoginController))
 3 SYSTEMPATH\CodeIgniter.php(361): CodeIgniter\CodeIgniter->handleRequest(null, Object(Config\Cache), false)
 4 FCPATH\index.php(79): CodeIgniter\CodeIgniter->run()
CRITICAL - 2024-12-16 03:14:39 --> Error: Object of class stdClass could not be converted to string
in APPPATH\Controllers\LoginController.php on line 179.
 1 SYSTEMPATH\CodeIgniter.php(943): App\Controllers\LoginController->verifylogin('43cba4604bd59fbb613944285351aad4')
 2 SYSTEMPATH\CodeIgniter.php(503): CodeIgniter\CodeIgniter->runController(Object(App\Controllers\LoginController))
 3 SYSTEMPATH\CodeIgniter.php(361): CodeIgniter\CodeIgniter->handleRequest(null, Object(Config\Cache), false)
 4 FCPATH\index.php(79): CodeIgniter\CodeIgniter->run()
CRITICAL - 2024-12-16 03:16:27 --> Error: Object of class stdClass could not be converted to string
in APPPATH\Controllers\LoginController.php on line 179.
 1 SYSTEMPATH\CodeIgniter.php(943): App\Controllers\LoginController->verifylogin('43cba4604bd59fbb613944285351aad4')
 2 SYSTEMPATH\CodeIgniter.php(503): CodeIgniter\CodeIgniter->runController(Object(App\Controllers\LoginController))
 3 SYSTEMPATH\CodeIgniter.php(361): CodeIgniter\CodeIgniter->handleRequest(null, Object(Config\Cache), false)
 4 FCPATH\index.php(79): CodeIgniter\CodeIgniter->run()
CRITICAL - 2024-12-16 03:22:49 --> Error: Object of class stdClass could not be converted to string
in APPPATH\Controllers\LoginController.php on line 179.
 1 SYSTEMPATH\CodeIgniter.php(943): App\Controllers\LoginController->verifylogin('43cba4604bd59fbb613944285351aad4')
 2 SYSTEMPATH\CodeIgniter.php(503): CodeIgniter\CodeIgniter->runController(Object(App\Controllers\LoginController))
 3 SYSTEMPATH\CodeIgniter.php(361): CodeIgniter\CodeIgniter->handleRequest(null, Object(Config\Cache), false)
 4 FCPATH\index.php(79): CodeIgniter\CodeIgniter->run()
CRITICAL - 2024-12-16 03:24:17 --> Error: Object of class stdClass could not be converted to string
in APPPATH\Controllers\LoginController.php on line 179.
 1 SYSTEMPATH\CodeIgniter.php(943): App\Controllers\LoginController->verifylogin('43cba4604bd59fbb613944285351aad4')
 2 SYSTEMPATH\CodeIgniter.php(503): CodeIgniter\CodeIgniter->runController(Object(App\Controllers\LoginController))
 3 SYSTEMPATH\CodeIgniter.php(361): CodeIgniter\CodeIgniter->handleRequest(null, Object(Config\Cache), false)
 4 FCPATH\index.php(79): CodeIgniter\CodeIgniter->run()
CRITICAL - 2024-12-16 03:25:35 --> Error: Object of class stdClass could not be converted to string
in APPPATH\Controllers\LoginController.php on line 179.
 1 SYSTEMPATH\CodeIgniter.php(943): App\Controllers\LoginController->verifylogin('43cba4604bd59fbb613944285351aad4')
 2 SYSTEMPATH\CodeIgniter.php(503): CodeIgniter\CodeIgniter->runController(Object(App\Controllers\LoginController))
 3 SYSTEMPATH\CodeIgniter.php(361): CodeIgniter\CodeIgniter->handleRequest(null, Object(Config\Cache), false)
 4 FCPATH\index.php(79): CodeIgniter\CodeIgniter->run()
CRITICAL - 2024-12-16 03:28:59 --> Error: Object of class stdClass could not be converted to string
in SYSTEMPATH\Database\Query.php on line 333.
 1 SYSTEMPATH\Database\Query.php(333): strtr('INSERT INTO `p001` (`p001nokp`, `p001kbumi`, `p001norujuk`) VALUES (:p001nokp:, :p001kbumi:, :p001norujuk:)', [...])
 2 SYSTEMPATH\Database\Query.php(308): CodeIgniter\Database\Query->matchNamedBinds('INSERT INTO `p001` (`p001nokp`, `p001kbumi`, `p001norujuk`) VALUES (:p001nokp:, :p001kbumi:, :p001norujuk:)', [...])
 3 SYSTEMPATH\Database\Query.php(159): CodeIgniter\Database\Query->compileBinds()
 4 SYSTEMPATH\Database\BaseConnection.php(607): CodeIgniter\Database\Query->getQuery()
 5 SYSTEMPATH\Database\BaseBuilder.php(2307): CodeIgniter\Database\BaseConnection->query('INSERT INTO `p001` (`p001nokp`, `p001kbumi`, `p001norujuk`) VALUES (:p001nokp:, :p001kbumi:, :p001norujuk:)', [...], false)
 6 APPPATH\Controllers\LoginController.php(184): CodeIgniter\Database\BaseBuilder->insert([...])
 7 SYSTEMPATH\CodeIgniter.php(943): App\Controllers\LoginController->verifylogin('43cba4604bd59fbb613944285351aad4')
 8 SYSTEMPATH\CodeIgniter.php(503): CodeIgniter\CodeIgniter->runController(Object(App\Controllers\LoginController))
 9 SYSTEMPATH\CodeIgniter.php(361): CodeIgniter\CodeIgniter->handleRequest(null, Object(Config\Cache), false)
10 FCPATH\index.php(79): CodeIgniter\CodeIgniter->run()
CRITICAL - 2024-12-16 03:36:34 --> ParseError: syntax error, unexpected variable "$p00username"
in APPPATH\Controllers\LoginController.php on line 179.
 1 SYSTEMPATH\Autoloader\Autoloader.php(290): CodeIgniter\Autoloader\Autoloader->includeFile('C:\\laragon\\www\\pascav2\\app\\Controllers\\LoginController.php')
 2 SYSTEMPATH\Autoloader\Autoloader.php(266): CodeIgniter\Autoloader\Autoloader->loadInNamespace('App\\Controllers\\LoginController')
 3 [internal function]: CodeIgniter\Autoloader\Autoloader->loadClass('App\\Controllers\\LoginController')
 4 SYSTEMPATH\CodeIgniter.php(901): class_exists('\\App\\Controllers\\LoginController', true)
 5 SYSTEMPATH\CodeIgniter.php(490): CodeIgniter\CodeIgniter->startController()
 6 SYSTEMPATH\CodeIgniter.php(361): CodeIgniter\CodeIgniter->handleRequest(null, Object(Config\Cache), false)
 7 FCPATH\index.php(79): CodeIgniter\CodeIgniter->run()
CRITICAL - 2024-12-16 03:37:14 --> ParseError: syntax error, unexpected variable "$p00katwarga"
in APPPATH\Controllers\LoginController.php on line 179.
 1 SYSTEMPATH\Autoloader\Autoloader.php(290): CodeIgniter\Autoloader\Autoloader->includeFile('C:\\laragon\\www\\pascav2\\app\\Controllers\\LoginController.php')
 2 SYSTEMPATH\Autoloader\Autoloader.php(266): CodeIgniter\Autoloader\Autoloader->loadInNamespace('App\\Controllers\\LoginController')
 3 [internal function]: CodeIgniter\Autoloader\Autoloader->loadClass('App\\Controllers\\LoginController')
 4 SYSTEMPATH\CodeIgniter.php(901): class_exists('\\App\\Controllers\\LoginController', true)
 5 SYSTEMPATH\CodeIgniter.php(490): CodeIgniter\CodeIgniter->startController()
 6 SYSTEMPATH\CodeIgniter.php(361): CodeIgniter\CodeIgniter->handleRequest(null, Object(Config\Cache), false)
 7 FCPATH\index.php(79): CodeIgniter\CodeIgniter->run()
CRITICAL - 2024-12-16 03:37:42 --> Error: Object of class stdClass could not be converted to string
in APPPATH\Controllers\LoginController.php on line 179.
 1 SYSTEMPATH\CodeIgniter.php(943): App\Controllers\LoginController->verifylogin('43cba4604bd59fbb613944285351aad4')
 2 SYSTEMPATH\CodeIgniter.php(503): CodeIgniter\CodeIgniter->runController(Object(App\Controllers\LoginController))
 3 SYSTEMPATH\CodeIgniter.php(361): CodeIgniter\CodeIgniter->handleRequest(null, Object(Config\Cache), false)
 4 FCPATH\index.php(79): CodeIgniter\CodeIgniter->run()
CRITICAL - 2024-12-16 05:35:32 --> Error: Object of class stdClass could not be converted to string
in SYSTEMPATH\Database\Query.php on line 333.
 1 SYSTEMPATH\Database\Query.php(333): strtr('INSERT INTO `p001` (`p001nokp`, `p001kbumi`, `p001norujuk`) VALUES (:p001nokp:, :p001kbumi:, :p001norujuk:)', [...])
 2 SYSTEMPATH\Database\Query.php(308): CodeIgniter\Database\Query->matchNamedBinds('INSERT INTO `p001` (`p001nokp`, `p001kbumi`, `p001norujuk`) VALUES (:p001nokp:, :p001kbumi:, :p001norujuk:)', [...])
 3 SYSTEMPATH\Database\Query.php(159): CodeIgniter\Database\Query->compileBinds()
 4 SYSTEMPATH\Database\BaseConnection.php(607): CodeIgniter\Database\Query->getQuery()
 5 SYSTEMPATH\Database\BaseBuilder.php(2307): CodeIgniter\Database\BaseConnection->query('INSERT INTO `p001` (`p001nokp`, `p001kbumi`, `p001norujuk`) VALUES (:p001nokp:, :p001kbumi:, :p001norujuk:)', [...], false)
 6 APPPATH\Controllers\LoginController.php(184): CodeIgniter\Database\BaseBuilder->insert([...])
 7 SYSTEMPATH\CodeIgniter.php(943): App\Controllers\LoginController->verifylogin('43cba4604bd59fbb613944285351aad4')
 8 SYSTEMPATH\CodeIgniter.php(503): CodeIgniter\CodeIgniter->runController(Object(App\Controllers\LoginController))
 9 SYSTEMPATH\CodeIgniter.php(361): CodeIgniter\CodeIgniter->handleRequest(null, Object(Config\Cache), false)
10 FCPATH\index.php(79): CodeIgniter\CodeIgniter->run()
CRITICAL - 2024-12-16 05:36:33 --> ParseError: syntax error, unexpected token "=>", expecting ")"
in APPPATH\Controllers\LoginController.php on line 189.
 1 SYSTEMPATH\Autoloader\Autoloader.php(290): CodeIgniter\Autoloader\Autoloader->includeFile('C:\\laragon\\www\\pascav2\\app\\Controllers\\LoginController.php')
 2 SYSTEMPATH\Autoloader\Autoloader.php(266): CodeIgniter\Autoloader\Autoloader->loadInNamespace('App\\Controllers\\LoginController')
 3 [internal function]: CodeIgniter\Autoloader\Autoloader->loadClass('App\\Controllers\\LoginController')
 4 SYSTEMPATH\CodeIgniter.php(901): class_exists('\\App\\Controllers\\LoginController', true)
 5 SYSTEMPATH\CodeIgniter.php(490): CodeIgniter\CodeIgniter->startController()
 6 SYSTEMPATH\CodeIgniter.php(361): CodeIgniter\CodeIgniter->handleRequest(null, Object(Config\Cache), false)
 7 FCPATH\index.php(79): CodeIgniter\CodeIgniter->run()
CRITICAL - 2024-12-16 05:36:53 --> Error: Object of class stdClass could not be converted to string
in SYSTEMPATH\Database\Query.php on line 333.
 1 SYSTEMPATH\Database\Query.php(333): strtr('INSERT INTO `p001` (`p001nokp`, `p001kbumi`, `p001norujuk`) VALUES (:p001nokp:, :p001kbumi:, :p001norujuk:)', [...])
 2 SYSTEMPATH\Database\Query.php(308): CodeIgniter\Database\Query->matchNamedBinds('INSERT INTO `p001` (`p001nokp`, `p001kbumi`, `p001norujuk`) VALUES (:p001nokp:, :p001kbumi:, :p001norujuk:)', [...])
 3 SYSTEMPATH\Database\Query.php(159): CodeIgniter\Database\Query->compileBinds()
 4 SYSTEMPATH\Database\BaseConnection.php(607): CodeIgniter\Database\Query->getQuery()
 5 SYSTEMPATH\Database\BaseBuilder.php(2307): CodeIgniter\Database\BaseConnection->query('INSERT INTO `p001` (`p001nokp`, `p001kbumi`, `p001norujuk`) VALUES (:p001nokp:, :p001kbumi:, :p001norujuk:)', [...], false)
 6 APPPATH\Controllers\LoginController.php(184): CodeIgniter\Database\BaseBuilder->insert([...])
 7 SYSTEMPATH\CodeIgniter.php(943): App\Controllers\LoginController->verifylogin('43cba4604bd59fbb613944285351aad4')
 8 SYSTEMPATH\CodeIgniter.php(503): CodeIgniter\CodeIgniter->runController(Object(App\Controllers\LoginController))
 9 SYSTEMPATH\CodeIgniter.php(361): CodeIgniter\CodeIgniter->handleRequest(null, Object(Config\Cache), false)
10 FCPATH\index.php(79): CodeIgniter\CodeIgniter->run()
CRITICAL - 2024-12-16 05:37:10 --> Error: Object of class stdClass could not be converted to string
in SYSTEMPATH\Database\Query.php on line 333.
 1 SYSTEMPATH\Database\Query.php(333): strtr('INSERT INTO `p001` (`p001nokp`, `p001kbumi`, `p001norujuk`) VALUES (:p001nokp:, :p001kbumi:, :p001norujuk:)', [...])
 2 SYSTEMPATH\Database\Query.php(308): CodeIgniter\Database\Query->matchNamedBinds('INSERT INTO `p001` (`p001nokp`, `p001kbumi`, `p001norujuk`) VALUES (:p001nokp:, :p001kbumi:, :p001norujuk:)', [...])
 3 SYSTEMPATH\Database\Query.php(159): CodeIgniter\Database\Query->compileBinds()
 4 SYSTEMPATH\Database\BaseConnection.php(607): CodeIgniter\Database\Query->getQuery()
 5 SYSTEMPATH\Database\BaseBuilder.php(2307): CodeIgniter\Database\BaseConnection->query('INSERT INTO `p001` (`p001nokp`, `p001kbumi`, `p001norujuk`) VALUES (:p001nokp:, :p001kbumi:, :p001norujuk:)', [...], false)
 6 APPPATH\Controllers\LoginController.php(184): CodeIgniter\Database\BaseBuilder->insert([...])
 7 SYSTEMPATH\CodeIgniter.php(943): App\Controllers\LoginController->verifylogin('43cba4604bd59fbb613944285351aad4')
 8 SYSTEMPATH\CodeIgniter.php(503): CodeIgniter\CodeIgniter->runController(Object(App\Controllers\LoginController))
 9 SYSTEMPATH\CodeIgniter.php(361): CodeIgniter\CodeIgniter->handleRequest(null, Object(Config\Cache), false)
10 FCPATH\index.php(79): CodeIgniter\CodeIgniter->run()
CRITICAL - 2024-12-16 05:37:12 --> Error: Object of class stdClass could not be converted to string
in SYSTEMPATH\Database\Query.php on line 333.
 1 SYSTEMPATH\Database\Query.php(333): strtr('INSERT INTO `p001` (`p001nokp`, `p001kbumi`, `p001norujuk`) VALUES (:p001nokp:, :p001kbumi:, :p001norujuk:)', [...])
 2 SYSTEMPATH\Database\Query.php(308): CodeIgniter\Database\Query->matchNamedBinds('INSERT INTO `p001` (`p001nokp`, `p001kbumi`, `p001norujuk`) VALUES (:p001nokp:, :p001kbumi:, :p001norujuk:)', [...])
 3 SYSTEMPATH\Database\Query.php(159): CodeIgniter\Database\Query->compileBinds()
 4 SYSTEMPATH\Database\BaseConnection.php(607): CodeIgniter\Database\Query->getQuery()
 5 SYSTEMPATH\Database\BaseBuilder.php(2307): CodeIgniter\Database\BaseConnection->query('INSERT INTO `p001` (`p001nokp`, `p001kbumi`, `p001norujuk`) VALUES (:p001nokp:, :p001kbumi:, :p001norujuk:)', [...], false)
 6 APPPATH\Controllers\LoginController.php(184): CodeIgniter\Database\BaseBuilder->insert([...])
 7 SYSTEMPATH\CodeIgniter.php(943): App\Controllers\LoginController->verifylogin('43cba4604bd59fbb613944285351aad4')
 8 SYSTEMPATH\CodeIgniter.php(503): CodeIgniter\CodeIgniter->runController(Object(App\Controllers\LoginController))
 9 SYSTEMPATH\CodeIgniter.php(361): CodeIgniter\CodeIgniter->handleRequest(null, Object(Config\Cache), false)
10 FCPATH\index.php(79): CodeIgniter\CodeIgniter->run()
CRITICAL - 2024-12-16 05:37:39 --> Error: Object of class stdClass could not be converted to string
in SYSTEMPATH\Database\Query.php on line 333.
 1 SYSTEMPATH\Database\Query.php(333): strtr('INSERT INTO `p001` (`p001nokp`, `p001kbumi`, `p001norujuk`) VALUES (:p001nokp:, :p001kbumi:, :p001norujuk:)', [...])
 2 SYSTEMPATH\Database\Query.php(308): CodeIgniter\Database\Query->matchNamedBinds('INSERT INTO `p001` (`p001nokp`, `p001kbumi`, `p001norujuk`) VALUES (:p001nokp:, :p001kbumi:, :p001norujuk:)', [...])
 3 SYSTEMPATH\Database\Query.php(159): CodeIgniter\Database\Query->compileBinds()
 4 SYSTEMPATH\Database\BaseConnection.php(607): CodeIgniter\Database\Query->getQuery()
 5 SYSTEMPATH\Database\BaseBuilder.php(2307): CodeIgniter\Database\BaseConnection->query('INSERT INTO `p001` (`p001nokp`, `p001kbumi`, `p001norujuk`) VALUES (:p001nokp:, :p001kbumi:, :p001norujuk:)', [...], false)
 6 APPPATH\Controllers\LoginController.php(184): CodeIgniter\Database\BaseBuilder->insert([...])
 7 SYSTEMPATH\CodeIgniter.php(943): App\Controllers\LoginController->verifylogin('43cba4604bd59fbb613944285351aad4')
 8 SYSTEMPATH\CodeIgniter.php(503): CodeIgniter\CodeIgniter->runController(Object(App\Controllers\LoginController))
 9 SYSTEMPATH\CodeIgniter.php(361): CodeIgniter\CodeIgniter->handleRequest(null, Object(Config\Cache), false)
10 FCPATH\index.php(79): CodeIgniter\CodeIgniter->run()
CRITICAL - 2024-12-16 05:37:41 --> Error: Object of class stdClass could not be converted to string
in SYSTEMPATH\Database\Query.php on line 333.
 1 SYSTEMPATH\Database\Query.php(333): strtr('INSERT INTO `p001` (`p001nokp`, `p001kbumi`, `p001norujuk`) VALUES (:p001nokp:, :p001kbumi:, :p001norujuk:)', [...])
 2 SYSTEMPATH\Database\Query.php(308): CodeIgniter\Database\Query->matchNamedBinds('INSERT INTO `p001` (`p001nokp`, `p001kbumi`, `p001norujuk`) VALUES (:p001nokp:, :p001kbumi:, :p001norujuk:)', [...])
 3 SYSTEMPATH\Database\Query.php(159): CodeIgniter\Database\Query->compileBinds()
 4 SYSTEMPATH\Database\BaseConnection.php(607): CodeIgniter\Database\Query->getQuery()
 5 SYSTEMPATH\Database\BaseBuilder.php(2307): CodeIgniter\Database\BaseConnection->query('INSERT INTO `p001` (`p001nokp`, `p001kbumi`, `p001norujuk`) VALUES (:p001nokp:, :p001kbumi:, :p001norujuk:)', [...], false)
 6 APPPATH\Controllers\LoginController.php(184): CodeIgniter\Database\BaseBuilder->insert([...])
 7 SYSTEMPATH\CodeIgniter.php(943): App\Controllers\LoginController->verifylogin('43cba4604bd59fbb613944285351aad4')
 8 SYSTEMPATH\CodeIgniter.php(503): CodeIgniter\CodeIgniter->runController(Object(App\Controllers\LoginController))
 9 SYSTEMPATH\CodeIgniter.php(361): CodeIgniter\CodeIgniter->handleRequest(null, Object(Config\Cache), false)
10 FCPATH\index.php(79): CodeIgniter\CodeIgniter->run()
CRITICAL - 2024-12-16 05:38:41 --> ParseError: syntax error, unexpected token "=>", expecting ")"
in APPPATH\Controllers\LoginController.php on line 188.
 1 SYSTEMPATH\Autoloader\Autoloader.php(290): CodeIgniter\Autoloader\Autoloader->includeFile('C:\\laragon\\www\\pascav2\\app\\Controllers\\LoginController.php')
 2 SYSTEMPATH\Autoloader\Autoloader.php(266): CodeIgniter\Autoloader\Autoloader->loadInNamespace('App\\Controllers\\LoginController')
 3 [internal function]: CodeIgniter\Autoloader\Autoloader->loadClass('App\\Controllers\\LoginController')
 4 SYSTEMPATH\CodeIgniter.php(901): class_exists('\\App\\Controllers\\LoginController', true)
 5 SYSTEMPATH\CodeIgniter.php(490): CodeIgniter\CodeIgniter->startController()
 6 SYSTEMPATH\CodeIgniter.php(361): CodeIgniter\CodeIgniter->handleRequest(null, Object(Config\Cache), false)
 7 FCPATH\index.php(79): CodeIgniter\CodeIgniter->run()
CRITICAL - 2024-12-16 05:43:15 --> TypeError: Unsupported operand types: string + int
in APPPATH\Controllers\LoginController.php on line 150.
 1 SYSTEMPATH\CodeIgniter.php(943): App\Controllers\LoginController->verifylogin('43cba4604bd59fbb613944285351aad4')
 2 SYSTEMPATH\CodeIgniter.php(503): CodeIgniter\CodeIgniter->runController(Object(App\Controllers\LoginController))
 3 SYSTEMPATH\CodeIgniter.php(361): CodeIgniter\CodeIgniter->handleRequest(null, Object(Config\Cache), false)
 4 FCPATH\index.php(79): CodeIgniter\CodeIgniter->run()
CRITICAL - 2024-12-16 05:44:10 --> TypeError: Unsupported operand types: string + int
in APPPATH\Controllers\LoginController.php on line 150.
 1 SYSTEMPATH\CodeIgniter.php(943): App\Controllers\LoginController->verifylogin('43cba4604bd59fbb613944285351aad4')
 2 SYSTEMPATH\CodeIgniter.php(503): CodeIgniter\CodeIgniter->runController(Object(App\Controllers\LoginController))
 3 SYSTEMPATH\CodeIgniter.php(361): CodeIgniter\CodeIgniter->handleRequest(null, Object(Config\Cache), false)
 4 FCPATH\index.php(79): CodeIgniter\CodeIgniter->run()
ERROR - 2024-12-16 05:55:32 --> mysqli_sql_exception: Duplicate entry '0006' for key 'p001.PRIMARY' in C:\laragon\www\pascav2\vendor\codeigniter4\framework\system\Database\MySQLi\Connection.php:306
Stack trace:
#0 C:\laragon\www\pascav2\vendor\codeigniter4\framework\system\Database\MySQLi\Connection.php(306): mysqli->query('INSERT INTO `p0...', 0)
#1 C:\laragon\www\pascav2\vendor\codeigniter4\framework\system\Database\BaseConnection.php(693): CodeIgniter\Database\MySQLi\Connection->execute('INSERT INTO `p0...')
#2 C:\laragon\www\pascav2\vendor\codeigniter4\framework\system\Database\BaseConnection.php(607): CodeIgniter\Database\BaseConnection->simpleQuery('INSERT INTO `p0...')
#3 C:\laragon\www\pascav2\vendor\codeigniter4\framework\system\Database\BaseBuilder.php(2307): CodeIgniter\Database\BaseConnection->query('INSERT INTO `p0...', Array, false)
#4 C:\laragon\www\pascav2\app\Controllers\LoginController.php(171): CodeIgniter\Database\BaseBuilder->insert(Array)
#5 C:\laragon\www\pascav2\vendor\codeigniter4\framework\system\CodeIgniter.php(943): App\Controllers\LoginController->verifylogin('43cba4604bd59fb...')
#6 C:\laragon\www\pascav2\vendor\codeigniter4\framework\system\CodeIgniter.php(503): CodeIgniter\CodeIgniter->runController(Object(App\Controllers\LoginController))
#7 C:\laragon\www\pascav2\vendor\codeigniter4\framework\system\CodeIgniter.php(361): CodeIgniter\CodeIgniter->handleRequest(NULL, Object(Config\Cache), false)
#8 C:\laragon\www\pascav2\public\index.php(79): CodeIgniter\CodeIgniter->run()
#9 {main}
CRITICAL - 2024-12-16 05:55:32 --> CodeIgniter\Database\Exceptions\DatabaseException: Duplicate entry '0006' for key 'p001.PRIMARY'
in SYSTEMPATH\Database\BaseConnection.php on line 647.
 1 SYSTEMPATH\Database\BaseBuilder.php(2307): CodeIgniter\Database\BaseConnection->query('INSERT INTO `p001` (`p001nokp`, `p001kbumi`, `p001norujuk`) VALUES (:p001nokp:, :p001kbumi:, :p001norujuk:)', [...], false)
 2 APPPATH\Controllers\LoginController.php(171): CodeIgniter\Database\BaseBuilder->insert([...])
 3 SYSTEMPATH\CodeIgniter.php(943): App\Controllers\LoginController->verifylogin('43cba4604bd59fbb613944285351aad4')
 4 SYSTEMPATH\CodeIgniter.php(503): CodeIgniter\CodeIgniter->runController(Object(App\Controllers\LoginController))
 5 SYSTEMPATH\CodeIgniter.php(361): CodeIgniter\CodeIgniter->handleRequest(null, Object(Config\Cache), false)
 6 FCPATH\index.php(79): CodeIgniter\CodeIgniter->run()
CRITICAL - 2024-12-16 05:55:32 --> [Caused by] CodeIgniter\Database\Exceptions\DatabaseException: Duplicate entry '0006' for key 'p001.PRIMARY'
in SYSTEMPATH\Database\MySQLi\Connection.php on line 311.
 1 SYSTEMPATH\Database\BaseConnection.php(693): CodeIgniter\Database\MySQLi\Connection->execute('INSERT INTO `p001` (`p001nokp`, `p001kbumi`, `p001norujuk`) VALUES (\'0006\', \'M\', \'UniSZA/PPS/2024/2\')')
 2 SYSTEMPATH\Database\BaseConnection.php(607): CodeIgniter\Database\BaseConnection->simpleQuery('INSERT INTO `p001` (`p001nokp`, `p001kbumi`, `p001norujuk`) VALUES (\'0006\', \'M\', \'UniSZA/PPS/2024/2\')')
 3 SYSTEMPATH\Database\BaseBuilder.php(2307): CodeIgniter\Database\BaseConnection->query('INSERT INTO `p001` (`p001nokp`, `p001kbumi`, `p001norujuk`) VALUES (:p001nokp:, :p001kbumi:, :p001norujuk:)', [...], false)
 4 APPPATH\Controllers\LoginController.php(171): CodeIgniter\Database\BaseBuilder->insert([...])
 5 SYSTEMPATH\CodeIgniter.php(943): App\Controllers\LoginController->verifylogin('43cba4604bd59fbb613944285351aad4')
 6 SYSTEMPATH\CodeIgniter.php(503): CodeIgniter\CodeIgniter->runController(Object(App\Controllers\LoginController))
 7 SYSTEMPATH\CodeIgniter.php(361): CodeIgniter\CodeIgniter->handleRequest(null, Object(Config\Cache), false)
 8 FCPATH\index.php(79): CodeIgniter\CodeIgniter->run()
CRITICAL - 2024-12-16 05:55:32 --> [Caused by] mysqli_sql_exception: Duplicate entry '0006' for key 'p001.PRIMARY'
in SYSTEMPATH\Database\MySQLi\Connection.php on line 306.
 1 SYSTEMPATH\Database\MySQLi\Connection.php(306): mysqli->query('INSERT INTO `p001` (`p001nokp`, `p001kbumi`, `p001norujuk`) VALUES (\'0006\', \'M\', \'UniSZA/PPS/2024/2\')', 0)
 2 SYSTEMPATH\Database\BaseConnection.php(693): CodeIgniter\Database\MySQLi\Connection->execute('INSERT INTO `p001` (`p001nokp`, `p001kbumi`, `p001norujuk`) VALUES (\'0006\', \'M\', \'UniSZA/PPS/2024/2\')')
 3 SYSTEMPATH\Database\BaseConnection.php(607): CodeIgniter\Database\BaseConnection->simpleQuery('INSERT INTO `p001` (`p001nokp`, `p001kbumi`, `p001norujuk`) VALUES (\'0006\', \'M\', \'UniSZA/PPS/2024/2\')')
 4 SYSTEMPATH\Database\BaseBuilder.php(2307): CodeIgniter\Database\BaseConnection->query('INSERT INTO `p001` (`p001nokp`, `p001kbumi`, `p001norujuk`) VALUES (:p001nokp:, :p001kbumi:, :p001norujuk:)', [...], false)
 5 APPPATH\Controllers\LoginController.php(171): CodeIgniter\Database\BaseBuilder->insert([...])
 6 SYSTEMPATH\CodeIgniter.php(943): App\Controllers\LoginController->verifylogin('43cba4604bd59fbb613944285351aad4')
 7 SYSTEMPATH\CodeIgniter.php(503): CodeIgniter\CodeIgniter->runController(Object(App\Controllers\LoginController))
 8 SYSTEMPATH\CodeIgniter.php(361): CodeIgniter\CodeIgniter->handleRequest(null, Object(Config\Cache), false)
 9 FCPATH\index.php(79): CodeIgniter\CodeIgniter->run()
CRITICAL - 2024-12-16 06:23:52 --> ArgumentCountError: Too few arguments to function App\Controllers\LoginController::verifylogin(), 0 passed in C:\laragon\www\pascav2\vendor\codeigniter4\framework\system\CodeIgniter.php on line 943 and exactly 1 expected
in APPPATH\Controllers\LoginController.php on line 143.
 1 SYSTEMPATH\CodeIgniter.php(943): App\Controllers\LoginController->verifylogin()
 2 SYSTEMPATH\CodeIgniter.php(503): CodeIgniter\CodeIgniter->runController(Object(App\Controllers\LoginController))
 3 SYSTEMPATH\CodeIgniter.php(361): CodeIgniter\CodeIgniter->handleRequest(null, Object(Config\Cache), false)
 4 FCPATH\index.php(79): CodeIgniter\CodeIgniter->run()
CRITICAL - 2024-12-16 06:25:01 --> CodeIgniter\View\Exceptions\ViewException: Invalid file: "form/verifylogin.php"
in SYSTEMPATH\Exceptions\FrameworkException.php on line 39.
 1 SYSTEMPATH\View\View.php(216): CodeIgniter\Exceptions\FrameworkException::forInvalidFile('form/verifylogin.php')
 2 SYSTEMPATH\Common.php(1178): CodeIgniter\View\View->render('form/verifylogin', [], true)
 3 APPPATH\Controllers\Home.php(20): view('form/verifylogin')
 4 SYSTEMPATH\CodeIgniter.php(943): App\Controllers\Home->applySc()
 5 SYSTEMPATH\CodeIgniter.php(503): CodeIgniter\CodeIgniter->runController(Object(App\Controllers\Home))
 6 SYSTEMPATH\CodeIgniter.php(361): CodeIgniter\CodeIgniter->handleRequest(null, Object(Config\Cache), false)
 7 FCPATH\index.php(79): CodeIgniter\CodeIgniter->run()
CRITICAL - 2024-12-16 07:20:21 --> ErrorException: Attempt to read property "p00username" on null
in APPPATH\Controllers\LoginController.php on line 158.
 1 APPPATH\Controllers\LoginController.php(158): CodeIgniter\Debug\Exceptions->errorHandler(2, 'Attempt to read property "p00username" on null', 'C:\\laragon\\www\\pascav2\\app\\Controllers\\LoginController.php', 158)
 2 SYSTEMPATH\CodeIgniter.php(943): App\Controllers\LoginController->verifylogin('65733ed9b5c3aa31384e7f547b4e2ddf')
 3 SYSTEMPATH\CodeIgniter.php(503): CodeIgniter\CodeIgniter->runController(Object(App\Controllers\LoginController))
 4 SYSTEMPATH\CodeIgniter.php(361): CodeIgniter\CodeIgniter->handleRequest(null, Object(Config\Cache), false)
 5 FCPATH\index.php(79): CodeIgniter\CodeIgniter->run()
INFO - 2024-12-16 07:56:32 --> Session: Class initialized using 'CodeIgniter\Session\Handlers\FileHandler' driver.
