CRITICAL - 2024-12-17 00:26:36 --> ParseError: syntax error, unexpected integer "7", expecting ")"
in APPPATH\Controllers\SaringController.php on line 21.
 1 SYSTEMPATH\Autoloader\Autoloader.php(290): CodeIgniter\Autoloader\Autoloader->includeFile('C:\\laragon\\www\\pascav2\\app\\Controllers\\SaringController.php')
 2 SYSTEMPATH\Autoloader\Autoloader.php(266): CodeIgniter\Autoloader\Autoloader->loadInNamespace('App\\Controllers\\SaringController')
 3 [internal function]: CodeIgniter\Autoloader\Autoloader->loadClass('App\\Controllers\\SaringController')
 4 SYSTEMPATH\CodeIgniter.php(901): class_exists('\\App\\Controllers\\SaringController', true)
 5 SYSTEMPATH\CodeIgniter.php(490): CodeIgniter\CodeIgniter->startController()
 6 SYSTEMPATH\CodeIgniter.php(361): CodeIgniter\CodeIgniter->handleRequest(null, Object(Config\Cache), false)
 7 FCPATH\index.php(79): CodeIgniter\CodeIgniter->run()
ERROR - 2024-12-17 00:27:28 --> mysqli_sql_exception: You have an error in your SQL syntax; check the manual that corresponds to your MySQL server version for the right syntax to use near 'p001nokp,p001nama,p001kprog,p001kaedah,case p001kaedah when "7" then "Coursework' at line 1 in C:\laragon\www\pascav2\vendor\codeigniter4\framework\system\Database\MySQLi\Connection.php:306
Stack trace:
#0 C:\laragon\www\pascav2\vendor\codeigniter4\framework\system\Database\MySQLi\Connection.php(306): mysqli->query('p001nokp,p001na...', 0)
#1 C:\laragon\www\pascav2\vendor\codeigniter4\framework\system\Database\BaseConnection.php(693): CodeIgniter\Database\MySQLi\Connection->execute('p001nokp,p001na...')
#2 C:\laragon\www\pascav2\vendor\codeigniter4\framework\system\Database\BaseConnection.php(607): CodeIgniter\Database\BaseConnection->simpleQuery('p001nokp,p001na...')
#3 C:\laragon\www\pascav2\app\Controllers\SaringController.php(21): CodeIgniter\Database\BaseConnection->query('p001nokp,p001na...')
#4 C:\laragon\www\pascav2\vendor\codeigniter4\framework\system\CodeIgniter.php(943): App\Controllers\SaringController->retpermohonan()
#5 C:\laragon\www\pascav2\vendor\codeigniter4\framework\system\CodeIgniter.php(503): CodeIgniter\CodeIgniter->runController(Object(App\Controllers\SaringController))
#6 C:\laragon\www\pascav2\vendor\codeigniter4\framework\system\CodeIgniter.php(361): CodeIgniter\CodeIgniter->handleRequest(NULL, Object(Config\Cache), false)
#7 C:\laragon\www\pascav2\public\index.php(79): CodeIgniter\CodeIgniter->run()
#8 {main}
CRITICAL - 2024-12-17 00:27:28 --> CodeIgniter\Database\Exceptions\DatabaseException: You have an error in your SQL syntax; check the manual that corresponds to your MySQL server version for the right syntax to use near 'p001nokp,p001nama,p001kprog,p001kaedah,case p001kaedah when "7" then "Coursework' at line 1
in SYSTEMPATH\Database\BaseConnection.php on line 647.
 1 APPPATH\Controllers\SaringController.php(21): CodeIgniter\Database\BaseConnection->query('p001nokp,p001nama,p001kprog,p001kaedah,case p001kaedah when "7" then "Coursework" when "8" then "Research" when "9" then "Mix-Mode" end as kaedah,p001modebelajar,
        case p001modebelajar when "1" then "Full Time" when "2" then "Park Time" end as modebelajar')
 2 SYSTEMPATH\CodeIgniter.php(943): App\Controllers\SaringController->retpermohonan()
 3 SYSTEMPATH\CodeIgniter.php(503): CodeIgniter\CodeIgniter->runController(Object(App\Controllers\SaringController))
 4 SYSTEMPATH\CodeIgniter.php(361): CodeIgniter\CodeIgniter->handleRequest(null, Object(Config\Cache), false)
 5 FCPATH\index.php(79): CodeIgniter\CodeIgniter->run()
CRITICAL - 2024-12-17 00:27:28 --> [Caused by] CodeIgniter\Database\Exceptions\DatabaseException: You have an error in your SQL syntax; check the manual that corresponds to your MySQL server version for the right syntax to use near 'p001nokp,p001nama,p001kprog,p001kaedah,case p001kaedah when "7" then "Coursework' at line 1
in SYSTEMPATH\Database\MySQLi\Connection.php on line 311.
 1 SYSTEMPATH\Database\BaseConnection.php(693): CodeIgniter\Database\MySQLi\Connection->execute('p001nokp,p001nama,p001kprog,p001kaedah,case p001kaedah when "7" then "Coursework" when "8" then "Research" when "9" then "Mix-Mode" end as kaedah,p001modebelajar,
        case p001modebelajar when "1" then "Full Time" when "2" then "Park Time" end as modebelajar')
 2 SYSTEMPATH\Database\BaseConnection.php(607): CodeIgniter\Database\BaseConnection->simpleQuery('p001nokp,p001nama,p001kprog,p001kaedah,case p001kaedah when "7" then "Coursework" when "8" then "Research" when "9" then "Mix-Mode" end as kaedah,p001modebelajar,
        case p001modebelajar when "1" then "Full Time" when "2" then "Park Time" end as modebelajar')
 3 APPPATH\Controllers\SaringController.php(21): CodeIgniter\Database\BaseConnection->query('p001nokp,p001nama,p001kprog,p001kaedah,case p001kaedah when "7" then "Coursework" when "8" then "Research" when "9" then "Mix-Mode" end as kaedah,p001modebelajar,
        case p001modebelajar when "1" then "Full Time" when "2" then "Park Time" end as modebelajar')
 4 SYSTEMPATH\CodeIgniter.php(943): App\Controllers\SaringController->retpermohonan()
 5 SYSTEMPATH\CodeIgniter.php(503): CodeIgniter\CodeIgniter->runController(Object(App\Controllers\SaringController))
 6 SYSTEMPATH\CodeIgniter.php(361): CodeIgniter\CodeIgniter->handleRequest(null, Object(Config\Cache), false)
 7 FCPATH\index.php(79): CodeIgniter\CodeIgniter->run()
CRITICAL - 2024-12-17 00:27:28 --> [Caused by] mysqli_sql_exception: You have an error in your SQL syntax; check the manual that corresponds to your MySQL server version for the right syntax to use near 'p001nokp,p001nama,p001kprog,p001kaedah,case p001kaedah when "7" then "Coursework' at line 1
in SYSTEMPATH\Database\MySQLi\Connection.php on line 306.
 1 SYSTEMPATH\Database\MySQLi\Connection.php(306): mysqli->query('p001nokp,p001nama,p001kprog,p001kaedah,case p001kaedah when "7" then "Coursework" when "8" then "Research" when "9" then "Mix-Mode" end as kaedah,p001modebelajar,
        case p001modebelajar when "1" then "Full Time" when "2" then "Park Time" end as modebelajar', 0)
 2 SYSTEMPATH\Database\BaseConnection.php(693): CodeIgniter\Database\MySQLi\Connection->execute('p001nokp,p001nama,p001kprog,p001kaedah,case p001kaedah when "7" then "Coursework" when "8" then "Research" when "9" then "Mix-Mode" end as kaedah,p001modebelajar,
        case p001modebelajar when "1" then "Full Time" when "2" then "Park Time" end as modebelajar')
 3 SYSTEMPATH\Database\BaseConnection.php(607): CodeIgniter\Database\BaseConnection->simpleQuery('p001nokp,p001nama,p001kprog,p001kaedah,case p001kaedah when "7" then "Coursework" when "8" then "Research" when "9" then "Mix-Mode" end as kaedah,p001modebelajar,
        case p001modebelajar when "1" then "Full Time" when "2" then "Park Time" end as modebelajar')
 4 APPPATH\Controllers\SaringController.php(21): CodeIgniter\Database\BaseConnection->query('p001nokp,p001nama,p001kprog,p001kaedah,case p001kaedah when "7" then "Coursework" when "8" then "Research" when "9" then "Mix-Mode" end as kaedah,p001modebelajar,
        case p001modebelajar when "1" then "Full Time" when "2" then "Park Time" end as modebelajar')
 5 SYSTEMPATH\CodeIgniter.php(943): App\Controllers\SaringController->retpermohonan()
 6 SYSTEMPATH\CodeIgniter.php(503): CodeIgniter\CodeIgniter->runController(Object(App\Controllers\SaringController))
 7 SYSTEMPATH\CodeIgniter.php(361): CodeIgniter\CodeIgniter->handleRequest(null, Object(Config\Cache), false)
 8 FCPATH\index.php(79): CodeIgniter\CodeIgniter->run()
ERROR - 2024-12-17 00:28:01 --> mysqli_sql_exception: Unknown column 'p001nokp' in 'field list' in C:\laragon\www\pascav2\vendor\codeigniter4\framework\system\Database\MySQLi\Connection.php:306
Stack trace:
#0 C:\laragon\www\pascav2\vendor\codeigniter4\framework\system\Database\MySQLi\Connection.php(306): mysqli->query('select p001nokp...', 0)
#1 C:\laragon\www\pascav2\vendor\codeigniter4\framework\system\Database\BaseConnection.php(693): CodeIgniter\Database\MySQLi\Connection->execute('select p001nokp...')
#2 C:\laragon\www\pascav2\vendor\codeigniter4\framework\system\Database\BaseConnection.php(607): CodeIgniter\Database\BaseConnection->simpleQuery('select p001nokp...')
#3 C:\laragon\www\pascav2\app\Controllers\SaringController.php(21): CodeIgniter\Database\BaseConnection->query('select p001nokp...')
#4 C:\laragon\www\pascav2\vendor\codeigniter4\framework\system\CodeIgniter.php(943): App\Controllers\SaringController->retpermohonan()
#5 C:\laragon\www\pascav2\vendor\codeigniter4\framework\system\CodeIgniter.php(503): CodeIgniter\CodeIgniter->runController(Object(App\Controllers\SaringController))
#6 C:\laragon\www\pascav2\vendor\codeigniter4\framework\system\CodeIgniter.php(361): CodeIgniter\CodeIgniter->handleRequest(NULL, Object(Config\Cache), false)
#7 C:\laragon\www\pascav2\public\index.php(79): CodeIgniter\CodeIgniter->run()
#8 {main}
CRITICAL - 2024-12-17 00:28:01 --> CodeIgniter\Database\Exceptions\DatabaseException: Unknown column 'p001nokp' in 'field list'
in SYSTEMPATH\Database\BaseConnection.php on line 647.
 1 APPPATH\Controllers\SaringController.php(21): CodeIgniter\Database\BaseConnection->query('select p001nokp,p001nama,p001kprog,p001kaedah,case p001kaedah when "7" then "Coursework" when "8" then "Research" when "9" then "Mix-Mode" end as kaedah,p001modebelajar,
        case p001modebelajar when "1" then "Full Time" when "2" then "Park Time" end as modebelajar')
 2 SYSTEMPATH\CodeIgniter.php(943): App\Controllers\SaringController->retpermohonan()
 3 SYSTEMPATH\CodeIgniter.php(503): CodeIgniter\CodeIgniter->runController(Object(App\Controllers\SaringController))
 4 SYSTEMPATH\CodeIgniter.php(361): CodeIgniter\CodeIgniter->handleRequest(null, Object(Config\Cache), false)
 5 FCPATH\index.php(79): CodeIgniter\CodeIgniter->run()
CRITICAL - 2024-12-17 00:28:01 --> [Caused by] CodeIgniter\Database\Exceptions\DatabaseException: Unknown column 'p001nokp' in 'field list'
in SYSTEMPATH\Database\MySQLi\Connection.php on line 311.
 1 SYSTEMPATH\Database\BaseConnection.php(693): CodeIgniter\Database\MySQLi\Connection->execute('select p001nokp,p001nama,p001kprog,p001kaedah,case p001kaedah when "7" then "Coursework" when "8" then "Research" when "9" then "Mix-Mode" end as kaedah,p001modebelajar,
        case p001modebelajar when "1" then "Full Time" when "2" then "Park Time" end as modebelajar')
 2 SYSTEMPATH\Database\BaseConnection.php(607): CodeIgniter\Database\BaseConnection->simpleQuery('select p001nokp,p001nama,p001kprog,p001kaedah,case p001kaedah when "7" then "Coursework" when "8" then "Research" when "9" then "Mix-Mode" end as kaedah,p001modebelajar,
        case p001modebelajar when "1" then "Full Time" when "2" then "Park Time" end as modebelajar')
 3 APPPATH\Controllers\SaringController.php(21): CodeIgniter\Database\BaseConnection->query('select p001nokp,p001nama,p001kprog,p001kaedah,case p001kaedah when "7" then "Coursework" when "8" then "Research" when "9" then "Mix-Mode" end as kaedah,p001modebelajar,
        case p001modebelajar when "1" then "Full Time" when "2" then "Park Time" end as modebelajar')
 4 SYSTEMPATH\CodeIgniter.php(943): App\Controllers\SaringController->retpermohonan()
 5 SYSTEMPATH\CodeIgniter.php(503): CodeIgniter\CodeIgniter->runController(Object(App\Controllers\SaringController))
 6 SYSTEMPATH\CodeIgniter.php(361): CodeIgniter\CodeIgniter->handleRequest(null, Object(Config\Cache), false)
 7 FCPATH\index.php(79): CodeIgniter\CodeIgniter->run()
CRITICAL - 2024-12-17 00:28:01 --> [Caused by] mysqli_sql_exception: Unknown column 'p001nokp' in 'field list'
in SYSTEMPATH\Database\MySQLi\Connection.php on line 306.
 1 SYSTEMPATH\Database\MySQLi\Connection.php(306): mysqli->query('select p001nokp,p001nama,p001kprog,p001kaedah,case p001kaedah when "7" then "Coursework" when "8" then "Research" when "9" then "Mix-Mode" end as kaedah,p001modebelajar,
        case p001modebelajar when "1" then "Full Time" when "2" then "Park Time" end as modebelajar', 0)
 2 SYSTEMPATH\Database\BaseConnection.php(693): CodeIgniter\Database\MySQLi\Connection->execute('select p001nokp,p001nama,p001kprog,p001kaedah,case p001kaedah when "7" then "Coursework" when "8" then "Research" when "9" then "Mix-Mode" end as kaedah,p001modebelajar,
        case p001modebelajar when "1" then "Full Time" when "2" then "Park Time" end as modebelajar')
 3 SYSTEMPATH\Database\BaseConnection.php(607): CodeIgniter\Database\BaseConnection->simpleQuery('select p001nokp,p001nama,p001kprog,p001kaedah,case p001kaedah when "7" then "Coursework" when "8" then "Research" when "9" then "Mix-Mode" end as kaedah,p001modebelajar,
        case p001modebelajar when "1" then "Full Time" when "2" then "Park Time" end as modebelajar')
 4 APPPATH\Controllers\SaringController.php(21): CodeIgniter\Database\BaseConnection->query('select p001nokp,p001nama,p001kprog,p001kaedah,case p001kaedah when "7" then "Coursework" when "8" then "Research" when "9" then "Mix-Mode" end as kaedah,p001modebelajar,
        case p001modebelajar when "1" then "Full Time" when "2" then "Park Time" end as modebelajar')
 5 SYSTEMPATH\CodeIgniter.php(943): App\Controllers\SaringController->retpermohonan()
 6 SYSTEMPATH\CodeIgniter.php(503): CodeIgniter\CodeIgniter->runController(Object(App\Controllers\SaringController))
 7 SYSTEMPATH\CodeIgniter.php(361): CodeIgniter\CodeIgniter->handleRequest(null, Object(Config\Cache), false)
 8 FCPATH\index.php(79): CodeIgniter\CodeIgniter->run()
CRITICAL - 2024-12-17 00:28:19 --> ParseError: syntax error, unexpected integer "7", expecting ")"
in APPPATH\Controllers\SaringController.php on line 21.
 1 SYSTEMPATH\Autoloader\Autoloader.php(290): CodeIgniter\Autoloader\Autoloader->includeFile('C:\\laragon\\www\\pascav2\\app\\Controllers\\SaringController.php')
 2 SYSTEMPATH\Autoloader\Autoloader.php(266): CodeIgniter\Autoloader\Autoloader->loadInNamespace('App\\Controllers\\SaringController')
 3 [internal function]: CodeIgniter\Autoloader\Autoloader->loadClass('App\\Controllers\\SaringController')
 4 SYSTEMPATH\CodeIgniter.php(901): class_exists('\\App\\Controllers\\SaringController', true)
 5 SYSTEMPATH\CodeIgniter.php(490): CodeIgniter\CodeIgniter->startController()
 6 SYSTEMPATH\CodeIgniter.php(361): CodeIgniter\CodeIgniter->handleRequest(null, Object(Config\Cache), false)
 7 FCPATH\index.php(79): CodeIgniter\CodeIgniter->run()
ERROR - 2024-12-17 00:30:00 --> mysqli_sql_exception: Unknown column 'p001nokp' in 'field list' in C:\laragon\www\pascav2\vendor\codeigniter4\framework\system\Database\MySQLi\Connection.php:306
Stack trace:
#0 C:\laragon\www\pascav2\vendor\codeigniter4\framework\system\Database\MySQLi\Connection.php(306): mysqli->query('select p001nokp...', 0)
#1 C:\laragon\www\pascav2\vendor\codeigniter4\framework\system\Database\BaseConnection.php(693): CodeIgniter\Database\MySQLi\Connection->execute('select p001nokp...')
#2 C:\laragon\www\pascav2\vendor\codeigniter4\framework\system\Database\BaseConnection.php(607): CodeIgniter\Database\BaseConnection->simpleQuery('select p001nokp...')
#3 C:\laragon\www\pascav2\app\Controllers\SaringController.php(21): CodeIgniter\Database\BaseConnection->query('select p001nokp...')
#4 C:\laragon\www\pascav2\vendor\codeigniter4\framework\system\CodeIgniter.php(943): App\Controllers\SaringController->retpermohonan()
#5 C:\laragon\www\pascav2\vendor\codeigniter4\framework\system\CodeIgniter.php(503): CodeIgniter\CodeIgniter->runController(Object(App\Controllers\SaringController))
#6 C:\laragon\www\pascav2\vendor\codeigniter4\framework\system\CodeIgniter.php(361): CodeIgniter\CodeIgniter->handleRequest(NULL, Object(Config\Cache), false)
#7 C:\laragon\www\pascav2\public\index.php(79): CodeIgniter\CodeIgniter->run()
#8 {main}
CRITICAL - 2024-12-17 00:30:00 --> CodeIgniter\Database\Exceptions\DatabaseException: Unknown column 'p001nokp' in 'field list'
in SYSTEMPATH\Database\BaseConnection.php on line 647.
 1 APPPATH\Controllers\SaringController.php(21): CodeIgniter\Database\BaseConnection->query('select p001nokp,p001nama,p001kprog,p001kaedah,case p001kaedah when "7" then "Coursework" when "8" then "Research" when "9" then "Mix-Mode" end as kaedah,p001modebelajar,
        case p001modebelajar when "1" then "Full Time" when "2" then "Park Time" end as modebelajar')
 2 SYSTEMPATH\CodeIgniter.php(943): App\Controllers\SaringController->retpermohonan()
 3 SYSTEMPATH\CodeIgniter.php(503): CodeIgniter\CodeIgniter->runController(Object(App\Controllers\SaringController))
 4 SYSTEMPATH\CodeIgniter.php(361): CodeIgniter\CodeIgniter->handleRequest(null, Object(Config\Cache), false)
 5 FCPATH\index.php(79): CodeIgniter\CodeIgniter->run()
CRITICAL - 2024-12-17 00:30:00 --> [Caused by] CodeIgniter\Database\Exceptions\DatabaseException: Unknown column 'p001nokp' in 'field list'
in SYSTEMPATH\Database\MySQLi\Connection.php on line 311.
 1 SYSTEMPATH\Database\BaseConnection.php(693): CodeIgniter\Database\MySQLi\Connection->execute('select p001nokp,p001nama,p001kprog,p001kaedah,case p001kaedah when "7" then "Coursework" when "8" then "Research" when "9" then "Mix-Mode" end as kaedah,p001modebelajar,
        case p001modebelajar when "1" then "Full Time" when "2" then "Park Time" end as modebelajar')
 2 SYSTEMPATH\Database\BaseConnection.php(607): CodeIgniter\Database\BaseConnection->simpleQuery('select p001nokp,p001nama,p001kprog,p001kaedah,case p001kaedah when "7" then "Coursework" when "8" then "Research" when "9" then "Mix-Mode" end as kaedah,p001modebelajar,
        case p001modebelajar when "1" then "Full Time" when "2" then "Park Time" end as modebelajar')
 3 APPPATH\Controllers\SaringController.php(21): CodeIgniter\Database\BaseConnection->query('select p001nokp,p001nama,p001kprog,p001kaedah,case p001kaedah when "7" then "Coursework" when "8" then "Research" when "9" then "Mix-Mode" end as kaedah,p001modebelajar,
        case p001modebelajar when "1" then "Full Time" when "2" then "Park Time" end as modebelajar')
 4 SYSTEMPATH\CodeIgniter.php(943): App\Controllers\SaringController->retpermohonan()
 5 SYSTEMPATH\CodeIgniter.php(503): CodeIgniter\CodeIgniter->runController(Object(App\Controllers\SaringController))
 6 SYSTEMPATH\CodeIgniter.php(361): CodeIgniter\CodeIgniter->handleRequest(null, Object(Config\Cache), false)
 7 FCPATH\index.php(79): CodeIgniter\CodeIgniter->run()
CRITICAL - 2024-12-17 00:30:00 --> [Caused by] mysqli_sql_exception: Unknown column 'p001nokp' in 'field list'
in SYSTEMPATH\Database\MySQLi\Connection.php on line 306.
 1 SYSTEMPATH\Database\MySQLi\Connection.php(306): mysqli->query('select p001nokp,p001nama,p001kprog,p001kaedah,case p001kaedah when "7" then "Coursework" when "8" then "Research" when "9" then "Mix-Mode" end as kaedah,p001modebelajar,
        case p001modebelajar when "1" then "Full Time" when "2" then "Park Time" end as modebelajar', 0)
 2 SYSTEMPATH\Database\BaseConnection.php(693): CodeIgniter\Database\MySQLi\Connection->execute('select p001nokp,p001nama,p001kprog,p001kaedah,case p001kaedah when "7" then "Coursework" when "8" then "Research" when "9" then "Mix-Mode" end as kaedah,p001modebelajar,
        case p001modebelajar when "1" then "Full Time" when "2" then "Park Time" end as modebelajar')
 3 SYSTEMPATH\Database\BaseConnection.php(607): CodeIgniter\Database\BaseConnection->simpleQuery('select p001nokp,p001nama,p001kprog,p001kaedah,case p001kaedah when "7" then "Coursework" when "8" then "Research" when "9" then "Mix-Mode" end as kaedah,p001modebelajar,
        case p001modebelajar when "1" then "Full Time" when "2" then "Park Time" end as modebelajar')
 4 APPPATH\Controllers\SaringController.php(21): CodeIgniter\Database\BaseConnection->query('select p001nokp,p001nama,p001kprog,p001kaedah,case p001kaedah when "7" then "Coursework" when "8" then "Research" when "9" then "Mix-Mode" end as kaedah,p001modebelajar,
        case p001modebelajar when "1" then "Full Time" when "2" then "Park Time" end as modebelajar')
 5 SYSTEMPATH\CodeIgniter.php(943): App\Controllers\SaringController->retpermohonan()
 6 SYSTEMPATH\CodeIgniter.php(503): CodeIgniter\CodeIgniter->runController(Object(App\Controllers\SaringController))
 7 SYSTEMPATH\CodeIgniter.php(361): CodeIgniter\CodeIgniter->handleRequest(null, Object(Config\Cache), false)
 8 FCPATH\index.php(79): CodeIgniter\CodeIgniter->run()
ERROR - 2024-12-17 01:01:58 --> mysqli_sql_exception: Unknown column 'p001nokp' in 'field list' in C:\laragon\www\pascav2\vendor\codeigniter4\framework\system\Database\MySQLi\Connection.php:306
Stack trace:
#0 C:\laragon\www\pascav2\vendor\codeigniter4\framework\system\Database\MySQLi\Connection.php(306): mysqli->query('SELECT p001nokp...', 0)
#1 C:\laragon\www\pascav2\vendor\codeigniter4\framework\system\Database\BaseConnection.php(693): CodeIgniter\Database\MySQLi\Connection->execute('SELECT p001nokp...')
#2 C:\laragon\www\pascav2\vendor\codeigniter4\framework\system\Database\BaseConnection.php(607): CodeIgniter\Database\BaseConnection->simpleQuery('SELECT p001nokp...')
#3 C:\laragon\www\pascav2\app\Controllers\SaringController.php(21): CodeIgniter\Database\BaseConnection->query('SELECT p001nokp...')
#4 C:\laragon\www\pascav2\vendor\codeigniter4\framework\system\CodeIgniter.php(943): App\Controllers\SaringController->retpermohonan()
#5 C:\laragon\www\pascav2\vendor\codeigniter4\framework\system\CodeIgniter.php(503): CodeIgniter\CodeIgniter->runController(Object(App\Controllers\SaringController))
#6 C:\laragon\www\pascav2\vendor\codeigniter4\framework\system\CodeIgniter.php(361): CodeIgniter\CodeIgniter->handleRequest(NULL, Object(Config\Cache), false)
#7 C:\laragon\www\pascav2\public\index.php(79): CodeIgniter\CodeIgniter->run()
#8 {main}
CRITICAL - 2024-12-17 01:01:58 --> CodeIgniter\Database\Exceptions\DatabaseException: Unknown column 'p001nokp' in 'field list'
in SYSTEMPATH\Database\BaseConnection.php on line 647.
 1 APPPATH\Controllers\SaringController.php(21): CodeIgniter\Database\BaseConnection->query('SELECT p001nokp,p001nama,p001kprog,p001kaedah,case p001kaedah when "7" then "Coursework" when "8" then "Research" when "9" then "Mix-Mode" end as kaedah,p001modebelajar,
        case p001modebelajar when "1" then "Full Time" when "2" then "Park Time" end as modebelajar')
 2 SYSTEMPATH\CodeIgniter.php(943): App\Controllers\SaringController->retpermohonan()
 3 SYSTEMPATH\CodeIgniter.php(503): CodeIgniter\CodeIgniter->runController(Object(App\Controllers\SaringController))
 4 SYSTEMPATH\CodeIgniter.php(361): CodeIgniter\CodeIgniter->handleRequest(null, Object(Config\Cache), false)
 5 FCPATH\index.php(79): CodeIgniter\CodeIgniter->run()
CRITICAL - 2024-12-17 01:01:58 --> [Caused by] CodeIgniter\Database\Exceptions\DatabaseException: Unknown column 'p001nokp' in 'field list'
in SYSTEMPATH\Database\MySQLi\Connection.php on line 311.
 1 SYSTEMPATH\Database\BaseConnection.php(693): CodeIgniter\Database\MySQLi\Connection->execute('SELECT p001nokp,p001nama,p001kprog,p001kaedah,case p001kaedah when "7" then "Coursework" when "8" then "Research" when "9" then "Mix-Mode" end as kaedah,p001modebelajar,
        case p001modebelajar when "1" then "Full Time" when "2" then "Park Time" end as modebelajar')
 2 SYSTEMPATH\Database\BaseConnection.php(607): CodeIgniter\Database\BaseConnection->simpleQuery('SELECT p001nokp,p001nama,p001kprog,p001kaedah,case p001kaedah when "7" then "Coursework" when "8" then "Research" when "9" then "Mix-Mode" end as kaedah,p001modebelajar,
        case p001modebelajar when "1" then "Full Time" when "2" then "Park Time" end as modebelajar')
 3 APPPATH\Controllers\SaringController.php(21): CodeIgniter\Database\BaseConnection->query('SELECT p001nokp,p001nama,p001kprog,p001kaedah,case p001kaedah when "7" then "Coursework" when "8" then "Research" when "9" then "Mix-Mode" end as kaedah,p001modebelajar,
        case p001modebelajar when "1" then "Full Time" when "2" then "Park Time" end as modebelajar')
 4 SYSTEMPATH\CodeIgniter.php(943): App\Controllers\SaringController->retpermohonan()
 5 SYSTEMPATH\CodeIgniter.php(503): CodeIgniter\CodeIgniter->runController(Object(App\Controllers\SaringController))
 6 SYSTEMPATH\CodeIgniter.php(361): CodeIgniter\CodeIgniter->handleRequest(null, Object(Config\Cache), false)
 7 FCPATH\index.php(79): CodeIgniter\CodeIgniter->run()
CRITICAL - 2024-12-17 01:01:58 --> [Caused by] mysqli_sql_exception: Unknown column 'p001nokp' in 'field list'
in SYSTEMPATH\Database\MySQLi\Connection.php on line 306.
 1 SYSTEMPATH\Database\MySQLi\Connection.php(306): mysqli->query('SELECT p001nokp,p001nama,p001kprog,p001kaedah,case p001kaedah when "7" then "Coursework" when "8" then "Research" when "9" then "Mix-Mode" end as kaedah,p001modebelajar,
        case p001modebelajar when "1" then "Full Time" when "2" then "Park Time" end as modebelajar', 0)
 2 SYSTEMPATH\Database\BaseConnection.php(693): CodeIgniter\Database\MySQLi\Connection->execute('SELECT p001nokp,p001nama,p001kprog,p001kaedah,case p001kaedah when "7" then "Coursework" when "8" then "Research" when "9" then "Mix-Mode" end as kaedah,p001modebelajar,
        case p001modebelajar when "1" then "Full Time" when "2" then "Park Time" end as modebelajar')
 3 SYSTEMPATH\Database\BaseConnection.php(607): CodeIgniter\Database\BaseConnection->simpleQuery('SELECT p001nokp,p001nama,p001kprog,p001kaedah,case p001kaedah when "7" then "Coursework" when "8" then "Research" when "9" then "Mix-Mode" end as kaedah,p001modebelajar,
        case p001modebelajar when "1" then "Full Time" when "2" then "Park Time" end as modebelajar')
 4 APPPATH\Controllers\SaringController.php(21): CodeIgniter\Database\BaseConnection->query('SELECT p001nokp,p001nama,p001kprog,p001kaedah,case p001kaedah when "7" then "Coursework" when "8" then "Research" when "9" then "Mix-Mode" end as kaedah,p001modebelajar,
        case p001modebelajar when "1" then "Full Time" when "2" then "Park Time" end as modebelajar')
 5 SYSTEMPATH\CodeIgniter.php(943): App\Controllers\SaringController->retpermohonan()
 6 SYSTEMPATH\CodeIgniter.php(503): CodeIgniter\CodeIgniter->runController(Object(App\Controllers\SaringController))
 7 SYSTEMPATH\CodeIgniter.php(361): CodeIgniter\CodeIgniter->handleRequest(null, Object(Config\Cache), false)
 8 FCPATH\index.php(79): CodeIgniter\CodeIgniter->run()
INFO - 2024-12-17 07:51:48 --> Session: Class initialized using 'CodeIgniter\Session\Handlers\FileHandler' driver.
INFO - 2024-12-17 07:58:20 --> Session: Class initialized using 'CodeIgniter\Session\Handlers\FileHandler' driver.
INFO - 2024-12-17 07:59:15 --> Session: Class initialized using 'CodeIgniter\Session\Handlers\FileHandler' driver.
INFO - 2024-12-17 08:05:21 --> Session: Class initialized using 'CodeIgniter\Session\Handlers\FileHandler' driver.
INFO - 2024-12-17 08:09:57 --> Session: Class initialized using 'CodeIgniter\Session\Handlers\FileHandler' driver.
INFO - 2024-12-17 08:10:17 --> Session: Class initialized using 'CodeIgniter\Session\Handlers\FileHandler' driver.
INFO - 2024-12-17 23:39:14 --> Session: Class initialized using 'CodeIgniter\Session\Handlers\FileHandler' driver.
INFO - 2024-12-17 23:39:18 --> Session: Class initialized using 'CodeIgniter\Session\Handlers\FileHandler' driver.
INFO - 2024-12-17 23:40:24 --> Session: Class initialized using 'CodeIgniter\Session\Handlers\FileHandler' driver.
INFO - 2024-12-17 23:40:51 --> Session: Class initialized using 'CodeIgniter\Session\Handlers\FileHandler' driver.
INFO - 2024-12-17 23:43:41 --> Session: Class initialized using 'CodeIgniter\Session\Handlers\FileHandler' driver.
INFO - 2024-12-17 23:44:18 --> Session: Class initialized using 'CodeIgniter\Session\Handlers\FileHandler' driver.
INFO - 2024-12-17 23:44:46 --> Session: Class initialized using 'CodeIgniter\Session\Handlers\FileHandler' driver.
INFO - 2024-12-17 23:45:18 --> Session: Class initialized using 'CodeIgniter\Session\Handlers\FileHandler' driver.
INFO - 2024-12-17 23:45:46 --> Session: Class initialized using 'CodeIgniter\Session\Handlers\FileHandler' driver.
INFO - 2024-12-17 23:47:14 --> Session: Class initialized using 'CodeIgniter\Session\Handlers\FileHandler' driver.
INFO - 2024-12-17 23:47:30 --> Session: Class initialized using 'CodeIgniter\Session\Handlers\FileHandler' driver.
INFO - 2024-12-17 23:47:44 --> Session: Class initialized using 'CodeIgniter\Session\Handlers\FileHandler' driver.
INFO - 2024-12-17 23:47:54 --> Session: Class initialized using 'CodeIgniter\Session\Handlers\FileHandler' driver.
INFO - 2024-12-17 23:48:55 --> Session: Class initialized using 'CodeIgniter\Session\Handlers\FileHandler' driver.
INFO - 2024-12-17 23:49:34 --> Session: Class initialized using 'CodeIgniter\Session\Handlers\FileHandler' driver.
INFO - 2024-12-17 23:49:50 --> Session: Class initialized using 'CodeIgniter\Session\Handlers\FileHandler' driver.
INFO - 2024-12-17 23:52:16 --> Session: Class initialized using 'CodeIgniter\Session\Handlers\FileHandler' driver.
INFO - 2024-12-17 23:53:49 --> Session: Class initialized using 'CodeIgniter\Session\Handlers\FileHandler' driver.
INFO - 2024-12-17 23:54:21 --> Session: Class initialized using 'CodeIgniter\Session\Handlers\FileHandler' driver.
INFO - 2024-12-17 23:55:37 --> Session: Class initialized using 'CodeIgniter\Session\Handlers\FileHandler' driver.
INFO - 2024-12-17 23:55:46 --> Session: Class initialized using 'CodeIgniter\Session\Handlers\FileHandler' driver.
