CRITICAL - 2024-12-15 05:32:18 --> ParseError: syntax error, unexpected single-quoted string "p00emel", expecting "]"
in APPPATH\Controllers\LoginController.php on line 92.
 1 SYSTEMPATH\Autoloader\Autoloader.php(290): CodeIgniter\Autoloader\Autoloader->includeFile('C:\\laragon\\www\\pascav2\\app\\Controllers\\LoginController.php')
 2 SYSTEMPATH\Autoloader\Autoloader.php(266): CodeIgniter\Autoloader\Autoloader->loadInNamespace('App\\Controllers\\LoginController')
 3 [internal function]: CodeIgniter\Autoloader\Autoloader->loadClass('App\\Controllers\\LoginController')
 4 SYSTEMPATH\CodeIgniter.php(901): class_exists('\\App\\Controllers\\LoginController', true)
 5 SYSTEMPATH\CodeIgniter.php(490): CodeIgniter\CodeIgniter->startController()
 6 SYSTEMPATH\CodeIgniter.php(361): CodeIgniter\CodeIgniter->handleRequest(null, Object(Config\Cache), false)
 7 FCPATH\index.php(79): CodeIgniter\CodeIgniter->run()
CRITICAL - 2024-12-15 05:33:24 --> ParseError: syntax error, unexpected single-quoted string "p00emel", expecting "]"
in APPPATH\Controllers\LoginController.php on line 92.
 1 SYSTEMPATH\Autoloader\Autoloader.php(290): CodeIgniter\Autoloader\Autoloader->includeFile('C:\\laragon\\www\\pascav2\\app\\Controllers\\LoginController.php')
 2 SYSTEMPATH\Autoloader\Autoloader.php(266): CodeIgniter\Autoloader\Autoloader->loadInNamespace('App\\Controllers\\LoginController')
 3 [internal function]: CodeIgniter\Autoloader\Autoloader->loadClass('App\\Controllers\\LoginController')
 4 SYSTEMPATH\CodeIgniter.php(901): class_exists('\\App\\Controllers\\LoginController', true)
 5 SYSTEMPATH\CodeIgniter.php(490): CodeIgniter\CodeIgniter->startController()
 6 SYSTEMPATH\CodeIgniter.php(361): CodeIgniter\CodeIgniter->handleRequest(null, Object(Config\Cache), false)
 7 FCPATH\index.php(79): CodeIgniter\CodeIgniter->run()
CRITICAL - 2024-12-15 05:40:36 --> ParseError: syntax error, unexpected integer "1", expecting ")"
in APPPATH\Controllers\LoginController.php on line 61.
 1 SYSTEMPATH\Autoloader\Autoloader.php(290): CodeIgniter\Autoloader\Autoloader->includeFile('C:\\laragon\\www\\pascav2\\app\\Controllers\\LoginController.php')
 2 SYSTEMPATH\Autoloader\Autoloader.php(266): CodeIgniter\Autoloader\Autoloader->loadInNamespace('App\\Controllers\\LoginController')
 3 [internal function]: CodeIgniter\Autoloader\Autoloader->loadClass('App\\Controllers\\LoginController')
 4 SYSTEMPATH\CodeIgniter.php(901): class_exists('\\App\\Controllers\\LoginController', true)
 5 SYSTEMPATH\CodeIgniter.php(490): CodeIgniter\CodeIgniter->startController()
 6 SYSTEMPATH\CodeIgniter.php(361): CodeIgniter\CodeIgniter->handleRequest(null, Object(Config\Cache), false)
 7 FCPATH\index.php(79): CodeIgniter\CodeIgniter->run()
CRITICAL - 2024-12-15 05:46:46 --> ErrorException: Undefined array key "stswarga1"
in APPPATH\Controllers\LoginController.php on line 82.
 1 APPPATH\Controllers\LoginController.php(82): CodeIgniter\Debug\Exceptions->errorHandler(2, 'Undefined array key "stswarga1"', 'C:\\laragon\\www\\pascav2\\app\\Controllers\\LoginController.php', 82)
 2 SYSTEMPATH\CodeIgniter.php(943): App\Controllers\LoginController->regnewlogin()
 3 SYSTEMPATH\CodeIgniter.php(503): CodeIgniter\CodeIgniter->runController(Object(App\Controllers\LoginController))
 4 SYSTEMPATH\CodeIgniter.php(361): CodeIgniter\CodeIgniter->handleRequest(null, Object(Config\Cache), false)
 5 FCPATH\index.php(79): CodeIgniter\CodeIgniter->run()
CRITICAL - 2024-12-15 05:49:42 --> ErrorException: Undefined array key "stswarga1"
in APPPATH\Controllers\LoginController.php on line 82.
 1 APPPATH\Controllers\LoginController.php(82): CodeIgniter\Debug\Exceptions->errorHandler(2, 'Undefined array key "stswarga1"', 'C:\\laragon\\www\\pascav2\\app\\Controllers\\LoginController.php', 82)
 2 SYSTEMPATH\CodeIgniter.php(943): App\Controllers\LoginController->regnewlogin()
 3 SYSTEMPATH\CodeIgniter.php(503): CodeIgniter\CodeIgniter->runController(Object(App\Controllers\LoginController))
 4 SYSTEMPATH\CodeIgniter.php(361): CodeIgniter\CodeIgniter->handleRequest(null, Object(Config\Cache), false)
 5 FCPATH\index.php(79): CodeIgniter\CodeIgniter->run()
ERROR - 2024-12-15 06:04:07 --> mysqli_sql_exception: Duplicate entry '0005' for key 'p00daftar.p00daftar_un' in C:\laragon\www\pascav2\vendor\codeigniter4\framework\system\Database\MySQLi\Connection.php:306
Stack trace:
#0 C:\laragon\www\pascav2\vendor\codeigniter4\framework\system\Database\MySQLi\Connection.php(306): mysqli->query('INSERT INTO `p0...', 0)
#1 C:\laragon\www\pascav2\vendor\codeigniter4\framework\system\Database\BaseConnection.php(693): CodeIgniter\Database\MySQLi\Connection->execute('INSERT INTO `p0...')
#2 C:\laragon\www\pascav2\vendor\codeigniter4\framework\system\Database\BaseConnection.php(607): CodeIgniter\Database\BaseConnection->simpleQuery('INSERT INTO `p0...')
#3 C:\laragon\www\pascav2\vendor\codeigniter4\framework\system\Database\BaseBuilder.php(2307): CodeIgniter\Database\BaseConnection->query('INSERT INTO `p0...', Array, false)
#4 C:\laragon\www\pascav2\vendor\codeigniter4\framework\system\Model.php(327): CodeIgniter\Database\BaseBuilder->insert()
#5 C:\laragon\www\pascav2\vendor\codeigniter4\framework\system\BaseModel.php(805): CodeIgniter\Model->doInsert(Array)
#6 C:\laragon\www\pascav2\vendor\codeigniter4\framework\system\Model.php(749): CodeIgniter\BaseModel->insert(Array, true)
#7 C:\laragon\www\pascav2\app\Controllers\LoginController.php(104): CodeIgniter\Model->insert(Array)
#8 C:\laragon\www\pascav2\vendor\codeigniter4\framework\system\CodeIgniter.php(943): App\Controllers\LoginController->regnewlogin()
#9 C:\laragon\www\pascav2\vendor\codeigniter4\framework\system\CodeIgniter.php(503): CodeIgniter\CodeIgniter->runController(Object(App\Controllers\LoginController))
#10 C:\laragon\www\pascav2\vendor\codeigniter4\framework\system\CodeIgniter.php(361): CodeIgniter\CodeIgniter->handleRequest(NULL, Object(Config\Cache), false)
#11 C:\laragon\www\pascav2\public\index.php(79): CodeIgniter\CodeIgniter->run()
#12 {main}
CRITICAL - 2024-12-15 06:04:07 --> CodeIgniter\Database\Exceptions\DatabaseException: Duplicate entry '0005' for key 'p00daftar.p00daftar_un'
in SYSTEMPATH\Database\BaseConnection.php on line 647.
 1 SYSTEMPATH\Database\BaseBuilder.php(2307): CodeIgniter\Database\BaseConnection->query('INSERT INTO `p00daftar` (`p00username`, `p00password`, `p00emel`, `p00katwarga`, `p001statsahreg`) VALUES (:p00username:, :p00password:, :p00emel:, :p00katwarga:, :p001statsahreg:)', [...], false)
 2 SYSTEMPATH\Model.php(327): CodeIgniter\Database\BaseBuilder->insert()
 3 SYSTEMPATH\BaseModel.php(805): CodeIgniter\Model->doInsert([...])
 4 SYSTEMPATH\Model.php(749): CodeIgniter\BaseModel->insert([...], true)
 5 APPPATH\Controllers\LoginController.php(104): CodeIgniter\Model->insert([...])
 6 SYSTEMPATH\CodeIgniter.php(943): App\Controllers\LoginController->regnewlogin()
 7 SYSTEMPATH\CodeIgniter.php(503): CodeIgniter\CodeIgniter->runController(Object(App\Controllers\LoginController))
 8 SYSTEMPATH\CodeIgniter.php(361): CodeIgniter\CodeIgniter->handleRequest(null, Object(Config\Cache), false)
 9 FCPATH\index.php(79): CodeIgniter\CodeIgniter->run()
CRITICAL - 2024-12-15 06:04:07 --> [Caused by] CodeIgniter\Database\Exceptions\DatabaseException: Duplicate entry '0005' for key 'p00daftar.p00daftar_un'
in SYSTEMPATH\Database\MySQLi\Connection.php on line 311.
 1 SYSTEMPATH\Database\BaseConnection.php(693): CodeIgniter\Database\MySQLi\Connection->execute('INSERT INTO `p00daftar` (`p00username`, `p00password`, `p00emel`, `p00katwarga`, `p001statsahreg`) VALUES (\'0005\', \'00005\', \'test05@gmail.com\', \'M\', \'0\')')
 2 SYSTEMPATH\Database\BaseConnection.php(607): CodeIgniter\Database\BaseConnection->simpleQuery('INSERT INTO `p00daftar` (`p00username`, `p00password`, `p00emel`, `p00katwarga`, `p001statsahreg`) VALUES (\'0005\', \'00005\', \'test05@gmail.com\', \'M\', \'0\')')
 3 SYSTEMPATH\Database\BaseBuilder.php(2307): CodeIgniter\Database\BaseConnection->query('INSERT INTO `p00daftar` (`p00username`, `p00password`, `p00emel`, `p00katwarga`, `p001statsahreg`) VALUES (:p00username:, :p00password:, :p00emel:, :p00katwarga:, :p001statsahreg:)', [...], false)
 4 SYSTEMPATH\Model.php(327): CodeIgniter\Database\BaseBuilder->insert()
 5 SYSTEMPATH\BaseModel.php(805): CodeIgniter\Model->doInsert([...])
 6 SYSTEMPATH\Model.php(749): CodeIgniter\BaseModel->insert([...], true)
 7 APPPATH\Controllers\LoginController.php(104): CodeIgniter\Model->insert([...])
 8 SYSTEMPATH\CodeIgniter.php(943): App\Controllers\LoginController->regnewlogin()
 9 SYSTEMPATH\CodeIgniter.php(503): CodeIgniter\CodeIgniter->runController(Object(App\Controllers\LoginController))
10 SYSTEMPATH\CodeIgniter.php(361): CodeIgniter\CodeIgniter->handleRequest(null, Object(Config\Cache), false)
11 FCPATH\index.php(79): CodeIgniter\CodeIgniter->run()
CRITICAL - 2024-12-15 06:04:07 --> [Caused by] mysqli_sql_exception: Duplicate entry '0005' for key 'p00daftar.p00daftar_un'
in SYSTEMPATH\Database\MySQLi\Connection.php on line 306.
 1 SYSTEMPATH\Database\MySQLi\Connection.php(306): mysqli->query('INSERT INTO `p00daftar` (`p00username`, `p00password`, `p00emel`, `p00katwarga`, `p001statsahreg`) VALUES (\'0005\', \'00005\', \'test05@gmail.com\', \'M\', \'0\')', 0)
 2 SYSTEMPATH\Database\BaseConnection.php(693): CodeIgniter\Database\MySQLi\Connection->execute('INSERT INTO `p00daftar` (`p00username`, `p00password`, `p00emel`, `p00katwarga`, `p001statsahreg`) VALUES (\'0005\', \'00005\', \'test05@gmail.com\', \'M\', \'0\')')
 3 SYSTEMPATH\Database\BaseConnection.php(607): CodeIgniter\Database\BaseConnection->simpleQuery('INSERT INTO `p00daftar` (`p00username`, `p00password`, `p00emel`, `p00katwarga`, `p001statsahreg`) VALUES (\'0005\', \'00005\', \'test05@gmail.com\', \'M\', \'0\')')
 4 SYSTEMPATH\Database\BaseBuilder.php(2307): CodeIgniter\Database\BaseConnection->query('INSERT INTO `p00daftar` (`p00username`, `p00password`, `p00emel`, `p00katwarga`, `p001statsahreg`) VALUES (:p00username:, :p00password:, :p00emel:, :p00katwarga:, :p001statsahreg:)', [...], false)
 5 SYSTEMPATH\Model.php(327): CodeIgniter\Database\BaseBuilder->insert()
 6 SYSTEMPATH\BaseModel.php(805): CodeIgniter\Model->doInsert([...])
 7 SYSTEMPATH\Model.php(749): CodeIgniter\BaseModel->insert([...], true)
 8 APPPATH\Controllers\LoginController.php(104): CodeIgniter\Model->insert([...])
 9 SYSTEMPATH\CodeIgniter.php(943): App\Controllers\LoginController->regnewlogin()
10 SYSTEMPATH\CodeIgniter.php(503): CodeIgniter\CodeIgniter->runController(Object(App\Controllers\LoginController))
11 SYSTEMPATH\CodeIgniter.php(361): CodeIgniter\CodeIgniter->handleRequest(null, Object(Config\Cache), false)
12 FCPATH\index.php(79): CodeIgniter\CodeIgniter->run()
CRITICAL - 2024-12-15 06:10:16 --> ErrorException: Undefined variable $usr
in APPPATH\Controllers\LoginController.php on line 98.
 1 APPPATH\Controllers\LoginController.php(98): CodeIgniter\Debug\Exceptions->errorHandler(2, 'Undefined variable $usr', 'C:\\laragon\\www\\pascav2\\app\\Controllers\\LoginController.php', 98)
 2 SYSTEMPATH\CodeIgniter.php(943): App\Controllers\LoginController->regnewlogin()
 3 SYSTEMPATH\CodeIgniter.php(503): CodeIgniter\CodeIgniter->runController(Object(App\Controllers\LoginController))
 4 SYSTEMPATH\CodeIgniter.php(361): CodeIgniter\CodeIgniter->handleRequest(null, Object(Config\Cache), false)
 5 FCPATH\index.php(79): CodeIgniter\CodeIgniter->run()
ERROR - 2024-12-15 06:11:36 --> mysqli_sql_exception: Duplicate entry '0005' for key 'p00daftar.p00daftar_un' in C:\laragon\www\pascav2\vendor\codeigniter4\framework\system\Database\MySQLi\Connection.php:306
Stack trace:
#0 C:\laragon\www\pascav2\vendor\codeigniter4\framework\system\Database\MySQLi\Connection.php(306): mysqli->query('INSERT INTO `p0...', 0)
#1 C:\laragon\www\pascav2\vendor\codeigniter4\framework\system\Database\BaseConnection.php(693): CodeIgniter\Database\MySQLi\Connection->execute('INSERT INTO `p0...')
#2 C:\laragon\www\pascav2\vendor\codeigniter4\framework\system\Database\BaseConnection.php(607): CodeIgniter\Database\BaseConnection->simpleQuery('INSERT INTO `p0...')
#3 C:\laragon\www\pascav2\vendor\codeigniter4\framework\system\Database\BaseBuilder.php(2307): CodeIgniter\Database\BaseConnection->query('INSERT INTO `p0...', Array, false)
#4 C:\laragon\www\pascav2\vendor\codeigniter4\framework\system\Model.php(327): CodeIgniter\Database\BaseBuilder->insert()
#5 C:\laragon\www\pascav2\vendor\codeigniter4\framework\system\BaseModel.php(805): CodeIgniter\Model->doInsert(Array)
#6 C:\laragon\www\pascav2\vendor\codeigniter4\framework\system\Model.php(749): CodeIgniter\BaseModel->insert(Array, true)
#7 C:\laragon\www\pascav2\app\Controllers\LoginController.php(114): CodeIgniter\Model->insert(Array)
#8 C:\laragon\www\pascav2\vendor\codeigniter4\framework\system\CodeIgniter.php(943): App\Controllers\LoginController->regnewlogin()
#9 C:\laragon\www\pascav2\vendor\codeigniter4\framework\system\CodeIgniter.php(503): CodeIgniter\CodeIgniter->runController(Object(App\Controllers\LoginController))
#10 C:\laragon\www\pascav2\vendor\codeigniter4\framework\system\CodeIgniter.php(361): CodeIgniter\CodeIgniter->handleRequest(NULL, Object(Config\Cache), false)
#11 C:\laragon\www\pascav2\public\index.php(79): CodeIgniter\CodeIgniter->run()
#12 {main}
CRITICAL - 2024-12-15 06:11:36 --> CodeIgniter\Database\Exceptions\DatabaseException: Duplicate entry '0005' for key 'p00daftar.p00daftar_un'
in SYSTEMPATH\Database\BaseConnection.php on line 647.
 1 SYSTEMPATH\Database\BaseBuilder.php(2307): CodeIgniter\Database\BaseConnection->query('INSERT INTO `p00daftar` (`p00username`, `p00password`, `p00emel`, `p00katwarga`, `p001statsahreg`) VALUES (:p00username:, :p00password:, :p00emel:, :p00katwarga:, :p001statsahreg:)', [...], false)
 2 SYSTEMPATH\Model.php(327): CodeIgniter\Database\BaseBuilder->insert()
 3 SYSTEMPATH\BaseModel.php(805): CodeIgniter\Model->doInsert([...])
 4 SYSTEMPATH\Model.php(749): CodeIgniter\BaseModel->insert([...], true)
 5 APPPATH\Controllers\LoginController.php(114): CodeIgniter\Model->insert([...])
 6 SYSTEMPATH\CodeIgniter.php(943): App\Controllers\LoginController->regnewlogin()
 7 SYSTEMPATH\CodeIgniter.php(503): CodeIgniter\CodeIgniter->runController(Object(App\Controllers\LoginController))
 8 SYSTEMPATH\CodeIgniter.php(361): CodeIgniter\CodeIgniter->handleRequest(null, Object(Config\Cache), false)
 9 FCPATH\index.php(79): CodeIgniter\CodeIgniter->run()
CRITICAL - 2024-12-15 06:11:36 --> [Caused by] CodeIgniter\Database\Exceptions\DatabaseException: Duplicate entry '0005' for key 'p00daftar.p00daftar_un'
in SYSTEMPATH\Database\MySQLi\Connection.php on line 311.
 1 SYSTEMPATH\Database\BaseConnection.php(693): CodeIgniter\Database\MySQLi\Connection->execute('INSERT INTO `p00daftar` (`p00username`, `p00password`, `p00emel`, `p00katwarga`, `p001statsahreg`) VALUES (\'0005\', \'0005\', \'test05@gmail.com\', \'M\', \'0\')')
 2 SYSTEMPATH\Database\BaseConnection.php(607): CodeIgniter\Database\BaseConnection->simpleQuery('INSERT INTO `p00daftar` (`p00username`, `p00password`, `p00emel`, `p00katwarga`, `p001statsahreg`) VALUES (\'0005\', \'0005\', \'test05@gmail.com\', \'M\', \'0\')')
 3 SYSTEMPATH\Database\BaseBuilder.php(2307): CodeIgniter\Database\BaseConnection->query('INSERT INTO `p00daftar` (`p00username`, `p00password`, `p00emel`, `p00katwarga`, `p001statsahreg`) VALUES (:p00username:, :p00password:, :p00emel:, :p00katwarga:, :p001statsahreg:)', [...], false)
 4 SYSTEMPATH\Model.php(327): CodeIgniter\Database\BaseBuilder->insert()
 5 SYSTEMPATH\BaseModel.php(805): CodeIgniter\Model->doInsert([...])
 6 SYSTEMPATH\Model.php(749): CodeIgniter\BaseModel->insert([...], true)
 7 APPPATH\Controllers\LoginController.php(114): CodeIgniter\Model->insert([...])
 8 SYSTEMPATH\CodeIgniter.php(943): App\Controllers\LoginController->regnewlogin()
 9 SYSTEMPATH\CodeIgniter.php(503): CodeIgniter\CodeIgniter->runController(Object(App\Controllers\LoginController))
10 SYSTEMPATH\CodeIgniter.php(361): CodeIgniter\CodeIgniter->handleRequest(null, Object(Config\Cache), false)
11 FCPATH\index.php(79): CodeIgniter\CodeIgniter->run()
CRITICAL - 2024-12-15 06:11:36 --> [Caused by] mysqli_sql_exception: Duplicate entry '0005' for key 'p00daftar.p00daftar_un'
in SYSTEMPATH\Database\MySQLi\Connection.php on line 306.
 1 SYSTEMPATH\Database\MySQLi\Connection.php(306): mysqli->query('INSERT INTO `p00daftar` (`p00username`, `p00password`, `p00emel`, `p00katwarga`, `p001statsahreg`) VALUES (\'0005\', \'0005\', \'test05@gmail.com\', \'M\', \'0\')', 0)
 2 SYSTEMPATH\Database\BaseConnection.php(693): CodeIgniter\Database\MySQLi\Connection->execute('INSERT INTO `p00daftar` (`p00username`, `p00password`, `p00emel`, `p00katwarga`, `p001statsahreg`) VALUES (\'0005\', \'0005\', \'test05@gmail.com\', \'M\', \'0\')')
 3 SYSTEMPATH\Database\BaseConnection.php(607): CodeIgniter\Database\BaseConnection->simpleQuery('INSERT INTO `p00daftar` (`p00username`, `p00password`, `p00emel`, `p00katwarga`, `p001statsahreg`) VALUES (\'0005\', \'0005\', \'test05@gmail.com\', \'M\', \'0\')')
 4 SYSTEMPATH\Database\BaseBuilder.php(2307): CodeIgniter\Database\BaseConnection->query('INSERT INTO `p00daftar` (`p00username`, `p00password`, `p00emel`, `p00katwarga`, `p001statsahreg`) VALUES (:p00username:, :p00password:, :p00emel:, :p00katwarga:, :p001statsahreg:)', [...], false)
 5 SYSTEMPATH\Model.php(327): CodeIgniter\Database\BaseBuilder->insert()
 6 SYSTEMPATH\BaseModel.php(805): CodeIgniter\Model->doInsert([...])
 7 SYSTEMPATH\Model.php(749): CodeIgniter\BaseModel->insert([...], true)
 8 APPPATH\Controllers\LoginController.php(114): CodeIgniter\Model->insert([...])
 9 SYSTEMPATH\CodeIgniter.php(943): App\Controllers\LoginController->regnewlogin()
10 SYSTEMPATH\CodeIgniter.php(503): CodeIgniter\CodeIgniter->runController(Object(App\Controllers\LoginController))
11 SYSTEMPATH\CodeIgniter.php(361): CodeIgniter\CodeIgniter->handleRequest(null, Object(Config\Cache), false)
12 FCPATH\index.php(79): CodeIgniter\CodeIgniter->run()
ERROR - 2024-12-15 06:13:01 --> mysqli_sql_exception: Duplicate entry '0005' for key 'p00daftar.p00daftar_un' in C:\laragon\www\pascav2\vendor\codeigniter4\framework\system\Database\MySQLi\Connection.php:306
Stack trace:
#0 C:\laragon\www\pascav2\vendor\codeigniter4\framework\system\Database\MySQLi\Connection.php(306): mysqli->query('INSERT INTO `p0...', 0)
#1 C:\laragon\www\pascav2\vendor\codeigniter4\framework\system\Database\BaseConnection.php(693): CodeIgniter\Database\MySQLi\Connection->execute('INSERT INTO `p0...')
#2 C:\laragon\www\pascav2\vendor\codeigniter4\framework\system\Database\BaseConnection.php(607): CodeIgniter\Database\BaseConnection->simpleQuery('INSERT INTO `p0...')
#3 C:\laragon\www\pascav2\vendor\codeigniter4\framework\system\Database\BaseBuilder.php(2307): CodeIgniter\Database\BaseConnection->query('INSERT INTO `p0...', Array, false)
#4 C:\laragon\www\pascav2\vendor\codeigniter4\framework\system\Model.php(327): CodeIgniter\Database\BaseBuilder->insert()
#5 C:\laragon\www\pascav2\vendor\codeigniter4\framework\system\BaseModel.php(805): CodeIgniter\Model->doInsert(Array)
#6 C:\laragon\www\pascav2\vendor\codeigniter4\framework\system\Model.php(749): CodeIgniter\BaseModel->insert(Array, true)
#7 C:\laragon\www\pascav2\app\Controllers\LoginController.php(111): CodeIgniter\Model->insert(Array)
#8 C:\laragon\www\pascav2\vendor\codeigniter4\framework\system\CodeIgniter.php(943): App\Controllers\LoginController->regnewlogin()
#9 C:\laragon\www\pascav2\vendor\codeigniter4\framework\system\CodeIgniter.php(503): CodeIgniter\CodeIgniter->runController(Object(App\Controllers\LoginController))
#10 C:\laragon\www\pascav2\vendor\codeigniter4\framework\system\CodeIgniter.php(361): CodeIgniter\CodeIgniter->handleRequest(NULL, Object(Config\Cache), false)
#11 C:\laragon\www\pascav2\public\index.php(79): CodeIgniter\CodeIgniter->run()
#12 {main}
CRITICAL - 2024-12-15 06:13:01 --> CodeIgniter\Database\Exceptions\DatabaseException: Duplicate entry '0005' for key 'p00daftar.p00daftar_un'
in SYSTEMPATH\Database\BaseConnection.php on line 647.
 1 SYSTEMPATH\Database\BaseBuilder.php(2307): CodeIgniter\Database\BaseConnection->query('INSERT INTO `p00daftar` (`p00username`, `p00password`, `p00emel`, `p00katwarga`, `p001statsahreg`) VALUES (:p00username:, :p00password:, :p00emel:, :p00katwarga:, :p001statsahreg:)', [...], false)
 2 SYSTEMPATH\Model.php(327): CodeIgniter\Database\BaseBuilder->insert()
 3 SYSTEMPATH\BaseModel.php(805): CodeIgniter\Model->doInsert([...])
 4 SYSTEMPATH\Model.php(749): CodeIgniter\BaseModel->insert([...], true)
 5 APPPATH\Controllers\LoginController.php(111): CodeIgniter\Model->insert([...])
 6 SYSTEMPATH\CodeIgniter.php(943): App\Controllers\LoginController->regnewlogin()
 7 SYSTEMPATH\CodeIgniter.php(503): CodeIgniter\CodeIgniter->runController(Object(App\Controllers\LoginController))
 8 SYSTEMPATH\CodeIgniter.php(361): CodeIgniter\CodeIgniter->handleRequest(null, Object(Config\Cache), false)
 9 FCPATH\index.php(79): CodeIgniter\CodeIgniter->run()
CRITICAL - 2024-12-15 06:13:01 --> [Caused by] CodeIgniter\Database\Exceptions\DatabaseException: Duplicate entry '0005' for key 'p00daftar.p00daftar_un'
in SYSTEMPATH\Database\MySQLi\Connection.php on line 311.
 1 SYSTEMPATH\Database\BaseConnection.php(693): CodeIgniter\Database\MySQLi\Connection->execute('INSERT INTO `p00daftar` (`p00username`, `p00password`, `p00emel`, `p00katwarga`, `p001statsahreg`) VALUES (\'0005\', \'0005\', \'test05@gmail.com\', \'M\', \'0\')')
 2 SYSTEMPATH\Database\BaseConnection.php(607): CodeIgniter\Database\BaseConnection->simpleQuery('INSERT INTO `p00daftar` (`p00username`, `p00password`, `p00emel`, `p00katwarga`, `p001statsahreg`) VALUES (\'0005\', \'0005\', \'test05@gmail.com\', \'M\', \'0\')')
 3 SYSTEMPATH\Database\BaseBuilder.php(2307): CodeIgniter\Database\BaseConnection->query('INSERT INTO `p00daftar` (`p00username`, `p00password`, `p00emel`, `p00katwarga`, `p001statsahreg`) VALUES (:p00username:, :p00password:, :p00emel:, :p00katwarga:, :p001statsahreg:)', [...], false)
 4 SYSTEMPATH\Model.php(327): CodeIgniter\Database\BaseBuilder->insert()
 5 SYSTEMPATH\BaseModel.php(805): CodeIgniter\Model->doInsert([...])
 6 SYSTEMPATH\Model.php(749): CodeIgniter\BaseModel->insert([...], true)
 7 APPPATH\Controllers\LoginController.php(111): CodeIgniter\Model->insert([...])
 8 SYSTEMPATH\CodeIgniter.php(943): App\Controllers\LoginController->regnewlogin()
 9 SYSTEMPATH\CodeIgniter.php(503): CodeIgniter\CodeIgniter->runController(Object(App\Controllers\LoginController))
10 SYSTEMPATH\CodeIgniter.php(361): CodeIgniter\CodeIgniter->handleRequest(null, Object(Config\Cache), false)
11 FCPATH\index.php(79): CodeIgniter\CodeIgniter->run()
CRITICAL - 2024-12-15 06:13:01 --> [Caused by] mysqli_sql_exception: Duplicate entry '0005' for key 'p00daftar.p00daftar_un'
in SYSTEMPATH\Database\MySQLi\Connection.php on line 306.
 1 SYSTEMPATH\Database\MySQLi\Connection.php(306): mysqli->query('INSERT INTO `p00daftar` (`p00username`, `p00password`, `p00emel`, `p00katwarga`, `p001statsahreg`) VALUES (\'0005\', \'0005\', \'test05@gmail.com\', \'M\', \'0\')', 0)
 2 SYSTEMPATH\Database\BaseConnection.php(693): CodeIgniter\Database\MySQLi\Connection->execute('INSERT INTO `p00daftar` (`p00username`, `p00password`, `p00emel`, `p00katwarga`, `p001statsahreg`) VALUES (\'0005\', \'0005\', \'test05@gmail.com\', \'M\', \'0\')')
 3 SYSTEMPATH\Database\BaseConnection.php(607): CodeIgniter\Database\BaseConnection->simpleQuery('INSERT INTO `p00daftar` (`p00username`, `p00password`, `p00emel`, `p00katwarga`, `p001statsahreg`) VALUES (\'0005\', \'0005\', \'test05@gmail.com\', \'M\', \'0\')')
 4 SYSTEMPATH\Database\BaseBuilder.php(2307): CodeIgniter\Database\BaseConnection->query('INSERT INTO `p00daftar` (`p00username`, `p00password`, `p00emel`, `p00katwarga`, `p001statsahreg`) VALUES (:p00username:, :p00password:, :p00emel:, :p00katwarga:, :p001statsahreg:)', [...], false)
 5 SYSTEMPATH\Model.php(327): CodeIgniter\Database\BaseBuilder->insert()
 6 SYSTEMPATH\BaseModel.php(805): CodeIgniter\Model->doInsert([...])
 7 SYSTEMPATH\Model.php(749): CodeIgniter\BaseModel->insert([...], true)
 8 APPPATH\Controllers\LoginController.php(111): CodeIgniter\Model->insert([...])
 9 SYSTEMPATH\CodeIgniter.php(943): App\Controllers\LoginController->regnewlogin()
10 SYSTEMPATH\CodeIgniter.php(503): CodeIgniter\CodeIgniter->runController(Object(App\Controllers\LoginController))
11 SYSTEMPATH\CodeIgniter.php(361): CodeIgniter\CodeIgniter->handleRequest(null, Object(Config\Cache), false)
12 FCPATH\index.php(79): CodeIgniter\CodeIgniter->run()
CRITICAL - 2024-12-15 06:15:04 --> ErrorException: Undefined variable $data
in APPPATH\Controllers\LoginController.php on line 129.
 1 APPPATH\Controllers\LoginController.php(129): CodeIgniter\Debug\Exceptions->errorHandler(2, 'Undefined variable $data', 'C:\\laragon\\www\\pascav2\\app\\Controllers\\LoginController.php', 129)
 2 SYSTEMPATH\CodeIgniter.php(943): App\Controllers\LoginController->regnewlogin()
 3 SYSTEMPATH\CodeIgniter.php(503): CodeIgniter\CodeIgniter->runController(Object(App\Controllers\LoginController))
 4 SYSTEMPATH\CodeIgniter.php(361): CodeIgniter\CodeIgniter->handleRequest(null, Object(Config\Cache), false)
 5 FCPATH\index.php(79): CodeIgniter\CodeIgniter->run()
CRITICAL - 2024-12-15 06:22:29 --> ErrorException: Undefined variable $modelName
in APPPATH\Controllers\LoginController.php on line 101.
 1 APPPATH\Controllers\LoginController.php(101): CodeIgniter\Debug\Exceptions->errorHandler(2, 'Undefined variable $modelName', 'C:\\laragon\\www\\pascav2\\app\\Controllers\\LoginController.php', 101)
 2 SYSTEMPATH\CodeIgniter.php(943): App\Controllers\LoginController->regnewlogin()
 3 SYSTEMPATH\CodeIgniter.php(503): CodeIgniter\CodeIgniter->runController(Object(App\Controllers\LoginController))
 4 SYSTEMPATH\CodeIgniter.php(361): CodeIgniter\CodeIgniter->handleRequest(null, Object(Config\Cache), false)
 5 FCPATH\index.php(79): CodeIgniter\CodeIgniter->run()
CRITICAL - 2024-12-15 06:24:53 --> ParseError: syntax error, unexpected variable "$userModelLogin", expecting "function" or "const"
in APPPATH\Controllers\LoginController.php on line 16.
 1 SYSTEMPATH\Autoloader\Autoloader.php(290): CodeIgniter\Autoloader\Autoloader->includeFile('C:\\laragon\\www\\pascav2\\app\\Controllers\\LoginController.php')
 2 SYSTEMPATH\Autoloader\Autoloader.php(266): CodeIgniter\Autoloader\Autoloader->loadInNamespace('App\\Controllers\\LoginController')
 3 [internal function]: CodeIgniter\Autoloader\Autoloader->loadClass('App\\Controllers\\LoginController')
 4 SYSTEMPATH\CodeIgniter.php(901): class_exists('\\App\\Controllers\\LoginController', true)
 5 SYSTEMPATH\CodeIgniter.php(490): CodeIgniter\CodeIgniter->startController()
 6 SYSTEMPATH\CodeIgniter.php(361): CodeIgniter\CodeIgniter->handleRequest(null, Object(Config\Cache), false)
 7 FCPATH\index.php(79): CodeIgniter\CodeIgniter->run()
CRITICAL - 2024-12-15 06:26:53 --> ParseError: syntax error, unexpected variable "$userModelLogin", expecting "function" or "const"
in APPPATH\Controllers\LoginController.php on line 16.
 1 SYSTEMPATH\Autoloader\Autoloader.php(290): CodeIgniter\Autoloader\Autoloader->includeFile('C:\\laragon\\www\\pascav2\\app\\Controllers\\LoginController.php')
 2 SYSTEMPATH\Autoloader\Autoloader.php(266): CodeIgniter\Autoloader\Autoloader->loadInNamespace('App\\Controllers\\LoginController')
 3 [internal function]: CodeIgniter\Autoloader\Autoloader->loadClass('App\\Controllers\\LoginController')
 4 SYSTEMPATH\CodeIgniter.php(901): class_exists('\\App\\Controllers\\LoginController', true)
 5 SYSTEMPATH\CodeIgniter.php(490): CodeIgniter\CodeIgniter->startController()
 6 SYSTEMPATH\CodeIgniter.php(361): CodeIgniter\CodeIgniter->handleRequest(null, Object(Config\Cache), false)
 7 FCPATH\index.php(79): CodeIgniter\CodeIgniter->run()
CRITICAL - 2024-12-15 06:27:50 --> ErrorException: Undefined variable $existingUser
in APPPATH\Controllers\LoginController.php on line 103.
 1 APPPATH\Controllers\LoginController.php(103): CodeIgniter\Debug\Exceptions->errorHandler(2, 'Undefined variable $existingUser', 'C:\\laragon\\www\\pascav2\\app\\Controllers\\LoginController.php', 103)
 2 SYSTEMPATH\CodeIgniter.php(943): App\Controllers\LoginController->regnewlogin()
 3 SYSTEMPATH\CodeIgniter.php(503): CodeIgniter\CodeIgniter->runController(Object(App\Controllers\LoginController))
 4 SYSTEMPATH\CodeIgniter.php(361): CodeIgniter\CodeIgniter->handleRequest(null, Object(Config\Cache), false)
 5 FCPATH\index.php(79): CodeIgniter\CodeIgniter->run()
ERROR - 2024-12-15 06:28:50 --> mysqli_sql_exception: You have an error in your SQL syntax; check the manual that corresponds to your MySQL server version for the right syntax to use near 'and p00password= 0006 and p001statsahreg = 1' at line 1 in C:\laragon\www\pascav2\vendor\codeigniter4\framework\system\Database\MySQLi\Connection.php:306
Stack trace:
#0 C:\laragon\www\pascav2\vendor\codeigniter4\framework\system\Database\MySQLi\Connection.php(306): mysqli->query('SELECT p00usern...', 0)
#1 C:\laragon\www\pascav2\vendor\codeigniter4\framework\system\Database\BaseConnection.php(693): CodeIgniter\Database\MySQLi\Connection->execute('SELECT p00usern...')
#2 C:\laragon\www\pascav2\vendor\codeigniter4\framework\system\Database\BaseConnection.php(607): CodeIgniter\Database\BaseConnection->simpleQuery('SELECT p00usern...')
#3 C:\laragon\www\pascav2\app\Controllers\LoginController.php(100): CodeIgniter\Database\BaseConnection->query('SELECT p00usern...')
#4 C:\laragon\www\pascav2\vendor\codeigniter4\framework\system\CodeIgniter.php(943): App\Controllers\LoginController->regnewlogin()
#5 C:\laragon\www\pascav2\vendor\codeigniter4\framework\system\CodeIgniter.php(503): CodeIgniter\CodeIgniter->runController(Object(App\Controllers\LoginController))
#6 C:\laragon\www\pascav2\vendor\codeigniter4\framework\system\CodeIgniter.php(361): CodeIgniter\CodeIgniter->handleRequest(NULL, Object(Config\Cache), false)
#7 C:\laragon\www\pascav2\public\index.php(79): CodeIgniter\CodeIgniter->run()
#8 {main}
CRITICAL - 2024-12-15 06:28:50 --> CodeIgniter\Database\Exceptions\DatabaseException: You have an error in your SQL syntax; check the manual that corresponds to your MySQL server version for the right syntax to use near 'and p00password= 0006 and p001statsahreg = 1' at line 1
in SYSTEMPATH\Database\BaseConnection.php on line 647.
 1 APPPATH\Controllers\LoginController.php(100): CodeIgniter\Database\BaseConnection->query('SELECT p00username from p00daftar where p00username= and p00password= 0006 and p001statsahreg = 1')
 2 SYSTEMPATH\CodeIgniter.php(943): App\Controllers\LoginController->regnewlogin()
 3 SYSTEMPATH\CodeIgniter.php(503): CodeIgniter\CodeIgniter->runController(Object(App\Controllers\LoginController))
 4 SYSTEMPATH\CodeIgniter.php(361): CodeIgniter\CodeIgniter->handleRequest(null, Object(Config\Cache), false)
 5 FCPATH\index.php(79): CodeIgniter\CodeIgniter->run()
CRITICAL - 2024-12-15 06:28:50 --> [Caused by] CodeIgniter\Database\Exceptions\DatabaseException: You have an error in your SQL syntax; check the manual that corresponds to your MySQL server version for the right syntax to use near 'and p00password= 0006 and p001statsahreg = 1' at line 1
in SYSTEMPATH\Database\MySQLi\Connection.php on line 311.
 1 SYSTEMPATH\Database\BaseConnection.php(693): CodeIgniter\Database\MySQLi\Connection->execute('SELECT p00username from p00daftar where p00username= and p00password= 0006 and p001statsahreg = 1')
 2 SYSTEMPATH\Database\BaseConnection.php(607): CodeIgniter\Database\BaseConnection->simpleQuery('SELECT p00username from p00daftar where p00username= and p00password= 0006 and p001statsahreg = 1')
 3 APPPATH\Controllers\LoginController.php(100): CodeIgniter\Database\BaseConnection->query('SELECT p00username from p00daftar where p00username= and p00password= 0006 and p001statsahreg = 1')
 4 SYSTEMPATH\CodeIgniter.php(943): App\Controllers\LoginController->regnewlogin()
 5 SYSTEMPATH\CodeIgniter.php(503): CodeIgniter\CodeIgniter->runController(Object(App\Controllers\LoginController))
 6 SYSTEMPATH\CodeIgniter.php(361): CodeIgniter\CodeIgniter->handleRequest(null, Object(Config\Cache), false)
 7 FCPATH\index.php(79): CodeIgniter\CodeIgniter->run()
CRITICAL - 2024-12-15 06:28:50 --> [Caused by] mysqli_sql_exception: You have an error in your SQL syntax; check the manual that corresponds to your MySQL server version for the right syntax to use near 'and p00password= 0006 and p001statsahreg = 1' at line 1
in SYSTEMPATH\Database\MySQLi\Connection.php on line 306.
 1 SYSTEMPATH\Database\MySQLi\Connection.php(306): mysqli->query('SELECT p00username from p00daftar where p00username= and p00password= 0006 and p001statsahreg = 1', 0)
 2 SYSTEMPATH\Database\BaseConnection.php(693): CodeIgniter\Database\MySQLi\Connection->execute('SELECT p00username from p00daftar where p00username= and p00password= 0006 and p001statsahreg = 1')
 3 SYSTEMPATH\Database\BaseConnection.php(607): CodeIgniter\Database\BaseConnection->simpleQuery('SELECT p00username from p00daftar where p00username= and p00password= 0006 and p001statsahreg = 1')
 4 APPPATH\Controllers\LoginController.php(100): CodeIgniter\Database\BaseConnection->query('SELECT p00username from p00daftar where p00username= and p00password= 0006 and p001statsahreg = 1')
 5 SYSTEMPATH\CodeIgniter.php(943): App\Controllers\LoginController->regnewlogin()
 6 SYSTEMPATH\CodeIgniter.php(503): CodeIgniter\CodeIgniter->runController(Object(App\Controllers\LoginController))
 7 SYSTEMPATH\CodeIgniter.php(361): CodeIgniter\CodeIgniter->handleRequest(null, Object(Config\Cache), false)
 8 FCPATH\index.php(79): CodeIgniter\CodeIgniter->run()
ERROR - 2024-12-15 06:30:28 --> mysqli_sql_exception: You have an error in your SQL syntax; check the manual that corresponds to your MySQL server version for the right syntax to use near 'and p00password= 0006 and p001statsahreg = 1' at line 1 in C:\laragon\www\pascav2\vendor\codeigniter4\framework\system\Database\MySQLi\Connection.php:306
Stack trace:
#0 C:\laragon\www\pascav2\vendor\codeigniter4\framework\system\Database\MySQLi\Connection.php(306): mysqli->query('SELECT p00usern...', 0)
#1 C:\laragon\www\pascav2\vendor\codeigniter4\framework\system\Database\BaseConnection.php(693): CodeIgniter\Database\MySQLi\Connection->execute('SELECT p00usern...')
#2 C:\laragon\www\pascav2\vendor\codeigniter4\framework\system\Database\BaseConnection.php(607): CodeIgniter\Database\BaseConnection->simpleQuery('SELECT p00usern...')
#3 C:\laragon\www\pascav2\app\Controllers\LoginController.php(100): CodeIgniter\Database\BaseConnection->query('SELECT p00usern...')
#4 C:\laragon\www\pascav2\vendor\codeigniter4\framework\system\CodeIgniter.php(943): App\Controllers\LoginController->regnewlogin()
#5 C:\laragon\www\pascav2\vendor\codeigniter4\framework\system\CodeIgniter.php(503): CodeIgniter\CodeIgniter->runController(Object(App\Controllers\LoginController))
#6 C:\laragon\www\pascav2\vendor\codeigniter4\framework\system\CodeIgniter.php(361): CodeIgniter\CodeIgniter->handleRequest(NULL, Object(Config\Cache), false)
#7 C:\laragon\www\pascav2\public\index.php(79): CodeIgniter\CodeIgniter->run()
#8 {main}
CRITICAL - 2024-12-15 06:30:28 --> CodeIgniter\Database\Exceptions\DatabaseException: You have an error in your SQL syntax; check the manual that corresponds to your MySQL server version for the right syntax to use near 'and p00password= 0006 and p001statsahreg = 1' at line 1
in SYSTEMPATH\Database\BaseConnection.php on line 647.
 1 APPPATH\Controllers\LoginController.php(100): CodeIgniter\Database\BaseConnection->query('SELECT p00username from p00daftar where p00username= and p00password= 0006 and p001statsahreg = 1')
 2 SYSTEMPATH\CodeIgniter.php(943): App\Controllers\LoginController->regnewlogin()
 3 SYSTEMPATH\CodeIgniter.php(503): CodeIgniter\CodeIgniter->runController(Object(App\Controllers\LoginController))
 4 SYSTEMPATH\CodeIgniter.php(361): CodeIgniter\CodeIgniter->handleRequest(null, Object(Config\Cache), false)
 5 FCPATH\index.php(79): CodeIgniter\CodeIgniter->run()
CRITICAL - 2024-12-15 06:30:28 --> [Caused by] CodeIgniter\Database\Exceptions\DatabaseException: You have an error in your SQL syntax; check the manual that corresponds to your MySQL server version for the right syntax to use near 'and p00password= 0006 and p001statsahreg = 1' at line 1
in SYSTEMPATH\Database\MySQLi\Connection.php on line 311.
 1 SYSTEMPATH\Database\BaseConnection.php(693): CodeIgniter\Database\MySQLi\Connection->execute('SELECT p00username from p00daftar where p00username= and p00password= 0006 and p001statsahreg = 1')
 2 SYSTEMPATH\Database\BaseConnection.php(607): CodeIgniter\Database\BaseConnection->simpleQuery('SELECT p00username from p00daftar where p00username= and p00password= 0006 and p001statsahreg = 1')
 3 APPPATH\Controllers\LoginController.php(100): CodeIgniter\Database\BaseConnection->query('SELECT p00username from p00daftar where p00username= and p00password= 0006 and p001statsahreg = 1')
 4 SYSTEMPATH\CodeIgniter.php(943): App\Controllers\LoginController->regnewlogin()
 5 SYSTEMPATH\CodeIgniter.php(503): CodeIgniter\CodeIgniter->runController(Object(App\Controllers\LoginController))
 6 SYSTEMPATH\CodeIgniter.php(361): CodeIgniter\CodeIgniter->handleRequest(null, Object(Config\Cache), false)
 7 FCPATH\index.php(79): CodeIgniter\CodeIgniter->run()
CRITICAL - 2024-12-15 06:30:28 --> [Caused by] mysqli_sql_exception: You have an error in your SQL syntax; check the manual that corresponds to your MySQL server version for the right syntax to use near 'and p00password= 0006 and p001statsahreg = 1' at line 1
in SYSTEMPATH\Database\MySQLi\Connection.php on line 306.
 1 SYSTEMPATH\Database\MySQLi\Connection.php(306): mysqli->query('SELECT p00username from p00daftar where p00username= and p00password= 0006 and p001statsahreg = 1', 0)
 2 SYSTEMPATH\Database\BaseConnection.php(693): CodeIgniter\Database\MySQLi\Connection->execute('SELECT p00username from p00daftar where p00username= and p00password= 0006 and p001statsahreg = 1')
 3 SYSTEMPATH\Database\BaseConnection.php(607): CodeIgniter\Database\BaseConnection->simpleQuery('SELECT p00username from p00daftar where p00username= and p00password= 0006 and p001statsahreg = 1')
 4 APPPATH\Controllers\LoginController.php(100): CodeIgniter\Database\BaseConnection->query('SELECT p00username from p00daftar where p00username= and p00password= 0006 and p001statsahreg = 1')
 5 SYSTEMPATH\CodeIgniter.php(943): App\Controllers\LoginController->regnewlogin()
 6 SYSTEMPATH\CodeIgniter.php(503): CodeIgniter\CodeIgniter->runController(Object(App\Controllers\LoginController))
 7 SYSTEMPATH\CodeIgniter.php(361): CodeIgniter\CodeIgniter->handleRequest(null, Object(Config\Cache), false)
 8 FCPATH\index.php(79): CodeIgniter\CodeIgniter->run()
ERROR - 2024-12-15 06:31:31 --> mysqli_sql_exception: Duplicate entry '' for key 'p00daftar.p00daftar_un' in C:\laragon\www\pascav2\vendor\codeigniter4\framework\system\Database\MySQLi\Connection.php:306
Stack trace:
#0 C:\laragon\www\pascav2\vendor\codeigniter4\framework\system\Database\MySQLi\Connection.php(306): mysqli->query('INSERT INTO `p0...', 0)
#1 C:\laragon\www\pascav2\vendor\codeigniter4\framework\system\Database\BaseConnection.php(693): CodeIgniter\Database\MySQLi\Connection->execute('INSERT INTO `p0...')
#2 C:\laragon\www\pascav2\vendor\codeigniter4\framework\system\Database\BaseConnection.php(607): CodeIgniter\Database\BaseConnection->simpleQuery('INSERT INTO `p0...')
#3 C:\laragon\www\pascav2\vendor\codeigniter4\framework\system\Database\BaseBuilder.php(2307): CodeIgniter\Database\BaseConnection->query('INSERT INTO `p0...', Array, false)
#4 C:\laragon\www\pascav2\vendor\codeigniter4\framework\system\Model.php(327): CodeIgniter\Database\BaseBuilder->insert()
#5 C:\laragon\www\pascav2\vendor\codeigniter4\framework\system\BaseModel.php(805): CodeIgniter\Model->doInsert(Array)
#6 C:\laragon\www\pascav2\vendor\codeigniter4\framework\system\Model.php(749): CodeIgniter\BaseModel->insert(Array, true)
#7 C:\laragon\www\pascav2\app\Controllers\LoginController.php(116): CodeIgniter\Model->insert(Array)
#8 C:\laragon\www\pascav2\vendor\codeigniter4\framework\system\CodeIgniter.php(943): App\Controllers\LoginController->regnewlogin()
#9 C:\laragon\www\pascav2\vendor\codeigniter4\framework\system\CodeIgniter.php(503): CodeIgniter\CodeIgniter->runController(Object(App\Controllers\LoginController))
#10 C:\laragon\www\pascav2\vendor\codeigniter4\framework\system\CodeIgniter.php(361): CodeIgniter\CodeIgniter->handleRequest(NULL, Object(Config\Cache), false)
#11 C:\laragon\www\pascav2\public\index.php(79): CodeIgniter\CodeIgniter->run()
#12 {main}
CRITICAL - 2024-12-15 06:31:31 --> CodeIgniter\Database\Exceptions\DatabaseException: Duplicate entry '' for key 'p00daftar.p00daftar_un'
in SYSTEMPATH\Database\BaseConnection.php on line 647.
 1 SYSTEMPATH\Database\BaseBuilder.php(2307): CodeIgniter\Database\BaseConnection->query('INSERT INTO `p00daftar` (`p00username`, `p00password`, `p00emel`, `p00katwarga`, `p001statsahreg`) VALUES (:p00username:, :p00password:, :p00emel:, :p00katwarga:, :p001statsahreg:)', [...], false)
 2 SYSTEMPATH\Model.php(327): CodeIgniter\Database\BaseBuilder->insert()
 3 SYSTEMPATH\BaseModel.php(805): CodeIgniter\Model->doInsert([...])
 4 SYSTEMPATH\Model.php(749): CodeIgniter\BaseModel->insert([...], true)
 5 APPPATH\Controllers\LoginController.php(116): CodeIgniter\Model->insert([...])
 6 SYSTEMPATH\CodeIgniter.php(943): App\Controllers\LoginController->regnewlogin()
 7 SYSTEMPATH\CodeIgniter.php(503): CodeIgniter\CodeIgniter->runController(Object(App\Controllers\LoginController))
 8 SYSTEMPATH\CodeIgniter.php(361): CodeIgniter\CodeIgniter->handleRequest(null, Object(Config\Cache), false)
 9 FCPATH\index.php(79): CodeIgniter\CodeIgniter->run()
CRITICAL - 2024-12-15 06:31:31 --> [Caused by] CodeIgniter\Database\Exceptions\DatabaseException: Duplicate entry '' for key 'p00daftar.p00daftar_un'
in SYSTEMPATH\Database\MySQLi\Connection.php on line 311.
 1 SYSTEMPATH\Database\BaseConnection.php(693): CodeIgniter\Database\MySQLi\Connection->execute('INSERT INTO `p00daftar` (`p00username`, `p00password`, `p00emel`, `p00katwarga`, `p001statsahreg`) VALUES (\'\', \'0005\', \'test06@gmail.com\', \'M\', \'0\')')
 2 SYSTEMPATH\Database\BaseConnection.php(607): CodeIgniter\Database\BaseConnection->simpleQuery('INSERT INTO `p00daftar` (`p00username`, `p00password`, `p00emel`, `p00katwarga`, `p001statsahreg`) VALUES (\'\', \'0005\', \'test06@gmail.com\', \'M\', \'0\')')
 3 SYSTEMPATH\Database\BaseBuilder.php(2307): CodeIgniter\Database\BaseConnection->query('INSERT INTO `p00daftar` (`p00username`, `p00password`, `p00emel`, `p00katwarga`, `p001statsahreg`) VALUES (:p00username:, :p00password:, :p00emel:, :p00katwarga:, :p001statsahreg:)', [...], false)
 4 SYSTEMPATH\Model.php(327): CodeIgniter\Database\BaseBuilder->insert()
 5 SYSTEMPATH\BaseModel.php(805): CodeIgniter\Model->doInsert([...])
 6 SYSTEMPATH\Model.php(749): CodeIgniter\BaseModel->insert([...], true)
 7 APPPATH\Controllers\LoginController.php(116): CodeIgniter\Model->insert([...])
 8 SYSTEMPATH\CodeIgniter.php(943): App\Controllers\LoginController->regnewlogin()
 9 SYSTEMPATH\CodeIgniter.php(503): CodeIgniter\CodeIgniter->runController(Object(App\Controllers\LoginController))
10 SYSTEMPATH\CodeIgniter.php(361): CodeIgniter\CodeIgniter->handleRequest(null, Object(Config\Cache), false)
11 FCPATH\index.php(79): CodeIgniter\CodeIgniter->run()
CRITICAL - 2024-12-15 06:31:31 --> [Caused by] mysqli_sql_exception: Duplicate entry '' for key 'p00daftar.p00daftar_un'
in SYSTEMPATH\Database\MySQLi\Connection.php on line 306.
 1 SYSTEMPATH\Database\MySQLi\Connection.php(306): mysqli->query('INSERT INTO `p00daftar` (`p00username`, `p00password`, `p00emel`, `p00katwarga`, `p001statsahreg`) VALUES (\'\', \'0005\', \'test06@gmail.com\', \'M\', \'0\')', 0)
 2 SYSTEMPATH\Database\BaseConnection.php(693): CodeIgniter\Database\MySQLi\Connection->execute('INSERT INTO `p00daftar` (`p00username`, `p00password`, `p00emel`, `p00katwarga`, `p001statsahreg`) VALUES (\'\', \'0005\', \'test06@gmail.com\', \'M\', \'0\')')
 3 SYSTEMPATH\Database\BaseConnection.php(607): CodeIgniter\Database\BaseConnection->simpleQuery('INSERT INTO `p00daftar` (`p00username`, `p00password`, `p00emel`, `p00katwarga`, `p001statsahreg`) VALUES (\'\', \'0005\', \'test06@gmail.com\', \'M\', \'0\')')
 4 SYSTEMPATH\Database\BaseBuilder.php(2307): CodeIgniter\Database\BaseConnection->query('INSERT INTO `p00daftar` (`p00username`, `p00password`, `p00emel`, `p00katwarga`, `p001statsahreg`) VALUES (:p00username:, :p00password:, :p00emel:, :p00katwarga:, :p001statsahreg:)', [...], false)
 5 SYSTEMPATH\Model.php(327): CodeIgniter\Database\BaseBuilder->insert()
 6 SYSTEMPATH\BaseModel.php(805): CodeIgniter\Model->doInsert([...])
 7 SYSTEMPATH\Model.php(749): CodeIgniter\BaseModel->insert([...], true)
 8 APPPATH\Controllers\LoginController.php(116): CodeIgniter\Model->insert([...])
 9 SYSTEMPATH\CodeIgniter.php(943): App\Controllers\LoginController->regnewlogin()
10 SYSTEMPATH\CodeIgniter.php(503): CodeIgniter\CodeIgniter->runController(Object(App\Controllers\LoginController))
11 SYSTEMPATH\CodeIgniter.php(361): CodeIgniter\CodeIgniter->handleRequest(null, Object(Config\Cache), false)
12 FCPATH\index.php(79): CodeIgniter\CodeIgniter->run()
ERROR - 2024-12-15 06:33:33 --> mysqli_sql_exception: Duplicate entry '' for key 'p00daftar.p00daftar_un' in C:\laragon\www\pascav2\vendor\codeigniter4\framework\system\Database\MySQLi\Connection.php:306
Stack trace:
#0 C:\laragon\www\pascav2\vendor\codeigniter4\framework\system\Database\MySQLi\Connection.php(306): mysqli->query('INSERT INTO `p0...', 0)
#1 C:\laragon\www\pascav2\vendor\codeigniter4\framework\system\Database\BaseConnection.php(693): CodeIgniter\Database\MySQLi\Connection->execute('INSERT INTO `p0...')
#2 C:\laragon\www\pascav2\vendor\codeigniter4\framework\system\Database\BaseConnection.php(607): CodeIgniter\Database\BaseConnection->simpleQuery('INSERT INTO `p0...')
#3 C:\laragon\www\pascav2\vendor\codeigniter4\framework\system\Database\BaseBuilder.php(2307): CodeIgniter\Database\BaseConnection->query('INSERT INTO `p0...', Array, false)
#4 C:\laragon\www\pascav2\vendor\codeigniter4\framework\system\Model.php(327): CodeIgniter\Database\BaseBuilder->insert()
#5 C:\laragon\www\pascav2\vendor\codeigniter4\framework\system\BaseModel.php(805): CodeIgniter\Model->doInsert(Array)
#6 C:\laragon\www\pascav2\vendor\codeigniter4\framework\system\Model.php(749): CodeIgniter\BaseModel->insert(Array, true)
#7 C:\laragon\www\pascav2\app\Controllers\LoginController.php(104): CodeIgniter\Model->insert(Array)
#8 C:\laragon\www\pascav2\vendor\codeigniter4\framework\system\CodeIgniter.php(943): App\Controllers\LoginController->regnewlogin()
#9 C:\laragon\www\pascav2\vendor\codeigniter4\framework\system\CodeIgniter.php(503): CodeIgniter\CodeIgniter->runController(Object(App\Controllers\LoginController))
#10 C:\laragon\www\pascav2\vendor\codeigniter4\framework\system\CodeIgniter.php(361): CodeIgniter\CodeIgniter->handleRequest(NULL, Object(Config\Cache), false)
#11 C:\laragon\www\pascav2\public\index.php(79): CodeIgniter\CodeIgniter->run()
#12 {main}
CRITICAL - 2024-12-15 06:33:33 --> CodeIgniter\Database\Exceptions\DatabaseException: Duplicate entry '' for key 'p00daftar.p00daftar_un'
in SYSTEMPATH\Database\BaseConnection.php on line 647.
 1 SYSTEMPATH\Database\BaseBuilder.php(2307): CodeIgniter\Database\BaseConnection->query('INSERT INTO `p00daftar` (`p00username`, `p00password`, `p00emel`, `p00katwarga`, `p001statsahreg`) VALUES (:p00username:, :p00password:, :p00emel:, :p00katwarga:, :p001statsahreg:)', [...], false)
 2 SYSTEMPATH\Model.php(327): CodeIgniter\Database\BaseBuilder->insert()
 3 SYSTEMPATH\BaseModel.php(805): CodeIgniter\Model->doInsert([...])
 4 SYSTEMPATH\Model.php(749): CodeIgniter\BaseModel->insert([...], true)
 5 APPPATH\Controllers\LoginController.php(104): CodeIgniter\Model->insert([...])
 6 SYSTEMPATH\CodeIgniter.php(943): App\Controllers\LoginController->regnewlogin()
 7 SYSTEMPATH\CodeIgniter.php(503): CodeIgniter\CodeIgniter->runController(Object(App\Controllers\LoginController))
 8 SYSTEMPATH\CodeIgniter.php(361): CodeIgniter\CodeIgniter->handleRequest(null, Object(Config\Cache), false)
 9 FCPATH\index.php(79): CodeIgniter\CodeIgniter->run()
CRITICAL - 2024-12-15 06:33:33 --> [Caused by] CodeIgniter\Database\Exceptions\DatabaseException: Duplicate entry '' for key 'p00daftar.p00daftar_un'
in SYSTEMPATH\Database\MySQLi\Connection.php on line 311.
 1 SYSTEMPATH\Database\BaseConnection.php(693): CodeIgniter\Database\MySQLi\Connection->execute('INSERT INTO `p00daftar` (`p00username`, `p00password`, `p00emel`, `p00katwarga`, `p001statsahreg`) VALUES (\'\', \'0006\', \'test06@gmail.com\', \'M\', \'0\')')
 2 SYSTEMPATH\Database\BaseConnection.php(607): CodeIgniter\Database\BaseConnection->simpleQuery('INSERT INTO `p00daftar` (`p00username`, `p00password`, `p00emel`, `p00katwarga`, `p001statsahreg`) VALUES (\'\', \'0006\', \'test06@gmail.com\', \'M\', \'0\')')
 3 SYSTEMPATH\Database\BaseBuilder.php(2307): CodeIgniter\Database\BaseConnection->query('INSERT INTO `p00daftar` (`p00username`, `p00password`, `p00emel`, `p00katwarga`, `p001statsahreg`) VALUES (:p00username:, :p00password:, :p00emel:, :p00katwarga:, :p001statsahreg:)', [...], false)
 4 SYSTEMPATH\Model.php(327): CodeIgniter\Database\BaseBuilder->insert()
 5 SYSTEMPATH\BaseModel.php(805): CodeIgniter\Model->doInsert([...])
 6 SYSTEMPATH\Model.php(749): CodeIgniter\BaseModel->insert([...], true)
 7 APPPATH\Controllers\LoginController.php(104): CodeIgniter\Model->insert([...])
 8 SYSTEMPATH\CodeIgniter.php(943): App\Controllers\LoginController->regnewlogin()
 9 SYSTEMPATH\CodeIgniter.php(503): CodeIgniter\CodeIgniter->runController(Object(App\Controllers\LoginController))
10 SYSTEMPATH\CodeIgniter.php(361): CodeIgniter\CodeIgniter->handleRequest(null, Object(Config\Cache), false)
11 FCPATH\index.php(79): CodeIgniter\CodeIgniter->run()
CRITICAL - 2024-12-15 06:33:33 --> [Caused by] mysqli_sql_exception: Duplicate entry '' for key 'p00daftar.p00daftar_un'
in SYSTEMPATH\Database\MySQLi\Connection.php on line 306.
 1 SYSTEMPATH\Database\MySQLi\Connection.php(306): mysqli->query('INSERT INTO `p00daftar` (`p00username`, `p00password`, `p00emel`, `p00katwarga`, `p001statsahreg`) VALUES (\'\', \'0006\', \'test06@gmail.com\', \'M\', \'0\')', 0)
 2 SYSTEMPATH\Database\BaseConnection.php(693): CodeIgniter\Database\MySQLi\Connection->execute('INSERT INTO `p00daftar` (`p00username`, `p00password`, `p00emel`, `p00katwarga`, `p001statsahreg`) VALUES (\'\', \'0006\', \'test06@gmail.com\', \'M\', \'0\')')
 3 SYSTEMPATH\Database\BaseConnection.php(607): CodeIgniter\Database\BaseConnection->simpleQuery('INSERT INTO `p00daftar` (`p00username`, `p00password`, `p00emel`, `p00katwarga`, `p001statsahreg`) VALUES (\'\', \'0006\', \'test06@gmail.com\', \'M\', \'0\')')
 4 SYSTEMPATH\Database\BaseBuilder.php(2307): CodeIgniter\Database\BaseConnection->query('INSERT INTO `p00daftar` (`p00username`, `p00password`, `p00emel`, `p00katwarga`, `p001statsahreg`) VALUES (:p00username:, :p00password:, :p00emel:, :p00katwarga:, :p001statsahreg:)', [...], false)
 5 SYSTEMPATH\Model.php(327): CodeIgniter\Database\BaseBuilder->insert()
 6 SYSTEMPATH\BaseModel.php(805): CodeIgniter\Model->doInsert([...])
 7 SYSTEMPATH\Model.php(749): CodeIgniter\BaseModel->insert([...], true)
 8 APPPATH\Controllers\LoginController.php(104): CodeIgniter\Model->insert([...])
 9 SYSTEMPATH\CodeIgniter.php(943): App\Controllers\LoginController->regnewlogin()
10 SYSTEMPATH\CodeIgniter.php(503): CodeIgniter\CodeIgniter->runController(Object(App\Controllers\LoginController))
11 SYSTEMPATH\CodeIgniter.php(361): CodeIgniter\CodeIgniter->handleRequest(null, Object(Config\Cache), false)
12 FCPATH\index.php(79): CodeIgniter\CodeIgniter->run()
CRITICAL - 2024-12-15 06:44:09 --> ParseError: syntax error, unexpected token ";"
in APPPATH\Controllers\LoginController.php on line 93.
 1 SYSTEMPATH\Autoloader\Autoloader.php(290): CodeIgniter\Autoloader\Autoloader->includeFile('C:\\laragon\\www\\pascav2\\app\\Controllers\\LoginController.php')
 2 SYSTEMPATH\Autoloader\Autoloader.php(266): CodeIgniter\Autoloader\Autoloader->loadInNamespace('App\\Controllers\\LoginController')
 3 [internal function]: CodeIgniter\Autoloader\Autoloader->loadClass('App\\Controllers\\LoginController')
 4 SYSTEMPATH\CodeIgniter.php(901): class_exists('\\App\\Controllers\\LoginController', true)
 5 SYSTEMPATH\CodeIgniter.php(490): CodeIgniter\CodeIgniter->startController()
 6 SYSTEMPATH\CodeIgniter.php(361): CodeIgniter\CodeIgniter->handleRequest(null, Object(Config\Cache), false)
 7 FCPATH\index.php(79): CodeIgniter\CodeIgniter->run()
CRITICAL - 2024-12-15 06:45:40 --> ParseError: syntax error, unexpected token ";"
in APPPATH\Controllers\LoginController.php on line 93.
 1 SYSTEMPATH\Autoloader\Autoloader.php(290): CodeIgniter\Autoloader\Autoloader->includeFile('C:\\laragon\\www\\pascav2\\app\\Controllers\\LoginController.php')
 2 SYSTEMPATH\Autoloader\Autoloader.php(266): CodeIgniter\Autoloader\Autoloader->loadInNamespace('App\\Controllers\\LoginController')
 3 [internal function]: CodeIgniter\Autoloader\Autoloader->loadClass('App\\Controllers\\LoginController')
 4 SYSTEMPATH\CodeIgniter.php(901): class_exists('\\App\\Controllers\\LoginController', true)
 5 SYSTEMPATH\CodeIgniter.php(490): CodeIgniter\CodeIgniter->startController()
 6 SYSTEMPATH\CodeIgniter.php(361): CodeIgniter\CodeIgniter->handleRequest(null, Object(Config\Cache), false)
 7 FCPATH\index.php(79): CodeIgniter\CodeIgniter->run()
CRITICAL - 2024-12-15 06:46:34 --> ParseError: syntax error, unexpected token ";"
in APPPATH\Controllers\LoginController.php on line 93.
 1 SYSTEMPATH\Autoloader\Autoloader.php(290): CodeIgniter\Autoloader\Autoloader->includeFile('C:\\laragon\\www\\pascav2\\app\\Controllers\\LoginController.php')
 2 SYSTEMPATH\Autoloader\Autoloader.php(266): CodeIgniter\Autoloader\Autoloader->loadInNamespace('App\\Controllers\\LoginController')
 3 [internal function]: CodeIgniter\Autoloader\Autoloader->loadClass('App\\Controllers\\LoginController')
 4 SYSTEMPATH\CodeIgniter.php(901): class_exists('\\App\\Controllers\\LoginController', true)
 5 SYSTEMPATH\CodeIgniter.php(490): CodeIgniter\CodeIgniter->startController()
 6 SYSTEMPATH\CodeIgniter.php(361): CodeIgniter\CodeIgniter->handleRequest(null, Object(Config\Cache), false)
 7 FCPATH\index.php(79): CodeIgniter\CodeIgniter->run()
CRITICAL - 2024-12-15 06:59:40 --> ParseError: syntax error, unexpected token ";"
in APPPATH\Controllers\LoginController.php on line 93.
 1 SYSTEMPATH\Autoloader\Autoloader.php(290): CodeIgniter\Autoloader\Autoloader->includeFile('C:\\laragon\\www\\pascav2\\app\\Controllers\\LoginController.php')
 2 SYSTEMPATH\Autoloader\Autoloader.php(266): CodeIgniter\Autoloader\Autoloader->loadInNamespace('App\\Controllers\\LoginController')
 3 [internal function]: CodeIgniter\Autoloader\Autoloader->loadClass('App\\Controllers\\LoginController')
 4 SYSTEMPATH\CodeIgniter.php(901): class_exists('\\App\\Controllers\\LoginController', true)
 5 SYSTEMPATH\CodeIgniter.php(490): CodeIgniter\CodeIgniter->startController()
 6 SYSTEMPATH\CodeIgniter.php(361): CodeIgniter\CodeIgniter->handleRequest(null, Object(Config\Cache), false)
 7 FCPATH\index.php(79): CodeIgniter\CodeIgniter->run()
CRITICAL - 2024-12-15 07:00:30 --> ParseError: syntax error, unexpected token ";"
in APPPATH\Controllers\LoginController.php on line 93.
 1 SYSTEMPATH\Autoloader\Autoloader.php(290): CodeIgniter\Autoloader\Autoloader->includeFile('C:\\laragon\\www\\pascav2\\app\\Controllers\\LoginController.php')
 2 SYSTEMPATH\Autoloader\Autoloader.php(266): CodeIgniter\Autoloader\Autoloader->loadInNamespace('App\\Controllers\\LoginController')
 3 [internal function]: CodeIgniter\Autoloader\Autoloader->loadClass('App\\Controllers\\LoginController')
 4 SYSTEMPATH\CodeIgniter.php(901): class_exists('\\App\\Controllers\\LoginController', true)
 5 SYSTEMPATH\CodeIgniter.php(490): CodeIgniter\CodeIgniter->startController()
 6 SYSTEMPATH\CodeIgniter.php(361): CodeIgniter\CodeIgniter->handleRequest(null, Object(Config\Cache), false)
 7 FCPATH\index.php(79): CodeIgniter\CodeIgniter->run()
CRITICAL - 2024-12-15 07:04:38 --> ParseError: syntax error, unexpected token ";"
in APPPATH\Controllers\LoginController.php on line 93.
 1 SYSTEMPATH\Autoloader\Autoloader.php(290): CodeIgniter\Autoloader\Autoloader->includeFile('C:\\laragon\\www\\pascav2\\app\\Controllers\\LoginController.php')
 2 SYSTEMPATH\Autoloader\Autoloader.php(266): CodeIgniter\Autoloader\Autoloader->loadInNamespace('App\\Controllers\\LoginController')
 3 [internal function]: CodeIgniter\Autoloader\Autoloader->loadClass('App\\Controllers\\LoginController')
 4 SYSTEMPATH\CodeIgniter.php(901): class_exists('\\App\\Controllers\\LoginController', true)
 5 SYSTEMPATH\CodeIgniter.php(490): CodeIgniter\CodeIgniter->startController()
 6 SYSTEMPATH\CodeIgniter.php(361): CodeIgniter\CodeIgniter->handleRequest(null, Object(Config\Cache), false)
 7 FCPATH\index.php(79): CodeIgniter\CodeIgniter->run()
CRITICAL - 2024-12-15 07:25:37 --> ParseError: syntax error, unexpected token ";"
in APPPATH\Controllers\LoginController.php on line 93.
 1 SYSTEMPATH\Autoloader\Autoloader.php(290): CodeIgniter\Autoloader\Autoloader->includeFile('C:\\laragon\\www\\pascav2\\app\\Controllers\\LoginController.php')
 2 SYSTEMPATH\Autoloader\Autoloader.php(266): CodeIgniter\Autoloader\Autoloader->loadInNamespace('App\\Controllers\\LoginController')
 3 [internal function]: CodeIgniter\Autoloader\Autoloader->loadClass('App\\Controllers\\LoginController')
 4 SYSTEMPATH\CodeIgniter.php(901): class_exists('\\App\\Controllers\\LoginController', true)
 5 SYSTEMPATH\CodeIgniter.php(490): CodeIgniter\CodeIgniter->startController()
 6 SYSTEMPATH\CodeIgniter.php(361): CodeIgniter\CodeIgniter->handleRequest(null, Object(Config\Cache), false)
 7 FCPATH\index.php(79): CodeIgniter\CodeIgniter->run()
CRITICAL - 2024-12-15 07:29:19 --> ParseError: syntax error, unexpected token ";"
in APPPATH\Controllers\LoginController.php on line 92.
 1 SYSTEMPATH\Autoloader\Autoloader.php(290): CodeIgniter\Autoloader\Autoloader->includeFile('C:\\laragon\\www\\pascav2\\app\\Controllers\\LoginController.php')
 2 SYSTEMPATH\Autoloader\Autoloader.php(266): CodeIgniter\Autoloader\Autoloader->loadInNamespace('App\\Controllers\\LoginController')
 3 [internal function]: CodeIgniter\Autoloader\Autoloader->loadClass('App\\Controllers\\LoginController')
 4 SYSTEMPATH\CodeIgniter.php(901): class_exists('\\App\\Controllers\\LoginController', true)
 5 SYSTEMPATH\CodeIgniter.php(490): CodeIgniter\CodeIgniter->startController()
 6 SYSTEMPATH\CodeIgniter.php(361): CodeIgniter\CodeIgniter->handleRequest(null, Object(Config\Cache), false)
 7 FCPATH\index.php(79): CodeIgniter\CodeIgniter->run()
CRITICAL - 2024-12-15 07:39:15 --> ParseError: syntax error, unexpected token ";"
in APPPATH\Controllers\LoginController.php on line 92.
 1 SYSTEMPATH\Autoloader\Autoloader.php(290): CodeIgniter\Autoloader\Autoloader->includeFile('C:\\laragon\\www\\pascav2\\app\\Controllers\\LoginController.php')
 2 SYSTEMPATH\Autoloader\Autoloader.php(266): CodeIgniter\Autoloader\Autoloader->loadInNamespace('App\\Controllers\\LoginController')
 3 [internal function]: CodeIgniter\Autoloader\Autoloader->loadClass('App\\Controllers\\LoginController')
 4 SYSTEMPATH\CodeIgniter.php(901): class_exists('\\App\\Controllers\\LoginController', true)
 5 SYSTEMPATH\CodeIgniter.php(490): CodeIgniter\CodeIgniter->startController()
 6 SYSTEMPATH\CodeIgniter.php(361): CodeIgniter\CodeIgniter->handleRequest(null, Object(Config\Cache), false)
 7 FCPATH\index.php(79): CodeIgniter\CodeIgniter->run()
ERROR - 2024-12-15 07:46:14 --> mysqli_sql_exception: Duplicate entry '' for key 'p00daftar.p00daftar_un' in C:\laragon\www\pascav2\vendor\codeigniter4\framework\system\Database\MySQLi\Connection.php:306
Stack trace:
#0 C:\laragon\www\pascav2\vendor\codeigniter4\framework\system\Database\MySQLi\Connection.php(306): mysqli->query('INSERT INTO `p0...', 0)
#1 C:\laragon\www\pascav2\vendor\codeigniter4\framework\system\Database\BaseConnection.php(693): CodeIgniter\Database\MySQLi\Connection->execute('INSERT INTO `p0...')
#2 C:\laragon\www\pascav2\vendor\codeigniter4\framework\system\Database\BaseConnection.php(607): CodeIgniter\Database\BaseConnection->simpleQuery('INSERT INTO `p0...')
#3 C:\laragon\www\pascav2\vendor\codeigniter4\framework\system\Database\BaseBuilder.php(2307): CodeIgniter\Database\BaseConnection->query('INSERT INTO `p0...', Array, false)
#4 C:\laragon\www\pascav2\vendor\codeigniter4\framework\system\Model.php(327): CodeIgniter\Database\BaseBuilder->insert()
#5 C:\laragon\www\pascav2\vendor\codeigniter4\framework\system\BaseModel.php(805): CodeIgniter\Model->doInsert(Array)
#6 C:\laragon\www\pascav2\vendor\codeigniter4\framework\system\Model.php(749): CodeIgniter\BaseModel->insert(Array, true)
#7 C:\laragon\www\pascav2\app\Controllers\LoginController.php(107): CodeIgniter\Model->insert(Array)
#8 C:\laragon\www\pascav2\vendor\codeigniter4\framework\system\CodeIgniter.php(943): App\Controllers\LoginController->regnewlogin()
#9 C:\laragon\www\pascav2\vendor\codeigniter4\framework\system\CodeIgniter.php(503): CodeIgniter\CodeIgniter->runController(Object(App\Controllers\LoginController))
#10 C:\laragon\www\pascav2\vendor\codeigniter4\framework\system\CodeIgniter.php(361): CodeIgniter\CodeIgniter->handleRequest(NULL, Object(Config\Cache), false)
#11 C:\laragon\www\pascav2\public\index.php(79): CodeIgniter\CodeIgniter->run()
#12 {main}
CRITICAL - 2024-12-15 07:46:14 --> CodeIgniter\Database\Exceptions\DatabaseException: Duplicate entry '' for key 'p00daftar.p00daftar_un'
in SYSTEMPATH\Database\BaseConnection.php on line 647.
 1 SYSTEMPATH\Database\BaseBuilder.php(2307): CodeIgniter\Database\BaseConnection->query('INSERT INTO `p00daftar` (`p00username`, `p00password`, `p00emel`, `p00katwarga`, `p001statsahreg`) VALUES (:p00username:, :p00password:, :p00emel:, :p00katwarga:, :p001statsahreg:)', [...], false)
 2 SYSTEMPATH\Model.php(327): CodeIgniter\Database\BaseBuilder->insert()
 3 SYSTEMPATH\BaseModel.php(805): CodeIgniter\Model->doInsert([...])
 4 SYSTEMPATH\Model.php(749): CodeIgniter\BaseModel->insert([...], true)
 5 APPPATH\Controllers\LoginController.php(107): CodeIgniter\Model->insert([...])
 6 SYSTEMPATH\CodeIgniter.php(943): App\Controllers\LoginController->regnewlogin()
 7 SYSTEMPATH\CodeIgniter.php(503): CodeIgniter\CodeIgniter->runController(Object(App\Controllers\LoginController))
 8 SYSTEMPATH\CodeIgniter.php(361): CodeIgniter\CodeIgniter->handleRequest(null, Object(Config\Cache), false)
 9 FCPATH\index.php(79): CodeIgniter\CodeIgniter->run()
CRITICAL - 2024-12-15 07:46:14 --> [Caused by] CodeIgniter\Database\Exceptions\DatabaseException: Duplicate entry '' for key 'p00daftar.p00daftar_un'
in SYSTEMPATH\Database\MySQLi\Connection.php on line 311.
 1 SYSTEMPATH\Database\BaseConnection.php(693): CodeIgniter\Database\MySQLi\Connection->execute('INSERT INTO `p00daftar` (`p00username`, `p00password`, `p00emel`, `p00katwarga`, `p001statsahreg`) VALUES (\'\', \'nm\', \'nm\', \'NM\', \'0\')')
 2 SYSTEMPATH\Database\BaseConnection.php(607): CodeIgniter\Database\BaseConnection->simpleQuery('INSERT INTO `p00daftar` (`p00username`, `p00password`, `p00emel`, `p00katwarga`, `p001statsahreg`) VALUES (\'\', \'nm\', \'nm\', \'NM\', \'0\')')
 3 SYSTEMPATH\Database\BaseBuilder.php(2307): CodeIgniter\Database\BaseConnection->query('INSERT INTO `p00daftar` (`p00username`, `p00password`, `p00emel`, `p00katwarga`, `p001statsahreg`) VALUES (:p00username:, :p00password:, :p00emel:, :p00katwarga:, :p001statsahreg:)', [...], false)
 4 SYSTEMPATH\Model.php(327): CodeIgniter\Database\BaseBuilder->insert()
 5 SYSTEMPATH\BaseModel.php(805): CodeIgniter\Model->doInsert([...])
 6 SYSTEMPATH\Model.php(749): CodeIgniter\BaseModel->insert([...], true)
 7 APPPATH\Controllers\LoginController.php(107): CodeIgniter\Model->insert([...])
 8 SYSTEMPATH\CodeIgniter.php(943): App\Controllers\LoginController->regnewlogin()
 9 SYSTEMPATH\CodeIgniter.php(503): CodeIgniter\CodeIgniter->runController(Object(App\Controllers\LoginController))
10 SYSTEMPATH\CodeIgniter.php(361): CodeIgniter\CodeIgniter->handleRequest(null, Object(Config\Cache), false)
11 FCPATH\index.php(79): CodeIgniter\CodeIgniter->run()
CRITICAL - 2024-12-15 07:46:14 --> [Caused by] mysqli_sql_exception: Duplicate entry '' for key 'p00daftar.p00daftar_un'
in SYSTEMPATH\Database\MySQLi\Connection.php on line 306.
 1 SYSTEMPATH\Database\MySQLi\Connection.php(306): mysqli->query('INSERT INTO `p00daftar` (`p00username`, `p00password`, `p00emel`, `p00katwarga`, `p001statsahreg`) VALUES (\'\', \'nm\', \'nm\', \'NM\', \'0\')', 0)
 2 SYSTEMPATH\Database\BaseConnection.php(693): CodeIgniter\Database\MySQLi\Connection->execute('INSERT INTO `p00daftar` (`p00username`, `p00password`, `p00emel`, `p00katwarga`, `p001statsahreg`) VALUES (\'\', \'nm\', \'nm\', \'NM\', \'0\')')
 3 SYSTEMPATH\Database\BaseConnection.php(607): CodeIgniter\Database\BaseConnection->simpleQuery('INSERT INTO `p00daftar` (`p00username`, `p00password`, `p00emel`, `p00katwarga`, `p001statsahreg`) VALUES (\'\', \'nm\', \'nm\', \'NM\', \'0\')')
 4 SYSTEMPATH\Database\BaseBuilder.php(2307): CodeIgniter\Database\BaseConnection->query('INSERT INTO `p00daftar` (`p00username`, `p00password`, `p00emel`, `p00katwarga`, `p001statsahreg`) VALUES (:p00username:, :p00password:, :p00emel:, :p00katwarga:, :p001statsahreg:)', [...], false)
 5 SYSTEMPATH\Model.php(327): CodeIgniter\Database\BaseBuilder->insert()
 6 SYSTEMPATH\BaseModel.php(805): CodeIgniter\Model->doInsert([...])
 7 SYSTEMPATH\Model.php(749): CodeIgniter\BaseModel->insert([...], true)
 8 APPPATH\Controllers\LoginController.php(107): CodeIgniter\Model->insert([...])
 9 SYSTEMPATH\CodeIgniter.php(943): App\Controllers\LoginController->regnewlogin()
10 SYSTEMPATH\CodeIgniter.php(503): CodeIgniter\CodeIgniter->runController(Object(App\Controllers\LoginController))
11 SYSTEMPATH\CodeIgniter.php(361): CodeIgniter\CodeIgniter->handleRequest(null, Object(Config\Cache), false)
12 FCPATH\index.php(79): CodeIgniter\CodeIgniter->run()
ERROR - 2024-12-15 23:38:30 --> mysqli_sql_exception: Duplicate entry '' for key 'p00daftar.p00daftar_un' in C:\laragon\www\pascav2\vendor\codeigniter4\framework\system\Database\MySQLi\Connection.php:306
Stack trace:
#0 C:\laragon\www\pascav2\vendor\codeigniter4\framework\system\Database\MySQLi\Connection.php(306): mysqli->query('INSERT INTO `p0...', 0)
#1 C:\laragon\www\pascav2\vendor\codeigniter4\framework\system\Database\BaseConnection.php(693): CodeIgniter\Database\MySQLi\Connection->execute('INSERT INTO `p0...')
#2 C:\laragon\www\pascav2\vendor\codeigniter4\framework\system\Database\BaseConnection.php(607): CodeIgniter\Database\BaseConnection->simpleQuery('INSERT INTO `p0...')
#3 C:\laragon\www\pascav2\vendor\codeigniter4\framework\system\Database\BaseBuilder.php(2307): CodeIgniter\Database\BaseConnection->query('INSERT INTO `p0...', Array, false)
#4 C:\laragon\www\pascav2\vendor\codeigniter4\framework\system\Model.php(327): CodeIgniter\Database\BaseBuilder->insert()
#5 C:\laragon\www\pascav2\vendor\codeigniter4\framework\system\BaseModel.php(805): CodeIgniter\Model->doInsert(Array)
#6 C:\laragon\www\pascav2\vendor\codeigniter4\framework\system\Model.php(749): CodeIgniter\BaseModel->insert(Array, true)
#7 C:\laragon\www\pascav2\app\Controllers\LoginController.php(110): CodeIgniter\Model->insert(Array)
#8 C:\laragon\www\pascav2\vendor\codeigniter4\framework\system\CodeIgniter.php(943): App\Controllers\LoginController->regnewlogin()
#9 C:\laragon\www\pascav2\vendor\codeigniter4\framework\system\CodeIgniter.php(503): CodeIgniter\CodeIgniter->runController(Object(App\Controllers\LoginController))
#10 C:\laragon\www\pascav2\vendor\codeigniter4\framework\system\CodeIgniter.php(361): CodeIgniter\CodeIgniter->handleRequest(NULL, Object(Config\Cache), false)
#11 C:\laragon\www\pascav2\public\index.php(79): CodeIgniter\CodeIgniter->run()
#12 {main}
CRITICAL - 2024-12-15 23:38:30 --> CodeIgniter\Database\Exceptions\DatabaseException: Duplicate entry '' for key 'p00daftar.p00daftar_un'
in SYSTEMPATH\Database\BaseConnection.php on line 647.
 1 SYSTEMPATH\Database\BaseBuilder.php(2307): CodeIgniter\Database\BaseConnection->query('INSERT INTO `p00daftar` (`p00username`, `p00password`, `p00emel`, `p00katwarga`, `p001statsahreg`) VALUES (:p00username:, :p00password:, :p00emel:, :p00katwarga:, :p001statsahreg:)', [...], false)
 2 SYSTEMPATH\Model.php(327): CodeIgniter\Database\BaseBuilder->insert()
 3 SYSTEMPATH\BaseModel.php(805): CodeIgniter\Model->doInsert([...])
 4 SYSTEMPATH\Model.php(749): CodeIgniter\BaseModel->insert([...], true)
 5 APPPATH\Controllers\LoginController.php(110): CodeIgniter\Model->insert([...])
 6 SYSTEMPATH\CodeIgniter.php(943): App\Controllers\LoginController->regnewlogin()
 7 SYSTEMPATH\CodeIgniter.php(503): CodeIgniter\CodeIgniter->runController(Object(App\Controllers\LoginController))
 8 SYSTEMPATH\CodeIgniter.php(361): CodeIgniter\CodeIgniter->handleRequest(null, Object(Config\Cache), false)
 9 FCPATH\index.php(79): CodeIgniter\CodeIgniter->run()
CRITICAL - 2024-12-15 23:38:30 --> [Caused by] CodeIgniter\Database\Exceptions\DatabaseException: Duplicate entry '' for key 'p00daftar.p00daftar_un'
in SYSTEMPATH\Database\MySQLi\Connection.php on line 311.
 1 SYSTEMPATH\Database\BaseConnection.php(693): CodeIgniter\Database\MySQLi\Connection->execute('INSERT INTO `p00daftar` (`p00username`, `p00password`, `p00emel`, `p00katwarga`, `p001statsahreg`) VALUES (\'\', \'ss\', \'ss\', \'M\', \'0\')')
 2 SYSTEMPATH\Database\BaseConnection.php(607): CodeIgniter\Database\BaseConnection->simpleQuery('INSERT INTO `p00daftar` (`p00username`, `p00password`, `p00emel`, `p00katwarga`, `p001statsahreg`) VALUES (\'\', \'ss\', \'ss\', \'M\', \'0\')')
 3 SYSTEMPATH\Database\BaseBuilder.php(2307): CodeIgniter\Database\BaseConnection->query('INSERT INTO `p00daftar` (`p00username`, `p00password`, `p00emel`, `p00katwarga`, `p001statsahreg`) VALUES (:p00username:, :p00password:, :p00emel:, :p00katwarga:, :p001statsahreg:)', [...], false)
 4 SYSTEMPATH\Model.php(327): CodeIgniter\Database\BaseBuilder->insert()
 5 SYSTEMPATH\BaseModel.php(805): CodeIgniter\Model->doInsert([...])
 6 SYSTEMPATH\Model.php(749): CodeIgniter\BaseModel->insert([...], true)
 7 APPPATH\Controllers\LoginController.php(110): CodeIgniter\Model->insert([...])
 8 SYSTEMPATH\CodeIgniter.php(943): App\Controllers\LoginController->regnewlogin()
 9 SYSTEMPATH\CodeIgniter.php(503): CodeIgniter\CodeIgniter->runController(Object(App\Controllers\LoginController))
10 SYSTEMPATH\CodeIgniter.php(361): CodeIgniter\CodeIgniter->handleRequest(null, Object(Config\Cache), false)
11 FCPATH\index.php(79): CodeIgniter\CodeIgniter->run()
CRITICAL - 2024-12-15 23:38:30 --> [Caused by] mysqli_sql_exception: Duplicate entry '' for key 'p00daftar.p00daftar_un'
in SYSTEMPATH\Database\MySQLi\Connection.php on line 306.
 1 SYSTEMPATH\Database\MySQLi\Connection.php(306): mysqli->query('INSERT INTO `p00daftar` (`p00username`, `p00password`, `p00emel`, `p00katwarga`, `p001statsahreg`) VALUES (\'\', \'ss\', \'ss\', \'M\', \'0\')', 0)
 2 SYSTEMPATH\Database\BaseConnection.php(693): CodeIgniter\Database\MySQLi\Connection->execute('INSERT INTO `p00daftar` (`p00username`, `p00password`, `p00emel`, `p00katwarga`, `p001statsahreg`) VALUES (\'\', \'ss\', \'ss\', \'M\', \'0\')')
 3 SYSTEMPATH\Database\BaseConnection.php(607): CodeIgniter\Database\BaseConnection->simpleQuery('INSERT INTO `p00daftar` (`p00username`, `p00password`, `p00emel`, `p00katwarga`, `p001statsahreg`) VALUES (\'\', \'ss\', \'ss\', \'M\', \'0\')')
 4 SYSTEMPATH\Database\BaseBuilder.php(2307): CodeIgniter\Database\BaseConnection->query('INSERT INTO `p00daftar` (`p00username`, `p00password`, `p00emel`, `p00katwarga`, `p001statsahreg`) VALUES (:p00username:, :p00password:, :p00emel:, :p00katwarga:, :p001statsahreg:)', [...], false)
 5 SYSTEMPATH\Model.php(327): CodeIgniter\Database\BaseBuilder->insert()
 6 SYSTEMPATH\BaseModel.php(805): CodeIgniter\Model->doInsert([...])
 7 SYSTEMPATH\Model.php(749): CodeIgniter\BaseModel->insert([...], true)
 8 APPPATH\Controllers\LoginController.php(110): CodeIgniter\Model->insert([...])
 9 SYSTEMPATH\CodeIgniter.php(943): App\Controllers\LoginController->regnewlogin()
10 SYSTEMPATH\CodeIgniter.php(503): CodeIgniter\CodeIgniter->runController(Object(App\Controllers\LoginController))
11 SYSTEMPATH\CodeIgniter.php(361): CodeIgniter\CodeIgniter->handleRequest(null, Object(Config\Cache), false)
12 FCPATH\index.php(79): CodeIgniter\CodeIgniter->run()
ERROR - 2024-12-15 23:41:27 --> mysqli_sql_exception: Duplicate entry '' for key 'p00daftar.p00daftar_un' in C:\laragon\www\pascav2\vendor\codeigniter4\framework\system\Database\MySQLi\Connection.php:306
Stack trace:
#0 C:\laragon\www\pascav2\vendor\codeigniter4\framework\system\Database\MySQLi\Connection.php(306): mysqli->query('INSERT INTO `p0...', 0)
#1 C:\laragon\www\pascav2\vendor\codeigniter4\framework\system\Database\BaseConnection.php(693): CodeIgniter\Database\MySQLi\Connection->execute('INSERT INTO `p0...')
#2 C:\laragon\www\pascav2\vendor\codeigniter4\framework\system\Database\BaseConnection.php(607): CodeIgniter\Database\BaseConnection->simpleQuery('INSERT INTO `p0...')
#3 C:\laragon\www\pascav2\vendor\codeigniter4\framework\system\Database\BaseBuilder.php(2307): CodeIgniter\Database\BaseConnection->query('INSERT INTO `p0...', Array, false)
#4 C:\laragon\www\pascav2\vendor\codeigniter4\framework\system\Model.php(327): CodeIgniter\Database\BaseBuilder->insert()
#5 C:\laragon\www\pascav2\vendor\codeigniter4\framework\system\BaseModel.php(805): CodeIgniter\Model->doInsert(Array)
#6 C:\laragon\www\pascav2\vendor\codeigniter4\framework\system\Model.php(749): CodeIgniter\BaseModel->insert(Array, true)
#7 C:\laragon\www\pascav2\app\Controllers\LoginController.php(110): CodeIgniter\Model->insert(Array)
#8 C:\laragon\www\pascav2\vendor\codeigniter4\framework\system\CodeIgniter.php(943): App\Controllers\LoginController->regnewlogin()
#9 C:\laragon\www\pascav2\vendor\codeigniter4\framework\system\CodeIgniter.php(503): CodeIgniter\CodeIgniter->runController(Object(App\Controllers\LoginController))
#10 C:\laragon\www\pascav2\vendor\codeigniter4\framework\system\CodeIgniter.php(361): CodeIgniter\CodeIgniter->handleRequest(NULL, Object(Config\Cache), false)
#11 C:\laragon\www\pascav2\public\index.php(79): CodeIgniter\CodeIgniter->run()
#12 {main}
CRITICAL - 2024-12-15 23:41:27 --> CodeIgniter\Database\Exceptions\DatabaseException: Duplicate entry '' for key 'p00daftar.p00daftar_un'
in SYSTEMPATH\Database\BaseConnection.php on line 647.
 1 SYSTEMPATH\Database\BaseBuilder.php(2307): CodeIgniter\Database\BaseConnection->query('INSERT INTO `p00daftar` (`p00username`, `p00password`, `p00emel`, `p00katwarga`, `p001statsahreg`) VALUES (:p00username:, :p00password:, :p00emel:, :p00katwarga:, :p001statsahreg:)', [...], false)
 2 SYSTEMPATH\Model.php(327): CodeIgniter\Database\BaseBuilder->insert()
 3 SYSTEMPATH\BaseModel.php(805): CodeIgniter\Model->doInsert([...])
 4 SYSTEMPATH\Model.php(749): CodeIgniter\BaseModel->insert([...], true)
 5 APPPATH\Controllers\LoginController.php(110): CodeIgniter\Model->insert([...])
 6 SYSTEMPATH\CodeIgniter.php(943): App\Controllers\LoginController->regnewlogin()
 7 SYSTEMPATH\CodeIgniter.php(503): CodeIgniter\CodeIgniter->runController(Object(App\Controllers\LoginController))
 8 SYSTEMPATH\CodeIgniter.php(361): CodeIgniter\CodeIgniter->handleRequest(null, Object(Config\Cache), false)
 9 FCPATH\index.php(79): CodeIgniter\CodeIgniter->run()
CRITICAL - 2024-12-15 23:41:27 --> [Caused by] CodeIgniter\Database\Exceptions\DatabaseException: Duplicate entry '' for key 'p00daftar.p00daftar_un'
in SYSTEMPATH\Database\MySQLi\Connection.php on line 311.
 1 SYSTEMPATH\Database\BaseConnection.php(693): CodeIgniter\Database\MySQLi\Connection->execute('INSERT INTO `p00daftar` (`p00username`, `p00password`, `p00emel`, `p00katwarga`, `p001statsahreg`) VALUES (\'\', \'aa\', \'aa\', \'M\', \'0\')')
 2 SYSTEMPATH\Database\BaseConnection.php(607): CodeIgniter\Database\BaseConnection->simpleQuery('INSERT INTO `p00daftar` (`p00username`, `p00password`, `p00emel`, `p00katwarga`, `p001statsahreg`) VALUES (\'\', \'aa\', \'aa\', \'M\', \'0\')')
 3 SYSTEMPATH\Database\BaseBuilder.php(2307): CodeIgniter\Database\BaseConnection->query('INSERT INTO `p00daftar` (`p00username`, `p00password`, `p00emel`, `p00katwarga`, `p001statsahreg`) VALUES (:p00username:, :p00password:, :p00emel:, :p00katwarga:, :p001statsahreg:)', [...], false)
 4 SYSTEMPATH\Model.php(327): CodeIgniter\Database\BaseBuilder->insert()
 5 SYSTEMPATH\BaseModel.php(805): CodeIgniter\Model->doInsert([...])
 6 SYSTEMPATH\Model.php(749): CodeIgniter\BaseModel->insert([...], true)
 7 APPPATH\Controllers\LoginController.php(110): CodeIgniter\Model->insert([...])
 8 SYSTEMPATH\CodeIgniter.php(943): App\Controllers\LoginController->regnewlogin()
 9 SYSTEMPATH\CodeIgniter.php(503): CodeIgniter\CodeIgniter->runController(Object(App\Controllers\LoginController))
10 SYSTEMPATH\CodeIgniter.php(361): CodeIgniter\CodeIgniter->handleRequest(null, Object(Config\Cache), false)
11 FCPATH\index.php(79): CodeIgniter\CodeIgniter->run()
CRITICAL - 2024-12-15 23:41:27 --> [Caused by] mysqli_sql_exception: Duplicate entry '' for key 'p00daftar.p00daftar_un'
in SYSTEMPATH\Database\MySQLi\Connection.php on line 306.
 1 SYSTEMPATH\Database\MySQLi\Connection.php(306): mysqli->query('INSERT INTO `p00daftar` (`p00username`, `p00password`, `p00emel`, `p00katwarga`, `p001statsahreg`) VALUES (\'\', \'aa\', \'aa\', \'M\', \'0\')', 0)
 2 SYSTEMPATH\Database\BaseConnection.php(693): CodeIgniter\Database\MySQLi\Connection->execute('INSERT INTO `p00daftar` (`p00username`, `p00password`, `p00emel`, `p00katwarga`, `p001statsahreg`) VALUES (\'\', \'aa\', \'aa\', \'M\', \'0\')')
 3 SYSTEMPATH\Database\BaseConnection.php(607): CodeIgniter\Database\BaseConnection->simpleQuery('INSERT INTO `p00daftar` (`p00username`, `p00password`, `p00emel`, `p00katwarga`, `p001statsahreg`) VALUES (\'\', \'aa\', \'aa\', \'M\', \'0\')')
 4 SYSTEMPATH\Database\BaseBuilder.php(2307): CodeIgniter\Database\BaseConnection->query('INSERT INTO `p00daftar` (`p00username`, `p00password`, `p00emel`, `p00katwarga`, `p001statsahreg`) VALUES (:p00username:, :p00password:, :p00emel:, :p00katwarga:, :p001statsahreg:)', [...], false)
 5 SYSTEMPATH\Model.php(327): CodeIgniter\Database\BaseBuilder->insert()
 6 SYSTEMPATH\BaseModel.php(805): CodeIgniter\Model->doInsert([...])
 7 SYSTEMPATH\Model.php(749): CodeIgniter\BaseModel->insert([...], true)
 8 APPPATH\Controllers\LoginController.php(110): CodeIgniter\Model->insert([...])
 9 SYSTEMPATH\CodeIgniter.php(943): App\Controllers\LoginController->regnewlogin()
10 SYSTEMPATH\CodeIgniter.php(503): CodeIgniter\CodeIgniter->runController(Object(App\Controllers\LoginController))
11 SYSTEMPATH\CodeIgniter.php(361): CodeIgniter\CodeIgniter->handleRequest(null, Object(Config\Cache), false)
12 FCPATH\index.php(79): CodeIgniter\CodeIgniter->run()
ERROR - 2024-12-15 23:53:43 --> mysqli_sql_exception: Duplicate entry '' for key 'p00daftar.p00daftar_un' in C:\laragon\www\pascav2\vendor\codeigniter4\framework\system\Database\MySQLi\Connection.php:306
Stack trace:
#0 C:\laragon\www\pascav2\vendor\codeigniter4\framework\system\Database\MySQLi\Connection.php(306): mysqli->query('INSERT INTO `p0...', 0)
#1 C:\laragon\www\pascav2\vendor\codeigniter4\framework\system\Database\BaseConnection.php(693): CodeIgniter\Database\MySQLi\Connection->execute('INSERT INTO `p0...')
#2 C:\laragon\www\pascav2\vendor\codeigniter4\framework\system\Database\BaseConnection.php(607): CodeIgniter\Database\BaseConnection->simpleQuery('INSERT INTO `p0...')
#3 C:\laragon\www\pascav2\vendor\codeigniter4\framework\system\Database\BaseBuilder.php(2307): CodeIgniter\Database\BaseConnection->query('INSERT INTO `p0...', Array, false)
#4 C:\laragon\www\pascav2\vendor\codeigniter4\framework\system\Model.php(327): CodeIgniter\Database\BaseBuilder->insert()
#5 C:\laragon\www\pascav2\vendor\codeigniter4\framework\system\BaseModel.php(805): CodeIgniter\Model->doInsert(Array)
#6 C:\laragon\www\pascav2\vendor\codeigniter4\framework\system\Model.php(749): CodeIgniter\BaseModel->insert(Array, true)
#7 C:\laragon\www\pascav2\app\Controllers\LoginController.php(110): CodeIgniter\Model->insert(Array)
#8 C:\laragon\www\pascav2\vendor\codeigniter4\framework\system\CodeIgniter.php(943): App\Controllers\LoginController->regnewlogin()
#9 C:\laragon\www\pascav2\vendor\codeigniter4\framework\system\CodeIgniter.php(503): CodeIgniter\CodeIgniter->runController(Object(App\Controllers\LoginController))
#10 C:\laragon\www\pascav2\vendor\codeigniter4\framework\system\CodeIgniter.php(361): CodeIgniter\CodeIgniter->handleRequest(NULL, Object(Config\Cache), false)
#11 C:\laragon\www\pascav2\public\index.php(79): CodeIgniter\CodeIgniter->run()
#12 {main}
CRITICAL - 2024-12-15 23:53:43 --> CodeIgniter\Database\Exceptions\DatabaseException: Duplicate entry '' for key 'p00daftar.p00daftar_un'
in SYSTEMPATH\Database\BaseConnection.php on line 647.
 1 SYSTEMPATH\Database\BaseBuilder.php(2307): CodeIgniter\Database\BaseConnection->query('INSERT INTO `p00daftar` (`p00username`, `p00password`, `p00emel`, `p00katwarga`, `p001statsahreg`) VALUES (:p00username:, :p00password:, :p00emel:, :p00katwarga:, :p001statsahreg:)', [...], false)
 2 SYSTEMPATH\Model.php(327): CodeIgniter\Database\BaseBuilder->insert()
 3 SYSTEMPATH\BaseModel.php(805): CodeIgniter\Model->doInsert([...])
 4 SYSTEMPATH\Model.php(749): CodeIgniter\BaseModel->insert([...], true)
 5 APPPATH\Controllers\LoginController.php(110): CodeIgniter\Model->insert([...])
 6 SYSTEMPATH\CodeIgniter.php(943): App\Controllers\LoginController->regnewlogin()
 7 SYSTEMPATH\CodeIgniter.php(503): CodeIgniter\CodeIgniter->runController(Object(App\Controllers\LoginController))
 8 SYSTEMPATH\CodeIgniter.php(361): CodeIgniter\CodeIgniter->handleRequest(null, Object(Config\Cache), false)
 9 FCPATH\index.php(79): CodeIgniter\CodeIgniter->run()
CRITICAL - 2024-12-15 23:53:43 --> [Caused by] CodeIgniter\Database\Exceptions\DatabaseException: Duplicate entry '' for key 'p00daftar.p00daftar_un'
in SYSTEMPATH\Database\MySQLi\Connection.php on line 311.
 1 SYSTEMPATH\Database\BaseConnection.php(693): CodeIgniter\Database\MySQLi\Connection->execute('INSERT INTO `p00daftar` (`p00username`, `p00password`, `p00emel`, `p00katwarga`, `p001statsahreg`) VALUES (\'\', \'aa\', \'aa\', \'M\', \'0\')')
 2 SYSTEMPATH\Database\BaseConnection.php(607): CodeIgniter\Database\BaseConnection->simpleQuery('INSERT INTO `p00daftar` (`p00username`, `p00password`, `p00emel`, `p00katwarga`, `p001statsahreg`) VALUES (\'\', \'aa\', \'aa\', \'M\', \'0\')')
 3 SYSTEMPATH\Database\BaseBuilder.php(2307): CodeIgniter\Database\BaseConnection->query('INSERT INTO `p00daftar` (`p00username`, `p00password`, `p00emel`, `p00katwarga`, `p001statsahreg`) VALUES (:p00username:, :p00password:, :p00emel:, :p00katwarga:, :p001statsahreg:)', [...], false)
 4 SYSTEMPATH\Model.php(327): CodeIgniter\Database\BaseBuilder->insert()
 5 SYSTEMPATH\BaseModel.php(805): CodeIgniter\Model->doInsert([...])
 6 SYSTEMPATH\Model.php(749): CodeIgniter\BaseModel->insert([...], true)
 7 APPPATH\Controllers\LoginController.php(110): CodeIgniter\Model->insert([...])
 8 SYSTEMPATH\CodeIgniter.php(943): App\Controllers\LoginController->regnewlogin()
 9 SYSTEMPATH\CodeIgniter.php(503): CodeIgniter\CodeIgniter->runController(Object(App\Controllers\LoginController))
10 SYSTEMPATH\CodeIgniter.php(361): CodeIgniter\CodeIgniter->handleRequest(null, Object(Config\Cache), false)
11 FCPATH\index.php(79): CodeIgniter\CodeIgniter->run()
CRITICAL - 2024-12-15 23:53:43 --> [Caused by] mysqli_sql_exception: Duplicate entry '' for key 'p00daftar.p00daftar_un'
in SYSTEMPATH\Database\MySQLi\Connection.php on line 306.
 1 SYSTEMPATH\Database\MySQLi\Connection.php(306): mysqli->query('INSERT INTO `p00daftar` (`p00username`, `p00password`, `p00emel`, `p00katwarga`, `p001statsahreg`) VALUES (\'\', \'aa\', \'aa\', \'M\', \'0\')', 0)
 2 SYSTEMPATH\Database\BaseConnection.php(693): CodeIgniter\Database\MySQLi\Connection->execute('INSERT INTO `p00daftar` (`p00username`, `p00password`, `p00emel`, `p00katwarga`, `p001statsahreg`) VALUES (\'\', \'aa\', \'aa\', \'M\', \'0\')')
 3 SYSTEMPATH\Database\BaseConnection.php(607): CodeIgniter\Database\BaseConnection->simpleQuery('INSERT INTO `p00daftar` (`p00username`, `p00password`, `p00emel`, `p00katwarga`, `p001statsahreg`) VALUES (\'\', \'aa\', \'aa\', \'M\', \'0\')')
 4 SYSTEMPATH\Database\BaseBuilder.php(2307): CodeIgniter\Database\BaseConnection->query('INSERT INTO `p00daftar` (`p00username`, `p00password`, `p00emel`, `p00katwarga`, `p001statsahreg`) VALUES (:p00username:, :p00password:, :p00emel:, :p00katwarga:, :p001statsahreg:)', [...], false)
 5 SYSTEMPATH\Model.php(327): CodeIgniter\Database\BaseBuilder->insert()
 6 SYSTEMPATH\BaseModel.php(805): CodeIgniter\Model->doInsert([...])
 7 SYSTEMPATH\Model.php(749): CodeIgniter\BaseModel->insert([...], true)
 8 APPPATH\Controllers\LoginController.php(110): CodeIgniter\Model->insert([...])
 9 SYSTEMPATH\CodeIgniter.php(943): App\Controllers\LoginController->regnewlogin()
10 SYSTEMPATH\CodeIgniter.php(503): CodeIgniter\CodeIgniter->runController(Object(App\Controllers\LoginController))
11 SYSTEMPATH\CodeIgniter.php(361): CodeIgniter\CodeIgniter->handleRequest(null, Object(Config\Cache), false)
12 FCPATH\index.php(79): CodeIgniter\CodeIgniter->run()
