INFO - 2024-12-18 01:27:41 --> Session: Class initialized using 'CodeIgniter\Session\Handlers\FileHandler' driver.
INFO - 2024-12-18 01:29:01 --> Session: Class initialized using 'CodeIgniter\Session\Handlers\FileHandler' driver.
INFO - 2024-12-18 01:29:45 --> Session: Class initialized using 'CodeIgniter\Session\Handlers\FileHandler' driver.
INFO - 2024-12-18 01:33:30 --> Session: Class initialized using 'CodeIgniter\Session\Handlers\FileHandler' driver.
INFO - 2024-12-18 01:33:59 --> Session: Class initialized using 'CodeIgniter\Session\Handlers\FileHandler' driver.
INFO - 2024-12-18 01:34:02 --> Session: Class initialized using 'CodeIgniter\Session\Handlers\FileHandler' driver.
INFO - 2024-12-18 01:34:22 --> Session: Class initialized using 'CodeIgniter\Session\Handlers\FileHandler' driver.
INFO - 2024-12-18 01:34:26 --> Session: Class initialized using 'CodeIgniter\Session\Handlers\FileHandler' driver.
INFO - 2024-12-18 01:34:43 --> Session: Class initialized using 'CodeIgniter\Session\Handlers\FileHandler' driver.
INFO - 2024-12-18 01:34:58 --> Session: Class initialized using 'CodeIgniter\Session\Handlers\FileHandler' driver.
INFO - 2024-12-18 01:35:36 --> Session: Class initialized using 'CodeIgniter\Session\Handlers\FileHandler' driver.
INFO - 2024-12-18 01:36:11 --> Session: Class initialized using 'CodeIgniter\Session\Handlers\FileHandler' driver.
INFO - 2024-12-18 01:36:29 --> Session: Class initialized using 'CodeIgniter\Session\Handlers\FileHandler' driver.
INFO - 2024-12-18 01:36:50 --> Session: Class initialized using 'CodeIgniter\Session\Handlers\FileHandler' driver.
INFO - 2024-12-18 01:37:13 --> Session: Class initialized using 'CodeIgniter\Session\Handlers\FileHandler' driver.
INFO - 2024-12-18 01:38:50 --> Session: Class initialized using 'CodeIgniter\Session\Handlers\FileHandler' driver.
INFO - 2024-12-18 01:39:37 --> Session: Class initialized using 'CodeIgniter\Session\Handlers\FileHandler' driver.
INFO - 2024-12-18 01:39:53 --> Session: Class initialized using 'CodeIgniter\Session\Handlers\FileHandler' driver.
INFO - 2024-12-18 01:41:09 --> Session: Class initialized using 'CodeIgniter\Session\Handlers\FileHandler' driver.
INFO - 2024-12-18 01:41:28 --> Session: Class initialized using 'CodeIgniter\Session\Handlers\FileHandler' driver.
INFO - 2024-12-18 01:41:44 --> Session: Class initialized using 'CodeIgniter\Session\Handlers\FileHandler' driver.
INFO - 2024-12-18 01:44:59 --> Session: Class initialized using 'CodeIgniter\Session\Handlers\FileHandler' driver.
INFO - 2024-12-18 01:46:33 --> Session: Class initialized using 'CodeIgniter\Session\Handlers\FileHandler' driver.
INFO - 2024-12-18 01:46:43 --> Session: Class initialized using 'CodeIgniter\Session\Handlers\FileHandler' driver.
INFO - 2024-12-18 01:46:54 --> Session: Class initialized using 'CodeIgniter\Session\Handlers\FileHandler' driver.
INFO - 2024-12-18 01:50:29 --> Session: Class initialized using 'CodeIgniter\Session\Handlers\FileHandler' driver.
INFO - 2024-12-18 01:52:04 --> Session: Class initialized using 'CodeIgniter\Session\Handlers\FileHandler' driver.
INFO - 2024-12-18 01:52:21 --> Session: Class initialized using 'CodeIgniter\Session\Handlers\FileHandler' driver.
INFO - 2024-12-18 01:52:45 --> Session: Class initialized using 'CodeIgniter\Session\Handlers\FileHandler' driver.
INFO - 2024-12-18 01:52:56 --> Session: Class initialized using 'CodeIgniter\Session\Handlers\FileHandler' driver.
INFO - 2024-12-18 01:53:09 --> Session: Class initialized using 'CodeIgniter\Session\Handlers\FileHandler' driver.
INFO - 2024-12-18 01:54:07 --> Session: Class initialized using 'CodeIgniter\Session\Handlers\FileHandler' driver.
INFO - 2024-12-18 01:54:58 --> Session: Class initialized using 'CodeIgniter\Session\Handlers\FileHandler' driver.
INFO - 2024-12-18 01:58:58 --> Session: Class initialized using 'CodeIgniter\Session\Handlers\FileHandler' driver.
INFO - 2024-12-18 02:00:57 --> Session: Class initialized using 'CodeIgniter\Session\Handlers\FileHandler' driver.
INFO - 2024-12-18 02:01:21 --> Session: Class initialized using 'CodeIgniter\Session\Handlers\FileHandler' driver.
INFO - 2024-12-18 02:02:53 --> Session: Class initialized using 'CodeIgniter\Session\Handlers\FileHandler' driver.
INFO - 2024-12-18 02:04:30 --> Session: Class initialized using 'CodeIgniter\Session\Handlers\FileHandler' driver.
INFO - 2024-12-18 02:05:33 --> Session: Class initialized using 'CodeIgniter\Session\Handlers\FileHandler' driver.
INFO - 2024-12-18 02:06:05 --> Session: Class initialized using 'CodeIgniter\Session\Handlers\FileHandler' driver.
INFO - 2024-12-18 02:06:41 --> Session: Class initialized using 'CodeIgniter\Session\Handlers\FileHandler' driver.
INFO - 2024-12-18 02:09:09 --> Session: Class initialized using 'CodeIgniter\Session\Handlers\FileHandler' driver.
INFO - 2024-12-18 02:16:58 --> Session: Class initialized using 'CodeIgniter\Session\Handlers\FileHandler' driver.
INFO - 2024-12-18 02:17:26 --> Session: Class initialized using 'CodeIgniter\Session\Handlers\FileHandler' driver.
INFO - 2024-12-18 02:17:55 --> Session: Class initialized using 'CodeIgniter\Session\Handlers\FileHandler' driver.
INFO - 2024-12-18 02:18:37 --> Session: Class initialized using 'CodeIgniter\Session\Handlers\FileHandler' driver.
INFO - 2024-12-18 02:19:07 --> Session: Class initialized using 'CodeIgniter\Session\Handlers\FileHandler' driver.
INFO - 2024-12-18 02:21:27 --> Session: Class initialized using 'CodeIgniter\Session\Handlers\FileHandler' driver.
INFO - 2024-12-18 02:23:10 --> Session: Class initialized using 'CodeIgniter\Session\Handlers\FileHandler' driver.
INFO - 2024-12-18 02:24:15 --> Session: Class initialized using 'CodeIgniter\Session\Handlers\FileHandler' driver.
INFO - 2024-12-18 02:24:24 --> Session: Class initialized using 'CodeIgniter\Session\Handlers\FileHandler' driver.
INFO - 2024-12-18 02:24:46 --> Session: Class initialized using 'CodeIgniter\Session\Handlers\FileHandler' driver.
INFO - 2024-12-18 02:25:37 --> Session: Class initialized using 'CodeIgniter\Session\Handlers\FileHandler' driver.
INFO - 2024-12-18 02:26:51 --> Session: Class initialized using 'CodeIgniter\Session\Handlers\FileHandler' driver.
INFO - 2024-12-18 02:29:00 --> Session: Class initialized using 'CodeIgniter\Session\Handlers\FileHandler' driver.
INFO - 2024-12-18 02:29:27 --> Session: Class initialized using 'CodeIgniter\Session\Handlers\FileHandler' driver.
INFO - 2024-12-18 02:29:40 --> Session: Class initialized using 'CodeIgniter\Session\Handlers\FileHandler' driver.
INFO - 2024-12-18 02:30:33 --> Session: Class initialized using 'CodeIgniter\Session\Handlers\FileHandler' driver.
INFO - 2024-12-18 02:31:16 --> Session: Class initialized using 'CodeIgniter\Session\Handlers\FileHandler' driver.
INFO - 2024-12-18 02:31:38 --> Session: Class initialized using 'CodeIgniter\Session\Handlers\FileHandler' driver.
INFO - 2024-12-18 02:38:20 --> Session: Class initialized using 'CodeIgniter\Session\Handlers\FileHandler' driver.
INFO - 2024-12-18 02:38:48 --> Session: Class initialized using 'CodeIgniter\Session\Handlers\FileHandler' driver.
INFO - 2024-12-18 02:40:55 --> Session: Class initialized using 'CodeIgniter\Session\Handlers\FileHandler' driver.
INFO - 2024-12-18 02:41:35 --> Session: Class initialized using 'CodeIgniter\Session\Handlers\FileHandler' driver.
INFO - 2024-12-18 02:41:43 --> Session: Class initialized using 'CodeIgniter\Session\Handlers\FileHandler' driver.
INFO - 2024-12-18 02:42:06 --> Session: Class initialized using 'CodeIgniter\Session\Handlers\FileHandler' driver.
INFO - 2024-12-18 02:42:14 --> Session: Class initialized using 'CodeIgniter\Session\Handlers\FileHandler' driver.
INFO - 2024-12-18 02:42:47 --> Session: Class initialized using 'CodeIgniter\Session\Handlers\FileHandler' driver.
ERROR - 2024-12-18 05:38:38 --> ErrorException: pg_query(): Query failed: ERROR:  relation &quot;p00daftar&quot; does not exist
LINE 1: SELECT p00uid, p00username, p00emel from p00daftar
                                                 ^ in C:\laragon\www\pascav2\vendor\codeigniter4\framework\system\Database\Postgre\Connection.php:190
Stack trace:
#0 [internal function]: CodeIgniter\Debug\Exceptions->errorHandler(2, 'pg_query(): Que...', 'C:\\laragon\\www\\...', 190)
#1 C:\laragon\www\pascav2\vendor\codeigniter4\framework\system\Database\Postgre\Connection.php(190): pg_query(Object(PgSql\Connection), 'SELECT p00uid, ...')
#2 C:\laragon\www\pascav2\vendor\codeigniter4\framework\system\Database\BaseConnection.php(693): CodeIgniter\Database\Postgre\Connection->execute('SELECT p00uid, ...')
#3 C:\laragon\www\pascav2\vendor\codeigniter4\framework\system\Database\BaseConnection.php(607): CodeIgniter\Database\BaseConnection->simpleQuery('SELECT p00uid, ...')
#4 C:\laragon\www\pascav2\app\Controllers\LoginController.php(41): CodeIgniter\Database\BaseConnection->query('SELECT p00uid, ...')
#5 C:\laragon\www\pascav2\vendor\codeigniter4\framework\system\CodeIgniter.php(943): App\Controllers\LoginController->testDb()
#6 C:\laragon\www\pascav2\vendor\codeigniter4\framework\system\CodeIgniter.php(503): CodeIgniter\CodeIgniter->runController(Object(App\Controllers\LoginController))
#7 C:\laragon\www\pascav2\vendor\codeigniter4\framework\system\CodeIgniter.php(361): CodeIgniter\CodeIgniter->handleRequest(NULL, Object(Config\Cache), false)
#8 C:\laragon\www\pascav2\public\index.php(79): CodeIgniter\CodeIgniter->run()
#9 {main}
CRITICAL - 2024-12-18 05:38:38 --> CodeIgniter\Database\Exceptions\DatabaseException: pg_query(): Query failed: ERROR:  relation &quot;p00daftar&quot; does not exist
LINE 1: SELECT p00uid, p00username, p00emel from p00daftar
                                                 ^
in SYSTEMPATH\Database\BaseConnection.php on line 647.
 1 APPPATH\Controllers\LoginController.php(41): CodeIgniter\Database\BaseConnection->query('SELECT p00uid, p00username, p00emel from p00daftar')
 2 SYSTEMPATH\CodeIgniter.php(943): App\Controllers\LoginController->testDb()
 3 SYSTEMPATH\CodeIgniter.php(503): CodeIgniter\CodeIgniter->runController(Object(App\Controllers\LoginController))
 4 SYSTEMPATH\CodeIgniter.php(361): CodeIgniter\CodeIgniter->handleRequest(null, Object(Config\Cache), false)
 5 FCPATH\index.php(79): CodeIgniter\CodeIgniter->run()
CRITICAL - 2024-12-18 05:38:38 --> [Caused by] CodeIgniter\Database\Exceptions\DatabaseException: pg_query(): Query failed: ERROR:  relation &quot;p00daftar&quot; does not exist
LINE 1: SELECT p00uid, p00username, p00emel from p00daftar
                                                 ^
in SYSTEMPATH\Database\Postgre\Connection.php on line 195.
 1 SYSTEMPATH\Database\BaseConnection.php(693): CodeIgniter\Database\Postgre\Connection->execute('SELECT p00uid, p00username, p00emel from p00daftar')
 2 SYSTEMPATH\Database\BaseConnection.php(607): CodeIgniter\Database\BaseConnection->simpleQuery('SELECT p00uid, p00username, p00emel from p00daftar')
 3 APPPATH\Controllers\LoginController.php(41): CodeIgniter\Database\BaseConnection->query('SELECT p00uid, p00username, p00emel from p00daftar')
 4 SYSTEMPATH\CodeIgniter.php(943): App\Controllers\LoginController->testDb()
 5 SYSTEMPATH\CodeIgniter.php(503): CodeIgniter\CodeIgniter->runController(Object(App\Controllers\LoginController))
 6 SYSTEMPATH\CodeIgniter.php(361): CodeIgniter\CodeIgniter->handleRequest(null, Object(Config\Cache), false)
 7 FCPATH\index.php(79): CodeIgniter\CodeIgniter->run()
CRITICAL - 2024-12-18 05:38:38 --> [Caused by] ErrorException: pg_query(): Query failed: ERROR:  relation &quot;p00daftar&quot; does not exist
LINE 1: SELECT p00uid, p00username, p00emel from p00daftar
                                                 ^
in SYSTEMPATH\Database\Postgre\Connection.php on line 190.
 1 [internal function]: CodeIgniter\Debug\Exceptions->errorHandler(2, 'pg_query(): Query failed: ERROR:  relation &quot;p00daftar&quot; does not exist
LINE 1: SELECT p00uid, p00username, p00emel from p00daftar
                                                 ^', 'C:\\laragon\\www\\pascav2\\vendor\\codeigniter4\\framework\\system\\Database\\Postgre\\Connection.php', 190)
 2 SYSTEMPATH\Database\Postgre\Connection.php(190): pg_query(Object(PgSql\Connection), 'SELECT p00uid, p00username, p00emel from p00daftar')
 3 SYSTEMPATH\Database\BaseConnection.php(693): CodeIgniter\Database\Postgre\Connection->execute('SELECT p00uid, p00username, p00emel from p00daftar')
 4 SYSTEMPATH\Database\BaseConnection.php(607): CodeIgniter\Database\BaseConnection->simpleQuery('SELECT p00uid, p00username, p00emel from p00daftar')
 5 APPPATH\Controllers\LoginController.php(41): CodeIgniter\Database\BaseConnection->query('SELECT p00uid, p00username, p00emel from p00daftar')
 6 SYSTEMPATH\CodeIgniter.php(943): App\Controllers\LoginController->testDb()
 7 SYSTEMPATH\CodeIgniter.php(503): CodeIgniter\CodeIgniter->runController(Object(App\Controllers\LoginController))
 8 SYSTEMPATH\CodeIgniter.php(361): CodeIgniter\CodeIgniter->handleRequest(null, Object(Config\Cache), false)
 9 FCPATH\index.php(79): CodeIgniter\CodeIgniter->run()
CRITICAL - 2024-12-18 06:32:01 --> ErrorException: Undefined variable $postgreslocal
in APPPATH\Controllers\LoginController.php on line 41.
 1 APPPATH\Controllers\LoginController.php(41): CodeIgniter\Debug\Exceptions->errorHandler(2, 'Undefined variable $postgreslocal', 'C:\\laragon\\www\\pascav2\\app\\Controllers\\LoginController.php', 41)
 2 SYSTEMPATH\CodeIgniter.php(943): App\Controllers\LoginController->testDb()
 3 SYSTEMPATH\CodeIgniter.php(503): CodeIgniter\CodeIgniter->runController(Object(App\Controllers\LoginController))
 4 SYSTEMPATH\CodeIgniter.php(361): CodeIgniter\CodeIgniter->handleRequest(null, Object(Config\Cache), false)
 5 FCPATH\index.php(79): CodeIgniter\CodeIgniter->run()
CRITICAL - 2024-12-18 06:34:03 --> ErrorException: Undefined property: App\Controllers\LoginController::$postgres
in APPPATH\Controllers\LoginController.php on line 41.
 1 APPPATH\Controllers\LoginController.php(41): CodeIgniter\Debug\Exceptions->errorHandler(2, 'Undefined property: App\\Controllers\\LoginController::$postgres', 'C:\\laragon\\www\\pascav2\\app\\Controllers\\LoginController.php', 41)
 2 SYSTEMPATH\CodeIgniter.php(943): App\Controllers\LoginController->testDb()
 3 SYSTEMPATH\CodeIgniter.php(503): CodeIgniter\CodeIgniter->runController(Object(App\Controllers\LoginController))
 4 SYSTEMPATH\CodeIgniter.php(361): CodeIgniter\CodeIgniter->handleRequest(null, Object(Config\Cache), false)
 5 FCPATH\index.php(79): CodeIgniter\CodeIgniter->run()
CRITICAL - 2024-12-18 06:35:36 --> ErrorException: Undefined variable $db2
in APPPATH\Controllers\LoginController.php on line 41.
 1 APPPATH\Controllers\LoginController.php(41): CodeIgniter\Debug\Exceptions->errorHandler(2, 'Undefined variable $db2', 'C:\\laragon\\www\\pascav2\\app\\Controllers\\LoginController.php', 41)
 2 SYSTEMPATH\CodeIgniter.php(943): App\Controllers\LoginController->testDb()
 3 SYSTEMPATH\CodeIgniter.php(503): CodeIgniter\CodeIgniter->runController(Object(App\Controllers\LoginController))
 4 SYSTEMPATH\CodeIgniter.php(361): CodeIgniter\CodeIgniter->handleRequest(null, Object(Config\Cache), false)
 5 FCPATH\index.php(79): CodeIgniter\CodeIgniter->run()
CRITICAL - 2024-12-18 06:42:46 --> Error: Call to a member function insert() on null
in APPPATH\Controllers\LoginController.php on line 117.
 1 SYSTEMPATH\CodeIgniter.php(943): App\Controllers\LoginController->regnewlogin()
 2 SYSTEMPATH\CodeIgniter.php(503): CodeIgniter\CodeIgniter->runController(Object(App\Controllers\LoginController))
 3 SYSTEMPATH\CodeIgniter.php(361): CodeIgniter\CodeIgniter->handleRequest(null, Object(Config\Cache), false)
 4 FCPATH\index.php(79): CodeIgniter\CodeIgniter->run()
ERROR - 2024-12-18 06:47:33 --> ErrorException: pg_query(): Query failed: ERROR:  relation &quot;p00daftar&quot; does not exist
LINE 1: SELECT p00username, p00password, p00emel from p00daftar
                                                      ^ in C:\laragon\www\pascav2\vendor\codeigniter4\framework\system\Database\Postgre\Connection.php:190
Stack trace:
#0 [internal function]: CodeIgniter\Debug\Exceptions->errorHandler(2, 'pg_query(): Que...', 'C:\\laragon\\www\\...', 190)
#1 C:\laragon\www\pascav2\vendor\codeigniter4\framework\system\Database\Postgre\Connection.php(190): pg_query(Object(PgSql\Connection), 'SELECT p00usern...')
#2 C:\laragon\www\pascav2\vendor\codeigniter4\framework\system\Database\BaseConnection.php(693): CodeIgniter\Database\Postgre\Connection->execute('SELECT p00usern...')
#3 C:\laragon\www\pascav2\vendor\codeigniter4\framework\system\Database\BaseConnection.php(607): CodeIgniter\Database\BaseConnection->simpleQuery('SELECT p00usern...')
#4 C:\laragon\www\pascav2\app\Controllers\LoginController.php(40): CodeIgniter\Database\BaseConnection->query('SELECT p00usern...')
#5 C:\laragon\www\pascav2\vendor\codeigniter4\framework\system\CodeIgniter.php(943): App\Controllers\LoginController->testDb()
#6 C:\laragon\www\pascav2\vendor\codeigniter4\framework\system\CodeIgniter.php(503): CodeIgniter\CodeIgniter->runController(Object(App\Controllers\LoginController))
#7 C:\laragon\www\pascav2\vendor\codeigniter4\framework\system\CodeIgniter.php(361): CodeIgniter\CodeIgniter->handleRequest(NULL, Object(Config\Cache), false)
#8 C:\laragon\www\pascav2\public\index.php(79): CodeIgniter\CodeIgniter->run()
#9 {main}
CRITICAL - 2024-12-18 06:47:33 --> CodeIgniter\Database\Exceptions\DatabaseException: pg_query(): Query failed: ERROR:  relation &quot;p00daftar&quot; does not exist
LINE 1: SELECT p00username, p00password, p00emel from p00daftar
                                                      ^
in SYSTEMPATH\Database\BaseConnection.php on line 647.
 1 APPPATH\Controllers\LoginController.php(40): CodeIgniter\Database\BaseConnection->query('SELECT p00username, p00password, p00emel from p00daftar')
 2 SYSTEMPATH\CodeIgniter.php(943): App\Controllers\LoginController->testDb()
 3 SYSTEMPATH\CodeIgniter.php(503): CodeIgniter\CodeIgniter->runController(Object(App\Controllers\LoginController))
 4 SYSTEMPATH\CodeIgniter.php(361): CodeIgniter\CodeIgniter->handleRequest(null, Object(Config\Cache), false)
 5 FCPATH\index.php(79): CodeIgniter\CodeIgniter->run()
CRITICAL - 2024-12-18 06:47:33 --> [Caused by] CodeIgniter\Database\Exceptions\DatabaseException: pg_query(): Query failed: ERROR:  relation &quot;p00daftar&quot; does not exist
LINE 1: SELECT p00username, p00password, p00emel from p00daftar
                                                      ^
in SYSTEMPATH\Database\Postgre\Connection.php on line 195.
 1 SYSTEMPATH\Database\BaseConnection.php(693): CodeIgniter\Database\Postgre\Connection->execute('SELECT p00username, p00password, p00emel from p00daftar')
 2 SYSTEMPATH\Database\BaseConnection.php(607): CodeIgniter\Database\BaseConnection->simpleQuery('SELECT p00username, p00password, p00emel from p00daftar')
 3 APPPATH\Controllers\LoginController.php(40): CodeIgniter\Database\BaseConnection->query('SELECT p00username, p00password, p00emel from p00daftar')
 4 SYSTEMPATH\CodeIgniter.php(943): App\Controllers\LoginController->testDb()
 5 SYSTEMPATH\CodeIgniter.php(503): CodeIgniter\CodeIgniter->runController(Object(App\Controllers\LoginController))
 6 SYSTEMPATH\CodeIgniter.php(361): CodeIgniter\CodeIgniter->handleRequest(null, Object(Config\Cache), false)
 7 FCPATH\index.php(79): CodeIgniter\CodeIgniter->run()
CRITICAL - 2024-12-18 06:47:33 --> [Caused by] ErrorException: pg_query(): Query failed: ERROR:  relation &quot;p00daftar&quot; does not exist
LINE 1: SELECT p00username, p00password, p00emel from p00daftar
                                                      ^
in SYSTEMPATH\Database\Postgre\Connection.php on line 190.
 1 [internal function]: CodeIgniter\Debug\Exceptions->errorHandler(2, 'pg_query(): Query failed: ERROR:  relation &quot;p00daftar&quot; does not exist
LINE 1: SELECT p00username, p00password, p00emel from p00daftar
                                                      ^', 'C:\\laragon\\www\\pascav2\\vendor\\codeigniter4\\framework\\system\\Database\\Postgre\\Connection.php', 190)
 2 SYSTEMPATH\Database\Postgre\Connection.php(190): pg_query(Object(PgSql\Connection), 'SELECT p00username, p00password, p00emel from p00daftar')
 3 SYSTEMPATH\Database\BaseConnection.php(693): CodeIgniter\Database\Postgre\Connection->execute('SELECT p00username, p00password, p00emel from p00daftar')
 4 SYSTEMPATH\Database\BaseConnection.php(607): CodeIgniter\Database\BaseConnection->simpleQuery('SELECT p00username, p00password, p00emel from p00daftar')
 5 APPPATH\Controllers\LoginController.php(40): CodeIgniter\Database\BaseConnection->query('SELECT p00username, p00password, p00emel from p00daftar')
 6 SYSTEMPATH\CodeIgniter.php(943): App\Controllers\LoginController->testDb()
 7 SYSTEMPATH\CodeIgniter.php(503): CodeIgniter\CodeIgniter->runController(Object(App\Controllers\LoginController))
 8 SYSTEMPATH\CodeIgniter.php(361): CodeIgniter\CodeIgniter->handleRequest(null, Object(Config\Cache), false)
 9 FCPATH\index.php(79): CodeIgniter\CodeIgniter->run()
ERROR - 2024-12-18 06:48:43 --> ErrorException: pg_query(): Query failed: ERROR:  relation &quot;p00daftar&quot; does not exist
LINE 1: INSERT INTO &quot;p00daftar&quot; (&quot;p00username&quot;, &quot;p00password&quot;, &quot;p00e...
                    ^ in C:\laragon\www\pascav2\vendor\codeigniter4\framework\system\Database\Postgre\Connection.php:190
Stack trace:
#0 [internal function]: CodeIgniter\Debug\Exceptions->errorHandler(2, 'pg_query(): Que...', 'C:\\laragon\\www\\...', 190)
#1 C:\laragon\www\pascav2\vendor\codeigniter4\framework\system\Database\Postgre\Connection.php(190): pg_query(Object(PgSql\Connection), 'INSERT INTO "p0...')
#2 C:\laragon\www\pascav2\vendor\codeigniter4\framework\system\Database\BaseConnection.php(693): CodeIgniter\Database\Postgre\Connection->execute('INSERT INTO "p0...')
#3 C:\laragon\www\pascav2\vendor\codeigniter4\framework\system\Database\BaseConnection.php(607): CodeIgniter\Database\BaseConnection->simpleQuery('INSERT INTO "p0...')
#4 C:\laragon\www\pascav2\vendor\codeigniter4\framework\system\Database\BaseBuilder.php(2307): CodeIgniter\Database\BaseConnection->query('INSERT INTO "p0...', Array, false)
#5 C:\laragon\www\pascav2\vendor\codeigniter4\framework\system\Model.php(327): CodeIgniter\Database\BaseBuilder->insert()
#6 C:\laragon\www\pascav2\vendor\codeigniter4\framework\system\BaseModel.php(805): CodeIgniter\Model->doInsert(Array)
#7 C:\laragon\www\pascav2\vendor\codeigniter4\framework\system\Model.php(749): CodeIgniter\BaseModel->insert(Array, true)
#8 C:\laragon\www\pascav2\app\Controllers\LoginController.php(123): CodeIgniter\Model->insert(Array)
#9 C:\laragon\www\pascav2\vendor\codeigniter4\framework\system\CodeIgniter.php(943): App\Controllers\LoginController->regnewlogin()
#10 C:\laragon\www\pascav2\vendor\codeigniter4\framework\system\CodeIgniter.php(503): CodeIgniter\CodeIgniter->runController(Object(App\Controllers\LoginController))
#11 C:\laragon\www\pascav2\vendor\codeigniter4\framework\system\CodeIgniter.php(361): CodeIgniter\CodeIgniter->handleRequest(NULL, Object(Config\Cache), false)
#12 C:\laragon\www\pascav2\public\index.php(79): CodeIgniter\CodeIgniter->run()
#13 {main}
CRITICAL - 2024-12-18 06:48:43 --> CodeIgniter\Database\Exceptions\DatabaseException: pg_query(): Query failed: ERROR:  relation &quot;p00daftar&quot; does not exist
LINE 1: INSERT INTO &quot;p00daftar&quot; (&quot;p00username&quot;, &quot;p00password&quot;, &quot;p00e...
                    ^
in SYSTEMPATH\Database\BaseConnection.php on line 647.
 1 SYSTEMPATH\Database\BaseBuilder.php(2307): CodeIgniter\Database\BaseConnection->query('INSERT INTO "p00daftar" ("p00username", "p00password", "p00emel", "p00katwarga", "p000statsahreg", "p00verifycode") VALUES (:p00username:, :p00password:, :p00emel:, :p00katwarga:, :p000statsahreg:, :p00verifycode:)', [...], false)
 2 SYSTEMPATH\Model.php(327): CodeIgniter\Database\BaseBuilder->insert()
 3 SYSTEMPATH\BaseModel.php(805): CodeIgniter\Model->doInsert([...])
 4 SYSTEMPATH\Model.php(749): CodeIgniter\BaseModel->insert([...], true)
 5 APPPATH\Controllers\LoginController.php(123): CodeIgniter\Model->insert([...])
 6 SYSTEMPATH\CodeIgniter.php(943): App\Controllers\LoginController->regnewlogin()
 7 SYSTEMPATH\CodeIgniter.php(503): CodeIgniter\CodeIgniter->runController(Object(App\Controllers\LoginController))
 8 SYSTEMPATH\CodeIgniter.php(361): CodeIgniter\CodeIgniter->handleRequest(null, Object(Config\Cache), false)
 9 FCPATH\index.php(79): CodeIgniter\CodeIgniter->run()
CRITICAL - 2024-12-18 06:48:43 --> [Caused by] CodeIgniter\Database\Exceptions\DatabaseException: pg_query(): Query failed: ERROR:  relation &quot;p00daftar&quot; does not exist
LINE 1: INSERT INTO &quot;p00daftar&quot; (&quot;p00username&quot;, &quot;p00password&quot;, &quot;p00e...
                    ^
in SYSTEMPATH\Database\Postgre\Connection.php on line 195.
 1 SYSTEMPATH\Database\BaseConnection.php(693): CodeIgniter\Database\Postgre\Connection->execute('INSERT INTO "p00daftar" ("p00username", "p00password", "p00emel", "p00katwarga", "p000statsahreg", "p00verifycode") VALUES (\'2000\', \'2000\', \'yani4686@gmail.com\', \'M\', \'0\', \'5c263adc28cd66bfd085f96db244d773\')')
 2 SYSTEMPATH\Database\BaseConnection.php(607): CodeIgniter\Database\BaseConnection->simpleQuery('INSERT INTO "p00daftar" ("p00username", "p00password", "p00emel", "p00katwarga", "p000statsahreg", "p00verifycode") VALUES (\'2000\', \'2000\', \'yani4686@gmail.com\', \'M\', \'0\', \'5c263adc28cd66bfd085f96db244d773\')')
 3 SYSTEMPATH\Database\BaseBuilder.php(2307): CodeIgniter\Database\BaseConnection->query('INSERT INTO "p00daftar" ("p00username", "p00password", "p00emel", "p00katwarga", "p000statsahreg", "p00verifycode") VALUES (:p00username:, :p00password:, :p00emel:, :p00katwarga:, :p000statsahreg:, :p00verifycode:)', [...], false)
 4 SYSTEMPATH\Model.php(327): CodeIgniter\Database\BaseBuilder->insert()
 5 SYSTEMPATH\BaseModel.php(805): CodeIgniter\Model->doInsert([...])
 6 SYSTEMPATH\Model.php(749): CodeIgniter\BaseModel->insert([...], true)
 7 APPPATH\Controllers\LoginController.php(123): CodeIgniter\Model->insert([...])
 8 SYSTEMPATH\CodeIgniter.php(943): App\Controllers\LoginController->regnewlogin()
 9 SYSTEMPATH\CodeIgniter.php(503): CodeIgniter\CodeIgniter->runController(Object(App\Controllers\LoginController))
10 SYSTEMPATH\CodeIgniter.php(361): CodeIgniter\CodeIgniter->handleRequest(null, Object(Config\Cache), false)
11 FCPATH\index.php(79): CodeIgniter\CodeIgniter->run()
CRITICAL - 2024-12-18 06:48:43 --> [Caused by] ErrorException: pg_query(): Query failed: ERROR:  relation &quot;p00daftar&quot; does not exist
LINE 1: INSERT INTO &quot;p00daftar&quot; (&quot;p00username&quot;, &quot;p00password&quot;, &quot;p00e...
                    ^
in SYSTEMPATH\Database\Postgre\Connection.php on line 190.
 1 [internal function]: CodeIgniter\Debug\Exceptions->errorHandler(2, 'pg_query(): Query failed: ERROR:  relation &quot;p00daftar&quot; does not exist
LINE 1: INSERT INTO &quot;p00daftar&quot; (&quot;p00username&quot;, &quot;p00password&quot;, &quot;p00e...
                    ^', 'C:\\laragon\\www\\pascav2\\vendor\\codeigniter4\\framework\\system\\Database\\Postgre\\Connection.php', 190)
 2 SYSTEMPATH\Database\Postgre\Connection.php(190): pg_query(Object(PgSql\Connection), 'INSERT INTO "p00daftar" ("p00username", "p00password", "p00emel", "p00katwarga", "p000statsahreg", "p00verifycode") VALUES (\'2000\', \'2000\', \'yani4686@gmail.com\', \'M\', \'0\', \'5c263adc28cd66bfd085f96db244d773\')')
 3 SYSTEMPATH\Database\BaseConnection.php(693): CodeIgniter\Database\Postgre\Connection->execute('INSERT INTO "p00daftar" ("p00username", "p00password", "p00emel", "p00katwarga", "p000statsahreg", "p00verifycode") VALUES (\'2000\', \'2000\', \'yani4686@gmail.com\', \'M\', \'0\', \'5c263adc28cd66bfd085f96db244d773\')')
 4 SYSTEMPATH\Database\BaseConnection.php(607): CodeIgniter\Database\BaseConnection->simpleQuery('INSERT INTO "p00daftar" ("p00username", "p00password", "p00emel", "p00katwarga", "p000statsahreg", "p00verifycode") VALUES (\'2000\', \'2000\', \'yani4686@gmail.com\', \'M\', \'0\', \'5c263adc28cd66bfd085f96db244d773\')')
 5 SYSTEMPATH\Database\BaseBuilder.php(2307): CodeIgniter\Database\BaseConnection->query('INSERT INTO "p00daftar" ("p00username", "p00password", "p00emel", "p00katwarga", "p000statsahreg", "p00verifycode") VALUES (:p00username:, :p00password:, :p00emel:, :p00katwarga:, :p000statsahreg:, :p00verifycode:)', [...], false)
 6 SYSTEMPATH\Model.php(327): CodeIgniter\Database\BaseBuilder->insert()
 7 SYSTEMPATH\BaseModel.php(805): CodeIgniter\Model->doInsert([...])
 8 SYSTEMPATH\Model.php(749): CodeIgniter\BaseModel->insert([...], true)
 9 APPPATH\Controllers\LoginController.php(123): CodeIgniter\Model->insert([...])
10 SYSTEMPATH\CodeIgniter.php(943): App\Controllers\LoginController->regnewlogin()
11 SYSTEMPATH\CodeIgniter.php(503): CodeIgniter\CodeIgniter->runController(Object(App\Controllers\LoginController))
12 SYSTEMPATH\CodeIgniter.php(361): CodeIgniter\CodeIgniter->handleRequest(null, Object(Config\Cache), false)
13 FCPATH\index.php(79): CodeIgniter\CodeIgniter->run()
ERROR - 2024-12-18 06:50:00 --> ErrorException: pg_query(): Query failed: ERROR:  null value in column &quot;p00uid&quot; of relation &quot;p00daftar&quot; violates not-null constraint
DETAIL:  Failing row contains (null, 2000, 2000, yani4686@gmail.com, M, 0, f1e591acf6813ebf53abe808818b938d). in C:\laragon\www\pascav2\vendor\codeigniter4\framework\system\Database\Postgre\Connection.php:190
Stack trace:
#0 [internal function]: CodeIgniter\Debug\Exceptions->errorHandler(2, 'pg_query(): Que...', 'C:\\laragon\\www\\...', 190)
#1 C:\laragon\www\pascav2\vendor\codeigniter4\framework\system\Database\Postgre\Connection.php(190): pg_query(Object(PgSql\Connection), 'INSERT INTO "pp...')
#2 C:\laragon\www\pascav2\vendor\codeigniter4\framework\system\Database\BaseConnection.php(693): CodeIgniter\Database\Postgre\Connection->execute('INSERT INTO "pp...')
#3 C:\laragon\www\pascav2\vendor\codeigniter4\framework\system\Database\BaseConnection.php(607): CodeIgniter\Database\BaseConnection->simpleQuery('INSERT INTO "pp...')
#4 C:\laragon\www\pascav2\vendor\codeigniter4\framework\system\Database\BaseBuilder.php(2307): CodeIgniter\Database\BaseConnection->query('INSERT INTO "pp...', Array, false)
#5 C:\laragon\www\pascav2\vendor\codeigniter4\framework\system\Model.php(327): CodeIgniter\Database\BaseBuilder->insert()
#6 C:\laragon\www\pascav2\vendor\codeigniter4\framework\system\BaseModel.php(805): CodeIgniter\Model->doInsert(Array)
#7 C:\laragon\www\pascav2\vendor\codeigniter4\framework\system\Model.php(749): CodeIgniter\BaseModel->insert(Array, true)
#8 C:\laragon\www\pascav2\app\Controllers\LoginController.php(123): CodeIgniter\Model->insert(Array)
#9 C:\laragon\www\pascav2\vendor\codeigniter4\framework\system\CodeIgniter.php(943): App\Controllers\LoginController->regnewlogin()
#10 C:\laragon\www\pascav2\vendor\codeigniter4\framework\system\CodeIgniter.php(503): CodeIgniter\CodeIgniter->runController(Object(App\Controllers\LoginController))
#11 C:\laragon\www\pascav2\vendor\codeigniter4\framework\system\CodeIgniter.php(361): CodeIgniter\CodeIgniter->handleRequest(NULL, Object(Config\Cache), false)
#12 C:\laragon\www\pascav2\public\index.php(79): CodeIgniter\CodeIgniter->run()
#13 {main}
CRITICAL - 2024-12-18 06:50:00 --> CodeIgniter\Database\Exceptions\DatabaseException: pg_query(): Query failed: ERROR:  null value in column &quot;p00uid&quot; of relation &quot;p00daftar&quot; violates not-null constraint
DETAIL:  Failing row contains (null, 2000, 2000, yani4686@gmail.com, M, 0, f1e591acf6813ebf53abe808818b938d).
in SYSTEMPATH\Database\BaseConnection.php on line 647.
 1 SYSTEMPATH\Database\BaseBuilder.php(2307): CodeIgniter\Database\BaseConnection->query('INSERT INTO "ppsdblocal"."p00daftar" ("p00username", "p00password", "p00emel", "p00katwarga", "p000statsahreg", "p00verifycode") VALUES (:p00username:, :p00password:, :p00emel:, :p00katwarga:, :p000statsahreg:, :p00verifycode:)', [...], false)
 2 SYSTEMPATH\Model.php(327): CodeIgniter\Database\BaseBuilder->insert()
 3 SYSTEMPATH\BaseModel.php(805): CodeIgniter\Model->doInsert([...])
 4 SYSTEMPATH\Model.php(749): CodeIgniter\BaseModel->insert([...], true)
 5 APPPATH\Controllers\LoginController.php(123): CodeIgniter\Model->insert([...])
 6 SYSTEMPATH\CodeIgniter.php(943): App\Controllers\LoginController->regnewlogin()
 7 SYSTEMPATH\CodeIgniter.php(503): CodeIgniter\CodeIgniter->runController(Object(App\Controllers\LoginController))
 8 SYSTEMPATH\CodeIgniter.php(361): CodeIgniter\CodeIgniter->handleRequest(null, Object(Config\Cache), false)
 9 FCPATH\index.php(79): CodeIgniter\CodeIgniter->run()
CRITICAL - 2024-12-18 06:50:00 --> [Caused by] CodeIgniter\Database\Exceptions\DatabaseException: pg_query(): Query failed: ERROR:  null value in column &quot;p00uid&quot; of relation &quot;p00daftar&quot; violates not-null constraint
DETAIL:  Failing row contains (null, 2000, 2000, yani4686@gmail.com, M, 0, f1e591acf6813ebf53abe808818b938d).
in SYSTEMPATH\Database\Postgre\Connection.php on line 195.
 1 SYSTEMPATH\Database\BaseConnection.php(693): CodeIgniter\Database\Postgre\Connection->execute('INSERT INTO "ppsdblocal"."p00daftar" ("p00username", "p00password", "p00emel", "p00katwarga", "p000statsahreg", "p00verifycode") VALUES (\'2000\', \'2000\', \'yani4686@gmail.com\', \'M\', \'0\', \'f1e591acf6813ebf53abe808818b938d\')')
 2 SYSTEMPATH\Database\BaseConnection.php(607): CodeIgniter\Database\BaseConnection->simpleQuery('INSERT INTO "ppsdblocal"."p00daftar" ("p00username", "p00password", "p00emel", "p00katwarga", "p000statsahreg", "p00verifycode") VALUES (\'2000\', \'2000\', \'yani4686@gmail.com\', \'M\', \'0\', \'f1e591acf6813ebf53abe808818b938d\')')
 3 SYSTEMPATH\Database\BaseBuilder.php(2307): CodeIgniter\Database\BaseConnection->query('INSERT INTO "ppsdblocal"."p00daftar" ("p00username", "p00password", "p00emel", "p00katwarga", "p000statsahreg", "p00verifycode") VALUES (:p00username:, :p00password:, :p00emel:, :p00katwarga:, :p000statsahreg:, :p00verifycode:)', [...], false)
 4 SYSTEMPATH\Model.php(327): CodeIgniter\Database\BaseBuilder->insert()
 5 SYSTEMPATH\BaseModel.php(805): CodeIgniter\Model->doInsert([...])
 6 SYSTEMPATH\Model.php(749): CodeIgniter\BaseModel->insert([...], true)
 7 APPPATH\Controllers\LoginController.php(123): CodeIgniter\Model->insert([...])
 8 SYSTEMPATH\CodeIgniter.php(943): App\Controllers\LoginController->regnewlogin()
 9 SYSTEMPATH\CodeIgniter.php(503): CodeIgniter\CodeIgniter->runController(Object(App\Controllers\LoginController))
10 SYSTEMPATH\CodeIgniter.php(361): CodeIgniter\CodeIgniter->handleRequest(null, Object(Config\Cache), false)
11 FCPATH\index.php(79): CodeIgniter\CodeIgniter->run()
CRITICAL - 2024-12-18 06:50:00 --> [Caused by] ErrorException: pg_query(): Query failed: ERROR:  null value in column &quot;p00uid&quot; of relation &quot;p00daftar&quot; violates not-null constraint
DETAIL:  Failing row contains (null, 2000, 2000, yani4686@gmail.com, M, 0, f1e591acf6813ebf53abe808818b938d).
in SYSTEMPATH\Database\Postgre\Connection.php on line 190.
 1 [internal function]: CodeIgniter\Debug\Exceptions->errorHandler(2, 'pg_query(): Query failed: ERROR:  null value in column &quot;p00uid&quot; of relation &quot;p00daftar&quot; violates not-null constraint
DETAIL:  Failing row contains (null, 2000, 2000, yani4686@gmail.com, M, 0, f1e591acf6813ebf53abe808818b938d).', 'C:\\laragon\\www\\pascav2\\vendor\\codeigniter4\\framework\\system\\Database\\Postgre\\Connection.php', 190)
 2 SYSTEMPATH\Database\Postgre\Connection.php(190): pg_query(Object(PgSql\Connection), 'INSERT INTO "ppsdblocal"."p00daftar" ("p00username", "p00password", "p00emel", "p00katwarga", "p000statsahreg", "p00verifycode") VALUES (\'2000\', \'2000\', \'yani4686@gmail.com\', \'M\', \'0\', \'f1e591acf6813ebf53abe808818b938d\')')
 3 SYSTEMPATH\Database\BaseConnection.php(693): CodeIgniter\Database\Postgre\Connection->execute('INSERT INTO "ppsdblocal"."p00daftar" ("p00username", "p00password", "p00emel", "p00katwarga", "p000statsahreg", "p00verifycode") VALUES (\'2000\', \'2000\', \'yani4686@gmail.com\', \'M\', \'0\', \'f1e591acf6813ebf53abe808818b938d\')')
 4 SYSTEMPATH\Database\BaseConnection.php(607): CodeIgniter\Database\BaseConnection->simpleQuery('INSERT INTO "ppsdblocal"."p00daftar" ("p00username", "p00password", "p00emel", "p00katwarga", "p000statsahreg", "p00verifycode") VALUES (\'2000\', \'2000\', \'yani4686@gmail.com\', \'M\', \'0\', \'f1e591acf6813ebf53abe808818b938d\')')
 5 SYSTEMPATH\Database\BaseBuilder.php(2307): CodeIgniter\Database\BaseConnection->query('INSERT INTO "ppsdblocal"."p00daftar" ("p00username", "p00password", "p00emel", "p00katwarga", "p000statsahreg", "p00verifycode") VALUES (:p00username:, :p00password:, :p00emel:, :p00katwarga:, :p000statsahreg:, :p00verifycode:)', [...], false)
 6 SYSTEMPATH\Model.php(327): CodeIgniter\Database\BaseBuilder->insert()
 7 SYSTEMPATH\BaseModel.php(805): CodeIgniter\Model->doInsert([...])
 8 SYSTEMPATH\Model.php(749): CodeIgniter\BaseModel->insert([...], true)
 9 APPPATH\Controllers\LoginController.php(123): CodeIgniter\Model->insert([...])
10 SYSTEMPATH\CodeIgniter.php(943): App\Controllers\LoginController->regnewlogin()
11 SYSTEMPATH\CodeIgniter.php(503): CodeIgniter\CodeIgniter->runController(Object(App\Controllers\LoginController))
12 SYSTEMPATH\CodeIgniter.php(361): CodeIgniter\CodeIgniter->handleRequest(null, Object(Config\Cache), false)
13 FCPATH\index.php(79): CodeIgniter\CodeIgniter->run()
ERROR - 2024-12-18 06:50:26 --> ErrorException: pg_query(): Query failed: ERROR:  null value in column &quot;p00uid&quot; of relation &quot;p00daftar&quot; violates not-null constraint
DETAIL:  Failing row contains (null, 2000, 2000, yani4686@gmail.com, M, 0, 9da990354a3ef1595a31ae2018f94dfe). in C:\laragon\www\pascav2\vendor\codeigniter4\framework\system\Database\Postgre\Connection.php:190
Stack trace:
#0 [internal function]: CodeIgniter\Debug\Exceptions->errorHandler(2, 'pg_query(): Que...', 'C:\\laragon\\www\\...', 190)
#1 C:\laragon\www\pascav2\vendor\codeigniter4\framework\system\Database\Postgre\Connection.php(190): pg_query(Object(PgSql\Connection), 'INSERT INTO "pp...')
#2 C:\laragon\www\pascav2\vendor\codeigniter4\framework\system\Database\BaseConnection.php(693): CodeIgniter\Database\Postgre\Connection->execute('INSERT INTO "pp...')
#3 C:\laragon\www\pascav2\vendor\codeigniter4\framework\system\Database\BaseConnection.php(607): CodeIgniter\Database\BaseConnection->simpleQuery('INSERT INTO "pp...')
#4 C:\laragon\www\pascav2\vendor\codeigniter4\framework\system\Database\BaseBuilder.php(2307): CodeIgniter\Database\BaseConnection->query('INSERT INTO "pp...', Array, false)
#5 C:\laragon\www\pascav2\vendor\codeigniter4\framework\system\Model.php(327): CodeIgniter\Database\BaseBuilder->insert()
#6 C:\laragon\www\pascav2\vendor\codeigniter4\framework\system\BaseModel.php(805): CodeIgniter\Model->doInsert(Array)
#7 C:\laragon\www\pascav2\vendor\codeigniter4\framework\system\Model.php(749): CodeIgniter\BaseModel->insert(Array, true)
#8 C:\laragon\www\pascav2\app\Controllers\LoginController.php(123): CodeIgniter\Model->insert(Array)
#9 C:\laragon\www\pascav2\vendor\codeigniter4\framework\system\CodeIgniter.php(943): App\Controllers\LoginController->regnewlogin()
#10 C:\laragon\www\pascav2\vendor\codeigniter4\framework\system\CodeIgniter.php(503): CodeIgniter\CodeIgniter->runController(Object(App\Controllers\LoginController))
#11 C:\laragon\www\pascav2\vendor\codeigniter4\framework\system\CodeIgniter.php(361): CodeIgniter\CodeIgniter->handleRequest(NULL, Object(Config\Cache), false)
#12 C:\laragon\www\pascav2\public\index.php(79): CodeIgniter\CodeIgniter->run()
#13 {main}
CRITICAL - 2024-12-18 06:50:26 --> CodeIgniter\Database\Exceptions\DatabaseException: pg_query(): Query failed: ERROR:  null value in column &quot;p00uid&quot; of relation &quot;p00daftar&quot; violates not-null constraint
DETAIL:  Failing row contains (null, 2000, 2000, yani4686@gmail.com, M, 0, 9da990354a3ef1595a31ae2018f94dfe).
in SYSTEMPATH\Database\BaseConnection.php on line 647.
 1 SYSTEMPATH\Database\BaseBuilder.php(2307): CodeIgniter\Database\BaseConnection->query('INSERT INTO "ppsdblocal"."p00daftar" ("p00username", "p00password", "p00emel", "p00katwarga", "p000statsahreg", "p00verifycode") VALUES (:p00username:, :p00password:, :p00emel:, :p00katwarga:, :p000statsahreg:, :p00verifycode:)', [...], false)
 2 SYSTEMPATH\Model.php(327): CodeIgniter\Database\BaseBuilder->insert()
 3 SYSTEMPATH\BaseModel.php(805): CodeIgniter\Model->doInsert([...])
 4 SYSTEMPATH\Model.php(749): CodeIgniter\BaseModel->insert([...], true)
 5 APPPATH\Controllers\LoginController.php(123): CodeIgniter\Model->insert([...])
 6 SYSTEMPATH\CodeIgniter.php(943): App\Controllers\LoginController->regnewlogin()
 7 SYSTEMPATH\CodeIgniter.php(503): CodeIgniter\CodeIgniter->runController(Object(App\Controllers\LoginController))
 8 SYSTEMPATH\CodeIgniter.php(361): CodeIgniter\CodeIgniter->handleRequest(null, Object(Config\Cache), false)
 9 FCPATH\index.php(79): CodeIgniter\CodeIgniter->run()
CRITICAL - 2024-12-18 06:50:26 --> [Caused by] CodeIgniter\Database\Exceptions\DatabaseException: pg_query(): Query failed: ERROR:  null value in column &quot;p00uid&quot; of relation &quot;p00daftar&quot; violates not-null constraint
DETAIL:  Failing row contains (null, 2000, 2000, yani4686@gmail.com, M, 0, 9da990354a3ef1595a31ae2018f94dfe).
in SYSTEMPATH\Database\Postgre\Connection.php on line 195.
 1 SYSTEMPATH\Database\BaseConnection.php(693): CodeIgniter\Database\Postgre\Connection->execute('INSERT INTO "ppsdblocal"."p00daftar" ("p00username", "p00password", "p00emel", "p00katwarga", "p000statsahreg", "p00verifycode") VALUES (\'2000\', \'2000\', \'yani4686@gmail.com\', \'M\', \'0\', \'9da990354a3ef1595a31ae2018f94dfe\')')
 2 SYSTEMPATH\Database\BaseConnection.php(607): CodeIgniter\Database\BaseConnection->simpleQuery('INSERT INTO "ppsdblocal"."p00daftar" ("p00username", "p00password", "p00emel", "p00katwarga", "p000statsahreg", "p00verifycode") VALUES (\'2000\', \'2000\', \'yani4686@gmail.com\', \'M\', \'0\', \'9da990354a3ef1595a31ae2018f94dfe\')')
 3 SYSTEMPATH\Database\BaseBuilder.php(2307): CodeIgniter\Database\BaseConnection->query('INSERT INTO "ppsdblocal"."p00daftar" ("p00username", "p00password", "p00emel", "p00katwarga", "p000statsahreg", "p00verifycode") VALUES (:p00username:, :p00password:, :p00emel:, :p00katwarga:, :p000statsahreg:, :p00verifycode:)', [...], false)
 4 SYSTEMPATH\Model.php(327): CodeIgniter\Database\BaseBuilder->insert()
 5 SYSTEMPATH\BaseModel.php(805): CodeIgniter\Model->doInsert([...])
 6 SYSTEMPATH\Model.php(749): CodeIgniter\BaseModel->insert([...], true)
 7 APPPATH\Controllers\LoginController.php(123): CodeIgniter\Model->insert([...])
 8 SYSTEMPATH\CodeIgniter.php(943): App\Controllers\LoginController->regnewlogin()
 9 SYSTEMPATH\CodeIgniter.php(503): CodeIgniter\CodeIgniter->runController(Object(App\Controllers\LoginController))
10 SYSTEMPATH\CodeIgniter.php(361): CodeIgniter\CodeIgniter->handleRequest(null, Object(Config\Cache), false)
11 FCPATH\index.php(79): CodeIgniter\CodeIgniter->run()
CRITICAL - 2024-12-18 06:50:26 --> [Caused by] ErrorException: pg_query(): Query failed: ERROR:  null value in column &quot;p00uid&quot; of relation &quot;p00daftar&quot; violates not-null constraint
DETAIL:  Failing row contains (null, 2000, 2000, yani4686@gmail.com, M, 0, 9da990354a3ef1595a31ae2018f94dfe).
in SYSTEMPATH\Database\Postgre\Connection.php on line 190.
 1 [internal function]: CodeIgniter\Debug\Exceptions->errorHandler(2, 'pg_query(): Query failed: ERROR:  null value in column &quot;p00uid&quot; of relation &quot;p00daftar&quot; violates not-null constraint
DETAIL:  Failing row contains (null, 2000, 2000, yani4686@gmail.com, M, 0, 9da990354a3ef1595a31ae2018f94dfe).', 'C:\\laragon\\www\\pascav2\\vendor\\codeigniter4\\framework\\system\\Database\\Postgre\\Connection.php', 190)
 2 SYSTEMPATH\Database\Postgre\Connection.php(190): pg_query(Object(PgSql\Connection), 'INSERT INTO "ppsdblocal"."p00daftar" ("p00username", "p00password", "p00emel", "p00katwarga", "p000statsahreg", "p00verifycode") VALUES (\'2000\', \'2000\', \'yani4686@gmail.com\', \'M\', \'0\', \'9da990354a3ef1595a31ae2018f94dfe\')')
 3 SYSTEMPATH\Database\BaseConnection.php(693): CodeIgniter\Database\Postgre\Connection->execute('INSERT INTO "ppsdblocal"."p00daftar" ("p00username", "p00password", "p00emel", "p00katwarga", "p000statsahreg", "p00verifycode") VALUES (\'2000\', \'2000\', \'yani4686@gmail.com\', \'M\', \'0\', \'9da990354a3ef1595a31ae2018f94dfe\')')
 4 SYSTEMPATH\Database\BaseConnection.php(607): CodeIgniter\Database\BaseConnection->simpleQuery('INSERT INTO "ppsdblocal"."p00daftar" ("p00username", "p00password", "p00emel", "p00katwarga", "p000statsahreg", "p00verifycode") VALUES (\'2000\', \'2000\', \'yani4686@gmail.com\', \'M\', \'0\', \'9da990354a3ef1595a31ae2018f94dfe\')')
 5 SYSTEMPATH\Database\BaseBuilder.php(2307): CodeIgniter\Database\BaseConnection->query('INSERT INTO "ppsdblocal"."p00daftar" ("p00username", "p00password", "p00emel", "p00katwarga", "p000statsahreg", "p00verifycode") VALUES (:p00username:, :p00password:, :p00emel:, :p00katwarga:, :p000statsahreg:, :p00verifycode:)', [...], false)
 6 SYSTEMPATH\Model.php(327): CodeIgniter\Database\BaseBuilder->insert()
 7 SYSTEMPATH\BaseModel.php(805): CodeIgniter\Model->doInsert([...])
 8 SYSTEMPATH\Model.php(749): CodeIgniter\BaseModel->insert([...], true)
 9 APPPATH\Controllers\LoginController.php(123): CodeIgniter\Model->insert([...])
10 SYSTEMPATH\CodeIgniter.php(943): App\Controllers\LoginController->regnewlogin()
11 SYSTEMPATH\CodeIgniter.php(503): CodeIgniter\CodeIgniter->runController(Object(App\Controllers\LoginController))
12 SYSTEMPATH\CodeIgniter.php(361): CodeIgniter\CodeIgniter->handleRequest(null, Object(Config\Cache), false)
13 FCPATH\index.php(79): CodeIgniter\CodeIgniter->run()
ERROR - 2024-12-18 06:59:56 --> ErrorException: pg_query(): Query failed: ERROR:  relation &quot;p001&quot; does not exist
LINE 2: ...Time&quot; when &quot;2&quot; then &quot;Park Time&quot; end as modebelajar from p001
                                                                   ^ in C:\laragon\www\pascav2\vendor\codeigniter4\framework\system\Database\Postgre\Connection.php:190
Stack trace:
#0 [internal function]: CodeIgniter\Debug\Exceptions->errorHandler(2, 'pg_query(): Que...', 'C:\\laragon\\www\\...', 190)
#1 C:\laragon\www\pascav2\vendor\codeigniter4\framework\system\Database\Postgre\Connection.php(190): pg_query(Object(PgSql\Connection), 'SELECT p001nokp...')
#2 C:\laragon\www\pascav2\vendor\codeigniter4\framework\system\Database\BaseConnection.php(693): CodeIgniter\Database\Postgre\Connection->execute('SELECT p001nokp...')
#3 C:\laragon\www\pascav2\vendor\codeigniter4\framework\system\Database\BaseConnection.php(607): CodeIgniter\Database\BaseConnection->simpleQuery('SELECT p001nokp...')
#4 C:\laragon\www\pascav2\app\Controllers\SaringController.php(21): CodeIgniter\Database\BaseConnection->query('SELECT p001nokp...')
#5 C:\laragon\www\pascav2\vendor\codeigniter4\framework\system\CodeIgniter.php(943): App\Controllers\SaringController->retpermohonan()
#6 C:\laragon\www\pascav2\vendor\codeigniter4\framework\system\CodeIgniter.php(503): CodeIgniter\CodeIgniter->runController(Object(App\Controllers\SaringController))
#7 C:\laragon\www\pascav2\vendor\codeigniter4\framework\system\CodeIgniter.php(361): CodeIgniter\CodeIgniter->handleRequest(NULL, Object(Config\Cache), false)
#8 C:\laragon\www\pascav2\public\index.php(79): CodeIgniter\CodeIgniter->run()
#9 {main}
CRITICAL - 2024-12-18 06:59:56 --> CodeIgniter\Database\Exceptions\DatabaseException: pg_query(): Query failed: ERROR:  relation &quot;p001&quot; does not exist
LINE 2: ...Time&quot; when &quot;2&quot; then &quot;Park Time&quot; end as modebelajar from p001
                                                                   ^
in SYSTEMPATH\Database\BaseConnection.php on line 647.
 1 APPPATH\Controllers\SaringController.php(21): CodeIgniter\Database\BaseConnection->query('SELECT p001nokp,p001nama,p001kprog,p001kaedah,case p001kaedah when "7" then "Coursework" when "8" then "Research" when "9" then "Mix-Mode" end as kaedah,p001modebelajar,
        case p001modebelajar when "1" then "Full Time" when "2" then "Park Time" end as modebelajar from p001')
 2 SYSTEMPATH\CodeIgniter.php(943): App\Controllers\SaringController->retpermohonan()
 3 SYSTEMPATH\CodeIgniter.php(503): CodeIgniter\CodeIgniter->runController(Object(App\Controllers\SaringController))
 4 SYSTEMPATH\CodeIgniter.php(361): CodeIgniter\CodeIgniter->handleRequest(null, Object(Config\Cache), false)
 5 FCPATH\index.php(79): CodeIgniter\CodeIgniter->run()
CRITICAL - 2024-12-18 06:59:56 --> [Caused by] CodeIgniter\Database\Exceptions\DatabaseException: pg_query(): Query failed: ERROR:  relation &quot;p001&quot; does not exist
LINE 2: ...Time&quot; when &quot;2&quot; then &quot;Park Time&quot; end as modebelajar from p001
                                                                   ^
in SYSTEMPATH\Database\Postgre\Connection.php on line 195.
 1 SYSTEMPATH\Database\BaseConnection.php(693): CodeIgniter\Database\Postgre\Connection->execute('SELECT p001nokp,p001nama,p001kprog,p001kaedah,case p001kaedah when "7" then "Coursework" when "8" then "Research" when "9" then "Mix-Mode" end as kaedah,p001modebelajar,
        case p001modebelajar when "1" then "Full Time" when "2" then "Park Time" end as modebelajar from p001')
 2 SYSTEMPATH\Database\BaseConnection.php(607): CodeIgniter\Database\BaseConnection->simpleQuery('SELECT p001nokp,p001nama,p001kprog,p001kaedah,case p001kaedah when "7" then "Coursework" when "8" then "Research" when "9" then "Mix-Mode" end as kaedah,p001modebelajar,
        case p001modebelajar when "1" then "Full Time" when "2" then "Park Time" end as modebelajar from p001')
 3 APPPATH\Controllers\SaringController.php(21): CodeIgniter\Database\BaseConnection->query('SELECT p001nokp,p001nama,p001kprog,p001kaedah,case p001kaedah when "7" then "Coursework" when "8" then "Research" when "9" then "Mix-Mode" end as kaedah,p001modebelajar,
        case p001modebelajar when "1" then "Full Time" when "2" then "Park Time" end as modebelajar from p001')
 4 SYSTEMPATH\CodeIgniter.php(943): App\Controllers\SaringController->retpermohonan()
 5 SYSTEMPATH\CodeIgniter.php(503): CodeIgniter\CodeIgniter->runController(Object(App\Controllers\SaringController))
 6 SYSTEMPATH\CodeIgniter.php(361): CodeIgniter\CodeIgniter->handleRequest(null, Object(Config\Cache), false)
 7 FCPATH\index.php(79): CodeIgniter\CodeIgniter->run()
CRITICAL - 2024-12-18 06:59:56 --> [Caused by] ErrorException: pg_query(): Query failed: ERROR:  relation &quot;p001&quot; does not exist
LINE 2: ...Time&quot; when &quot;2&quot; then &quot;Park Time&quot; end as modebelajar from p001
                                                                   ^
in SYSTEMPATH\Database\Postgre\Connection.php on line 190.
 1 [internal function]: CodeIgniter\Debug\Exceptions->errorHandler(2, 'pg_query(): Query failed: ERROR:  relation &quot;p001&quot; does not exist
LINE 2: ...Time&quot; when &quot;2&quot; then &quot;Park Time&quot; end as modebelajar from p001
                                                                   ^', 'C:\\laragon\\www\\pascav2\\vendor\\codeigniter4\\framework\\system\\Database\\Postgre\\Connection.php', 190)
 2 SYSTEMPATH\Database\Postgre\Connection.php(190): pg_query(Object(PgSql\Connection), 'SELECT p001nokp,p001nama,p001kprog,p001kaedah,case p001kaedah when "7" then "Coursework" when "8" then "Research" when "9" then "Mix-Mode" end as kaedah,p001modebelajar,
        case p001modebelajar when "1" then "Full Time" when "2" then "Park Time" end as modebelajar from p001')
 3 SYSTEMPATH\Database\BaseConnection.php(693): CodeIgniter\Database\Postgre\Connection->execute('SELECT p001nokp,p001nama,p001kprog,p001kaedah,case p001kaedah when "7" then "Coursework" when "8" then "Research" when "9" then "Mix-Mode" end as kaedah,p001modebelajar,
        case p001modebelajar when "1" then "Full Time" when "2" then "Park Time" end as modebelajar from p001')
 4 SYSTEMPATH\Database\BaseConnection.php(607): CodeIgniter\Database\BaseConnection->simpleQuery('SELECT p001nokp,p001nama,p001kprog,p001kaedah,case p001kaedah when "7" then "Coursework" when "8" then "Research" when "9" then "Mix-Mode" end as kaedah,p001modebelajar,
        case p001modebelajar when "1" then "Full Time" when "2" then "Park Time" end as modebelajar from p001')
 5 APPPATH\Controllers\SaringController.php(21): CodeIgniter\Database\BaseConnection->query('SELECT p001nokp,p001nama,p001kprog,p001kaedah,case p001kaedah when "7" then "Coursework" when "8" then "Research" when "9" then "Mix-Mode" end as kaedah,p001modebelajar,
        case p001modebelajar when "1" then "Full Time" when "2" then "Park Time" end as modebelajar from p001')
 6 SYSTEMPATH\CodeIgniter.php(943): App\Controllers\SaringController->retpermohonan()
 7 SYSTEMPATH\CodeIgniter.php(503): CodeIgniter\CodeIgniter->runController(Object(App\Controllers\SaringController))
 8 SYSTEMPATH\CodeIgniter.php(361): CodeIgniter\CodeIgniter->handleRequest(null, Object(Config\Cache), false)
 9 FCPATH\index.php(79): CodeIgniter\CodeIgniter->run()
ERROR - 2024-12-18 06:59:59 --> ErrorException: pg_query(): Query failed: ERROR:  relation &quot;p001&quot; does not exist
LINE 1: SELECT max(SUBSTRING(p001norujuk,17,2)) as bilmax from p001
                                                               ^ in C:\laragon\www\pascav2\vendor\codeigniter4\framework\system\Database\Postgre\Connection.php:190
Stack trace:
#0 [internal function]: CodeIgniter\Debug\Exceptions->errorHandler(2, 'pg_query(): Que...', 'C:\\laragon\\www\\...', 190)
#1 C:\laragon\www\pascav2\vendor\codeigniter4\framework\system\Database\Postgre\Connection.php(190): pg_query(Object(PgSql\Connection), 'SELECT max(SUBS...')
#2 C:\laragon\www\pascav2\vendor\codeigniter4\framework\system\Database\BaseConnection.php(693): CodeIgniter\Database\Postgre\Connection->execute('SELECT max(SUBS...')
#3 C:\laragon\www\pascav2\vendor\codeigniter4\framework\system\Database\BaseConnection.php(607): CodeIgniter\Database\BaseConnection->simpleQuery('SELECT max(SUBS...')
#4 C:\laragon\www\pascav2\app\Controllers\LoginController.php(158): CodeIgniter\Database\BaseConnection->query('SELECT max(SUBS...')
#5 C:\laragon\www\pascav2\vendor\codeigniter4\framework\system\CodeIgniter.php(943): App\Controllers\LoginController->verifylogin('5fca0a7048024ee...')
#6 C:\laragon\www\pascav2\vendor\codeigniter4\framework\system\CodeIgniter.php(503): CodeIgniter\CodeIgniter->runController(Object(App\Controllers\LoginController))
#7 C:\laragon\www\pascav2\vendor\codeigniter4\framework\system\CodeIgniter.php(361): CodeIgniter\CodeIgniter->handleRequest(NULL, Object(Config\Cache), false)
#8 C:\laragon\www\pascav2\public\index.php(79): CodeIgniter\CodeIgniter->run()
#9 {main}
CRITICAL - 2024-12-18 06:59:59 --> CodeIgniter\Database\Exceptions\DatabaseException: pg_query(): Query failed: ERROR:  relation &quot;p001&quot; does not exist
LINE 1: SELECT max(SUBSTRING(p001norujuk,17,2)) as bilmax from p001
                                                               ^
in SYSTEMPATH\Database\BaseConnection.php on line 647.
 1 APPPATH\Controllers\LoginController.php(158): CodeIgniter\Database\BaseConnection->query('SELECT max(SUBSTRING(p001norujuk,17,2)) as bilmax from p001')
 2 SYSTEMPATH\CodeIgniter.php(943): App\Controllers\LoginController->verifylogin('5fca0a7048024ee331e852dfd9b9d010')
 3 SYSTEMPATH\CodeIgniter.php(503): CodeIgniter\CodeIgniter->runController(Object(App\Controllers\LoginController))
 4 SYSTEMPATH\CodeIgniter.php(361): CodeIgniter\CodeIgniter->handleRequest(null, Object(Config\Cache), false)
 5 FCPATH\index.php(79): CodeIgniter\CodeIgniter->run()
CRITICAL - 2024-12-18 06:59:59 --> [Caused by] CodeIgniter\Database\Exceptions\DatabaseException: pg_query(): Query failed: ERROR:  relation &quot;p001&quot; does not exist
LINE 1: SELECT max(SUBSTRING(p001norujuk,17,2)) as bilmax from p001
                                                               ^
in SYSTEMPATH\Database\Postgre\Connection.php on line 195.
 1 SYSTEMPATH\Database\BaseConnection.php(693): CodeIgniter\Database\Postgre\Connection->execute('SELECT max(SUBSTRING(p001norujuk,17,2)) as bilmax from p001')
 2 SYSTEMPATH\Database\BaseConnection.php(607): CodeIgniter\Database\BaseConnection->simpleQuery('SELECT max(SUBSTRING(p001norujuk,17,2)) as bilmax from p001')
 3 APPPATH\Controllers\LoginController.php(158): CodeIgniter\Database\BaseConnection->query('SELECT max(SUBSTRING(p001norujuk,17,2)) as bilmax from p001')
 4 SYSTEMPATH\CodeIgniter.php(943): App\Controllers\LoginController->verifylogin('5fca0a7048024ee331e852dfd9b9d010')
 5 SYSTEMPATH\CodeIgniter.php(503): CodeIgniter\CodeIgniter->runController(Object(App\Controllers\LoginController))
 6 SYSTEMPATH\CodeIgniter.php(361): CodeIgniter\CodeIgniter->handleRequest(null, Object(Config\Cache), false)
 7 FCPATH\index.php(79): CodeIgniter\CodeIgniter->run()
CRITICAL - 2024-12-18 06:59:59 --> [Caused by] ErrorException: pg_query(): Query failed: ERROR:  relation &quot;p001&quot; does not exist
LINE 1: SELECT max(SUBSTRING(p001norujuk,17,2)) as bilmax from p001
                                                               ^
in SYSTEMPATH\Database\Postgre\Connection.php on line 190.
 1 [internal function]: CodeIgniter\Debug\Exceptions->errorHandler(2, 'pg_query(): Query failed: ERROR:  relation &quot;p001&quot; does not exist
LINE 1: SELECT max(SUBSTRING(p001norujuk,17,2)) as bilmax from p001
                                                               ^', 'C:\\laragon\\www\\pascav2\\vendor\\codeigniter4\\framework\\system\\Database\\Postgre\\Connection.php', 190)
 2 SYSTEMPATH\Database\Postgre\Connection.php(190): pg_query(Object(PgSql\Connection), 'SELECT max(SUBSTRING(p001norujuk,17,2)) as bilmax from p001')
 3 SYSTEMPATH\Database\BaseConnection.php(693): CodeIgniter\Database\Postgre\Connection->execute('SELECT max(SUBSTRING(p001norujuk,17,2)) as bilmax from p001')
 4 SYSTEMPATH\Database\BaseConnection.php(607): CodeIgniter\Database\BaseConnection->simpleQuery('SELECT max(SUBSTRING(p001norujuk,17,2)) as bilmax from p001')
 5 APPPATH\Controllers\LoginController.php(158): CodeIgniter\Database\BaseConnection->query('SELECT max(SUBSTRING(p001norujuk,17,2)) as bilmax from p001')
 6 SYSTEMPATH\CodeIgniter.php(943): App\Controllers\LoginController->verifylogin('5fca0a7048024ee331e852dfd9b9d010')
 7 SYSTEMPATH\CodeIgniter.php(503): CodeIgniter\CodeIgniter->runController(Object(App\Controllers\LoginController))
 8 SYSTEMPATH\CodeIgniter.php(361): CodeIgniter\CodeIgniter->handleRequest(null, Object(Config\Cache), false)
 9 FCPATH\index.php(79): CodeIgniter\CodeIgniter->run()
ERROR - 2024-12-18 07:01:27 --> ErrorException: pg_query(): Query failed: ERROR:  column &quot;UniSZA&quot; does not exist
LINE 1: SELECT concat(&quot;UniSZA&quot;,&quot;/&quot;,&quot;PPS&quot;,&quot;/&quot;,&quot;2024&quot;,&quot;/&quot;,&quot;1&quot;) as kodr...
                      ^ in C:\laragon\www\pascav2\vendor\codeigniter4\framework\system\Database\Postgre\Connection.php:190
Stack trace:
#0 [internal function]: CodeIgniter\Debug\Exceptions->errorHandler(2, 'pg_query(): Que...', 'C:\\laragon\\www\\...', 190)
#1 C:\laragon\www\pascav2\vendor\codeigniter4\framework\system\Database\Postgre\Connection.php(190): pg_query(Object(PgSql\Connection), 'SELECT concat("...')
#2 C:\laragon\www\pascav2\vendor\codeigniter4\framework\system\Database\BaseConnection.php(693): CodeIgniter\Database\Postgre\Connection->execute('SELECT concat("...')
#3 C:\laragon\www\pascav2\vendor\codeigniter4\framework\system\Database\BaseConnection.php(607): CodeIgniter\Database\BaseConnection->simpleQuery('SELECT concat("...')
#4 C:\laragon\www\pascav2\app\Controllers\LoginController.php(162): CodeIgniter\Database\BaseConnection->query('SELECT concat("...')
#5 C:\laragon\www\pascav2\vendor\codeigniter4\framework\system\CodeIgniter.php(943): App\Controllers\LoginController->verifylogin('5fca0a7048024ee...')
#6 C:\laragon\www\pascav2\vendor\codeigniter4\framework\system\CodeIgniter.php(503): CodeIgniter\CodeIgniter->runController(Object(App\Controllers\LoginController))
#7 C:\laragon\www\pascav2\vendor\codeigniter4\framework\system\CodeIgniter.php(361): CodeIgniter\CodeIgniter->handleRequest(NULL, Object(Config\Cache), false)
#8 C:\laragon\www\pascav2\public\index.php(79): CodeIgniter\CodeIgniter->run()
#9 {main}
CRITICAL - 2024-12-18 07:01:27 --> CodeIgniter\Database\Exceptions\DatabaseException: pg_query(): Query failed: ERROR:  column &quot;UniSZA&quot; does not exist
LINE 1: SELECT concat(&quot;UniSZA&quot;,&quot;/&quot;,&quot;PPS&quot;,&quot;/&quot;,&quot;2024&quot;,&quot;/&quot;,&quot;1&quot;) as kodr...
                      ^
in SYSTEMPATH\Database\BaseConnection.php on line 647.
 1 APPPATH\Controllers\LoginController.php(162): CodeIgniter\Database\BaseConnection->query('SELECT concat("UniSZA","/","PPS","/","2024","/","1") as kodrujuk')
 2 SYSTEMPATH\CodeIgniter.php(943): App\Controllers\LoginController->verifylogin('5fca0a7048024ee331e852dfd9b9d010')
 3 SYSTEMPATH\CodeIgniter.php(503): CodeIgniter\CodeIgniter->runController(Object(App\Controllers\LoginController))
 4 SYSTEMPATH\CodeIgniter.php(361): CodeIgniter\CodeIgniter->handleRequest(null, Object(Config\Cache), false)
 5 FCPATH\index.php(79): CodeIgniter\CodeIgniter->run()
CRITICAL - 2024-12-18 07:01:27 --> [Caused by] CodeIgniter\Database\Exceptions\DatabaseException: pg_query(): Query failed: ERROR:  column &quot;UniSZA&quot; does not exist
LINE 1: SELECT concat(&quot;UniSZA&quot;,&quot;/&quot;,&quot;PPS&quot;,&quot;/&quot;,&quot;2024&quot;,&quot;/&quot;,&quot;1&quot;) as kodr...
                      ^
in SYSTEMPATH\Database\Postgre\Connection.php on line 195.
 1 SYSTEMPATH\Database\BaseConnection.php(693): CodeIgniter\Database\Postgre\Connection->execute('SELECT concat("UniSZA","/","PPS","/","2024","/","1") as kodrujuk')
 2 SYSTEMPATH\Database\BaseConnection.php(607): CodeIgniter\Database\BaseConnection->simpleQuery('SELECT concat("UniSZA","/","PPS","/","2024","/","1") as kodrujuk')
 3 APPPATH\Controllers\LoginController.php(162): CodeIgniter\Database\BaseConnection->query('SELECT concat("UniSZA","/","PPS","/","2024","/","1") as kodrujuk')
 4 SYSTEMPATH\CodeIgniter.php(943): App\Controllers\LoginController->verifylogin('5fca0a7048024ee331e852dfd9b9d010')
 5 SYSTEMPATH\CodeIgniter.php(503): CodeIgniter\CodeIgniter->runController(Object(App\Controllers\LoginController))
 6 SYSTEMPATH\CodeIgniter.php(361): CodeIgniter\CodeIgniter->handleRequest(null, Object(Config\Cache), false)
 7 FCPATH\index.php(79): CodeIgniter\CodeIgniter->run()
CRITICAL - 2024-12-18 07:01:27 --> [Caused by] ErrorException: pg_query(): Query failed: ERROR:  column &quot;UniSZA&quot; does not exist
LINE 1: SELECT concat(&quot;UniSZA&quot;,&quot;/&quot;,&quot;PPS&quot;,&quot;/&quot;,&quot;2024&quot;,&quot;/&quot;,&quot;1&quot;) as kodr...
                      ^
in SYSTEMPATH\Database\Postgre\Connection.php on line 190.
 1 [internal function]: CodeIgniter\Debug\Exceptions->errorHandler(2, 'pg_query(): Query failed: ERROR:  column &quot;UniSZA&quot; does not exist
LINE 1: SELECT concat(&quot;UniSZA&quot;,&quot;/&quot;,&quot;PPS&quot;,&quot;/&quot;,&quot;2024&quot;,&quot;/&quot;,&quot;1&quot;) as kodr...
                      ^', 'C:\\laragon\\www\\pascav2\\vendor\\codeigniter4\\framework\\system\\Database\\Postgre\\Connection.php', 190)
 2 SYSTEMPATH\Database\Postgre\Connection.php(190): pg_query(Object(PgSql\Connection), 'SELECT concat("UniSZA","/","PPS","/","2024","/","1") as kodrujuk')
 3 SYSTEMPATH\Database\BaseConnection.php(693): CodeIgniter\Database\Postgre\Connection->execute('SELECT concat("UniSZA","/","PPS","/","2024","/","1") as kodrujuk')
 4 SYSTEMPATH\Database\BaseConnection.php(607): CodeIgniter\Database\BaseConnection->simpleQuery('SELECT concat("UniSZA","/","PPS","/","2024","/","1") as kodrujuk')
 5 APPPATH\Controllers\LoginController.php(162): CodeIgniter\Database\BaseConnection->query('SELECT concat("UniSZA","/","PPS","/","2024","/","1") as kodrujuk')
 6 SYSTEMPATH\CodeIgniter.php(943): App\Controllers\LoginController->verifylogin('5fca0a7048024ee331e852dfd9b9d010')
 7 SYSTEMPATH\CodeIgniter.php(503): CodeIgniter\CodeIgniter->runController(Object(App\Controllers\LoginController))
 8 SYSTEMPATH\CodeIgniter.php(361): CodeIgniter\CodeIgniter->handleRequest(null, Object(Config\Cache), false)
 9 FCPATH\index.php(79): CodeIgniter\CodeIgniter->run()
CRITICAL - 2024-12-18 07:05:23 --> ParseError: syntax error, unexpected identifier "UniSZA", expecting ")"
in APPPATH\Controllers\LoginController.php on line 162.
 1 SYSTEMPATH\Autoloader\Autoloader.php(290): CodeIgniter\Autoloader\Autoloader->includeFile('C:\\laragon\\www\\pascav2\\app\\Controllers\\LoginController.php')
 2 SYSTEMPATH\Autoloader\Autoloader.php(266): CodeIgniter\Autoloader\Autoloader->loadInNamespace('App\\Controllers\\LoginController')
 3 [internal function]: CodeIgniter\Autoloader\Autoloader->loadClass('App\\Controllers\\LoginController')
 4 SYSTEMPATH\CodeIgniter.php(901): class_exists('\\App\\Controllers\\LoginController', true)
 5 SYSTEMPATH\CodeIgniter.php(490): CodeIgniter\CodeIgniter->startController()
 6 SYSTEMPATH\CodeIgniter.php(361): CodeIgniter\CodeIgniter->handleRequest(null, Object(Config\Cache), false)
 7 FCPATH\index.php(79): CodeIgniter\CodeIgniter->run()
ERROR - 2024-12-18 07:08:29 --> ErrorException: pg_query(): Query failed: ERROR:  column &quot;UniSZA&quot; does not exist
LINE 1: SELECT CONCAT(&quot;UniSZA&quot;,&quot;/&quot;,&quot;PPS&quot;,&quot;/&quot;,&quot;2024&quot;,&quot;/&quot;,&quot;1&quot;) as kodr...
                      ^ in C:\laragon\www\pascav2\vendor\codeigniter4\framework\system\Database\Postgre\Connection.php:190
Stack trace:
#0 [internal function]: CodeIgniter\Debug\Exceptions->errorHandler(2, 'pg_query(): Que...', 'C:\\laragon\\www\\...', 190)
#1 C:\laragon\www\pascav2\vendor\codeigniter4\framework\system\Database\Postgre\Connection.php(190): pg_query(Object(PgSql\Connection), 'SELECT CONCAT("...')
#2 C:\laragon\www\pascav2\vendor\codeigniter4\framework\system\Database\BaseConnection.php(693): CodeIgniter\Database\Postgre\Connection->execute('SELECT CONCAT("...')
#3 C:\laragon\www\pascav2\vendor\codeigniter4\framework\system\Database\BaseConnection.php(607): CodeIgniter\Database\BaseConnection->simpleQuery('SELECT CONCAT("...')
#4 C:\laragon\www\pascav2\app\Controllers\LoginController.php(162): CodeIgniter\Database\BaseConnection->query('SELECT CONCAT("...')
#5 C:\laragon\www\pascav2\vendor\codeigniter4\framework\system\CodeIgniter.php(943): App\Controllers\LoginController->verifylogin('5fca0a7048024ee...')
#6 C:\laragon\www\pascav2\vendor\codeigniter4\framework\system\CodeIgniter.php(503): CodeIgniter\CodeIgniter->runController(Object(App\Controllers\LoginController))
#7 C:\laragon\www\pascav2\vendor\codeigniter4\framework\system\CodeIgniter.php(361): CodeIgniter\CodeIgniter->handleRequest(NULL, Object(Config\Cache), false)
#8 C:\laragon\www\pascav2\public\index.php(79): CodeIgniter\CodeIgniter->run()
#9 {main}
CRITICAL - 2024-12-18 07:08:29 --> CodeIgniter\Database\Exceptions\DatabaseException: pg_query(): Query failed: ERROR:  column &quot;UniSZA&quot; does not exist
LINE 1: SELECT CONCAT(&quot;UniSZA&quot;,&quot;/&quot;,&quot;PPS&quot;,&quot;/&quot;,&quot;2024&quot;,&quot;/&quot;,&quot;1&quot;) as kodr...
                      ^
in SYSTEMPATH\Database\BaseConnection.php on line 647.
 1 APPPATH\Controllers\LoginController.php(162): CodeIgniter\Database\BaseConnection->query('SELECT CONCAT("UniSZA","/","PPS","/","2024","/","1") as kodrujuk')
 2 SYSTEMPATH\CodeIgniter.php(943): App\Controllers\LoginController->verifylogin('5fca0a7048024ee331e852dfd9b9d010')
 3 SYSTEMPATH\CodeIgniter.php(503): CodeIgniter\CodeIgniter->runController(Object(App\Controllers\LoginController))
 4 SYSTEMPATH\CodeIgniter.php(361): CodeIgniter\CodeIgniter->handleRequest(null, Object(Config\Cache), false)
 5 FCPATH\index.php(79): CodeIgniter\CodeIgniter->run()
CRITICAL - 2024-12-18 07:08:29 --> [Caused by] CodeIgniter\Database\Exceptions\DatabaseException: pg_query(): Query failed: ERROR:  column &quot;UniSZA&quot; does not exist
LINE 1: SELECT CONCAT(&quot;UniSZA&quot;,&quot;/&quot;,&quot;PPS&quot;,&quot;/&quot;,&quot;2024&quot;,&quot;/&quot;,&quot;1&quot;) as kodr...
                      ^
in SYSTEMPATH\Database\Postgre\Connection.php on line 195.
 1 SYSTEMPATH\Database\BaseConnection.php(693): CodeIgniter\Database\Postgre\Connection->execute('SELECT CONCAT("UniSZA","/","PPS","/","2024","/","1") as kodrujuk')
 2 SYSTEMPATH\Database\BaseConnection.php(607): CodeIgniter\Database\BaseConnection->simpleQuery('SELECT CONCAT("UniSZA","/","PPS","/","2024","/","1") as kodrujuk')
 3 APPPATH\Controllers\LoginController.php(162): CodeIgniter\Database\BaseConnection->query('SELECT CONCAT("UniSZA","/","PPS","/","2024","/","1") as kodrujuk')
 4 SYSTEMPATH\CodeIgniter.php(943): App\Controllers\LoginController->verifylogin('5fca0a7048024ee331e852dfd9b9d010')
 5 SYSTEMPATH\CodeIgniter.php(503): CodeIgniter\CodeIgniter->runController(Object(App\Controllers\LoginController))
 6 SYSTEMPATH\CodeIgniter.php(361): CodeIgniter\CodeIgniter->handleRequest(null, Object(Config\Cache), false)
 7 FCPATH\index.php(79): CodeIgniter\CodeIgniter->run()
CRITICAL - 2024-12-18 07:08:29 --> [Caused by] ErrorException: pg_query(): Query failed: ERROR:  column &quot;UniSZA&quot; does not exist
LINE 1: SELECT CONCAT(&quot;UniSZA&quot;,&quot;/&quot;,&quot;PPS&quot;,&quot;/&quot;,&quot;2024&quot;,&quot;/&quot;,&quot;1&quot;) as kodr...
                      ^
in SYSTEMPATH\Database\Postgre\Connection.php on line 190.
 1 [internal function]: CodeIgniter\Debug\Exceptions->errorHandler(2, 'pg_query(): Query failed: ERROR:  column &quot;UniSZA&quot; does not exist
LINE 1: SELECT CONCAT(&quot;UniSZA&quot;,&quot;/&quot;,&quot;PPS&quot;,&quot;/&quot;,&quot;2024&quot;,&quot;/&quot;,&quot;1&quot;) as kodr...
                      ^', 'C:\\laragon\\www\\pascav2\\vendor\\codeigniter4\\framework\\system\\Database\\Postgre\\Connection.php', 190)
 2 SYSTEMPATH\Database\Postgre\Connection.php(190): pg_query(Object(PgSql\Connection), 'SELECT CONCAT("UniSZA","/","PPS","/","2024","/","1") as kodrujuk')
 3 SYSTEMPATH\Database\BaseConnection.php(693): CodeIgniter\Database\Postgre\Connection->execute('SELECT CONCAT("UniSZA","/","PPS","/","2024","/","1") as kodrujuk')
 4 SYSTEMPATH\Database\BaseConnection.php(607): CodeIgniter\Database\BaseConnection->simpleQuery('SELECT CONCAT("UniSZA","/","PPS","/","2024","/","1") as kodrujuk')
 5 APPPATH\Controllers\LoginController.php(162): CodeIgniter\Database\BaseConnection->query('SELECT CONCAT("UniSZA","/","PPS","/","2024","/","1") as kodrujuk')
 6 SYSTEMPATH\CodeIgniter.php(943): App\Controllers\LoginController->verifylogin('5fca0a7048024ee331e852dfd9b9d010')
 7 SYSTEMPATH\CodeIgniter.php(503): CodeIgniter\CodeIgniter->runController(Object(App\Controllers\LoginController))
 8 SYSTEMPATH\CodeIgniter.php(361): CodeIgniter\CodeIgniter->handleRequest(null, Object(Config\Cache), false)
 9 FCPATH\index.php(79): CodeIgniter\CodeIgniter->run()
ERROR - 2024-12-18 07:10:22 --> ErrorException: pg_query(): Query failed: ERROR:  column &quot;5fca0a7048024ee331e852dfd9b9d010&quot; does not exist
LINE 1: ...rga from ppsdblocal.p00daftar where p00verifycode=&quot;5fca0a704...
                                                             ^ in C:\laragon\www\pascav2\vendor\codeigniter4\framework\system\Database\Postgre\Connection.php:190
Stack trace:
#0 [internal function]: CodeIgniter\Debug\Exceptions->errorHandler(2, 'pg_query(): Que...', 'C:\\laragon\\www\\...', 190)
#1 C:\laragon\www\pascav2\vendor\codeigniter4\framework\system\Database\Postgre\Connection.php(190): pg_query(Object(PgSql\Connection), 'SELECT p00usern...')
#2 C:\laragon\www\pascav2\vendor\codeigniter4\framework\system\Database\BaseConnection.php(693): CodeIgniter\Database\Postgre\Connection->execute('SELECT p00usern...')
#3 C:\laragon\www\pascav2\vendor\codeigniter4\framework\system\Database\BaseConnection.php(607): CodeIgniter\Database\BaseConnection->simpleQuery('SELECT p00usern...')
#4 C:\laragon\www\pascav2\app\Controllers\LoginController.php(166): CodeIgniter\Database\BaseConnection->query('SELECT p00usern...')
#5 C:\laragon\www\pascav2\vendor\codeigniter4\framework\system\CodeIgniter.php(943): App\Controllers\LoginController->verifylogin('5fca0a7048024ee...')
#6 C:\laragon\www\pascav2\vendor\codeigniter4\framework\system\CodeIgniter.php(503): CodeIgniter\CodeIgniter->runController(Object(App\Controllers\LoginController))
#7 C:\laragon\www\pascav2\vendor\codeigniter4\framework\system\CodeIgniter.php(361): CodeIgniter\CodeIgniter->handleRequest(NULL, Object(Config\Cache), false)
#8 C:\laragon\www\pascav2\public\index.php(79): CodeIgniter\CodeIgniter->run()
#9 {main}
CRITICAL - 2024-12-18 07:10:22 --> CodeIgniter\Database\Exceptions\DatabaseException: pg_query(): Query failed: ERROR:  column &quot;5fca0a7048024ee331e852dfd9b9d010&quot; does not exist
LINE 1: ...rga from ppsdblocal.p00daftar where p00verifycode=&quot;5fca0a704...
                                                             ^
in SYSTEMPATH\Database\BaseConnection.php on line 647.
 1 APPPATH\Controllers\LoginController.php(166): CodeIgniter\Database\BaseConnection->query('SELECT p00username,p00katwarga from ppsdblocal.p00daftar where p00verifycode="5fca0a7048024ee331e852dfd9b9d010" and p000statsahreg = 0')
 2 SYSTEMPATH\CodeIgniter.php(943): App\Controllers\LoginController->verifylogin('5fca0a7048024ee331e852dfd9b9d010')
 3 SYSTEMPATH\CodeIgniter.php(503): CodeIgniter\CodeIgniter->runController(Object(App\Controllers\LoginController))
 4 SYSTEMPATH\CodeIgniter.php(361): CodeIgniter\CodeIgniter->handleRequest(null, Object(Config\Cache), false)
 5 FCPATH\index.php(79): CodeIgniter\CodeIgniter->run()
CRITICAL - 2024-12-18 07:10:22 --> [Caused by] CodeIgniter\Database\Exceptions\DatabaseException: pg_query(): Query failed: ERROR:  column &quot;5fca0a7048024ee331e852dfd9b9d010&quot; does not exist
LINE 1: ...rga from ppsdblocal.p00daftar where p00verifycode=&quot;5fca0a704...
                                                             ^
in SYSTEMPATH\Database\Postgre\Connection.php on line 195.
 1 SYSTEMPATH\Database\BaseConnection.php(693): CodeIgniter\Database\Postgre\Connection->execute('SELECT p00username,p00katwarga from ppsdblocal.p00daftar where p00verifycode="5fca0a7048024ee331e852dfd9b9d010" and p000statsahreg = 0')
 2 SYSTEMPATH\Database\BaseConnection.php(607): CodeIgniter\Database\BaseConnection->simpleQuery('SELECT p00username,p00katwarga from ppsdblocal.p00daftar where p00verifycode="5fca0a7048024ee331e852dfd9b9d010" and p000statsahreg = 0')
 3 APPPATH\Controllers\LoginController.php(166): CodeIgniter\Database\BaseConnection->query('SELECT p00username,p00katwarga from ppsdblocal.p00daftar where p00verifycode="5fca0a7048024ee331e852dfd9b9d010" and p000statsahreg = 0')
 4 SYSTEMPATH\CodeIgniter.php(943): App\Controllers\LoginController->verifylogin('5fca0a7048024ee331e852dfd9b9d010')
 5 SYSTEMPATH\CodeIgniter.php(503): CodeIgniter\CodeIgniter->runController(Object(App\Controllers\LoginController))
 6 SYSTEMPATH\CodeIgniter.php(361): CodeIgniter\CodeIgniter->handleRequest(null, Object(Config\Cache), false)
 7 FCPATH\index.php(79): CodeIgniter\CodeIgniter->run()
CRITICAL - 2024-12-18 07:10:22 --> [Caused by] ErrorException: pg_query(): Query failed: ERROR:  column &quot;5fca0a7048024ee331e852dfd9b9d010&quot; does not exist
LINE 1: ...rga from ppsdblocal.p00daftar where p00verifycode=&quot;5fca0a704...
                                                             ^
in SYSTEMPATH\Database\Postgre\Connection.php on line 190.
 1 [internal function]: CodeIgniter\Debug\Exceptions->errorHandler(2, 'pg_query(): Query failed: ERROR:  column &quot;5fca0a7048024ee331e852dfd9b9d010&quot; does not exist
LINE 1: ...rga from ppsdblocal.p00daftar where p00verifycode=&quot;5fca0a704...
                                                             ^', 'C:\\laragon\\www\\pascav2\\vendor\\codeigniter4\\framework\\system\\Database\\Postgre\\Connection.php', 190)
 2 SYSTEMPATH\Database\Postgre\Connection.php(190): pg_query(Object(PgSql\Connection), 'SELECT p00username,p00katwarga from ppsdblocal.p00daftar where p00verifycode="5fca0a7048024ee331e852dfd9b9d010" and p000statsahreg = 0')
 3 SYSTEMPATH\Database\BaseConnection.php(693): CodeIgniter\Database\Postgre\Connection->execute('SELECT p00username,p00katwarga from ppsdblocal.p00daftar where p00verifycode="5fca0a7048024ee331e852dfd9b9d010" and p000statsahreg = 0')
 4 SYSTEMPATH\Database\BaseConnection.php(607): CodeIgniter\Database\BaseConnection->simpleQuery('SELECT p00username,p00katwarga from ppsdblocal.p00daftar where p00verifycode="5fca0a7048024ee331e852dfd9b9d010" and p000statsahreg = 0')
 5 APPPATH\Controllers\LoginController.php(166): CodeIgniter\Database\BaseConnection->query('SELECT p00username,p00katwarga from ppsdblocal.p00daftar where p00verifycode="5fca0a7048024ee331e852dfd9b9d010" and p000statsahreg = 0')
 6 SYSTEMPATH\CodeIgniter.php(943): App\Controllers\LoginController->verifylogin('5fca0a7048024ee331e852dfd9b9d010')
 7 SYSTEMPATH\CodeIgniter.php(503): CodeIgniter\CodeIgniter->runController(Object(App\Controllers\LoginController))
 8 SYSTEMPATH\CodeIgniter.php(361): CodeIgniter\CodeIgniter->handleRequest(null, Object(Config\Cache), false)
 9 FCPATH\index.php(79): CodeIgniter\CodeIgniter->run()
ERROR - 2024-12-18 07:11:33 --> ErrorException: pg_query(): Query failed: ERROR:  trailing junk after numeric literal at or near &quot;5fca0a7048024ee331e852dfd9b9d010&quot;
LINE 1: ...rga from ppsdblocal.p00daftar where p00verifycode=5fca0a7048...
                                                             ^ in C:\laragon\www\pascav2\vendor\codeigniter4\framework\system\Database\Postgre\Connection.php:190
Stack trace:
#0 [internal function]: CodeIgniter\Debug\Exceptions->errorHandler(2, 'pg_query(): Que...', 'C:\\laragon\\www\\...', 190)
#1 C:\laragon\www\pascav2\vendor\codeigniter4\framework\system\Database\Postgre\Connection.php(190): pg_query(Object(PgSql\Connection), 'SELECT p00usern...')
#2 C:\laragon\www\pascav2\vendor\codeigniter4\framework\system\Database\BaseConnection.php(693): CodeIgniter\Database\Postgre\Connection->execute('SELECT p00usern...')
#3 C:\laragon\www\pascav2\vendor\codeigniter4\framework\system\Database\BaseConnection.php(607): CodeIgniter\Database\BaseConnection->simpleQuery('SELECT p00usern...')
#4 C:\laragon\www\pascav2\app\Controllers\LoginController.php(166): CodeIgniter\Database\BaseConnection->query('SELECT p00usern...')
#5 C:\laragon\www\pascav2\vendor\codeigniter4\framework\system\CodeIgniter.php(943): App\Controllers\LoginController->verifylogin('5fca0a7048024ee...')
#6 C:\laragon\www\pascav2\vendor\codeigniter4\framework\system\CodeIgniter.php(503): CodeIgniter\CodeIgniter->runController(Object(App\Controllers\LoginController))
#7 C:\laragon\www\pascav2\vendor\codeigniter4\framework\system\CodeIgniter.php(361): CodeIgniter\CodeIgniter->handleRequest(NULL, Object(Config\Cache), false)
#8 C:\laragon\www\pascav2\public\index.php(79): CodeIgniter\CodeIgniter->run()
#9 {main}
CRITICAL - 2024-12-18 07:11:33 --> CodeIgniter\Database\Exceptions\DatabaseException: pg_query(): Query failed: ERROR:  trailing junk after numeric literal at or near &quot;5fca0a7048024ee331e852dfd9b9d010&quot;
LINE 1: ...rga from ppsdblocal.p00daftar where p00verifycode=5fca0a7048...
                                                             ^
in SYSTEMPATH\Database\BaseConnection.php on line 647.
 1 APPPATH\Controllers\LoginController.php(166): CodeIgniter\Database\BaseConnection->query('SELECT p00username,p00katwarga from ppsdblocal.p00daftar where p00verifycode=5fca0a7048024ee331e852dfd9b9d010 and p000statsahreg = 0')
 2 SYSTEMPATH\CodeIgniter.php(943): App\Controllers\LoginController->verifylogin('5fca0a7048024ee331e852dfd9b9d010')
 3 SYSTEMPATH\CodeIgniter.php(503): CodeIgniter\CodeIgniter->runController(Object(App\Controllers\LoginController))
 4 SYSTEMPATH\CodeIgniter.php(361): CodeIgniter\CodeIgniter->handleRequest(null, Object(Config\Cache), false)
 5 FCPATH\index.php(79): CodeIgniter\CodeIgniter->run()
CRITICAL - 2024-12-18 07:11:33 --> [Caused by] CodeIgniter\Database\Exceptions\DatabaseException: pg_query(): Query failed: ERROR:  trailing junk after numeric literal at or near &quot;5fca0a7048024ee331e852dfd9b9d010&quot;
LINE 1: ...rga from ppsdblocal.p00daftar where p00verifycode=5fca0a7048...
                                                             ^
in SYSTEMPATH\Database\Postgre\Connection.php on line 195.
 1 SYSTEMPATH\Database\BaseConnection.php(693): CodeIgniter\Database\Postgre\Connection->execute('SELECT p00username,p00katwarga from ppsdblocal.p00daftar where p00verifycode=5fca0a7048024ee331e852dfd9b9d010 and p000statsahreg = 0')
 2 SYSTEMPATH\Database\BaseConnection.php(607): CodeIgniter\Database\BaseConnection->simpleQuery('SELECT p00username,p00katwarga from ppsdblocal.p00daftar where p00verifycode=5fca0a7048024ee331e852dfd9b9d010 and p000statsahreg = 0')
 3 APPPATH\Controllers\LoginController.php(166): CodeIgniter\Database\BaseConnection->query('SELECT p00username,p00katwarga from ppsdblocal.p00daftar where p00verifycode=5fca0a7048024ee331e852dfd9b9d010 and p000statsahreg = 0')
 4 SYSTEMPATH\CodeIgniter.php(943): App\Controllers\LoginController->verifylogin('5fca0a7048024ee331e852dfd9b9d010')
 5 SYSTEMPATH\CodeIgniter.php(503): CodeIgniter\CodeIgniter->runController(Object(App\Controllers\LoginController))
 6 SYSTEMPATH\CodeIgniter.php(361): CodeIgniter\CodeIgniter->handleRequest(null, Object(Config\Cache), false)
 7 FCPATH\index.php(79): CodeIgniter\CodeIgniter->run()
CRITICAL - 2024-12-18 07:11:33 --> [Caused by] ErrorException: pg_query(): Query failed: ERROR:  trailing junk after numeric literal at or near &quot;5fca0a7048024ee331e852dfd9b9d010&quot;
LINE 1: ...rga from ppsdblocal.p00daftar where p00verifycode=5fca0a7048...
                                                             ^
in SYSTEMPATH\Database\Postgre\Connection.php on line 190.
 1 [internal function]: CodeIgniter\Debug\Exceptions->errorHandler(2, 'pg_query(): Query failed: ERROR:  trailing junk after numeric literal at or near &quot;5fca0a7048024ee331e852dfd9b9d010&quot;
LINE 1: ...rga from ppsdblocal.p00daftar where p00verifycode=5fca0a7048...
                                                             ^', 'C:\\laragon\\www\\pascav2\\vendor\\codeigniter4\\framework\\system\\Database\\Postgre\\Connection.php', 190)
 2 SYSTEMPATH\Database\Postgre\Connection.php(190): pg_query(Object(PgSql\Connection), 'SELECT p00username,p00katwarga from ppsdblocal.p00daftar where p00verifycode=5fca0a7048024ee331e852dfd9b9d010 and p000statsahreg = 0')
 3 SYSTEMPATH\Database\BaseConnection.php(693): CodeIgniter\Database\Postgre\Connection->execute('SELECT p00username,p00katwarga from ppsdblocal.p00daftar where p00verifycode=5fca0a7048024ee331e852dfd9b9d010 and p000statsahreg = 0')
 4 SYSTEMPATH\Database\BaseConnection.php(607): CodeIgniter\Database\BaseConnection->simpleQuery('SELECT p00username,p00katwarga from ppsdblocal.p00daftar where p00verifycode=5fca0a7048024ee331e852dfd9b9d010 and p000statsahreg = 0')
 5 APPPATH\Controllers\LoginController.php(166): CodeIgniter\Database\BaseConnection->query('SELECT p00username,p00katwarga from ppsdblocal.p00daftar where p00verifycode=5fca0a7048024ee331e852dfd9b9d010 and p000statsahreg = 0')
 6 SYSTEMPATH\CodeIgniter.php(943): App\Controllers\LoginController->verifylogin('5fca0a7048024ee331e852dfd9b9d010')
 7 SYSTEMPATH\CodeIgniter.php(503): CodeIgniter\CodeIgniter->runController(Object(App\Controllers\LoginController))
 8 SYSTEMPATH\CodeIgniter.php(361): CodeIgniter\CodeIgniter->handleRequest(null, Object(Config\Cache), false)
 9 FCPATH\index.php(79): CodeIgniter\CodeIgniter->run()
CRITICAL - 2024-12-18 07:12:14 --> ErrorException: Attempt to read property "p00username" on null
in APPPATH\Controllers\LoginController.php on line 168.
 1 APPPATH\Controllers\LoginController.php(168): CodeIgniter\Debug\Exceptions->errorHandler(2, 'Attempt to read property "p00username" on null', 'C:\\laragon\\www\\pascav2\\app\\Controllers\\LoginController.php', 168)
 2 SYSTEMPATH\CodeIgniter.php(943): App\Controllers\LoginController->verifylogin('5fca0a7048024ee331e852dfd9b9d010')
 3 SYSTEMPATH\CodeIgniter.php(503): CodeIgniter\CodeIgniter->runController(Object(App\Controllers\LoginController))
 4 SYSTEMPATH\CodeIgniter.php(361): CodeIgniter\CodeIgniter->handleRequest(null, Object(Config\Cache), false)
 5 FCPATH\index.php(79): CodeIgniter\CodeIgniter->run()
INFO - 2024-12-18 07:18:50 --> Session: Class initialized using 'CodeIgniter\Session\Handlers\FileHandler' driver.
